<html>
<head>
<title>TestNG:  Test</title>
<link href="../testng.css" rel="stylesheet" type="text/css" />
<link href="../my-testng.css" rel="stylesheet" type="text/css" />

<style type="text/css">
.log { display: none;} 
.stack-trace { display: none;} 
</style>
<script type="text/javascript">
<!--
function flip(e) {
  current = e.style.display;
  if (current == 'block') {
    e.style.display = 'none';
    return 0;
  }
  else {
    e.style.display = 'block';
    return 1;
  }
}

function toggleBox(szDivId, elem, msg1, msg2)
{
  var res = -1;  if (document.getElementById) {
    res = flip(document.getElementById(szDivId));
  }
  else if (document.all) {
    // this is the way old msie versions work
    res = flip(document.all[szDivId]);
  }
  if(elem) {
    if(res == 0) elem.innerHTML = msg1; else elem.innerHTML = msg2;
  }

}

function toggleAllBoxes() {
  if (document.getElementsByTagName) {
    d = document.getElementsByTagName('div');
    for (i = 0; i < d.length; i++) {
      if (d[i].className == 'log') {
        flip(d[i]);
      }
    }
  }
}

// -->
</script>

</head>
<body>
<h2 align='center'>Test</h2><table border='1' align="center">
<tr>
<td>Tests passed/Failed/Skipped:</td><td>101/33/0</td>
</tr><tr>
<td>Started on:</td><td>Wed Dec 28 13:18:11 IST 2022</td>
</tr>
<tr><td>Total time:</td><td>4102 seconds (4102135 ms)</td>
</tr><tr>
<td>Included groups:</td><td></td>
</tr><tr>
<td>Excluded groups:</td><td></td>
</tr>
</table><p/>
<small><i>(Hover the method name to see the test class name)</i></small><p/>
<table width='100%' border='1' class='invocation-failed'>
<tr><td colspan='4' align='center'><b>FAILED TESTS</b></td></tr>
<tr><td><b>Test method</b></td>
<td width="30%"><b>Exception</b></td>
<td width="10%"><b>Time (seconds)</b></td>
<td><b>Instance</b></td>
</tr>
<tr>
<td title='com.focus.testcases.FocusInventoryReportsTest.checkActualConsumptionReport()'><b>checkActualConsumptionReport</b><br>Test class: com.focus.testcases.FocusInventoryReportsTest<br/>
<a href="#Output-1483941864" onClick='toggleBox("Output-1483941864", this, "Show output", "Hide output");'>Show output</a>

<a href="#Output-1483941864" onClick="toggleAllBoxes();">Show all outputs</a>
<div class='log' id="Output-1483941864">
Completed executing following method : FocusInventoryReportsTest.checkActualConsumptionReport<br/>
Test Method resides in com.focus.testcases.FocusInventoryReportsTest<br/>
Test Status: Failed<br/>
About to begin executing following method : BaseEngine.afterMethodExecution<br/>
</div>
</td>
<td><div><pre>java.lang.AssertionError: expected [true] but found [false]
	at com.focus.testcases.FocusInventoryReportsTest.checkActualConsumptionReport(FocusInventoryReportsTest.java:266)
... Removed 30 stack frames</pre></div><a href='#' onClick='toggleBox("stack-trace1483941864", this, "Click to show all stack frames", "Click to hide stack frames")'>Click to show all stack frames</a>
<div class='stack-trace' id='stack-trace1483941864'><pre>java.lang.AssertionError: expected [true] but found [false]
	at org.testng.Assert.fail(Assert.java:94)
	at org.testng.Assert.failNotEquals(Assert.java:513)
	at org.testng.Assert.assertEqualsImpl(Assert.java:135)
	at org.testng.Assert.assertEquals(Assert.java:116)
	at org.testng.Assert.assertEquals(Assert.java:305)
	at org.testng.Assert.assertEquals(Assert.java:315)
	at com.focus.testcases.FocusInventoryReportsTest.checkActualConsumptionReport(FocusInventoryReportsTest.java:266)
	at sun.reflect.NativeMethodAccessorImpl.invoke0(Native Method)
	at sun.reflect.NativeMethodAccessorImpl.invoke(Unknown Source)
	at sun.reflect.DelegatingMethodAccessorImpl.invoke(Unknown Source)
	at java.lang.reflect.Method.invoke(Unknown Source)
	at org.testng.internal.MethodInvocationHelper.invokeMethod(MethodInvocationHelper.java:86)
	at org.testng.internal.Invoker.invokeMethod(Invoker.java:643)
	at org.testng.internal.Invoker.invokeTestMethod(Invoker.java:820)
	at org.testng.internal.Invoker.invokeTestMethods(Invoker.java:1128)
	at org.testng.internal.TestMethodWorker.invokeTestMethods(TestMethodWorker.java:129)
	at org.testng.internal.TestMethodWorker.run(TestMethodWorker.java:112)
	at org.testng.TestRunner.privateRun(TestRunner.java:782)
	at org.testng.TestRunner.run(TestRunner.java:632)
	at org.testng.SuiteRunner.runTest(SuiteRunner.java:366)
	at org.testng.SuiteRunner.runSequentially(SuiteRunner.java:361)
	at org.testng.SuiteRunner.privateRun(SuiteRunner.java:319)
	at org.testng.SuiteRunner.run(SuiteRunner.java:268)
	at org.testng.SuiteRunnerWorker.runSuite(SuiteRunnerWorker.java:52)
	at org.testng.SuiteRunnerWorker.run(SuiteRunnerWorker.java:86)
	at org.testng.TestNG.runSuitesSequentially(TestNG.java:1244)
	at org.testng.TestNG.runSuitesLocally(TestNG.java:1169)
	at org.testng.TestNG.run(TestNG.java:1064)
	at org.testng.remote.AbstractRemoteTestNG.run(AbstractRemoteTestNG.java:114)
	at org.testng.remote.RemoteTestNG.initAndRun(RemoteTestNG.java:251)
	at org.testng.remote.RemoteTestNG.main(RemoteTestNG.java:77)
</pre></div></td>
<td>33</td>
<td>com.focus.testcases.FocusInventoryReportsTest@6e0e048a</td></tr>
<tr>
<td title='com.focus.testcases.FocusFinancialsReportTest.checkBankBookAccountReport()'><b>checkBankBookAccountReport</b><br>Test class: com.focus.testcases.FocusFinancialsReportTest<br/>
<a href="#Output-559003233" onClick='toggleBox("Output-559003233", this, "Show output", "Hide output");'>Show output</a>

<a href="#Output-559003233" onClick="toggleAllBoxes();">Show all outputs</a>
<div class='log' id="Output-559003233">
Completed executing following method : FocusFinancialsReportTest.checkBankBookAccountReport<br/>
Test Method resides in com.focus.testcases.FocusFinancialsReportTest<br/>
Test Status: Failed<br/>
About to begin executing following method : BaseEngine.afterMethodExecution<br/>
</div>
</td>
<td><div><pre>java.lang.AssertionError: expected [true] but found [false]
	at com.focus.testcases.FocusFinancialsReportTest.checkBankBookAccountReport(FocusFinancialsReportTest.java:81)
... Removed 30 stack frames</pre></div><a href='#' onClick='toggleBox("stack-trace559003233", this, "Click to show all stack frames", "Click to hide stack frames")'>Click to show all stack frames</a>
<div class='stack-trace' id='stack-trace559003233'><pre>java.lang.AssertionError: expected [true] but found [false]
	at org.testng.Assert.fail(Assert.java:94)
	at org.testng.Assert.failNotEquals(Assert.java:513)
	at org.testng.Assert.assertEqualsImpl(Assert.java:135)
	at org.testng.Assert.assertEquals(Assert.java:116)
	at org.testng.Assert.assertEquals(Assert.java:305)
	at org.testng.Assert.assertEquals(Assert.java:315)
	at com.focus.testcases.FocusFinancialsReportTest.checkBankBookAccountReport(FocusFinancialsReportTest.java:81)
	at sun.reflect.NativeMethodAccessorImpl.invoke0(Native Method)
	at sun.reflect.NativeMethodAccessorImpl.invoke(Unknown Source)
	at sun.reflect.DelegatingMethodAccessorImpl.invoke(Unknown Source)
	at java.lang.reflect.Method.invoke(Unknown Source)
	at org.testng.internal.MethodInvocationHelper.invokeMethod(MethodInvocationHelper.java:86)
	at org.testng.internal.Invoker.invokeMethod(Invoker.java:643)
	at org.testng.internal.Invoker.invokeTestMethod(Invoker.java:820)
	at org.testng.internal.Invoker.invokeTestMethods(Invoker.java:1128)
	at org.testng.internal.TestMethodWorker.invokeTestMethods(TestMethodWorker.java:129)
	at org.testng.internal.TestMethodWorker.run(TestMethodWorker.java:112)
	at org.testng.TestRunner.privateRun(TestRunner.java:782)
	at org.testng.TestRunner.run(TestRunner.java:632)
	at org.testng.SuiteRunner.runTest(SuiteRunner.java:366)
	at org.testng.SuiteRunner.runSequentially(SuiteRunner.java:361)
	at org.testng.SuiteRunner.privateRun(SuiteRunner.java:319)
	at org.testng.SuiteRunner.run(SuiteRunner.java:268)
	at org.testng.SuiteRunnerWorker.runSuite(SuiteRunnerWorker.java:52)
	at org.testng.SuiteRunnerWorker.run(SuiteRunnerWorker.java:86)
	at org.testng.TestNG.runSuitesSequentially(TestNG.java:1244)
	at org.testng.TestNG.runSuitesLocally(TestNG.java:1169)
	at org.testng.TestNG.run(TestNG.java:1064)
	at org.testng.remote.AbstractRemoteTestNG.run(AbstractRemoteTestNG.java:114)
	at org.testng.remote.RemoteTestNG.initAndRun(RemoteTestNG.java:251)
	at org.testng.remote.RemoteTestNG.main(RemoteTestNG.java:77)
</pre></div></td>
<td>16</td>
<td>com.focus.testcases.FocusFinancialsReportTest@5bc79255</td></tr>
<tr>
<td title='com.focus.testcases.FocusFinancialsReportTest.checkComparativeAnalysisReport()'><b>checkComparativeAnalysisReport</b><br>Test class: com.focus.testcases.FocusFinancialsReportTest<br/>
<a href="#Output-190074220" onClick='toggleBox("Output-190074220", this, "Show output", "Hide output");'>Show output</a>

<a href="#Output-190074220" onClick="toggleAllBoxes();">Show all outputs</a>
<div class='log' id="Output-190074220">
Completed executing following method : FocusFinancialsReportTest.checkComparativeAnalysisReport<br/>
Test Method resides in com.focus.testcases.FocusFinancialsReportTest<br/>
Test Status: Failed<br/>
About to begin executing following method : BaseEngine.afterMethodExecution<br/>
</div>
</td>
<td><div><pre>java.lang.AssertionError: expected [true] but found [false]
	at com.focus.testcases.FocusFinancialsReportTest.checkComparativeAnalysisReport(FocusFinancialsReportTest.java:280)
... Removed 30 stack frames</pre></div><a href='#' onClick='toggleBox("stack-trace190074220", this, "Click to show all stack frames", "Click to hide stack frames")'>Click to show all stack frames</a>
<div class='stack-trace' id='stack-trace190074220'><pre>java.lang.AssertionError: expected [true] but found [false]
	at org.testng.Assert.fail(Assert.java:94)
	at org.testng.Assert.failNotEquals(Assert.java:513)
	at org.testng.Assert.assertEqualsImpl(Assert.java:135)
	at org.testng.Assert.assertEquals(Assert.java:116)
	at org.testng.Assert.assertEquals(Assert.java:305)
	at org.testng.Assert.assertEquals(Assert.java:315)
	at com.focus.testcases.FocusFinancialsReportTest.checkComparativeAnalysisReport(FocusFinancialsReportTest.java:280)
	at sun.reflect.NativeMethodAccessorImpl.invoke0(Native Method)
	at sun.reflect.NativeMethodAccessorImpl.invoke(Unknown Source)
	at sun.reflect.DelegatingMethodAccessorImpl.invoke(Unknown Source)
	at java.lang.reflect.Method.invoke(Unknown Source)
	at org.testng.internal.MethodInvocationHelper.invokeMethod(MethodInvocationHelper.java:86)
	at org.testng.internal.Invoker.invokeMethod(Invoker.java:643)
	at org.testng.internal.Invoker.invokeTestMethod(Invoker.java:820)
	at org.testng.internal.Invoker.invokeTestMethods(Invoker.java:1128)
	at org.testng.internal.TestMethodWorker.invokeTestMethods(TestMethodWorker.java:129)
	at org.testng.internal.TestMethodWorker.run(TestMethodWorker.java:112)
	at org.testng.TestRunner.privateRun(TestRunner.java:782)
	at org.testng.TestRunner.run(TestRunner.java:632)
	at org.testng.SuiteRunner.runTest(SuiteRunner.java:366)
	at org.testng.SuiteRunner.runSequentially(SuiteRunner.java:361)
	at org.testng.SuiteRunner.privateRun(SuiteRunner.java:319)
	at org.testng.SuiteRunner.run(SuiteRunner.java:268)
	at org.testng.SuiteRunnerWorker.runSuite(SuiteRunnerWorker.java:52)
	at org.testng.SuiteRunnerWorker.run(SuiteRunnerWorker.java:86)
	at org.testng.TestNG.runSuitesSequentially(TestNG.java:1244)
	at org.testng.TestNG.runSuitesLocally(TestNG.java:1169)
	at org.testng.TestNG.run(TestNG.java:1064)
	at org.testng.remote.AbstractRemoteTestNG.run(AbstractRemoteTestNG.java:114)
	at org.testng.remote.RemoteTestNG.initAndRun(RemoteTestNG.java:251)
	at org.testng.remote.RemoteTestNG.main(RemoteTestNG.java:77)
</pre></div></td>
<td>19</td>
<td>com.focus.testcases.FocusFinancialsReportTest@5bc79255</td></tr>
<tr>
<td title='com.focus.testcases.FocusFinancialsReportTest.checkDayBookReport()'><b>checkDayBookReport</b><br>Test class: com.focus.testcases.FocusFinancialsReportTest<br/>
<a href="#Output-1160700931" onClick='toggleBox("Output-1160700931", this, "Show output", "Hide output");'>Show output</a>

<a href="#Output-1160700931" onClick="toggleAllBoxes();">Show all outputs</a>
<div class='log' id="Output-1160700931">
Completed executing following method : FocusFinancialsReportTest.checkDayBookReport<br/>
Test Method resides in com.focus.testcases.FocusFinancialsReportTest<br/>
Test Status: Failed<br/>
About to begin executing following method : BaseEngine.afterMethodExecution<br/>
</div>
</td>
<td><div><pre>java.lang.AssertionError: expected [true] but found [false]
	at com.focus.testcases.FocusFinancialsReportTest.checkDayBookReport(FocusFinancialsReportTest.java:95)
... Removed 30 stack frames</pre></div><a href='#' onClick='toggleBox("stack-trace1160700931", this, "Click to show all stack frames", "Click to hide stack frames")'>Click to show all stack frames</a>
<div class='stack-trace' id='stack-trace1160700931'><pre>java.lang.AssertionError: expected [true] but found [false]
	at org.testng.Assert.fail(Assert.java:94)
	at org.testng.Assert.failNotEquals(Assert.java:513)
	at org.testng.Assert.assertEqualsImpl(Assert.java:135)
	at org.testng.Assert.assertEquals(Assert.java:116)
	at org.testng.Assert.assertEquals(Assert.java:305)
	at org.testng.Assert.assertEquals(Assert.java:315)
	at com.focus.testcases.FocusFinancialsReportTest.checkDayBookReport(FocusFinancialsReportTest.java:95)
	at sun.reflect.NativeMethodAccessorImpl.invoke0(Native Method)
	at sun.reflect.NativeMethodAccessorImpl.invoke(Unknown Source)
	at sun.reflect.DelegatingMethodAccessorImpl.invoke(Unknown Source)
	at java.lang.reflect.Method.invoke(Unknown Source)
	at org.testng.internal.MethodInvocationHelper.invokeMethod(MethodInvocationHelper.java:86)
	at org.testng.internal.Invoker.invokeMethod(Invoker.java:643)
	at org.testng.internal.Invoker.invokeTestMethod(Invoker.java:820)
	at org.testng.internal.Invoker.invokeTestMethods(Invoker.java:1128)
	at org.testng.internal.TestMethodWorker.invokeTestMethods(TestMethodWorker.java:129)
	at org.testng.internal.TestMethodWorker.run(TestMethodWorker.java:112)
	at org.testng.TestRunner.privateRun(TestRunner.java:782)
	at org.testng.TestRunner.run(TestRunner.java:632)
	at org.testng.SuiteRunner.runTest(SuiteRunner.java:366)
	at org.testng.SuiteRunner.runSequentially(SuiteRunner.java:361)
	at org.testng.SuiteRunner.privateRun(SuiteRunner.java:319)
	at org.testng.SuiteRunner.run(SuiteRunner.java:268)
	at org.testng.SuiteRunnerWorker.runSuite(SuiteRunnerWorker.java:52)
	at org.testng.SuiteRunnerWorker.run(SuiteRunnerWorker.java:86)
	at org.testng.TestNG.runSuitesSequentially(TestNG.java:1244)
	at org.testng.TestNG.runSuitesLocally(TestNG.java:1169)
	at org.testng.TestNG.run(TestNG.java:1064)
	at org.testng.remote.AbstractRemoteTestNG.run(AbstractRemoteTestNG.java:114)
	at org.testng.remote.RemoteTestNG.initAndRun(RemoteTestNG.java:251)
	at org.testng.remote.RemoteTestNG.main(RemoteTestNG.java:77)
</pre></div></td>
<td>54</td>
<td>com.focus.testcases.FocusFinancialsReportTest@5bc79255</td></tr>
<tr>
<td title='com.focus.testcases.FocusFinancialsReportTest.checkEntryJournalDetailReport()'><b>checkEntryJournalDetailReport</b><br>Test class: com.focus.testcases.FocusFinancialsReportTest<br/>
<a href="#Output-1431394714" onClick='toggleBox("Output-1431394714", this, "Show output", "Hide output");'>Show output</a>

<a href="#Output-1431394714" onClick="toggleAllBoxes();">Show all outputs</a>
<div class='log' id="Output-1431394714">
Completed executing following method : FocusFinancialsReportTest.checkEntryJournalDetailReport<br/>
Test Method resides in com.focus.testcases.FocusFinancialsReportTest<br/>
Test Status: Failed<br/>
About to begin executing following method : BaseEngine.afterMethodExecution<br/>
</div>
</td>
<td><div><pre>org.openqa.selenium.StaleElementReferenceException: stale element reference: element is not attached to the page document
  (Session info: chrome=108.0.5359.125)
For documentation on this error, please visit: http://seleniumhq.org/exceptions/stale_element_reference.html
Build info: version: &apos;3.12.0&apos;, revision: &apos;7c6e0b3&apos;, time: &apos;2018-05-08T14:04:26.12Z&apos;
System info: host: &apos;FOCUS-QA-118&apos;, ip: &apos;172.25.128.1&apos;, os.name: &apos;Windows 10&apos;, os.arch: &apos;amd64&apos;, os.version: &apos;10.0&apos;, java.version: &apos;1.8.0_111&apos;
Driver info: org.openqa.selenium.chrome.ChromeDriver
Capabilities {acceptInsecureCerts: false, browserName: chrome, browserVersion: 108.0.5359.125, chrome: {chromedriverVersion: 108.0.5359.71 (1e0e3868ee06..., userDataDir: C:\Users\Admin\AppData\Loca...}, goog:chromeOptions: {debuggerAddress: localhost:59117}, javascriptEnabled: true, networkConnectionEnabled: false, pageLoadStrategy: normal, platform: WINDOWS, platformName: WINDOWS, proxy: Proxy(), setWindowRect: true, strictFileInteractability: false, timeouts: {implicit: 0, pageLoad: 300000, script: 30000}, unhandledPromptBehavior: dismiss and notify, webauthn:extension:credBlob: true, webauthn:extension:largeBlob: true, webauthn:virtualAuthenticators: true}
Session ID: 1bcd8e78fabc8bf58d67515832e51201
	at org.openqa.selenium.remote.http.W3CHttpResponseCodec.createException(W3CHttpResponseCodec.java:187)
	at org.openqa.selenium.remote.http.W3CHttpResponseCodec.decode(W3CHttpResponseCodec.java:122)
	at org.openqa.selenium.remote.http.W3CHttpResponseCodec.decode(W3CHttpResponseCodec.java:49)
	at org.openqa.selenium.remote.HttpCommandExecutor.execute(HttpCommandExecutor.java:158)
	at org.openqa.selenium.remote.service.DriverCommandExecutor.execute(DriverCommandExecutor.java:83)
	at org.openqa.selenium.remote.RemoteWebDriver.execute(RemoteWebDriver.java:543)
	at org.openqa.selenium.remote.RemoteWebElement.execute(RemoteWebElement.java:276)
	at org.openqa.selenium.remote.RemoteWebElement.isDisplayed(RemoteWebElement.java:317)
	at org.openqa.selenium.support.pagefactory.internal.LocatingElementHandler.invoke(LocatingElementHandler.java:51)
	at com.sun.proxy.$Proxy14.isDisplayed(Unknown Source)
	at org.openqa.selenium.support.ui.ExpectedConditions.elementIfVisible(ExpectedConditions.java:315)
	at org.openqa.selenium.support.ui.ExpectedConditions.access$100(ExpectedConditions.java:44)
	at org.openqa.selenium.support.ui.ExpectedConditions$10.apply(ExpectedConditions.java:301)
	at org.openqa.selenium.support.ui.ExpectedConditions$10.apply(ExpectedConditions.java:298)
	at org.openqa.selenium.support.ui.ExpectedConditions$23.apply(ExpectedConditions.java:686)
	at org.openqa.selenium.support.ui.ExpectedConditions$23.apply(ExpectedConditions.java:682)
	at org.openqa.selenium.support.ui.FluentWait.until(FluentWait.java:248)
	at com.focus.Pages.FocusFinancialsReportPage.checkEntryJournalDetailReport(FocusFinancialsReportPage.java:4691)
	at com.focus.testcases.FocusFinancialsReportTest.checkEntryJournalDetailReport(FocusFinancialsReportTest.java:223)
... Removed 31 stack frames</pre></div><a href='#' onClick='toggleBox("stack-trace1431394714", this, "Click to show all stack frames", "Click to hide stack frames")'>Click to show all stack frames</a>
<div class='stack-trace' id='stack-trace1431394714'><pre>org.openqa.selenium.StaleElementReferenceException: stale element reference: element is not attached to the page document
  (Session info: chrome=108.0.5359.125)
For documentation on this error, please visit: http://seleniumhq.org/exceptions/stale_element_reference.html
Build info: version: &apos;3.12.0&apos;, revision: &apos;7c6e0b3&apos;, time: &apos;2018-05-08T14:04:26.12Z&apos;
System info: host: &apos;FOCUS-QA-118&apos;, ip: &apos;172.25.128.1&apos;, os.name: &apos;Windows 10&apos;, os.arch: &apos;amd64&apos;, os.version: &apos;10.0&apos;, java.version: &apos;1.8.0_111&apos;
Driver info: org.openqa.selenium.chrome.ChromeDriver
Capabilities {acceptInsecureCerts: false, browserName: chrome, browserVersion: 108.0.5359.125, chrome: {chromedriverVersion: 108.0.5359.71 (1e0e3868ee06..., userDataDir: C:\Users\Admin\AppData\Loca...}, goog:chromeOptions: {debuggerAddress: localhost:59117}, javascriptEnabled: true, networkConnectionEnabled: false, pageLoadStrategy: normal, platform: WINDOWS, platformName: WINDOWS, proxy: Proxy(), setWindowRect: true, strictFileInteractability: false, timeouts: {implicit: 0, pageLoad: 300000, script: 30000}, unhandledPromptBehavior: dismiss and notify, webauthn:extension:credBlob: true, webauthn:extension:largeBlob: true, webauthn:virtualAuthenticators: true}
Session ID: 1bcd8e78fabc8bf58d67515832e51201
	at sun.reflect.NativeConstructorAccessorImpl.newInstance0(Native Method)
	at sun.reflect.NativeConstructorAccessorImpl.newInstance(Unknown Source)
	at sun.reflect.DelegatingConstructorAccessorImpl.newInstance(Unknown Source)
	at java.lang.reflect.Constructor.newInstance(Unknown Source)
	at org.openqa.selenium.remote.http.W3CHttpResponseCodec.createException(W3CHttpResponseCodec.java:187)
	at org.openqa.selenium.remote.http.W3CHttpResponseCodec.decode(W3CHttpResponseCodec.java:122)
	at org.openqa.selenium.remote.http.W3CHttpResponseCodec.decode(W3CHttpResponseCodec.java:49)
	at org.openqa.selenium.remote.HttpCommandExecutor.execute(HttpCommandExecutor.java:158)
	at org.openqa.selenium.remote.service.DriverCommandExecutor.execute(DriverCommandExecutor.java:83)
	at org.openqa.selenium.remote.RemoteWebDriver.execute(RemoteWebDriver.java:543)
	at org.openqa.selenium.remote.RemoteWebElement.execute(RemoteWebElement.java:276)
	at org.openqa.selenium.remote.RemoteWebElement.isDisplayed(RemoteWebElement.java:317)
	at sun.reflect.GeneratedMethodAccessor1.invoke(Unknown Source)
	at sun.reflect.DelegatingMethodAccessorImpl.invoke(Unknown Source)
	at java.lang.reflect.Method.invoke(Unknown Source)
	at org.openqa.selenium.support.pagefactory.internal.LocatingElementHandler.invoke(LocatingElementHandler.java:51)
	at com.sun.proxy.$Proxy14.isDisplayed(Unknown Source)
	at org.openqa.selenium.support.ui.ExpectedConditions.elementIfVisible(ExpectedConditions.java:315)
	at org.openqa.selenium.support.ui.ExpectedConditions.access$100(ExpectedConditions.java:44)
	at org.openqa.selenium.support.ui.ExpectedConditions$10.apply(ExpectedConditions.java:301)
	at org.openqa.selenium.support.ui.ExpectedConditions$10.apply(ExpectedConditions.java:298)
	at org.openqa.selenium.support.ui.ExpectedConditions$23.apply(ExpectedConditions.java:686)
	at org.openqa.selenium.support.ui.ExpectedConditions$23.apply(ExpectedConditions.java:682)
	at org.openqa.selenium.support.ui.FluentWait.until(FluentWait.java:248)
	at com.focus.Pages.FocusFinancialsReportPage.checkEntryJournalDetailReport(FocusFinancialsReportPage.java:4691)
	at com.focus.testcases.FocusFinancialsReportTest.checkEntryJournalDetailReport(FocusFinancialsReportTest.java:223)
	at sun.reflect.NativeMethodAccessorImpl.invoke0(Native Method)
	at sun.reflect.NativeMethodAccessorImpl.invoke(Unknown Source)
	at sun.reflect.DelegatingMethodAccessorImpl.invoke(Unknown Source)
	at java.lang.reflect.Method.invoke(Unknown Source)
	at org.testng.internal.MethodInvocationHelper.invokeMethod(MethodInvocationHelper.java:86)
	at org.testng.internal.Invoker.invokeMethod(Invoker.java:643)
	at org.testng.internal.Invoker.invokeTestMethod(Invoker.java:820)
	at org.testng.internal.Invoker.invokeTestMethods(Invoker.java:1128)
	at org.testng.internal.TestMethodWorker.invokeTestMethods(TestMethodWorker.java:129)
	at org.testng.internal.TestMethodWorker.run(TestMethodWorker.java:112)
	at org.testng.TestRunner.privateRun(TestRunner.java:782)
	at org.testng.TestRunner.run(TestRunner.java:632)
	at org.testng.SuiteRunner.runTest(SuiteRunner.java:366)
	at org.testng.SuiteRunner.runSequentially(SuiteRunner.java:361)
	at org.testng.SuiteRunner.privateRun(SuiteRunner.java:319)
	at org.testng.SuiteRunner.run(SuiteRunner.java:268)
	at org.testng.SuiteRunnerWorker.runSuite(SuiteRunnerWorker.java:52)
	at org.testng.SuiteRunnerWorker.run(SuiteRunnerWorker.java:86)
	at org.testng.TestNG.runSuitesSequentially(TestNG.java:1244)
	at org.testng.TestNG.runSuitesLocally(TestNG.java:1169)
	at org.testng.TestNG.run(TestNG.java:1064)
	at org.testng.remote.AbstractRemoteTestNG.run(AbstractRemoteTestNG.java:114)
	at org.testng.remote.RemoteTestNG.initAndRun(RemoteTestNG.java:251)
	at org.testng.remote.RemoteTestNG.main(RemoteTestNG.java:77)
</pre></div></td>
<td>4</td>
<td>com.focus.testcases.FocusFinancialsReportTest@5bc79255</td></tr>
<tr>
<td title='com.focus.testcases.FocusFinancialsReportTest.checkEntryJournalRegister()'><b>checkEntryJournalRegister</b><br>Test class: com.focus.testcases.FocusFinancialsReportTest<br/>
<a href="#Output-787337147" onClick='toggleBox("Output-787337147", this, "Show output", "Hide output");'>Show output</a>

<a href="#Output-787337147" onClick="toggleAllBoxes();">Show all outputs</a>
<div class='log' id="Output-787337147">
Completed executing following method : FocusFinancialsReportTest.checkEntryJournalRegister<br/>
Test Method resides in com.focus.testcases.FocusFinancialsReportTest<br/>
Test Status: Failed<br/>
About to begin executing following method : BaseEngine.afterMethodExecution<br/>
</div>
</td>
<td><div><pre>java.lang.AssertionError: expected [true] but found [false]
	at com.focus.testcases.FocusFinancialsReportTest.checkEntryJournalRegister(FocusFinancialsReportTest.java:216)
... Removed 30 stack frames</pre></div><a href='#' onClick='toggleBox("stack-trace787337147", this, "Click to show all stack frames", "Click to hide stack frames")'>Click to show all stack frames</a>
<div class='stack-trace' id='stack-trace787337147'><pre>java.lang.AssertionError: expected [true] but found [false]
	at org.testng.Assert.fail(Assert.java:94)
	at org.testng.Assert.failNotEquals(Assert.java:513)
	at org.testng.Assert.assertEqualsImpl(Assert.java:135)
	at org.testng.Assert.assertEquals(Assert.java:116)
	at org.testng.Assert.assertEquals(Assert.java:305)
	at org.testng.Assert.assertEquals(Assert.java:315)
	at com.focus.testcases.FocusFinancialsReportTest.checkEntryJournalRegister(FocusFinancialsReportTest.java:216)
	at sun.reflect.NativeMethodAccessorImpl.invoke0(Native Method)
	at sun.reflect.NativeMethodAccessorImpl.invoke(Unknown Source)
	at sun.reflect.DelegatingMethodAccessorImpl.invoke(Unknown Source)
	at java.lang.reflect.Method.invoke(Unknown Source)
	at org.testng.internal.MethodInvocationHelper.invokeMethod(MethodInvocationHelper.java:86)
	at org.testng.internal.Invoker.invokeMethod(Invoker.java:643)
	at org.testng.internal.Invoker.invokeTestMethod(Invoker.java:820)
	at org.testng.internal.Invoker.invokeTestMethods(Invoker.java:1128)
	at org.testng.internal.TestMethodWorker.invokeTestMethods(TestMethodWorker.java:129)
	at org.testng.internal.TestMethodWorker.run(TestMethodWorker.java:112)
	at org.testng.TestRunner.privateRun(TestRunner.java:782)
	at org.testng.TestRunner.run(TestRunner.java:632)
	at org.testng.SuiteRunner.runTest(SuiteRunner.java:366)
	at org.testng.SuiteRunner.runSequentially(SuiteRunner.java:361)
	at org.testng.SuiteRunner.privateRun(SuiteRunner.java:319)
	at org.testng.SuiteRunner.run(SuiteRunner.java:268)
	at org.testng.SuiteRunnerWorker.runSuite(SuiteRunnerWorker.java:52)
	at org.testng.SuiteRunnerWorker.run(SuiteRunnerWorker.java:86)
	at org.testng.TestNG.runSuitesSequentially(TestNG.java:1244)
	at org.testng.TestNG.runSuitesLocally(TestNG.java:1169)
	at org.testng.TestNG.run(TestNG.java:1064)
	at org.testng.remote.AbstractRemoteTestNG.run(AbstractRemoteTestNG.java:114)
	at org.testng.remote.RemoteTestNG.initAndRun(RemoteTestNG.java:251)
	at org.testng.remote.RemoteTestNG.main(RemoteTestNG.java:77)
</pre></div></td>
<td>34</td>
<td>com.focus.testcases.FocusFinancialsReportTest@5bc79255</td></tr>
<tr>
<td title='com.focus.testcases.FocusInventoryReportsTest.checkFilterInStockLedger()'><b>checkFilterInStockLedger</b><br>Test class: com.focus.testcases.FocusInventoryReportsTest<br/>
<a href="#Output-1590750900" onClick='toggleBox("Output-1590750900", this, "Show output", "Hide output");'>Show output</a>

<a href="#Output-1590750900" onClick="toggleAllBoxes();">Show all outputs</a>
<div class='log' id="Output-1590750900">
Completed executing following method : FocusInventoryReportsTest.checkFilterInStockLedger<br/>
Test Method resides in com.focus.testcases.FocusInventoryReportsTest<br/>
Test Status: Failed<br/>
About to begin executing following method : BaseEngine.afterMethodExecution<br/>
</div>
</td>
<td><div><pre>org.openqa.selenium.TimeoutException: Expected condition failed: waiting for element to be clickable: Proxy element for: DefaultElementLocator &apos;By.xpath: //span[@id=&apos;idFilterCustomizeIcon&apos;]&apos; (tried for 20 second(s) with 1000 milliseconds interval)
	at org.openqa.selenium.support.ui.FluentWait.timeoutException(FluentWait.java:303)
	at org.openqa.selenium.support.ui.FluentWait.until(FluentWait.java:271)
	at com.focus.Pages.FocusInventoryReportsPage.checkFilterInStockLedger(FocusInventoryReportsPage.java:613)
	at com.focus.testcases.FocusInventoryReportsTest.checkFilterInStockLedger(FocusInventoryReportsTest.java:48)
Caused by: org.openqa.selenium.NoSuchElementException: no such element: Unable to locate element: {&quot;method&quot;:&quot;xpath&quot;,&quot;selector&quot;:&quot;//span[@id=&apos;idFilterCustomizeIcon&apos;]&quot;}
  (Session info: chrome=108.0.5359.125)
For documentation on this error, please visit: http://seleniumhq.org/exceptions/no_such_element.html
Build info: version: &apos;3.12.0&apos;, revision: &apos;7c6e0b3&apos;, time: &apos;2018-05-08T14:04:26.12Z&apos;
System info: host: &apos;FOCUS-QA-118&apos;, ip: &apos;172.25.128.1&apos;, os.name: &apos;Windows 10&apos;, os.arch: &apos;amd64&apos;, os.version: &apos;10.0&apos;, java.version: &apos;1.8.0_111&apos;
Driver info: org.openqa.selenium.chrome.ChromeDriver
Capabilities {acceptInsecureCerts: false, browserName: chrome, browserVersion: 108.0.5359.125, chrome: {chromedriverVersion: 108.0.5359.71 (1e0e3868ee06..., userDataDir: C:\Users\Admin\AppData\Loca...}, goog:chromeOptions: {debuggerAddress: localhost:59117}, javascriptEnabled: true, networkConnectionEnabled: false, pageLoadStrategy: normal, platform: WINDOWS, platformName: WINDOWS, proxy: Proxy(), setWindowRect: true, strictFileInteractability: false, timeouts: {implicit: 0, pageLoad: 300000, script: 30000}, unhandledPromptBehavior: dismiss and notify, webauthn:extension:credBlob: true, webauthn:extension:largeBlob: true, webauthn:virtualAuthenticators: true}
Session ID: 1bcd8e78fabc8bf58d67515832e51201
*** Element info: {Using=xpath, value=//span[@id=&apos;idFilterCustomizeIcon&apos;]}
	at org.openqa.selenium.remote.http.W3CHttpResponseCodec.createException(W3CHttpResponseCodec.java:187)
	at org.openqa.selenium.remote.http.W3CHttpResponseCodec.decode(W3CHttpResponseCodec.java:122)
	at org.openqa.selenium.remote.http.W3CHttpResponseCodec.decode(W3CHttpResponseCodec.java:49)
	at org.openqa.selenium.remote.HttpCommandExecutor.execute(HttpCommandExecutor.java:158)
	at org.openqa.selenium.remote.service.DriverCommandExecutor.execute(DriverCommandExecutor.java:83)
	at org.openqa.selenium.remote.RemoteWebDriver.execute(RemoteWebDriver.java:543)
	at org.openqa.selenium.remote.RemoteWebDriver.findElement(RemoteWebDriver.java:317)
	at org.openqa.selenium.remote.RemoteWebDriver.findElementByXPath(RemoteWebDriver.java:419)
	at org.openqa.selenium.By$ByXPath.findElement(By.java:353)
	at org.openqa.selenium.remote.RemoteWebDriver.findElement(RemoteWebDriver.java:309)
	at org.openqa.selenium.support.pagefactory.DefaultElementLocator.findElement(DefaultElementLocator.java:69)
	at org.openqa.selenium.support.pagefactory.internal.LocatingElementHandler.invoke(LocatingElementHandler.java:38)
	at com.sun.proxy.$Proxy14.isDisplayed(Unknown Source)
	at org.openqa.selenium.support.ui.ExpectedConditions.elementIfVisible(ExpectedConditions.java:315)
	at org.openqa.selenium.support.ui.ExpectedConditions.access$100(ExpectedConditions.java:44)
	at org.openqa.selenium.support.ui.ExpectedConditions$10.apply(ExpectedConditions.java:301)
	at org.openqa.selenium.support.ui.ExpectedConditions$10.apply(ExpectedConditions.java:298)
	at org.openqa.selenium.support.ui.ExpectedConditions$23.apply(ExpectedConditions.java:686)
	at org.openqa.selenium.support.ui.ExpectedConditions$23.apply(ExpectedConditions.java:682)
	at org.openqa.selenium.support.ui.FluentWait.until(FluentWait.java:248)
	... 26 more
... Removed 28 stack frames</pre></div><a href='#' onClick='toggleBox("stack-trace1590750900", this, "Click to show all stack frames", "Click to hide stack frames")'>Click to show all stack frames</a>
<div class='stack-trace' id='stack-trace1590750900'><pre>org.openqa.selenium.TimeoutException: Expected condition failed: waiting for element to be clickable: Proxy element for: DefaultElementLocator &apos;By.xpath: //span[@id=&apos;idFilterCustomizeIcon&apos;]&apos; (tried for 20 second(s) with 1000 milliseconds interval)
	at org.openqa.selenium.support.ui.FluentWait.timeoutException(FluentWait.java:303)
	at org.openqa.selenium.support.ui.FluentWait.until(FluentWait.java:271)
	at com.focus.Pages.FocusInventoryReportsPage.checkFilterInStockLedger(FocusInventoryReportsPage.java:613)
	at com.focus.testcases.FocusInventoryReportsTest.checkFilterInStockLedger(FocusInventoryReportsTest.java:48)
	at sun.reflect.NativeMethodAccessorImpl.invoke0(Native Method)
	at sun.reflect.NativeMethodAccessorImpl.invoke(Unknown Source)
	at sun.reflect.DelegatingMethodAccessorImpl.invoke(Unknown Source)
	at java.lang.reflect.Method.invoke(Unknown Source)
	at org.testng.internal.MethodInvocationHelper.invokeMethod(MethodInvocationHelper.java:86)
	at org.testng.internal.Invoker.invokeMethod(Invoker.java:643)
	at org.testng.internal.Invoker.invokeTestMethod(Invoker.java:820)
	at org.testng.internal.Invoker.invokeTestMethods(Invoker.java:1128)
	at org.testng.internal.TestMethodWorker.invokeTestMethods(TestMethodWorker.java:129)
	at org.testng.internal.TestMethodWorker.run(TestMethodWorker.java:112)
	at org.testng.TestRunner.privateRun(TestRunner.java:782)
	at org.testng.TestRunner.run(TestRunner.java:632)
	at org.testng.SuiteRunner.runTest(SuiteRunner.java:366)
	at org.testng.SuiteRunner.runSequentially(SuiteRunner.java:361)
	at org.testng.SuiteRunner.privateRun(SuiteRunner.java:319)
	at org.testng.SuiteRunner.run(SuiteRunner.java:268)
	at org.testng.SuiteRunnerWorker.runSuite(SuiteRunnerWorker.java:52)
	at org.testng.SuiteRunnerWorker.run(SuiteRunnerWorker.java:86)
	at org.testng.TestNG.runSuitesSequentially(TestNG.java:1244)
	at org.testng.TestNG.runSuitesLocally(TestNG.java:1169)
	at org.testng.TestNG.run(TestNG.java:1064)
	at org.testng.remote.AbstractRemoteTestNG.run(AbstractRemoteTestNG.java:114)
	at org.testng.remote.RemoteTestNG.initAndRun(RemoteTestNG.java:251)
	at org.testng.remote.RemoteTestNG.main(RemoteTestNG.java:77)
Caused by: org.openqa.selenium.NoSuchElementException: no such element: Unable to locate element: {&quot;method&quot;:&quot;xpath&quot;,&quot;selector&quot;:&quot;//span[@id=&apos;idFilterCustomizeIcon&apos;]&quot;}
  (Session info: chrome=108.0.5359.125)
For documentation on this error, please visit: http://seleniumhq.org/exceptions/no_such_element.html
Build info: version: &apos;3.12.0&apos;, revision: &apos;7c6e0b3&apos;, time: &apos;2018-05-08T14:04:26.12Z&apos;
System info: host: &apos;FOCUS-QA-118&apos;, ip: &apos;172.25.128.1&apos;, os.name: &apos;Windows 10&apos;, os.arch: &apos;amd64&apos;, os.version: &apos;10.0&apos;, java.version: &apos;1.8.0_111&apos;
Driver info: org.openqa.selenium.chrome.ChromeDriver
Capabilities {acceptInsecureCerts: false, browserName: chrome, browserVersion: 108.0.5359.125, chrome: {chromedriverVersion: 108.0.5359.71 (1e0e3868ee06..., userDataDir: C:\Users\Admin\AppData\Loca...}, goog:chromeOptions: {debuggerAddress: localhost:59117}, javascriptEnabled: true, networkConnectionEnabled: false, pageLoadStrategy: normal, platform: WINDOWS, platformName: WINDOWS, proxy: Proxy(), setWindowRect: true, strictFileInteractability: false, timeouts: {implicit: 0, pageLoad: 300000, script: 30000}, unhandledPromptBehavior: dismiss and notify, webauthn:extension:credBlob: true, webauthn:extension:largeBlob: true, webauthn:virtualAuthenticators: true}
Session ID: 1bcd8e78fabc8bf58d67515832e51201
*** Element info: {Using=xpath, value=//span[@id=&apos;idFilterCustomizeIcon&apos;]}
	at sun.reflect.NativeConstructorAccessorImpl.newInstance0(Native Method)
	at sun.reflect.NativeConstructorAccessorImpl.newInstance(Unknown Source)
	at sun.reflect.DelegatingConstructorAccessorImpl.newInstance(Unknown Source)
	at java.lang.reflect.Constructor.newInstance(Unknown Source)
	at org.openqa.selenium.remote.http.W3CHttpResponseCodec.createException(W3CHttpResponseCodec.java:187)
	at org.openqa.selenium.remote.http.W3CHttpResponseCodec.decode(W3CHttpResponseCodec.java:122)
	at org.openqa.selenium.remote.http.W3CHttpResponseCodec.decode(W3CHttpResponseCodec.java:49)
	at org.openqa.selenium.remote.HttpCommandExecutor.execute(HttpCommandExecutor.java:158)
	at org.openqa.selenium.remote.service.DriverCommandExecutor.execute(DriverCommandExecutor.java:83)
	at org.openqa.selenium.remote.RemoteWebDriver.execute(RemoteWebDriver.java:543)
	at org.openqa.selenium.remote.RemoteWebDriver.findElement(RemoteWebDriver.java:317)
	at org.openqa.selenium.remote.RemoteWebDriver.findElementByXPath(RemoteWebDriver.java:419)
	at org.openqa.selenium.By$ByXPath.findElement(By.java:353)
	at org.openqa.selenium.remote.RemoteWebDriver.findElement(RemoteWebDriver.java:309)
	at org.openqa.selenium.support.pagefactory.DefaultElementLocator.findElement(DefaultElementLocator.java:69)
	at org.openqa.selenium.support.pagefactory.internal.LocatingElementHandler.invoke(LocatingElementHandler.java:38)
	at com.sun.proxy.$Proxy14.isDisplayed(Unknown Source)
	at org.openqa.selenium.support.ui.ExpectedConditions.elementIfVisible(ExpectedConditions.java:315)
	at org.openqa.selenium.support.ui.ExpectedConditions.access$100(ExpectedConditions.java:44)
	at org.openqa.selenium.support.ui.ExpectedConditions$10.apply(ExpectedConditions.java:301)
	at org.openqa.selenium.support.ui.ExpectedConditions$10.apply(ExpectedConditions.java:298)
	at org.openqa.selenium.support.ui.ExpectedConditions$23.apply(ExpectedConditions.java:686)
	at org.openqa.selenium.support.ui.ExpectedConditions$23.apply(ExpectedConditions.java:682)
	at org.openqa.selenium.support.ui.FluentWait.until(FluentWait.java:248)
	... 26 more
</pre></div></td>
<td>82</td>
<td>com.focus.testcases.FocusInventoryReportsTest@6e0e048a</td></tr>
<tr>
<td title='com.focus.testcases.FocusFinancialsReportTest.checkFilterOptionInLedger()'><b>checkFilterOptionInLedger</b><br>Test class: com.focus.testcases.FocusFinancialsReportTest<br/>
<a href="#Output-1088921012" onClick='toggleBox("Output-1088921012", this, "Show output", "Hide output");'>Show output</a>

<a href="#Output-1088921012" onClick="toggleAllBoxes();">Show all outputs</a>
<div class='log' id="Output-1088921012">
Completed executing following method : FocusFinancialsReportTest.checkFilterOptionInLedger<br/>
Test Method resides in com.focus.testcases.FocusFinancialsReportTest<br/>
Test Status: Failed<br/>
About to begin executing following method : BaseEngine.afterMethodExecution<br/>
</div>
</td>
<td><div><pre>org.openqa.selenium.TimeoutException: Expected condition failed: waiting for element to be clickable: Proxy element for: DefaultElementLocator &apos;By.xpath: //span[@id=&apos;idFilterCustomizeIcon&apos;]&apos; (tried for 20 second(s) with 1000 milliseconds interval)
	at org.openqa.selenium.support.ui.FluentWait.timeoutException(FluentWait.java:303)
	at org.openqa.selenium.support.ui.FluentWait.until(FluentWait.java:271)
	at com.focus.Pages.FocusFinancialsReportPage.checkFilterOptionInLedger(FocusFinancialsReportPage.java:864)
	at com.focus.testcases.FocusFinancialsReportTest.checkFilterOptionInLedger(FocusFinancialsReportTest.java:53)
Caused by: org.openqa.selenium.NoSuchElementException: no such element: Unable to locate element: {&quot;method&quot;:&quot;xpath&quot;,&quot;selector&quot;:&quot;//span[@id=&apos;idFilterCustomizeIcon&apos;]&quot;}
  (Session info: chrome=108.0.5359.125)
For documentation on this error, please visit: http://seleniumhq.org/exceptions/no_such_element.html
Build info: version: &apos;3.12.0&apos;, revision: &apos;7c6e0b3&apos;, time: &apos;2018-05-08T14:04:26.12Z&apos;
System info: host: &apos;FOCUS-QA-118&apos;, ip: &apos;172.25.128.1&apos;, os.name: &apos;Windows 10&apos;, os.arch: &apos;amd64&apos;, os.version: &apos;10.0&apos;, java.version: &apos;1.8.0_111&apos;
Driver info: org.openqa.selenium.chrome.ChromeDriver
Capabilities {acceptInsecureCerts: false, browserName: chrome, browserVersion: 108.0.5359.125, chrome: {chromedriverVersion: 108.0.5359.71 (1e0e3868ee06..., userDataDir: C:\Users\Admin\AppData\Loca...}, goog:chromeOptions: {debuggerAddress: localhost:59117}, javascriptEnabled: true, networkConnectionEnabled: false, pageLoadStrategy: normal, platform: WINDOWS, platformName: WINDOWS, proxy: Proxy(), setWindowRect: true, strictFileInteractability: false, timeouts: {implicit: 0, pageLoad: 300000, script: 30000}, unhandledPromptBehavior: dismiss and notify, webauthn:extension:credBlob: true, webauthn:extension:largeBlob: true, webauthn:virtualAuthenticators: true}
Session ID: 1bcd8e78fabc8bf58d67515832e51201
*** Element info: {Using=xpath, value=//span[@id=&apos;idFilterCustomizeIcon&apos;]}
	at org.openqa.selenium.remote.http.W3CHttpResponseCodec.createException(W3CHttpResponseCodec.java:187)
	at org.openqa.selenium.remote.http.W3CHttpResponseCodec.decode(W3CHttpResponseCodec.java:122)
	at org.openqa.selenium.remote.http.W3CHttpResponseCodec.decode(W3CHttpResponseCodec.java:49)
	at org.openqa.selenium.remote.HttpCommandExecutor.execute(HttpCommandExecutor.java:158)
	at org.openqa.selenium.remote.service.DriverCommandExecutor.execute(DriverCommandExecutor.java:83)
	at org.openqa.selenium.remote.RemoteWebDriver.execute(RemoteWebDriver.java:543)
	at org.openqa.selenium.remote.RemoteWebDriver.findElement(RemoteWebDriver.java:317)
	at org.openqa.selenium.remote.RemoteWebDriver.findElementByXPath(RemoteWebDriver.java:419)
	at org.openqa.selenium.By$ByXPath.findElement(By.java:353)
	at org.openqa.selenium.remote.RemoteWebDriver.findElement(RemoteWebDriver.java:309)
	at org.openqa.selenium.support.pagefactory.DefaultElementLocator.findElement(DefaultElementLocator.java:69)
	at org.openqa.selenium.support.pagefactory.internal.LocatingElementHandler.invoke(LocatingElementHandler.java:38)
	at com.sun.proxy.$Proxy14.isDisplayed(Unknown Source)
	at org.openqa.selenium.support.ui.ExpectedConditions.elementIfVisible(ExpectedConditions.java:315)
	at org.openqa.selenium.support.ui.ExpectedConditions.access$100(ExpectedConditions.java:44)
	at org.openqa.selenium.support.ui.ExpectedConditions$10.apply(ExpectedConditions.java:301)
	at org.openqa.selenium.support.ui.ExpectedConditions$10.apply(ExpectedConditions.java:298)
	at org.openqa.selenium.support.ui.ExpectedConditions$23.apply(ExpectedConditions.java:686)
	at org.openqa.selenium.support.ui.ExpectedConditions$23.apply(ExpectedConditions.java:682)
	at org.openqa.selenium.support.ui.FluentWait.until(FluentWait.java:248)
	... 26 more
... Removed 28 stack frames</pre></div><a href='#' onClick='toggleBox("stack-trace1088921012", this, "Click to show all stack frames", "Click to hide stack frames")'>Click to show all stack frames</a>
<div class='stack-trace' id='stack-trace1088921012'><pre>org.openqa.selenium.TimeoutException: Expected condition failed: waiting for element to be clickable: Proxy element for: DefaultElementLocator &apos;By.xpath: //span[@id=&apos;idFilterCustomizeIcon&apos;]&apos; (tried for 20 second(s) with 1000 milliseconds interval)
	at org.openqa.selenium.support.ui.FluentWait.timeoutException(FluentWait.java:303)
	at org.openqa.selenium.support.ui.FluentWait.until(FluentWait.java:271)
	at com.focus.Pages.FocusFinancialsReportPage.checkFilterOptionInLedger(FocusFinancialsReportPage.java:864)
	at com.focus.testcases.FocusFinancialsReportTest.checkFilterOptionInLedger(FocusFinancialsReportTest.java:53)
	at sun.reflect.NativeMethodAccessorImpl.invoke0(Native Method)
	at sun.reflect.NativeMethodAccessorImpl.invoke(Unknown Source)
	at sun.reflect.DelegatingMethodAccessorImpl.invoke(Unknown Source)
	at java.lang.reflect.Method.invoke(Unknown Source)
	at org.testng.internal.MethodInvocationHelper.invokeMethod(MethodInvocationHelper.java:86)
	at org.testng.internal.Invoker.invokeMethod(Invoker.java:643)
	at org.testng.internal.Invoker.invokeTestMethod(Invoker.java:820)
	at org.testng.internal.Invoker.invokeTestMethods(Invoker.java:1128)
	at org.testng.internal.TestMethodWorker.invokeTestMethods(TestMethodWorker.java:129)
	at org.testng.internal.TestMethodWorker.run(TestMethodWorker.java:112)
	at org.testng.TestRunner.privateRun(TestRunner.java:782)
	at org.testng.TestRunner.run(TestRunner.java:632)
	at org.testng.SuiteRunner.runTest(SuiteRunner.java:366)
	at org.testng.SuiteRunner.runSequentially(SuiteRunner.java:361)
	at org.testng.SuiteRunner.privateRun(SuiteRunner.java:319)
	at org.testng.SuiteRunner.run(SuiteRunner.java:268)
	at org.testng.SuiteRunnerWorker.runSuite(SuiteRunnerWorker.java:52)
	at org.testng.SuiteRunnerWorker.run(SuiteRunnerWorker.java:86)
	at org.testng.TestNG.runSuitesSequentially(TestNG.java:1244)
	at org.testng.TestNG.runSuitesLocally(TestNG.java:1169)
	at org.testng.TestNG.run(TestNG.java:1064)
	at org.testng.remote.AbstractRemoteTestNG.run(AbstractRemoteTestNG.java:114)
	at org.testng.remote.RemoteTestNG.initAndRun(RemoteTestNG.java:251)
	at org.testng.remote.RemoteTestNG.main(RemoteTestNG.java:77)
Caused by: org.openqa.selenium.NoSuchElementException: no such element: Unable to locate element: {&quot;method&quot;:&quot;xpath&quot;,&quot;selector&quot;:&quot;//span[@id=&apos;idFilterCustomizeIcon&apos;]&quot;}
  (Session info: chrome=108.0.5359.125)
For documentation on this error, please visit: http://seleniumhq.org/exceptions/no_such_element.html
Build info: version: &apos;3.12.0&apos;, revision: &apos;7c6e0b3&apos;, time: &apos;2018-05-08T14:04:26.12Z&apos;
System info: host: &apos;FOCUS-QA-118&apos;, ip: &apos;172.25.128.1&apos;, os.name: &apos;Windows 10&apos;, os.arch: &apos;amd64&apos;, os.version: &apos;10.0&apos;, java.version: &apos;1.8.0_111&apos;
Driver info: org.openqa.selenium.chrome.ChromeDriver
Capabilities {acceptInsecureCerts: false, browserName: chrome, browserVersion: 108.0.5359.125, chrome: {chromedriverVersion: 108.0.5359.71 (1e0e3868ee06..., userDataDir: C:\Users\Admin\AppData\Loca...}, goog:chromeOptions: {debuggerAddress: localhost:59117}, javascriptEnabled: true, networkConnectionEnabled: false, pageLoadStrategy: normal, platform: WINDOWS, platformName: WINDOWS, proxy: Proxy(), setWindowRect: true, strictFileInteractability: false, timeouts: {implicit: 0, pageLoad: 300000, script: 30000}, unhandledPromptBehavior: dismiss and notify, webauthn:extension:credBlob: true, webauthn:extension:largeBlob: true, webauthn:virtualAuthenticators: true}
Session ID: 1bcd8e78fabc8bf58d67515832e51201
*** Element info: {Using=xpath, value=//span[@id=&apos;idFilterCustomizeIcon&apos;]}
	at sun.reflect.NativeConstructorAccessorImpl.newInstance0(Native Method)
	at sun.reflect.NativeConstructorAccessorImpl.newInstance(Unknown Source)
	at sun.reflect.DelegatingConstructorAccessorImpl.newInstance(Unknown Source)
	at java.lang.reflect.Constructor.newInstance(Unknown Source)
	at org.openqa.selenium.remote.http.W3CHttpResponseCodec.createException(W3CHttpResponseCodec.java:187)
	at org.openqa.selenium.remote.http.W3CHttpResponseCodec.decode(W3CHttpResponseCodec.java:122)
	at org.openqa.selenium.remote.http.W3CHttpResponseCodec.decode(W3CHttpResponseCodec.java:49)
	at org.openqa.selenium.remote.HttpCommandExecutor.execute(HttpCommandExecutor.java:158)
	at org.openqa.selenium.remote.service.DriverCommandExecutor.execute(DriverCommandExecutor.java:83)
	at org.openqa.selenium.remote.RemoteWebDriver.execute(RemoteWebDriver.java:543)
	at org.openqa.selenium.remote.RemoteWebDriver.findElement(RemoteWebDriver.java:317)
	at org.openqa.selenium.remote.RemoteWebDriver.findElementByXPath(RemoteWebDriver.java:419)
	at org.openqa.selenium.By$ByXPath.findElement(By.java:353)
	at org.openqa.selenium.remote.RemoteWebDriver.findElement(RemoteWebDriver.java:309)
	at org.openqa.selenium.support.pagefactory.DefaultElementLocator.findElement(DefaultElementLocator.java:69)
	at org.openqa.selenium.support.pagefactory.internal.LocatingElementHandler.invoke(LocatingElementHandler.java:38)
	at com.sun.proxy.$Proxy14.isDisplayed(Unknown Source)
	at org.openqa.selenium.support.ui.ExpectedConditions.elementIfVisible(ExpectedConditions.java:315)
	at org.openqa.selenium.support.ui.ExpectedConditions.access$100(ExpectedConditions.java:44)
	at org.openqa.selenium.support.ui.ExpectedConditions$10.apply(ExpectedConditions.java:301)
	at org.openqa.selenium.support.ui.ExpectedConditions$10.apply(ExpectedConditions.java:298)
	at org.openqa.selenium.support.ui.ExpectedConditions$23.apply(ExpectedConditions.java:686)
	at org.openqa.selenium.support.ui.ExpectedConditions$23.apply(ExpectedConditions.java:682)
	at org.openqa.selenium.support.ui.FluentWait.until(FluentWait.java:248)
	... 26 more
</pre></div></td>
<td>82</td>
<td>com.focus.testcases.FocusFinancialsReportTest@5bc79255</td></tr>
<tr>
<td title='com.focus.testcases.FocusFinancialsReportTest.checkInterestCalculationReport()'><b>checkInterestCalculationReport</b><br>Test class: com.focus.testcases.FocusFinancialsReportTest<br/>
<a href="#Output-641850443" onClick='toggleBox("Output-641850443", this, "Show output", "Hide output");'>Show output</a>

<a href="#Output-641850443" onClick="toggleAllBoxes();">Show all outputs</a>
<div class='log' id="Output-641850443">
Completed executing following method : FocusFinancialsReportTest.checkInterestCalculationReport<br/>
Test Method resides in com.focus.testcases.FocusFinancialsReportTest<br/>
Test Status: Failed<br/>
About to begin executing following method : BaseEngine.afterMethodExecution<br/>
</div>
</td>
<td><div><pre>java.lang.AssertionError: expected [true] but found [false]
	at com.focus.testcases.FocusFinancialsReportTest.checkInterestCalculationReport(FocusFinancialsReportTest.java:301)
... Removed 30 stack frames</pre></div><a href='#' onClick='toggleBox("stack-trace641850443", this, "Click to show all stack frames", "Click to hide stack frames")'>Click to show all stack frames</a>
<div class='stack-trace' id='stack-trace641850443'><pre>java.lang.AssertionError: expected [true] but found [false]
	at org.testng.Assert.fail(Assert.java:94)
	at org.testng.Assert.failNotEquals(Assert.java:513)
	at org.testng.Assert.assertEqualsImpl(Assert.java:135)
	at org.testng.Assert.assertEquals(Assert.java:116)
	at org.testng.Assert.assertEquals(Assert.java:305)
	at org.testng.Assert.assertEquals(Assert.java:315)
	at com.focus.testcases.FocusFinancialsReportTest.checkInterestCalculationReport(FocusFinancialsReportTest.java:301)
	at sun.reflect.NativeMethodAccessorImpl.invoke0(Native Method)
	at sun.reflect.NativeMethodAccessorImpl.invoke(Unknown Source)
	at sun.reflect.DelegatingMethodAccessorImpl.invoke(Unknown Source)
	at java.lang.reflect.Method.invoke(Unknown Source)
	at org.testng.internal.MethodInvocationHelper.invokeMethod(MethodInvocationHelper.java:86)
	at org.testng.internal.Invoker.invokeMethod(Invoker.java:643)
	at org.testng.internal.Invoker.invokeTestMethod(Invoker.java:820)
	at org.testng.internal.Invoker.invokeTestMethods(Invoker.java:1128)
	at org.testng.internal.TestMethodWorker.invokeTestMethods(TestMethodWorker.java:129)
	at org.testng.internal.TestMethodWorker.run(TestMethodWorker.java:112)
	at org.testng.TestRunner.privateRun(TestRunner.java:782)
	at org.testng.TestRunner.run(TestRunner.java:632)
	at org.testng.SuiteRunner.runTest(SuiteRunner.java:366)
	at org.testng.SuiteRunner.runSequentially(SuiteRunner.java:361)
	at org.testng.SuiteRunner.privateRun(SuiteRunner.java:319)
	at org.testng.SuiteRunner.run(SuiteRunner.java:268)
	at org.testng.SuiteRunnerWorker.runSuite(SuiteRunnerWorker.java:52)
	at org.testng.SuiteRunnerWorker.run(SuiteRunnerWorker.java:86)
	at org.testng.TestNG.runSuitesSequentially(TestNG.java:1244)
	at org.testng.TestNG.runSuitesLocally(TestNG.java:1169)
	at org.testng.TestNG.run(TestNG.java:1064)
	at org.testng.remote.AbstractRemoteTestNG.run(AbstractRemoteTestNG.java:114)
	at org.testng.remote.RemoteTestNG.initAndRun(RemoteTestNG.java:251)
	at org.testng.remote.RemoteTestNG.main(RemoteTestNG.java:77)
</pre></div></td>
<td>20</td>
<td>com.focus.testcases.FocusFinancialsReportTest@5bc79255</td></tr>
<tr>
<td title='com.focus.testcases.UserRestrictionsTest.checkItemMasterWhetherShowingOnlyRestrictedItemsInList()'><b>checkItemMasterWhetherShowingOnlyRestrictedItemsInList</b><br>Test class: com.focus.testcases.UserRestrictionsTest<br/>
<a href="#Output-1191863726" onClick='toggleBox("Output-1191863726", this, "Show output", "Hide output");'>Show output</a>

<a href="#Output-1191863726" onClick="toggleAllBoxes();">Show all outputs</a>
<div class='log' id="Output-1191863726">
Completed executing following method : UserRestrictionsTest.checkItemMasterWhetherShowingOnlyRestrictedItemsInList<br/>
Test Method resides in com.focus.testcases.UserRestrictionsTest<br/>
Test Status: Failed<br/>
About to begin executing following method : BaseEngine.afterMethodExecution<br/>
</div>
</td>
<td><div><pre>java.lang.AssertionError: expected [true] but found [false]
	at com.focus.testcases.UserRestrictionsTest.checkItemMasterWhetherShowingOnlyRestrictedItemsInList(UserRestrictionsTest.java:74)
... Removed 30 stack frames</pre></div><a href='#' onClick='toggleBox("stack-trace1191863726", this, "Click to show all stack frames", "Click to hide stack frames")'>Click to show all stack frames</a>
<div class='stack-trace' id='stack-trace1191863726'><pre>java.lang.AssertionError: expected [true] but found [false]
	at org.testng.Assert.fail(Assert.java:94)
	at org.testng.Assert.failNotEquals(Assert.java:513)
	at org.testng.Assert.assertEqualsImpl(Assert.java:135)
	at org.testng.Assert.assertEquals(Assert.java:116)
	at org.testng.Assert.assertEquals(Assert.java:305)
	at org.testng.Assert.assertEquals(Assert.java:315)
	at com.focus.testcases.UserRestrictionsTest.checkItemMasterWhetherShowingOnlyRestrictedItemsInList(UserRestrictionsTest.java:74)
	at sun.reflect.NativeMethodAccessorImpl.invoke0(Native Method)
	at sun.reflect.NativeMethodAccessorImpl.invoke(Unknown Source)
	at sun.reflect.DelegatingMethodAccessorImpl.invoke(Unknown Source)
	at java.lang.reflect.Method.invoke(Unknown Source)
	at org.testng.internal.MethodInvocationHelper.invokeMethod(MethodInvocationHelper.java:86)
	at org.testng.internal.Invoker.invokeMethod(Invoker.java:643)
	at org.testng.internal.Invoker.invokeTestMethod(Invoker.java:820)
	at org.testng.internal.Invoker.invokeTestMethods(Invoker.java:1128)
	at org.testng.internal.TestMethodWorker.invokeTestMethods(TestMethodWorker.java:129)
	at org.testng.internal.TestMethodWorker.run(TestMethodWorker.java:112)
	at org.testng.TestRunner.privateRun(TestRunner.java:782)
	at org.testng.TestRunner.run(TestRunner.java:632)
	at org.testng.SuiteRunner.runTest(SuiteRunner.java:366)
	at org.testng.SuiteRunner.runSequentially(SuiteRunner.java:361)
	at org.testng.SuiteRunner.privateRun(SuiteRunner.java:319)
	at org.testng.SuiteRunner.run(SuiteRunner.java:268)
	at org.testng.SuiteRunnerWorker.runSuite(SuiteRunnerWorker.java:52)
	at org.testng.SuiteRunnerWorker.run(SuiteRunnerWorker.java:86)
	at org.testng.TestNG.runSuitesSequentially(TestNG.java:1244)
	at org.testng.TestNG.runSuitesLocally(TestNG.java:1169)
	at org.testng.TestNG.run(TestNG.java:1064)
	at org.testng.remote.AbstractRemoteTestNG.run(AbstractRemoteTestNG.java:114)
	at org.testng.remote.RemoteTestNG.initAndRun(RemoteTestNG.java:251)
	at org.testng.remote.RemoteTestNG.main(RemoteTestNG.java:77)
</pre></div></td>
<td>17</td>
<td>com.focus.testcases.UserRestrictionsTest@5b87ed94</td></tr>
<tr>
<td title='com.focus.testcases.FocusFinancialsReportTest.checkLedgerDetailReport()'><b>checkLedgerDetailReport</b><br>Test class: com.focus.testcases.FocusFinancialsReportTest<br/>
<a href="#Output-1515055071" onClick='toggleBox("Output-1515055071", this, "Show output", "Hide output");'>Show output</a>

<a href="#Output-1515055071" onClick="toggleAllBoxes();">Show all outputs</a>
<div class='log' id="Output-1515055071">
Completed executing following method : FocusFinancialsReportTest.checkLedgerDetailReport<br/>
Test Method resides in com.focus.testcases.FocusFinancialsReportTest<br/>
Test Status: Failed<br/>
About to begin executing following method : BaseEngine.afterMethodExecution<br/>
</div>
</td>
<td><div><pre>java.lang.AssertionError: expected [true] but found [false]
	at com.focus.testcases.FocusFinancialsReportTest.checkLedgerDetailReport(FocusFinancialsReportTest.java:60)
... Removed 30 stack frames</pre></div><a href='#' onClick='toggleBox("stack-trace1515055071", this, "Click to show all stack frames", "Click to hide stack frames")'>Click to show all stack frames</a>
<div class='stack-trace' id='stack-trace1515055071'><pre>java.lang.AssertionError: expected [true] but found [false]
	at org.testng.Assert.fail(Assert.java:94)
	at org.testng.Assert.failNotEquals(Assert.java:513)
	at org.testng.Assert.assertEqualsImpl(Assert.java:135)
	at org.testng.Assert.assertEquals(Assert.java:116)
	at org.testng.Assert.assertEquals(Assert.java:305)
	at org.testng.Assert.assertEquals(Assert.java:315)
	at com.focus.testcases.FocusFinancialsReportTest.checkLedgerDetailReport(FocusFinancialsReportTest.java:60)
	at sun.reflect.NativeMethodAccessorImpl.invoke0(Native Method)
	at sun.reflect.NativeMethodAccessorImpl.invoke(Unknown Source)
	at sun.reflect.DelegatingMethodAccessorImpl.invoke(Unknown Source)
	at java.lang.reflect.Method.invoke(Unknown Source)
	at org.testng.internal.MethodInvocationHelper.invokeMethod(MethodInvocationHelper.java:86)
	at org.testng.internal.Invoker.invokeMethod(Invoker.java:643)
	at org.testng.internal.Invoker.invokeTestMethod(Invoker.java:820)
	at org.testng.internal.Invoker.invokeTestMethods(Invoker.java:1128)
	at org.testng.internal.TestMethodWorker.invokeTestMethods(TestMethodWorker.java:129)
	at org.testng.internal.TestMethodWorker.run(TestMethodWorker.java:112)
	at org.testng.TestRunner.privateRun(TestRunner.java:782)
	at org.testng.TestRunner.run(TestRunner.java:632)
	at org.testng.SuiteRunner.runTest(SuiteRunner.java:366)
	at org.testng.SuiteRunner.runSequentially(SuiteRunner.java:361)
	at org.testng.SuiteRunner.privateRun(SuiteRunner.java:319)
	at org.testng.SuiteRunner.run(SuiteRunner.java:268)
	at org.testng.SuiteRunnerWorker.runSuite(SuiteRunnerWorker.java:52)
	at org.testng.SuiteRunnerWorker.run(SuiteRunnerWorker.java:86)
	at org.testng.TestNG.runSuitesSequentially(TestNG.java:1244)
	at org.testng.TestNG.runSuitesLocally(TestNG.java:1169)
	at org.testng.TestNG.run(TestNG.java:1064)
	at org.testng.remote.AbstractRemoteTestNG.run(AbstractRemoteTestNG.java:114)
	at org.testng.remote.RemoteTestNG.initAndRun(RemoteTestNG.java:251)
	at org.testng.remote.RemoteTestNG.main(RemoteTestNG.java:77)
</pre></div></td>
<td>133</td>
<td>com.focus.testcases.FocusFinancialsReportTest@5bc79255</td></tr>
<tr>
<td title='com.focus.testcases.FocusFinancialsReportTest.checkLedgerReport()'><b>checkLedgerReport</b><br>Test class: com.focus.testcases.FocusFinancialsReportTest<br/>
<a href="#Output-639849170" onClick='toggleBox("Output-639849170", this, "Show output", "Hide output");'>Show output</a>

<a href="#Output-639849170" onClick="toggleAllBoxes();">Show all outputs</a>
<div class='log' id="Output-639849170">
Completed executing following method : FocusFinancialsReportTest.checkLedgerReport<br/>
Test Method resides in com.focus.testcases.FocusFinancialsReportTest<br/>
Test Status: Failed<br/>
About to begin executing following method : BaseEngine.afterMethodExecution<br/>
</div>
</td>
<td><div><pre>java.lang.AssertionError: expected [true] but found [false]
	at com.focus.testcases.FocusFinancialsReportTest.checkLedgerReport(FocusFinancialsReportTest.java:39)
... Removed 30 stack frames</pre></div><a href='#' onClick='toggleBox("stack-trace639849170", this, "Click to show all stack frames", "Click to hide stack frames")'>Click to show all stack frames</a>
<div class='stack-trace' id='stack-trace639849170'><pre>java.lang.AssertionError: expected [true] but found [false]
	at org.testng.Assert.fail(Assert.java:94)
	at org.testng.Assert.failNotEquals(Assert.java:513)
	at org.testng.Assert.assertEqualsImpl(Assert.java:135)
	at org.testng.Assert.assertEquals(Assert.java:116)
	at org.testng.Assert.assertEquals(Assert.java:305)
	at org.testng.Assert.assertEquals(Assert.java:315)
	at com.focus.testcases.FocusFinancialsReportTest.checkLedgerReport(FocusFinancialsReportTest.java:39)
	at sun.reflect.NativeMethodAccessorImpl.invoke0(Native Method)
	at sun.reflect.NativeMethodAccessorImpl.invoke(Unknown Source)
	at sun.reflect.DelegatingMethodAccessorImpl.invoke(Unknown Source)
	at java.lang.reflect.Method.invoke(Unknown Source)
	at org.testng.internal.MethodInvocationHelper.invokeMethod(MethodInvocationHelper.java:86)
	at org.testng.internal.Invoker.invokeMethod(Invoker.java:643)
	at org.testng.internal.Invoker.invokeTestMethod(Invoker.java:820)
	at org.testng.internal.Invoker.invokeTestMethods(Invoker.java:1128)
	at org.testng.internal.TestMethodWorker.invokeTestMethods(TestMethodWorker.java:129)
	at org.testng.internal.TestMethodWorker.run(TestMethodWorker.java:112)
	at org.testng.TestRunner.privateRun(TestRunner.java:782)
	at org.testng.TestRunner.run(TestRunner.java:632)
	at org.testng.SuiteRunner.runTest(SuiteRunner.java:366)
	at org.testng.SuiteRunner.runSequentially(SuiteRunner.java:361)
	at org.testng.SuiteRunner.privateRun(SuiteRunner.java:319)
	at org.testng.SuiteRunner.run(SuiteRunner.java:268)
	at org.testng.SuiteRunnerWorker.runSuite(SuiteRunnerWorker.java:52)
	at org.testng.SuiteRunnerWorker.run(SuiteRunnerWorker.java:86)
	at org.testng.TestNG.runSuitesSequentially(TestNG.java:1244)
	at org.testng.TestNG.runSuitesLocally(TestNG.java:1169)
	at org.testng.TestNG.run(TestNG.java:1064)
	at org.testng.remote.AbstractRemoteTestNG.run(AbstractRemoteTestNG.java:114)
	at org.testng.remote.RemoteTestNG.initAndRun(RemoteTestNG.java:251)
	at org.testng.remote.RemoteTestNG.main(RemoteTestNG.java:77)
</pre></div></td>
<td>178</td>
<td>com.focus.testcases.FocusFinancialsReportTest@5bc79255</td></tr>
<tr>
<td title='com.focus.testcases.FocusFinancialsReportTest.checkLoginWithRERInFA()'><b>checkLoginWithRERInFA</b><br>Test class: com.focus.testcases.FocusFinancialsReportTest<br/>
<a href="#Output-1873301745" onClick='toggleBox("Output-1873301745", this, "Show output", "Hide output");'>Show output</a>

<a href="#Output-1873301745" onClick="toggleAllBoxes();">Show all outputs</a>
<div class='log' id="Output-1873301745">
Completed executing following method : FocusFinancialsReportTest.checkLoginWithRERInFA<br/>
Test Method resides in com.focus.testcases.FocusFinancialsReportTest<br/>
Test Status: Failed<br/>
About to begin executing following method : BaseEngine.afterMethodExecution<br/>
</div>
</td>
<td><div><pre>org.openqa.selenium.TimeoutException: Expected condition failed: waiting for element to be clickable: Proxy element for: DefaultElementLocator &apos;By.xpath: //*[@id=&apos;txtUsername&apos;]&apos; (tried for 20 second(s) with 1000 milliseconds interval)
	at org.openqa.selenium.support.ui.FluentWait.timeoutException(FluentWait.java:303)
	at org.openqa.selenium.support.ui.FluentWait.until(FluentWait.java:271)
	at com.focus.Pages.LoginPage.enterUserName(LoginPage.java:920)
	at com.focus.Pages.UserRestrictionsPage.checkLoginWithRERInFA(UserRestrictionsPage.java:640)
	at com.focus.testcases.FocusFinancialsReportTest.checkLoginWithRERInFA(FocusFinancialsReportTest.java:32)
Caused by: org.openqa.selenium.NoSuchElementException: no such element: Unable to locate element: {&quot;method&quot;:&quot;xpath&quot;,&quot;selector&quot;:&quot;//*[@id=&apos;txtUsername&apos;]&quot;}
  (Session info: chrome=108.0.5359.125)
For documentation on this error, please visit: http://seleniumhq.org/exceptions/no_such_element.html
Build info: version: &apos;3.12.0&apos;, revision: &apos;7c6e0b3&apos;, time: &apos;2018-05-08T14:04:26.12Z&apos;
System info: host: &apos;FOCUS-QA-118&apos;, ip: &apos;172.25.128.1&apos;, os.name: &apos;Windows 10&apos;, os.arch: &apos;amd64&apos;, os.version: &apos;10.0&apos;, java.version: &apos;1.8.0_111&apos;
Driver info: org.openqa.selenium.chrome.ChromeDriver
Capabilities {acceptInsecureCerts: false, browserName: chrome, browserVersion: 108.0.5359.125, chrome: {chromedriverVersion: 108.0.5359.71 (1e0e3868ee06..., userDataDir: C:\Users\Admin\AppData\Loca...}, goog:chromeOptions: {debuggerAddress: localhost:59117}, javascriptEnabled: true, networkConnectionEnabled: false, pageLoadStrategy: normal, platform: WINDOWS, platformName: WINDOWS, proxy: Proxy(), setWindowRect: true, strictFileInteractability: false, timeouts: {implicit: 0, pageLoad: 300000, script: 30000}, unhandledPromptBehavior: dismiss and notify, webauthn:extension:credBlob: true, webauthn:extension:largeBlob: true, webauthn:virtualAuthenticators: true}
Session ID: 1bcd8e78fabc8bf58d67515832e51201
*** Element info: {Using=xpath, value=//*[@id=&apos;txtUsername&apos;]}
	at org.openqa.selenium.remote.http.W3CHttpResponseCodec.createException(W3CHttpResponseCodec.java:187)
	at org.openqa.selenium.remote.http.W3CHttpResponseCodec.decode(W3CHttpResponseCodec.java:122)
	at org.openqa.selenium.remote.http.W3CHttpResponseCodec.decode(W3CHttpResponseCodec.java:49)
	at org.openqa.selenium.remote.HttpCommandExecutor.execute(HttpCommandExecutor.java:158)
	at org.openqa.selenium.remote.service.DriverCommandExecutor.execute(DriverCommandExecutor.java:83)
	at org.openqa.selenium.remote.RemoteWebDriver.execute(RemoteWebDriver.java:543)
	at org.openqa.selenium.remote.RemoteWebDriver.findElement(RemoteWebDriver.java:317)
	at org.openqa.selenium.remote.RemoteWebDriver.findElementByXPath(RemoteWebDriver.java:419)
	at org.openqa.selenium.By$ByXPath.findElement(By.java:353)
	at org.openqa.selenium.remote.RemoteWebDriver.findElement(RemoteWebDriver.java:309)
	at org.openqa.selenium.support.pagefactory.DefaultElementLocator.findElement(DefaultElementLocator.java:69)
	at org.openqa.selenium.support.pagefactory.internal.LocatingElementHandler.invoke(LocatingElementHandler.java:38)
	at com.sun.proxy.$Proxy14.isDisplayed(Unknown Source)
	at org.openqa.selenium.support.ui.ExpectedConditions.elementIfVisible(ExpectedConditions.java:315)
	at org.openqa.selenium.support.ui.ExpectedConditions.access$100(ExpectedConditions.java:44)
	at org.openqa.selenium.support.ui.ExpectedConditions$10.apply(ExpectedConditions.java:301)
	at org.openqa.selenium.support.ui.ExpectedConditions$10.apply(ExpectedConditions.java:298)
	at org.openqa.selenium.support.ui.ExpectedConditions$23.apply(ExpectedConditions.java:686)
	at org.openqa.selenium.support.ui.ExpectedConditions$23.apply(ExpectedConditions.java:682)
	at org.openqa.selenium.support.ui.FluentWait.until(FluentWait.java:248)
	... 27 more
... Removed 28 stack frames</pre></div><a href='#' onClick='toggleBox("stack-trace1873301745", this, "Click to show all stack frames", "Click to hide stack frames")'>Click to show all stack frames</a>
<div class='stack-trace' id='stack-trace1873301745'><pre>org.openqa.selenium.TimeoutException: Expected condition failed: waiting for element to be clickable: Proxy element for: DefaultElementLocator &apos;By.xpath: //*[@id=&apos;txtUsername&apos;]&apos; (tried for 20 second(s) with 1000 milliseconds interval)
	at org.openqa.selenium.support.ui.FluentWait.timeoutException(FluentWait.java:303)
	at org.openqa.selenium.support.ui.FluentWait.until(FluentWait.java:271)
	at com.focus.Pages.LoginPage.enterUserName(LoginPage.java:920)
	at com.focus.Pages.UserRestrictionsPage.checkLoginWithRERInFA(UserRestrictionsPage.java:640)
	at com.focus.testcases.FocusFinancialsReportTest.checkLoginWithRERInFA(FocusFinancialsReportTest.java:32)
	at sun.reflect.NativeMethodAccessorImpl.invoke0(Native Method)
	at sun.reflect.NativeMethodAccessorImpl.invoke(Unknown Source)
	at sun.reflect.DelegatingMethodAccessorImpl.invoke(Unknown Source)
	at java.lang.reflect.Method.invoke(Unknown Source)
	at org.testng.internal.MethodInvocationHelper.invokeMethod(MethodInvocationHelper.java:86)
	at org.testng.internal.Invoker.invokeMethod(Invoker.java:643)
	at org.testng.internal.Invoker.invokeTestMethod(Invoker.java:820)
	at org.testng.internal.Invoker.invokeTestMethods(Invoker.java:1128)
	at org.testng.internal.TestMethodWorker.invokeTestMethods(TestMethodWorker.java:129)
	at org.testng.internal.TestMethodWorker.run(TestMethodWorker.java:112)
	at org.testng.TestRunner.privateRun(TestRunner.java:782)
	at org.testng.TestRunner.run(TestRunner.java:632)
	at org.testng.SuiteRunner.runTest(SuiteRunner.java:366)
	at org.testng.SuiteRunner.runSequentially(SuiteRunner.java:361)
	at org.testng.SuiteRunner.privateRun(SuiteRunner.java:319)
	at org.testng.SuiteRunner.run(SuiteRunner.java:268)
	at org.testng.SuiteRunnerWorker.runSuite(SuiteRunnerWorker.java:52)
	at org.testng.SuiteRunnerWorker.run(SuiteRunnerWorker.java:86)
	at org.testng.TestNG.runSuitesSequentially(TestNG.java:1244)
	at org.testng.TestNG.runSuitesLocally(TestNG.java:1169)
	at org.testng.TestNG.run(TestNG.java:1064)
	at org.testng.remote.AbstractRemoteTestNG.run(AbstractRemoteTestNG.java:114)
	at org.testng.remote.RemoteTestNG.initAndRun(RemoteTestNG.java:251)
	at org.testng.remote.RemoteTestNG.main(RemoteTestNG.java:77)
Caused by: org.openqa.selenium.NoSuchElementException: no such element: Unable to locate element: {&quot;method&quot;:&quot;xpath&quot;,&quot;selector&quot;:&quot;//*[@id=&apos;txtUsername&apos;]&quot;}
  (Session info: chrome=108.0.5359.125)
For documentation on this error, please visit: http://seleniumhq.org/exceptions/no_such_element.html
Build info: version: &apos;3.12.0&apos;, revision: &apos;7c6e0b3&apos;, time: &apos;2018-05-08T14:04:26.12Z&apos;
System info: host: &apos;FOCUS-QA-118&apos;, ip: &apos;172.25.128.1&apos;, os.name: &apos;Windows 10&apos;, os.arch: &apos;amd64&apos;, os.version: &apos;10.0&apos;, java.version: &apos;1.8.0_111&apos;
Driver info: org.openqa.selenium.chrome.ChromeDriver
Capabilities {acceptInsecureCerts: false, browserName: chrome, browserVersion: 108.0.5359.125, chrome: {chromedriverVersion: 108.0.5359.71 (1e0e3868ee06..., userDataDir: C:\Users\Admin\AppData\Loca...}, goog:chromeOptions: {debuggerAddress: localhost:59117}, javascriptEnabled: true, networkConnectionEnabled: false, pageLoadStrategy: normal, platform: WINDOWS, platformName: WINDOWS, proxy: Proxy(), setWindowRect: true, strictFileInteractability: false, timeouts: {implicit: 0, pageLoad: 300000, script: 30000}, unhandledPromptBehavior: dismiss and notify, webauthn:extension:credBlob: true, webauthn:extension:largeBlob: true, webauthn:virtualAuthenticators: true}
Session ID: 1bcd8e78fabc8bf58d67515832e51201
*** Element info: {Using=xpath, value=//*[@id=&apos;txtUsername&apos;]}
	at sun.reflect.NativeConstructorAccessorImpl.newInstance0(Native Method)
	at sun.reflect.NativeConstructorAccessorImpl.newInstance(Unknown Source)
	at sun.reflect.DelegatingConstructorAccessorImpl.newInstance(Unknown Source)
	at java.lang.reflect.Constructor.newInstance(Unknown Source)
	at org.openqa.selenium.remote.http.W3CHttpResponseCodec.createException(W3CHttpResponseCodec.java:187)
	at org.openqa.selenium.remote.http.W3CHttpResponseCodec.decode(W3CHttpResponseCodec.java:122)
	at org.openqa.selenium.remote.http.W3CHttpResponseCodec.decode(W3CHttpResponseCodec.java:49)
	at org.openqa.selenium.remote.HttpCommandExecutor.execute(HttpCommandExecutor.java:158)
	at org.openqa.selenium.remote.service.DriverCommandExecutor.execute(DriverCommandExecutor.java:83)
	at org.openqa.selenium.remote.RemoteWebDriver.execute(RemoteWebDriver.java:543)
	at org.openqa.selenium.remote.RemoteWebDriver.findElement(RemoteWebDriver.java:317)
	at org.openqa.selenium.remote.RemoteWebDriver.findElementByXPath(RemoteWebDriver.java:419)
	at org.openqa.selenium.By$ByXPath.findElement(By.java:353)
	at org.openqa.selenium.remote.RemoteWebDriver.findElement(RemoteWebDriver.java:309)
	at org.openqa.selenium.support.pagefactory.DefaultElementLocator.findElement(DefaultElementLocator.java:69)
	at org.openqa.selenium.support.pagefactory.internal.LocatingElementHandler.invoke(LocatingElementHandler.java:38)
	at com.sun.proxy.$Proxy14.isDisplayed(Unknown Source)
	at org.openqa.selenium.support.ui.ExpectedConditions.elementIfVisible(ExpectedConditions.java:315)
	at org.openqa.selenium.support.ui.ExpectedConditions.access$100(ExpectedConditions.java:44)
	at org.openqa.selenium.support.ui.ExpectedConditions$10.apply(ExpectedConditions.java:301)
	at org.openqa.selenium.support.ui.ExpectedConditions$10.apply(ExpectedConditions.java:298)
	at org.openqa.selenium.support.ui.ExpectedConditions$23.apply(ExpectedConditions.java:686)
	at org.openqa.selenium.support.ui.ExpectedConditions$23.apply(ExpectedConditions.java:682)
	at org.openqa.selenium.support.ui.FluentWait.until(FluentWait.java:248)
	... 27 more
</pre></div></td>
<td>90</td>
<td>com.focus.testcases.FocusFinancialsReportTest@5bc79255</td></tr>
<tr>
<td title='com.focus.testcases.FocusFinancialsReportTest.checkPeakAndLowBlanceAmount()'><b>checkPeakAndLowBlanceAmount</b><br>Test class: com.focus.testcases.FocusFinancialsReportTest<br/>
<a href="#Output-731623222" onClick='toggleBox("Output-731623222", this, "Show output", "Hide output");'>Show output</a>

<a href="#Output-731623222" onClick="toggleAllBoxes();">Show all outputs</a>
<div class='log' id="Output-731623222">
Completed executing following method : FocusFinancialsReportTest.checkPeakAndLowBlanceAmount<br/>
Test Method resides in com.focus.testcases.FocusFinancialsReportTest<br/>
Test Status: Failed<br/>
About to begin executing following method : BaseEngine.afterMethodExecution<br/>
</div>
</td>
<td><div><pre>java.lang.AssertionError: expected [true] but found [false]
	at com.focus.testcases.FocusFinancialsReportTest.checkPeakAndLowBlanceAmount(FocusFinancialsReportTest.java:273)
... Removed 30 stack frames</pre></div><a href='#' onClick='toggleBox("stack-trace731623222", this, "Click to show all stack frames", "Click to hide stack frames")'>Click to show all stack frames</a>
<div class='stack-trace' id='stack-trace731623222'><pre>java.lang.AssertionError: expected [true] but found [false]
	at org.testng.Assert.fail(Assert.java:94)
	at org.testng.Assert.failNotEquals(Assert.java:513)
	at org.testng.Assert.assertEqualsImpl(Assert.java:135)
	at org.testng.Assert.assertEquals(Assert.java:116)
	at org.testng.Assert.assertEquals(Assert.java:305)
	at org.testng.Assert.assertEquals(Assert.java:315)
	at com.focus.testcases.FocusFinancialsReportTest.checkPeakAndLowBlanceAmount(FocusFinancialsReportTest.java:273)
	at sun.reflect.NativeMethodAccessorImpl.invoke0(Native Method)
	at sun.reflect.NativeMethodAccessorImpl.invoke(Unknown Source)
	at sun.reflect.DelegatingMethodAccessorImpl.invoke(Unknown Source)
	at java.lang.reflect.Method.invoke(Unknown Source)
	at org.testng.internal.MethodInvocationHelper.invokeMethod(MethodInvocationHelper.java:86)
	at org.testng.internal.Invoker.invokeMethod(Invoker.java:643)
	at org.testng.internal.Invoker.invokeTestMethod(Invoker.java:820)
	at org.testng.internal.Invoker.invokeTestMethods(Invoker.java:1128)
	at org.testng.internal.TestMethodWorker.invokeTestMethods(TestMethodWorker.java:129)
	at org.testng.internal.TestMethodWorker.run(TestMethodWorker.java:112)
	at org.testng.TestRunner.privateRun(TestRunner.java:782)
	at org.testng.TestRunner.run(TestRunner.java:632)
	at org.testng.SuiteRunner.runTest(SuiteRunner.java:366)
	at org.testng.SuiteRunner.runSequentially(SuiteRunner.java:361)
	at org.testng.SuiteRunner.privateRun(SuiteRunner.java:319)
	at org.testng.SuiteRunner.run(SuiteRunner.java:268)
	at org.testng.SuiteRunnerWorker.runSuite(SuiteRunnerWorker.java:52)
	at org.testng.SuiteRunnerWorker.run(SuiteRunnerWorker.java:86)
	at org.testng.TestNG.runSuitesSequentially(TestNG.java:1244)
	at org.testng.TestNG.runSuitesLocally(TestNG.java:1169)
	at org.testng.TestNG.run(TestNG.java:1064)
	at org.testng.remote.AbstractRemoteTestNG.run(AbstractRemoteTestNG.java:114)
	at org.testng.remote.RemoteTestNG.initAndRun(RemoteTestNG.java:251)
	at org.testng.remote.RemoteTestNG.main(RemoteTestNG.java:77)
</pre></div></td>
<td>14</td>
<td>com.focus.testcases.FocusFinancialsReportTest@5bc79255</td></tr>
<tr>
<td title='com.focus.testcases.FocusFinancialsReportTest.checkPrintOptionInLedgerAndValidatePDF()'><b>checkPrintOptionInLedgerAndValidatePDF</b><br>Test class: com.focus.testcases.FocusFinancialsReportTest<br/>
<a href="#Output-74098841" onClick='toggleBox("Output-74098841", this, "Show output", "Hide output");'>Show output</a>

<a href="#Output-74098841" onClick="toggleAllBoxes();">Show all outputs</a>
<div class='log' id="Output-74098841">
Completed executing following method : FocusFinancialsReportTest.checkPrintOptionInLedgerAndValidatePDF<br/>
Test Method resides in com.focus.testcases.FocusFinancialsReportTest<br/>
Test Status: Failed<br/>
About to begin executing following method : BaseEngine.afterMethodExecution<br/>
</div>
</td>
<td><div><pre>java.io.FileNotFoundException: D:\FocusUserRestrictions\FocusAI\autoIt\ExportFiles\LedgerPDF.pdf (The system cannot find the file specified)
	at java.io.RandomAccessFile.open0(Native Method)
	at java.io.RandomAccessFile.open(Unknown Source)
	at java.io.RandomAccessFile.&lt;init&gt;(Unknown Source)
	at org.apache.pdfbox.io.RandomAccessBufferedFileInputStream.&lt;init&gt;(RandomAccessBufferedFileInputStream.java:99)
	at org.apache.pdfbox.pdmodel.PDDocument.load(PDDocument.java:1006)
	at org.apache.pdfbox.pdmodel.PDDocument.load(PDDocument.java:969)
	at org.apache.pdfbox.pdmodel.PDDocument.load(PDDocument.java:917)
	at com.testautomationguru.utility.PDFUtil.getPDFText(PDFUtil.java:239)
	at com.testautomationguru.utility.PDFUtil.comparepdfFilesWithTextMode(PDFUtil.java:323)
	at com.testautomationguru.utility.PDFUtil.comparePdfFiles(PDFUtil.java:316)
	at com.testautomationguru.utility.PDFUtil.compare(PDFUtil.java:278)
	at com.focus.Pages.FocusFinancialsReportPage.checkPrintOptionInLedgerAndValidatePDF(FocusFinancialsReportPage.java:835)
	at com.focus.testcases.FocusFinancialsReportTest.checkPrintOptionInLedgerAndValidatePDF(FocusFinancialsReportTest.java:46)
... Removed 24 stack frames</pre></div><a href='#' onClick='toggleBox("stack-trace74098841", this, "Click to show all stack frames", "Click to hide stack frames")'>Click to show all stack frames</a>
<div class='stack-trace' id='stack-trace74098841'><pre>java.io.FileNotFoundException: D:\FocusUserRestrictions\FocusAI\autoIt\ExportFiles\LedgerPDF.pdf (The system cannot find the file specified)
	at java.io.RandomAccessFile.open0(Native Method)
	at java.io.RandomAccessFile.open(Unknown Source)
	at java.io.RandomAccessFile.&lt;init&gt;(Unknown Source)
	at org.apache.pdfbox.io.RandomAccessBufferedFileInputStream.&lt;init&gt;(RandomAccessBufferedFileInputStream.java:99)
	at org.apache.pdfbox.pdmodel.PDDocument.load(PDDocument.java:1006)
	at org.apache.pdfbox.pdmodel.PDDocument.load(PDDocument.java:969)
	at org.apache.pdfbox.pdmodel.PDDocument.load(PDDocument.java:917)
	at com.testautomationguru.utility.PDFUtil.getPDFText(PDFUtil.java:239)
	at com.testautomationguru.utility.PDFUtil.comparepdfFilesWithTextMode(PDFUtil.java:323)
	at com.testautomationguru.utility.PDFUtil.comparePdfFiles(PDFUtil.java:316)
	at com.testautomationguru.utility.PDFUtil.compare(PDFUtil.java:278)
	at com.focus.Pages.FocusFinancialsReportPage.checkPrintOptionInLedgerAndValidatePDF(FocusFinancialsReportPage.java:835)
	at com.focus.testcases.FocusFinancialsReportTest.checkPrintOptionInLedgerAndValidatePDF(FocusFinancialsReportTest.java:46)
	at sun.reflect.NativeMethodAccessorImpl.invoke0(Native Method)
	at sun.reflect.NativeMethodAccessorImpl.invoke(Unknown Source)
	at sun.reflect.DelegatingMethodAccessorImpl.invoke(Unknown Source)
	at java.lang.reflect.Method.invoke(Unknown Source)
	at org.testng.internal.MethodInvocationHelper.invokeMethod(MethodInvocationHelper.java:86)
	at org.testng.internal.Invoker.invokeMethod(Invoker.java:643)
	at org.testng.internal.Invoker.invokeTestMethod(Invoker.java:820)
	at org.testng.internal.Invoker.invokeTestMethods(Invoker.java:1128)
	at org.testng.internal.TestMethodWorker.invokeTestMethods(TestMethodWorker.java:129)
	at org.testng.internal.TestMethodWorker.run(TestMethodWorker.java:112)
	at org.testng.TestRunner.privateRun(TestRunner.java:782)
	at org.testng.TestRunner.run(TestRunner.java:632)
	at org.testng.SuiteRunner.runTest(SuiteRunner.java:366)
	at org.testng.SuiteRunner.runSequentially(SuiteRunner.java:361)
	at org.testng.SuiteRunner.privateRun(SuiteRunner.java:319)
	at org.testng.SuiteRunner.run(SuiteRunner.java:268)
	at org.testng.SuiteRunnerWorker.runSuite(SuiteRunnerWorker.java:52)
	at org.testng.SuiteRunnerWorker.run(SuiteRunnerWorker.java:86)
	at org.testng.TestNG.runSuitesSequentially(TestNG.java:1244)
	at org.testng.TestNG.runSuitesLocally(TestNG.java:1169)
	at org.testng.TestNG.run(TestNG.java:1064)
	at org.testng.remote.AbstractRemoteTestNG.run(AbstractRemoteTestNG.java:114)
	at org.testng.remote.RemoteTestNG.initAndRun(RemoteTestNG.java:251)
	at org.testng.remote.RemoteTestNG.main(RemoteTestNG.java:77)
</pre></div></td>
<td>29</td>
<td>com.focus.testcases.FocusFinancialsReportTest@5bc79255</td></tr>
<tr>
<td title='com.focus.testcases.FocusFinancialsReportTest.checkPurchaseRegisterReport()'><b>checkPurchaseRegisterReport</b><br>Test class: com.focus.testcases.FocusFinancialsReportTest<br/>
<a href="#Output-332087286" onClick='toggleBox("Output-332087286", this, "Show output", "Hide output");'>Show output</a>

<a href="#Output-332087286" onClick="toggleAllBoxes();">Show all outputs</a>
<div class='log' id="Output-332087286">
Completed executing following method : FocusFinancialsReportTest.checkPurchaseRegisterReport<br/>
Test Method resides in com.focus.testcases.FocusFinancialsReportTest<br/>
Test Status: Failed<br/>
About to begin executing following method : BaseEngine.afterMethodExecution<br/>
</div>
</td>
<td><div><pre>java.lang.AssertionError: expected [true] but found [false]
	at com.focus.testcases.FocusFinancialsReportTest.checkPurchaseRegisterReport(FocusFinancialsReportTest.java:146)
... Removed 30 stack frames</pre></div><a href='#' onClick='toggleBox("stack-trace332087286", this, "Click to show all stack frames", "Click to hide stack frames")'>Click to show all stack frames</a>
<div class='stack-trace' id='stack-trace332087286'><pre>java.lang.AssertionError: expected [true] but found [false]
	at org.testng.Assert.fail(Assert.java:94)
	at org.testng.Assert.failNotEquals(Assert.java:513)
	at org.testng.Assert.assertEqualsImpl(Assert.java:135)
	at org.testng.Assert.assertEquals(Assert.java:116)
	at org.testng.Assert.assertEquals(Assert.java:305)
	at org.testng.Assert.assertEquals(Assert.java:315)
	at com.focus.testcases.FocusFinancialsReportTest.checkPurchaseRegisterReport(FocusFinancialsReportTest.java:146)
	at sun.reflect.NativeMethodAccessorImpl.invoke0(Native Method)
	at sun.reflect.NativeMethodAccessorImpl.invoke(Unknown Source)
	at sun.reflect.DelegatingMethodAccessorImpl.invoke(Unknown Source)
	at java.lang.reflect.Method.invoke(Unknown Source)
	at org.testng.internal.MethodInvocationHelper.invokeMethod(MethodInvocationHelper.java:86)
	at org.testng.internal.Invoker.invokeMethod(Invoker.java:643)
	at org.testng.internal.Invoker.invokeTestMethod(Invoker.java:820)
	at org.testng.internal.Invoker.invokeTestMethods(Invoker.java:1128)
	at org.testng.internal.TestMethodWorker.invokeTestMethods(TestMethodWorker.java:129)
	at org.testng.internal.TestMethodWorker.run(TestMethodWorker.java:112)
	at org.testng.TestRunner.privateRun(TestRunner.java:782)
	at org.testng.TestRunner.run(TestRunner.java:632)
	at org.testng.SuiteRunner.runTest(SuiteRunner.java:366)
	at org.testng.SuiteRunner.runSequentially(SuiteRunner.java:361)
	at org.testng.SuiteRunner.privateRun(SuiteRunner.java:319)
	at org.testng.SuiteRunner.run(SuiteRunner.java:268)
	at org.testng.SuiteRunnerWorker.runSuite(SuiteRunnerWorker.java:52)
	at org.testng.SuiteRunnerWorker.run(SuiteRunnerWorker.java:86)
	at org.testng.TestNG.runSuitesSequentially(TestNG.java:1244)
	at org.testng.TestNG.runSuitesLocally(TestNG.java:1169)
	at org.testng.TestNG.run(TestNG.java:1064)
	at org.testng.remote.AbstractRemoteTestNG.run(AbstractRemoteTestNG.java:114)
	at org.testng.remote.RemoteTestNG.initAndRun(RemoteTestNG.java:251)
	at org.testng.remote.RemoteTestNG.main(RemoteTestNG.java:77)
</pre></div></td>
<td>49</td>
<td>com.focus.testcases.FocusFinancialsReportTest@5bc79255</td></tr>
<tr>
<td title='com.focus.testcases.UserRestrictionsTest.checkPurchaseVoucherHomePageMastersList()'><b>checkPurchaseVoucherHomePageMastersList</b><br>Test class: com.focus.testcases.UserRestrictionsTest<br/>
<a href="#Output-437660242" onClick='toggleBox("Output-437660242", this, "Show output", "Hide output");'>Show output</a>

<a href="#Output-437660242" onClick="toggleAllBoxes();">Show all outputs</a>
<div class='log' id="Output-437660242">
Completed executing following method : UserRestrictionsTest.checkPurchaseVoucherHomePageMastersList<br/>
Test Method resides in com.focus.testcases.UserRestrictionsTest<br/>
Test Status: Failed<br/>
About to begin executing following method : BaseEngine.afterMethodExecution<br/>
</div>
</td>
<td><div><pre>java.lang.AssertionError: expected [true] but found [false]
	at com.focus.testcases.UserRestrictionsTest.checkPurchaseVoucherHomePageMastersList(UserRestrictionsTest.java:124)
... Removed 30 stack frames</pre></div><a href='#' onClick='toggleBox("stack-trace437660242", this, "Click to show all stack frames", "Click to hide stack frames")'>Click to show all stack frames</a>
<div class='stack-trace' id='stack-trace437660242'><pre>java.lang.AssertionError: expected [true] but found [false]
	at org.testng.Assert.fail(Assert.java:94)
	at org.testng.Assert.failNotEquals(Assert.java:513)
	at org.testng.Assert.assertEqualsImpl(Assert.java:135)
	at org.testng.Assert.assertEquals(Assert.java:116)
	at org.testng.Assert.assertEquals(Assert.java:305)
	at org.testng.Assert.assertEquals(Assert.java:315)
	at com.focus.testcases.UserRestrictionsTest.checkPurchaseVoucherHomePageMastersList(UserRestrictionsTest.java:124)
	at sun.reflect.NativeMethodAccessorImpl.invoke0(Native Method)
	at sun.reflect.NativeMethodAccessorImpl.invoke(Unknown Source)
	at sun.reflect.DelegatingMethodAccessorImpl.invoke(Unknown Source)
	at java.lang.reflect.Method.invoke(Unknown Source)
	at org.testng.internal.MethodInvocationHelper.invokeMethod(MethodInvocationHelper.java:86)
	at org.testng.internal.Invoker.invokeMethod(Invoker.java:643)
	at org.testng.internal.Invoker.invokeTestMethod(Invoker.java:820)
	at org.testng.internal.Invoker.invokeTestMethods(Invoker.java:1128)
	at org.testng.internal.TestMethodWorker.invokeTestMethods(TestMethodWorker.java:129)
	at org.testng.internal.TestMethodWorker.run(TestMethodWorker.java:112)
	at org.testng.TestRunner.privateRun(TestRunner.java:782)
	at org.testng.TestRunner.run(TestRunner.java:632)
	at org.testng.SuiteRunner.runTest(SuiteRunner.java:366)
	at org.testng.SuiteRunner.runSequentially(SuiteRunner.java:361)
	at org.testng.SuiteRunner.privateRun(SuiteRunner.java:319)
	at org.testng.SuiteRunner.run(SuiteRunner.java:268)
	at org.testng.SuiteRunnerWorker.runSuite(SuiteRunnerWorker.java:52)
	at org.testng.SuiteRunnerWorker.run(SuiteRunnerWorker.java:86)
	at org.testng.TestNG.runSuitesSequentially(TestNG.java:1244)
	at org.testng.TestNG.runSuitesLocally(TestNG.java:1169)
	at org.testng.TestNG.run(TestNG.java:1064)
	at org.testng.remote.AbstractRemoteTestNG.run(AbstractRemoteTestNG.java:114)
	at org.testng.remote.RemoteTestNG.initAndRun(RemoteTestNG.java:251)
	at org.testng.remote.RemoteTestNG.main(RemoteTestNG.java:77)
</pre></div></td>
<td>12</td>
<td>com.focus.testcases.UserRestrictionsTest@5b87ed94</td></tr>
<tr>
<td title='com.focus.testcases.FocusFinancialsReportTest.checkSalesGroupedByCustomer()'><b>checkSalesGroupedByCustomer</b><br>Test class: com.focus.testcases.FocusFinancialsReportTest<br/>
<a href="#Output-1304539086" onClick='toggleBox("Output-1304539086", this, "Show output", "Hide output");'>Show output</a>

<a href="#Output-1304539086" onClick="toggleAllBoxes();">Show all outputs</a>
<div class='log' id="Output-1304539086">
Completed executing following method : FocusFinancialsReportTest.checkSalesGroupedByCustomer<br/>
Test Method resides in com.focus.testcases.FocusFinancialsReportTest<br/>
Test Status: Failed<br/>
About to begin executing following method : BaseEngine.afterMethodExecution<br/>
</div>
</td>
<td><div><pre>org.openqa.selenium.TimeoutException: Expected condition failed: waiting for element to be clickable: [[ChromeDriver: chrome on WINDOWS (1bcd8e78fabc8bf58d67515832e51201)] -&gt; xpath: //*[@id=&apos;523&apos;]/span] (tried for 20 second(s) with 1000 milliseconds interval)
Build info: version: &apos;3.12.0&apos;, revision: &apos;7c6e0b3&apos;, time: &apos;2018-05-08T14:04:26.12Z&apos;
System info: host: &apos;FOCUS-QA-118&apos;, ip: &apos;172.25.128.1&apos;, os.name: &apos;Windows 10&apos;, os.arch: &apos;amd64&apos;, os.version: &apos;10.0&apos;, java.version: &apos;1.8.0_111&apos;
Driver info: driver.version: unknown
	at org.openqa.selenium.support.ui.FluentWait.timeoutException(FluentWait.java:303)
	at org.openqa.selenium.support.ui.FluentWait.until(FluentWait.java:271)
	at com.focus.Pages.FocusFinancialsReportPage.checkSalesGroupedByCustomer(FocusFinancialsReportPage.java:5034)
	at com.focus.testcases.FocusFinancialsReportTest.checkSalesGroupedByCustomer(FocusFinancialsReportTest.java:231)
... Removed 24 stack frames</pre></div><a href='#' onClick='toggleBox("stack-trace1304539086", this, "Click to show all stack frames", "Click to hide stack frames")'>Click to show all stack frames</a>
<div class='stack-trace' id='stack-trace1304539086'><pre>org.openqa.selenium.TimeoutException: Expected condition failed: waiting for element to be clickable: [[ChromeDriver: chrome on WINDOWS (1bcd8e78fabc8bf58d67515832e51201)] -&gt; xpath: //*[@id=&apos;523&apos;]/span] (tried for 20 second(s) with 1000 milliseconds interval)
Build info: version: &apos;3.12.0&apos;, revision: &apos;7c6e0b3&apos;, time: &apos;2018-05-08T14:04:26.12Z&apos;
System info: host: &apos;FOCUS-QA-118&apos;, ip: &apos;172.25.128.1&apos;, os.name: &apos;Windows 10&apos;, os.arch: &apos;amd64&apos;, os.version: &apos;10.0&apos;, java.version: &apos;1.8.0_111&apos;
Driver info: driver.version: unknown
	at org.openqa.selenium.support.ui.FluentWait.timeoutException(FluentWait.java:303)
	at org.openqa.selenium.support.ui.FluentWait.until(FluentWait.java:271)
	at com.focus.Pages.FocusFinancialsReportPage.checkSalesGroupedByCustomer(FocusFinancialsReportPage.java:5034)
	at com.focus.testcases.FocusFinancialsReportTest.checkSalesGroupedByCustomer(FocusFinancialsReportTest.java:231)
	at sun.reflect.NativeMethodAccessorImpl.invoke0(Native Method)
	at sun.reflect.NativeMethodAccessorImpl.invoke(Unknown Source)
	at sun.reflect.DelegatingMethodAccessorImpl.invoke(Unknown Source)
	at java.lang.reflect.Method.invoke(Unknown Source)
	at org.testng.internal.MethodInvocationHelper.invokeMethod(MethodInvocationHelper.java:86)
	at org.testng.internal.Invoker.invokeMethod(Invoker.java:643)
	at org.testng.internal.Invoker.invokeTestMethod(Invoker.java:820)
	at org.testng.internal.Invoker.invokeTestMethods(Invoker.java:1128)
	at org.testng.internal.TestMethodWorker.invokeTestMethods(TestMethodWorker.java:129)
	at org.testng.internal.TestMethodWorker.run(TestMethodWorker.java:112)
	at org.testng.TestRunner.privateRun(TestRunner.java:782)
	at org.testng.TestRunner.run(TestRunner.java:632)
	at org.testng.SuiteRunner.runTest(SuiteRunner.java:366)
	at org.testng.SuiteRunner.runSequentially(SuiteRunner.java:361)
	at org.testng.SuiteRunner.privateRun(SuiteRunner.java:319)
	at org.testng.SuiteRunner.run(SuiteRunner.java:268)
	at org.testng.SuiteRunnerWorker.runSuite(SuiteRunnerWorker.java:52)
	at org.testng.SuiteRunnerWorker.run(SuiteRunnerWorker.java:86)
	at org.testng.TestNG.runSuitesSequentially(TestNG.java:1244)
	at org.testng.TestNG.runSuitesLocally(TestNG.java:1169)
	at org.testng.TestNG.run(TestNG.java:1064)
	at org.testng.remote.AbstractRemoteTestNG.run(AbstractRemoteTestNG.java:114)
	at org.testng.remote.RemoteTestNG.initAndRun(RemoteTestNG.java:251)
	at org.testng.remote.RemoteTestNG.main(RemoteTestNG.java:77)
</pre></div></td>
<td>20</td>
<td>com.focus.testcases.FocusFinancialsReportTest@5bc79255</td></tr>
<tr>
<td title='com.focus.testcases.FocusInventoryReportsTest.checkStockAgeingAnalysisByRMAReport()'><b>checkStockAgeingAnalysisByRMAReport</b><br>Test class: com.focus.testcases.FocusInventoryReportsTest<br/>
<a href="#Output-458156230" onClick='toggleBox("Output-458156230", this, "Show output", "Hide output");'>Show output</a>

<a href="#Output-458156230" onClick="toggleAllBoxes();">Show all outputs</a>
<div class='log' id="Output-458156230">
Completed executing following method : FocusInventoryReportsTest.checkStockAgeingAnalysisByRMAReport<br/>
Test Method resides in com.focus.testcases.FocusInventoryReportsTest<br/>
Test Status: Failed<br/>
About to begin executing following method : BaseEngine.afterMethodExecution<br/>
</div>
</td>
<td><div><pre>java.lang.AssertionError: expected [true] but found [false]
	at com.focus.testcases.FocusInventoryReportsTest.checkStockAgeingAnalysisByRMAReport(FocusInventoryReportsTest.java:195)
... Removed 30 stack frames</pre></div><a href='#' onClick='toggleBox("stack-trace458156230", this, "Click to show all stack frames", "Click to hide stack frames")'>Click to show all stack frames</a>
<div class='stack-trace' id='stack-trace458156230'><pre>java.lang.AssertionError: expected [true] but found [false]
	at org.testng.Assert.fail(Assert.java:94)
	at org.testng.Assert.failNotEquals(Assert.java:513)
	at org.testng.Assert.assertEqualsImpl(Assert.java:135)
	at org.testng.Assert.assertEquals(Assert.java:116)
	at org.testng.Assert.assertEquals(Assert.java:305)
	at org.testng.Assert.assertEquals(Assert.java:315)
	at com.focus.testcases.FocusInventoryReportsTest.checkStockAgeingAnalysisByRMAReport(FocusInventoryReportsTest.java:195)
	at sun.reflect.NativeMethodAccessorImpl.invoke0(Native Method)
	at sun.reflect.NativeMethodAccessorImpl.invoke(Unknown Source)
	at sun.reflect.DelegatingMethodAccessorImpl.invoke(Unknown Source)
	at java.lang.reflect.Method.invoke(Unknown Source)
	at org.testng.internal.MethodInvocationHelper.invokeMethod(MethodInvocationHelper.java:86)
	at org.testng.internal.Invoker.invokeMethod(Invoker.java:643)
	at org.testng.internal.Invoker.invokeTestMethod(Invoker.java:820)
	at org.testng.internal.Invoker.invokeTestMethods(Invoker.java:1128)
	at org.testng.internal.TestMethodWorker.invokeTestMethods(TestMethodWorker.java:129)
	at org.testng.internal.TestMethodWorker.run(TestMethodWorker.java:112)
	at org.testng.TestRunner.privateRun(TestRunner.java:782)
	at org.testng.TestRunner.run(TestRunner.java:632)
	at org.testng.SuiteRunner.runTest(SuiteRunner.java:366)
	at org.testng.SuiteRunner.runSequentially(SuiteRunner.java:361)
	at org.testng.SuiteRunner.privateRun(SuiteRunner.java:319)
	at org.testng.SuiteRunner.run(SuiteRunner.java:268)
	at org.testng.SuiteRunnerWorker.runSuite(SuiteRunnerWorker.java:52)
	at org.testng.SuiteRunnerWorker.run(SuiteRunnerWorker.java:86)
	at org.testng.TestNG.runSuitesSequentially(TestNG.java:1244)
	at org.testng.TestNG.runSuitesLocally(TestNG.java:1169)
	at org.testng.TestNG.run(TestNG.java:1064)
	at org.testng.remote.AbstractRemoteTestNG.run(AbstractRemoteTestNG.java:114)
	at org.testng.remote.RemoteTestNG.initAndRun(RemoteTestNG.java:251)
	at org.testng.remote.RemoteTestNG.main(RemoteTestNG.java:77)
</pre></div></td>
<td>20</td>
<td>com.focus.testcases.FocusInventoryReportsTest@6e0e048a</td></tr>
<tr>
<td title='com.focus.testcases.FocusFinancialsReportTest.checkSummaryPurchaseRegister()'><b>checkSummaryPurchaseRegister</b><br>Test class: com.focus.testcases.FocusFinancialsReportTest<br/>
<a href="#Output-1561410718" onClick='toggleBox("Output-1561410718", this, "Show output", "Hide output");'>Show output</a>

<a href="#Output-1561410718" onClick="toggleAllBoxes();">Show all outputs</a>
<div class='log' id="Output-1561410718">
Completed executing following method : FocusFinancialsReportTest.checkSummaryPurchaseRegister<br/>
Test Method resides in com.focus.testcases.FocusFinancialsReportTest<br/>
Test Status: Failed<br/>
About to begin executing following method : BaseEngine.afterMethodExecution<br/>
</div>
</td>
<td><div><pre>java.lang.AssertionError: expected [true] but found [false]
	at com.focus.testcases.FocusFinancialsReportTest.checkSummaryPurchaseRegister(FocusFinancialsReportTest.java:160)
... Removed 30 stack frames</pre></div><a href='#' onClick='toggleBox("stack-trace1561410718", this, "Click to show all stack frames", "Click to hide stack frames")'>Click to show all stack frames</a>
<div class='stack-trace' id='stack-trace1561410718'><pre>java.lang.AssertionError: expected [true] but found [false]
	at org.testng.Assert.fail(Assert.java:94)
	at org.testng.Assert.failNotEquals(Assert.java:513)
	at org.testng.Assert.assertEqualsImpl(Assert.java:135)
	at org.testng.Assert.assertEquals(Assert.java:116)
	at org.testng.Assert.assertEquals(Assert.java:305)
	at org.testng.Assert.assertEquals(Assert.java:315)
	at com.focus.testcases.FocusFinancialsReportTest.checkSummaryPurchaseRegister(FocusFinancialsReportTest.java:160)
	at sun.reflect.NativeMethodAccessorImpl.invoke0(Native Method)
	at sun.reflect.NativeMethodAccessorImpl.invoke(Unknown Source)
	at sun.reflect.DelegatingMethodAccessorImpl.invoke(Unknown Source)
	at java.lang.reflect.Method.invoke(Unknown Source)
	at org.testng.internal.MethodInvocationHelper.invokeMethod(MethodInvocationHelper.java:86)
	at org.testng.internal.Invoker.invokeMethod(Invoker.java:643)
	at org.testng.internal.Invoker.invokeTestMethod(Invoker.java:820)
	at org.testng.internal.Invoker.invokeTestMethods(Invoker.java:1128)
	at org.testng.internal.TestMethodWorker.invokeTestMethods(TestMethodWorker.java:129)
	at org.testng.internal.TestMethodWorker.run(TestMethodWorker.java:112)
	at org.testng.TestRunner.privateRun(TestRunner.java:782)
	at org.testng.TestRunner.run(TestRunner.java:632)
	at org.testng.SuiteRunner.runTest(SuiteRunner.java:366)
	at org.testng.SuiteRunner.runSequentially(SuiteRunner.java:361)
	at org.testng.SuiteRunner.privateRun(SuiteRunner.java:319)
	at org.testng.SuiteRunner.run(SuiteRunner.java:268)
	at org.testng.SuiteRunnerWorker.runSuite(SuiteRunnerWorker.java:52)
	at org.testng.SuiteRunnerWorker.run(SuiteRunnerWorker.java:86)
	at org.testng.TestNG.runSuitesSequentially(TestNG.java:1244)
	at org.testng.TestNG.runSuitesLocally(TestNG.java:1169)
	at org.testng.TestNG.run(TestNG.java:1064)
	at org.testng.remote.AbstractRemoteTestNG.run(AbstractRemoteTestNG.java:114)
	at org.testng.remote.RemoteTestNG.initAndRun(RemoteTestNG.java:251)
	at org.testng.remote.RemoteTestNG.main(RemoteTestNG.java:77)
</pre></div></td>
<td>6</td>
<td>com.focus.testcases.FocusFinancialsReportTest@5bc79255</td></tr>
<tr>
<td title='com.focus.testcases.FocusFinancialsReportTest.checkTopCustomersReportsForGroupAccount()'><b>checkTopCustomersReportsForGroupAccount</b><br>Test class: com.focus.testcases.FocusFinancialsReportTest<br/>
<a href="#Output-1734300106" onClick='toggleBox("Output-1734300106", this, "Show output", "Hide output");'>Show output</a>

<a href="#Output-1734300106" onClick="toggleAllBoxes();">Show all outputs</a>
<div class='log' id="Output-1734300106">
Completed executing following method : FocusFinancialsReportTest.checkTopCustomersReportsForGroupAccount<br/>
Test Method resides in com.focus.testcases.FocusFinancialsReportTest<br/>
Test Status: Failed<br/>
About to begin executing following method : BaseEngine.afterMethodExecution<br/>
</div>
</td>
<td><div><pre>org.openqa.selenium.StaleElementReferenceException: stale element reference: element is not attached to the page document
  (Session info: chrome=108.0.5359.125)
For documentation on this error, please visit: http://seleniumhq.org/exceptions/stale_element_reference.html
Build info: version: &apos;3.12.0&apos;, revision: &apos;7c6e0b3&apos;, time: &apos;2018-05-08T14:04:26.12Z&apos;
System info: host: &apos;FOCUS-QA-118&apos;, ip: &apos;172.25.128.1&apos;, os.name: &apos;Windows 10&apos;, os.arch: &apos;amd64&apos;, os.version: &apos;10.0&apos;, java.version: &apos;1.8.0_111&apos;
Driver info: org.openqa.selenium.chrome.ChromeDriver
Capabilities {acceptInsecureCerts: false, browserName: chrome, browserVersion: 108.0.5359.125, chrome: {chromedriverVersion: 108.0.5359.71 (1e0e3868ee06..., userDataDir: C:\Users\Admin\AppData\Loca...}, goog:chromeOptions: {debuggerAddress: localhost:59117}, javascriptEnabled: true, networkConnectionEnabled: false, pageLoadStrategy: normal, platform: WINDOWS, platformName: WINDOWS, proxy: Proxy(), setWindowRect: true, strictFileInteractability: false, timeouts: {implicit: 0, pageLoad: 300000, script: 30000}, unhandledPromptBehavior: dismiss and notify, webauthn:extension:credBlob: true, webauthn:extension:largeBlob: true, webauthn:virtualAuthenticators: true}
Session ID: 1bcd8e78fabc8bf58d67515832e51201
	at org.openqa.selenium.remote.http.W3CHttpResponseCodec.createException(W3CHttpResponseCodec.java:187)
	at org.openqa.selenium.remote.http.W3CHttpResponseCodec.decode(W3CHttpResponseCodec.java:122)
	at org.openqa.selenium.remote.http.W3CHttpResponseCodec.decode(W3CHttpResponseCodec.java:49)
	at org.openqa.selenium.remote.HttpCommandExecutor.execute(HttpCommandExecutor.java:158)
	at org.openqa.selenium.remote.service.DriverCommandExecutor.execute(DriverCommandExecutor.java:83)
	at org.openqa.selenium.remote.RemoteWebDriver.execute(RemoteWebDriver.java:543)
	at org.openqa.selenium.remote.RemoteWebElement.execute(RemoteWebElement.java:276)
	at org.openqa.selenium.remote.RemoteWebElement.isDisplayed(RemoteWebElement.java:317)
	at org.openqa.selenium.support.pagefactory.internal.LocatingElementHandler.invoke(LocatingElementHandler.java:51)
	at com.sun.proxy.$Proxy14.isDisplayed(Unknown Source)
	at org.openqa.selenium.support.ui.ExpectedConditions.elementIfVisible(ExpectedConditions.java:315)
	at org.openqa.selenium.support.ui.ExpectedConditions.access$100(ExpectedConditions.java:44)
	at org.openqa.selenium.support.ui.ExpectedConditions$10.apply(ExpectedConditions.java:301)
	at org.openqa.selenium.support.ui.ExpectedConditions$10.apply(ExpectedConditions.java:298)
	at org.openqa.selenium.support.ui.ExpectedConditions$23.apply(ExpectedConditions.java:686)
	at org.openqa.selenium.support.ui.ExpectedConditions$23.apply(ExpectedConditions.java:682)
	at org.openqa.selenium.support.ui.FluentWait.until(FluentWait.java:248)
	at com.focus.Pages.FocusFinancialsReportPage.checkTopCustomersReportsForGroupAccount(FocusFinancialsReportPage.java:3229)
	at com.focus.testcases.FocusFinancialsReportTest.checkTopCustomersReportsForGroupAccount(FocusFinancialsReportTest.java:137)
... Removed 31 stack frames</pre></div><a href='#' onClick='toggleBox("stack-trace1734300106", this, "Click to show all stack frames", "Click to hide stack frames")'>Click to show all stack frames</a>
<div class='stack-trace' id='stack-trace1734300106'><pre>org.openqa.selenium.StaleElementReferenceException: stale element reference: element is not attached to the page document
  (Session info: chrome=108.0.5359.125)
For documentation on this error, please visit: http://seleniumhq.org/exceptions/stale_element_reference.html
Build info: version: &apos;3.12.0&apos;, revision: &apos;7c6e0b3&apos;, time: &apos;2018-05-08T14:04:26.12Z&apos;
System info: host: &apos;FOCUS-QA-118&apos;, ip: &apos;172.25.128.1&apos;, os.name: &apos;Windows 10&apos;, os.arch: &apos;amd64&apos;, os.version: &apos;10.0&apos;, java.version: &apos;1.8.0_111&apos;
Driver info: org.openqa.selenium.chrome.ChromeDriver
Capabilities {acceptInsecureCerts: false, browserName: chrome, browserVersion: 108.0.5359.125, chrome: {chromedriverVersion: 108.0.5359.71 (1e0e3868ee06..., userDataDir: C:\Users\Admin\AppData\Loca...}, goog:chromeOptions: {debuggerAddress: localhost:59117}, javascriptEnabled: true, networkConnectionEnabled: false, pageLoadStrategy: normal, platform: WINDOWS, platformName: WINDOWS, proxy: Proxy(), setWindowRect: true, strictFileInteractability: false, timeouts: {implicit: 0, pageLoad: 300000, script: 30000}, unhandledPromptBehavior: dismiss and notify, webauthn:extension:credBlob: true, webauthn:extension:largeBlob: true, webauthn:virtualAuthenticators: true}
Session ID: 1bcd8e78fabc8bf58d67515832e51201
	at sun.reflect.NativeConstructorAccessorImpl.newInstance0(Native Method)
	at sun.reflect.NativeConstructorAccessorImpl.newInstance(Unknown Source)
	at sun.reflect.DelegatingConstructorAccessorImpl.newInstance(Unknown Source)
	at java.lang.reflect.Constructor.newInstance(Unknown Source)
	at org.openqa.selenium.remote.http.W3CHttpResponseCodec.createException(W3CHttpResponseCodec.java:187)
	at org.openqa.selenium.remote.http.W3CHttpResponseCodec.decode(W3CHttpResponseCodec.java:122)
	at org.openqa.selenium.remote.http.W3CHttpResponseCodec.decode(W3CHttpResponseCodec.java:49)
	at org.openqa.selenium.remote.HttpCommandExecutor.execute(HttpCommandExecutor.java:158)
	at org.openqa.selenium.remote.service.DriverCommandExecutor.execute(DriverCommandExecutor.java:83)
	at org.openqa.selenium.remote.RemoteWebDriver.execute(RemoteWebDriver.java:543)
	at org.openqa.selenium.remote.RemoteWebElement.execute(RemoteWebElement.java:276)
	at org.openqa.selenium.remote.RemoteWebElement.isDisplayed(RemoteWebElement.java:317)
	at sun.reflect.GeneratedMethodAccessor1.invoke(Unknown Source)
	at sun.reflect.DelegatingMethodAccessorImpl.invoke(Unknown Source)
	at java.lang.reflect.Method.invoke(Unknown Source)
	at org.openqa.selenium.support.pagefactory.internal.LocatingElementHandler.invoke(LocatingElementHandler.java:51)
	at com.sun.proxy.$Proxy14.isDisplayed(Unknown Source)
	at org.openqa.selenium.support.ui.ExpectedConditions.elementIfVisible(ExpectedConditions.java:315)
	at org.openqa.selenium.support.ui.ExpectedConditions.access$100(ExpectedConditions.java:44)
	at org.openqa.selenium.support.ui.ExpectedConditions$10.apply(ExpectedConditions.java:301)
	at org.openqa.selenium.support.ui.ExpectedConditions$10.apply(ExpectedConditions.java:298)
	at org.openqa.selenium.support.ui.ExpectedConditions$23.apply(ExpectedConditions.java:686)
	at org.openqa.selenium.support.ui.ExpectedConditions$23.apply(ExpectedConditions.java:682)
	at org.openqa.selenium.support.ui.FluentWait.until(FluentWait.java:248)
	at com.focus.Pages.FocusFinancialsReportPage.checkTopCustomersReportsForGroupAccount(FocusFinancialsReportPage.java:3229)
	at com.focus.testcases.FocusFinancialsReportTest.checkTopCustomersReportsForGroupAccount(FocusFinancialsReportTest.java:137)
	at sun.reflect.NativeMethodAccessorImpl.invoke0(Native Method)
	at sun.reflect.NativeMethodAccessorImpl.invoke(Unknown Source)
	at sun.reflect.DelegatingMethodAccessorImpl.invoke(Unknown Source)
	at java.lang.reflect.Method.invoke(Unknown Source)
	at org.testng.internal.MethodInvocationHelper.invokeMethod(MethodInvocationHelper.java:86)
	at org.testng.internal.Invoker.invokeMethod(Invoker.java:643)
	at org.testng.internal.Invoker.invokeTestMethod(Invoker.java:820)
	at org.testng.internal.Invoker.invokeTestMethods(Invoker.java:1128)
	at org.testng.internal.TestMethodWorker.invokeTestMethods(TestMethodWorker.java:129)
	at org.testng.internal.TestMethodWorker.run(TestMethodWorker.java:112)
	at org.testng.TestRunner.privateRun(TestRunner.java:782)
	at org.testng.TestRunner.run(TestRunner.java:632)
	at org.testng.SuiteRunner.runTest(SuiteRunner.java:366)
	at org.testng.SuiteRunner.runSequentially(SuiteRunner.java:361)
	at org.testng.SuiteRunner.privateRun(SuiteRunner.java:319)
	at org.testng.SuiteRunner.run(SuiteRunner.java:268)
	at org.testng.SuiteRunnerWorker.runSuite(SuiteRunnerWorker.java:52)
	at org.testng.SuiteRunnerWorker.run(SuiteRunnerWorker.java:86)
	at org.testng.TestNG.runSuitesSequentially(TestNG.java:1244)
	at org.testng.TestNG.runSuitesLocally(TestNG.java:1169)
	at org.testng.TestNG.run(TestNG.java:1064)
	at org.testng.remote.AbstractRemoteTestNG.run(AbstractRemoteTestNG.java:114)
	at org.testng.remote.RemoteTestNG.initAndRun(RemoteTestNG.java:251)
	at org.testng.remote.RemoteTestNG.main(RemoteTestNG.java:77)
</pre></div></td>
<td>2</td>
<td>com.focus.testcases.FocusFinancialsReportTest@5bc79255</td></tr>
<tr>
<td title='com.focus.testcases.FocusInventoryReportsTest.checkTransactionTypeWiseStockReport()'><b>checkTransactionTypeWiseStockReport</b><br>Test class: com.focus.testcases.FocusInventoryReportsTest<br/>
<a href="#Output-304377206" onClick='toggleBox("Output-304377206", this, "Show output", "Hide output");'>Show output</a>

<a href="#Output-304377206" onClick="toggleAllBoxes();">Show all outputs</a>
<div class='log' id="Output-304377206">
Completed executing following method : FocusInventoryReportsTest.checkTransactionTypeWiseStockReport<br/>
Test Method resides in com.focus.testcases.FocusInventoryReportsTest<br/>
Test Status: Failed<br/>
About to begin executing following method : BaseEngine.afterMethodExecution<br/>
</div>
</td>
<td><div><pre>java.lang.AssertionError: expected [true] but found [false]
	at com.focus.testcases.FocusInventoryReportsTest.checkTransactionTypeWiseStockReport(FocusInventoryReportsTest.java:259)
... Removed 30 stack frames</pre></div><a href='#' onClick='toggleBox("stack-trace304377206", this, "Click to show all stack frames", "Click to hide stack frames")'>Click to show all stack frames</a>
<div class='stack-trace' id='stack-trace304377206'><pre>java.lang.AssertionError: expected [true] but found [false]
	at org.testng.Assert.fail(Assert.java:94)
	at org.testng.Assert.failNotEquals(Assert.java:513)
	at org.testng.Assert.assertEqualsImpl(Assert.java:135)
	at org.testng.Assert.assertEquals(Assert.java:116)
	at org.testng.Assert.assertEquals(Assert.java:305)
	at org.testng.Assert.assertEquals(Assert.java:315)
	at com.focus.testcases.FocusInventoryReportsTest.checkTransactionTypeWiseStockReport(FocusInventoryReportsTest.java:259)
	at sun.reflect.NativeMethodAccessorImpl.invoke0(Native Method)
	at sun.reflect.NativeMethodAccessorImpl.invoke(Unknown Source)
	at sun.reflect.DelegatingMethodAccessorImpl.invoke(Unknown Source)
	at java.lang.reflect.Method.invoke(Unknown Source)
	at org.testng.internal.MethodInvocationHelper.invokeMethod(MethodInvocationHelper.java:86)
	at org.testng.internal.Invoker.invokeMethod(Invoker.java:643)
	at org.testng.internal.Invoker.invokeTestMethod(Invoker.java:820)
	at org.testng.internal.Invoker.invokeTestMethods(Invoker.java:1128)
	at org.testng.internal.TestMethodWorker.invokeTestMethods(TestMethodWorker.java:129)
	at org.testng.internal.TestMethodWorker.run(TestMethodWorker.java:112)
	at org.testng.TestRunner.privateRun(TestRunner.java:782)
	at org.testng.TestRunner.run(TestRunner.java:632)
	at org.testng.SuiteRunner.runTest(SuiteRunner.java:366)
	at org.testng.SuiteRunner.runSequentially(SuiteRunner.java:361)
	at org.testng.SuiteRunner.privateRun(SuiteRunner.java:319)
	at org.testng.SuiteRunner.run(SuiteRunner.java:268)
	at org.testng.SuiteRunnerWorker.runSuite(SuiteRunnerWorker.java:52)
	at org.testng.SuiteRunnerWorker.run(SuiteRunnerWorker.java:86)
	at org.testng.TestNG.runSuitesSequentially(TestNG.java:1244)
	at org.testng.TestNG.runSuitesLocally(TestNG.java:1169)
	at org.testng.TestNG.run(TestNG.java:1064)
	at org.testng.remote.AbstractRemoteTestNG.run(AbstractRemoteTestNG.java:114)
	at org.testng.remote.RemoteTestNG.initAndRun(RemoteTestNG.java:251)
	at org.testng.remote.RemoteTestNG.main(RemoteTestNG.java:77)
</pre></div></td>
<td>44</td>
<td>com.focus.testcases.FocusInventoryReportsTest@6e0e048a</td></tr>
<tr>
<td title='com.focus.testcases.FocusFinancialsReportTest.checkVendorAgeingDetailByDueDateReport()'><b>checkVendorAgeingDetailByDueDateReport</b><br>Test class: com.focus.testcases.FocusFinancialsReportTest<br/>
<a href="#Output-1575854864" onClick='toggleBox("Output-1575854864", this, "Show output", "Hide output");'>Show output</a>

<a href="#Output-1575854864" onClick="toggleAllBoxes();">Show all outputs</a>
<div class='log' id="Output-1575854864">
Completed executing following method : FocusFinancialsReportTest.checkVendorAgeingDetailByDueDateReport<br/>
Test Method resides in com.focus.testcases.FocusFinancialsReportTest<br/>
Test Status: Failed<br/>
About to begin executing following method : BaseEngine.afterMethodExecution<br/>
</div>
</td>
<td><div><pre>org.openqa.selenium.TimeoutException: Expected condition failed: waiting for element to be clickable: Proxy element for: DefaultElementLocator &apos;By.xpath: //select[@id=&apos;DateOptions_&apos;]&apos; (tried for 20 second(s) with 1000 milliseconds interval)
	at org.openqa.selenium.support.ui.FluentWait.timeoutException(FluentWait.java:303)
	at org.openqa.selenium.support.ui.FluentWait.until(FluentWait.java:271)
	at com.focus.Pages.FocusFinancialsReportPage.checkVendorAgeingDetailByDueDateReport(FocusFinancialsReportPage.java:10914)
	at com.focus.testcases.FocusFinancialsReportTest.checkVendorAgeingDetailByDueDateReport(FocusFinancialsReportTest.java:476)
Caused by: org.openqa.selenium.NoSuchElementException: no such element: Unable to locate element: {&quot;method&quot;:&quot;xpath&quot;,&quot;selector&quot;:&quot;//select[@id=&apos;DateOptions_&apos;]&quot;}
  (Session info: chrome=108.0.5359.125)
For documentation on this error, please visit: http://seleniumhq.org/exceptions/no_such_element.html
Build info: version: &apos;3.12.0&apos;, revision: &apos;7c6e0b3&apos;, time: &apos;2018-05-08T14:04:26.12Z&apos;
System info: host: &apos;FOCUS-QA-118&apos;, ip: &apos;172.25.128.1&apos;, os.name: &apos;Windows 10&apos;, os.arch: &apos;amd64&apos;, os.version: &apos;10.0&apos;, java.version: &apos;1.8.0_111&apos;
Driver info: org.openqa.selenium.chrome.ChromeDriver
Capabilities {acceptInsecureCerts: false, browserName: chrome, browserVersion: 108.0.5359.125, chrome: {chromedriverVersion: 108.0.5359.71 (1e0e3868ee06..., userDataDir: C:\Users\Admin\AppData\Loca...}, goog:chromeOptions: {debuggerAddress: localhost:59117}, javascriptEnabled: true, networkConnectionEnabled: false, pageLoadStrategy: normal, platform: WINDOWS, platformName: WINDOWS, proxy: Proxy(), setWindowRect: true, strictFileInteractability: false, timeouts: {implicit: 0, pageLoad: 300000, script: 30000}, unhandledPromptBehavior: dismiss and notify, webauthn:extension:credBlob: true, webauthn:extension:largeBlob: true, webauthn:virtualAuthenticators: true}
Session ID: 1bcd8e78fabc8bf58d67515832e51201
*** Element info: {Using=xpath, value=//select[@id=&apos;DateOptions_&apos;]}
	at org.openqa.selenium.remote.http.W3CHttpResponseCodec.createException(W3CHttpResponseCodec.java:187)
	at org.openqa.selenium.remote.http.W3CHttpResponseCodec.decode(W3CHttpResponseCodec.java:122)
	at org.openqa.selenium.remote.http.W3CHttpResponseCodec.decode(W3CHttpResponseCodec.java:49)
	at org.openqa.selenium.remote.HttpCommandExecutor.execute(HttpCommandExecutor.java:158)
	at org.openqa.selenium.remote.service.DriverCommandExecutor.execute(DriverCommandExecutor.java:83)
	at org.openqa.selenium.remote.RemoteWebDriver.execute(RemoteWebDriver.java:543)
	at org.openqa.selenium.remote.RemoteWebDriver.findElement(RemoteWebDriver.java:317)
	at org.openqa.selenium.remote.RemoteWebDriver.findElementByXPath(RemoteWebDriver.java:419)
	at org.openqa.selenium.By$ByXPath.findElement(By.java:353)
	at org.openqa.selenium.remote.RemoteWebDriver.findElement(RemoteWebDriver.java:309)
	at org.openqa.selenium.support.pagefactory.DefaultElementLocator.findElement(DefaultElementLocator.java:69)
	at org.openqa.selenium.support.pagefactory.internal.LocatingElementHandler.invoke(LocatingElementHandler.java:38)
	at com.sun.proxy.$Proxy14.isDisplayed(Unknown Source)
	at org.openqa.selenium.support.ui.ExpectedConditions.elementIfVisible(ExpectedConditions.java:315)
	at org.openqa.selenium.support.ui.ExpectedConditions.access$100(ExpectedConditions.java:44)
	at org.openqa.selenium.support.ui.ExpectedConditions$10.apply(ExpectedConditions.java:301)
	at org.openqa.selenium.support.ui.ExpectedConditions$10.apply(ExpectedConditions.java:298)
	at org.openqa.selenium.support.ui.ExpectedConditions$23.apply(ExpectedConditions.java:686)
	at org.openqa.selenium.support.ui.ExpectedConditions$23.apply(ExpectedConditions.java:682)
	at org.openqa.selenium.support.ui.FluentWait.until(FluentWait.java:248)
	... 26 more
... Removed 28 stack frames</pre></div><a href='#' onClick='toggleBox("stack-trace1575854864", this, "Click to show all stack frames", "Click to hide stack frames")'>Click to show all stack frames</a>
<div class='stack-trace' id='stack-trace1575854864'><pre>org.openqa.selenium.TimeoutException: Expected condition failed: waiting for element to be clickable: Proxy element for: DefaultElementLocator &apos;By.xpath: //select[@id=&apos;DateOptions_&apos;]&apos; (tried for 20 second(s) with 1000 milliseconds interval)
	at org.openqa.selenium.support.ui.FluentWait.timeoutException(FluentWait.java:303)
	at org.openqa.selenium.support.ui.FluentWait.until(FluentWait.java:271)
	at com.focus.Pages.FocusFinancialsReportPage.checkVendorAgeingDetailByDueDateReport(FocusFinancialsReportPage.java:10914)
	at com.focus.testcases.FocusFinancialsReportTest.checkVendorAgeingDetailByDueDateReport(FocusFinancialsReportTest.java:476)
	at sun.reflect.NativeMethodAccessorImpl.invoke0(Native Method)
	at sun.reflect.NativeMethodAccessorImpl.invoke(Unknown Source)
	at sun.reflect.DelegatingMethodAccessorImpl.invoke(Unknown Source)
	at java.lang.reflect.Method.invoke(Unknown Source)
	at org.testng.internal.MethodInvocationHelper.invokeMethod(MethodInvocationHelper.java:86)
	at org.testng.internal.Invoker.invokeMethod(Invoker.java:643)
	at org.testng.internal.Invoker.invokeTestMethod(Invoker.java:820)
	at org.testng.internal.Invoker.invokeTestMethods(Invoker.java:1128)
	at org.testng.internal.TestMethodWorker.invokeTestMethods(TestMethodWorker.java:129)
	at org.testng.internal.TestMethodWorker.run(TestMethodWorker.java:112)
	at org.testng.TestRunner.privateRun(TestRunner.java:782)
	at org.testng.TestRunner.run(TestRunner.java:632)
	at org.testng.SuiteRunner.runTest(SuiteRunner.java:366)
	at org.testng.SuiteRunner.runSequentially(SuiteRunner.java:361)
	at org.testng.SuiteRunner.privateRun(SuiteRunner.java:319)
	at org.testng.SuiteRunner.run(SuiteRunner.java:268)
	at org.testng.SuiteRunnerWorker.runSuite(SuiteRunnerWorker.java:52)
	at org.testng.SuiteRunnerWorker.run(SuiteRunnerWorker.java:86)
	at org.testng.TestNG.runSuitesSequentially(TestNG.java:1244)
	at org.testng.TestNG.runSuitesLocally(TestNG.java:1169)
	at org.testng.TestNG.run(TestNG.java:1064)
	at org.testng.remote.AbstractRemoteTestNG.run(AbstractRemoteTestNG.java:114)
	at org.testng.remote.RemoteTestNG.initAndRun(RemoteTestNG.java:251)
	at org.testng.remote.RemoteTestNG.main(RemoteTestNG.java:77)
Caused by: org.openqa.selenium.NoSuchElementException: no such element: Unable to locate element: {&quot;method&quot;:&quot;xpath&quot;,&quot;selector&quot;:&quot;//select[@id=&apos;DateOptions_&apos;]&quot;}
  (Session info: chrome=108.0.5359.125)
For documentation on this error, please visit: http://seleniumhq.org/exceptions/no_such_element.html
Build info: version: &apos;3.12.0&apos;, revision: &apos;7c6e0b3&apos;, time: &apos;2018-05-08T14:04:26.12Z&apos;
System info: host: &apos;FOCUS-QA-118&apos;, ip: &apos;172.25.128.1&apos;, os.name: &apos;Windows 10&apos;, os.arch: &apos;amd64&apos;, os.version: &apos;10.0&apos;, java.version: &apos;1.8.0_111&apos;
Driver info: org.openqa.selenium.chrome.ChromeDriver
Capabilities {acceptInsecureCerts: false, browserName: chrome, browserVersion: 108.0.5359.125, chrome: {chromedriverVersion: 108.0.5359.71 (1e0e3868ee06..., userDataDir: C:\Users\Admin\AppData\Loca...}, goog:chromeOptions: {debuggerAddress: localhost:59117}, javascriptEnabled: true, networkConnectionEnabled: false, pageLoadStrategy: normal, platform: WINDOWS, platformName: WINDOWS, proxy: Proxy(), setWindowRect: true, strictFileInteractability: false, timeouts: {implicit: 0, pageLoad: 300000, script: 30000}, unhandledPromptBehavior: dismiss and notify, webauthn:extension:credBlob: true, webauthn:extension:largeBlob: true, webauthn:virtualAuthenticators: true}
Session ID: 1bcd8e78fabc8bf58d67515832e51201
*** Element info: {Using=xpath, value=//select[@id=&apos;DateOptions_&apos;]}
	at sun.reflect.NativeConstructorAccessorImpl.newInstance0(Native Method)
	at sun.reflect.NativeConstructorAccessorImpl.newInstance(Unknown Source)
	at sun.reflect.DelegatingConstructorAccessorImpl.newInstance(Unknown Source)
	at java.lang.reflect.Constructor.newInstance(Unknown Source)
	at org.openqa.selenium.remote.http.W3CHttpResponseCodec.createException(W3CHttpResponseCodec.java:187)
	at org.openqa.selenium.remote.http.W3CHttpResponseCodec.decode(W3CHttpResponseCodec.java:122)
	at org.openqa.selenium.remote.http.W3CHttpResponseCodec.decode(W3CHttpResponseCodec.java:49)
	at org.openqa.selenium.remote.HttpCommandExecutor.execute(HttpCommandExecutor.java:158)
	at org.openqa.selenium.remote.service.DriverCommandExecutor.execute(DriverCommandExecutor.java:83)
	at org.openqa.selenium.remote.RemoteWebDriver.execute(RemoteWebDriver.java:543)
	at org.openqa.selenium.remote.RemoteWebDriver.findElement(RemoteWebDriver.java:317)
	at org.openqa.selenium.remote.RemoteWebDriver.findElementByXPath(RemoteWebDriver.java:419)
	at org.openqa.selenium.By$ByXPath.findElement(By.java:353)
	at org.openqa.selenium.remote.RemoteWebDriver.findElement(RemoteWebDriver.java:309)
	at org.openqa.selenium.support.pagefactory.DefaultElementLocator.findElement(DefaultElementLocator.java:69)
	at org.openqa.selenium.support.pagefactory.internal.LocatingElementHandler.invoke(LocatingElementHandler.java:38)
	at com.sun.proxy.$Proxy14.isDisplayed(Unknown Source)
	at org.openqa.selenium.support.ui.ExpectedConditions.elementIfVisible(ExpectedConditions.java:315)
	at org.openqa.selenium.support.ui.ExpectedConditions.access$100(ExpectedConditions.java:44)
	at org.openqa.selenium.support.ui.ExpectedConditions$10.apply(ExpectedConditions.java:301)
	at org.openqa.selenium.support.ui.ExpectedConditions$10.apply(ExpectedConditions.java:298)
	at org.openqa.selenium.support.ui.ExpectedConditions$23.apply(ExpectedConditions.java:686)
	at org.openqa.selenium.support.ui.ExpectedConditions$23.apply(ExpectedConditions.java:682)
	at org.openqa.selenium.support.ui.FluentWait.until(FluentWait.java:248)
	... 26 more
</pre></div></td>
<td>86</td>
<td>com.focus.testcases.FocusFinancialsReportTest@5bc79255</td></tr>
<tr>
<td title='com.focus.testcases.FocusFinancialsReportTest.checkVendorAgeingDetailsAnalysis()'><b>checkVendorAgeingDetailsAnalysis</b><br>Test class: com.focus.testcases.FocusFinancialsReportTest<br/>
<a href="#Output-1142250605" onClick='toggleBox("Output-1142250605", this, "Show output", "Hide output");'>Show output</a>

<a href="#Output-1142250605" onClick="toggleAllBoxes();">Show all outputs</a>
<div class='log' id="Output-1142250605">
Completed executing following method : FocusFinancialsReportTest.checkVendorAgeingDetailsAnalysis<br/>
Test Method resides in com.focus.testcases.FocusFinancialsReportTest<br/>
Test Status: Failed<br/>
About to begin executing following method : BaseEngine.afterMethodExecution<br/>
</div>
</td>
<td><div><pre>java.lang.AssertionError: expected [true] but found [false]
	at com.focus.testcases.FocusFinancialsReportTest.checkVendorAgeingDetailsAnalysis(FocusFinancialsReportTest.java:467)
... Removed 30 stack frames</pre></div><a href='#' onClick='toggleBox("stack-trace1142250605", this, "Click to show all stack frames", "Click to hide stack frames")'>Click to show all stack frames</a>
<div class='stack-trace' id='stack-trace1142250605'><pre>java.lang.AssertionError: expected [true] but found [false]
	at org.testng.Assert.fail(Assert.java:94)
	at org.testng.Assert.failNotEquals(Assert.java:513)
	at org.testng.Assert.assertEqualsImpl(Assert.java:135)
	at org.testng.Assert.assertEquals(Assert.java:116)
	at org.testng.Assert.assertEquals(Assert.java:305)
	at org.testng.Assert.assertEquals(Assert.java:315)
	at com.focus.testcases.FocusFinancialsReportTest.checkVendorAgeingDetailsAnalysis(FocusFinancialsReportTest.java:467)
	at sun.reflect.NativeMethodAccessorImpl.invoke0(Native Method)
	at sun.reflect.NativeMethodAccessorImpl.invoke(Unknown Source)
	at sun.reflect.DelegatingMethodAccessorImpl.invoke(Unknown Source)
	at java.lang.reflect.Method.invoke(Unknown Source)
	at org.testng.internal.MethodInvocationHelper.invokeMethod(MethodInvocationHelper.java:86)
	at org.testng.internal.Invoker.invokeMethod(Invoker.java:643)
	at org.testng.internal.Invoker.invokeTestMethod(Invoker.java:820)
	at org.testng.internal.Invoker.invokeTestMethods(Invoker.java:1128)
	at org.testng.internal.TestMethodWorker.invokeTestMethods(TestMethodWorker.java:129)
	at org.testng.internal.TestMethodWorker.run(TestMethodWorker.java:112)
	at org.testng.TestRunner.privateRun(TestRunner.java:782)
	at org.testng.TestRunner.run(TestRunner.java:632)
	at org.testng.SuiteRunner.runTest(SuiteRunner.java:366)
	at org.testng.SuiteRunner.runSequentially(SuiteRunner.java:361)
	at org.testng.SuiteRunner.privateRun(SuiteRunner.java:319)
	at org.testng.SuiteRunner.run(SuiteRunner.java:268)
	at org.testng.SuiteRunnerWorker.runSuite(SuiteRunnerWorker.java:52)
	at org.testng.SuiteRunnerWorker.run(SuiteRunnerWorker.java:86)
	at org.testng.TestNG.runSuitesSequentially(TestNG.java:1244)
	at org.testng.TestNG.runSuitesLocally(TestNG.java:1169)
	at org.testng.TestNG.run(TestNG.java:1064)
	at org.testng.remote.AbstractRemoteTestNG.run(AbstractRemoteTestNG.java:114)
	at org.testng.remote.RemoteTestNG.initAndRun(RemoteTestNG.java:251)
	at org.testng.remote.RemoteTestNG.main(RemoteTestNG.java:77)
</pre></div></td>
<td>357</td>
<td>com.focus.testcases.FocusFinancialsReportTest@5bc79255</td></tr>
<tr>
<td title='com.focus.testcases.FocusFinancialsReportTest.checkVendorAgeingSummaryAnalysisReport()'><b>checkVendorAgeingSummaryAnalysisReport</b><br>Test class: com.focus.testcases.FocusFinancialsReportTest<br/>
<a href="#Output-1421012377" onClick='toggleBox("Output-1421012377", this, "Show output", "Hide output");'>Show output</a>

<a href="#Output-1421012377" onClick="toggleAllBoxes();">Show all outputs</a>
<div class='log' id="Output-1421012377">
Completed executing following method : FocusFinancialsReportTest.checkVendorAgeingSummaryAnalysisReport<br/>
Test Method resides in com.focus.testcases.FocusFinancialsReportTest<br/>
Test Status: Failed<br/>
About to begin executing following method : BaseEngine.afterMethodExecution<br/>
</div>
</td>
<td><div><pre>java.lang.AssertionError: expected [true] but found [false]
	at com.focus.testcases.FocusFinancialsReportTest.checkVendorAgeingSummaryAnalysisReport(FocusFinancialsReportTest.java:491)
... Removed 30 stack frames</pre></div><a href='#' onClick='toggleBox("stack-trace1421012377", this, "Click to show all stack frames", "Click to hide stack frames")'>Click to show all stack frames</a>
<div class='stack-trace' id='stack-trace1421012377'><pre>java.lang.AssertionError: expected [true] but found [false]
	at org.testng.Assert.fail(Assert.java:94)
	at org.testng.Assert.failNotEquals(Assert.java:513)
	at org.testng.Assert.assertEqualsImpl(Assert.java:135)
	at org.testng.Assert.assertEquals(Assert.java:116)
	at org.testng.Assert.assertEquals(Assert.java:305)
	at org.testng.Assert.assertEquals(Assert.java:315)
	at com.focus.testcases.FocusFinancialsReportTest.checkVendorAgeingSummaryAnalysisReport(FocusFinancialsReportTest.java:491)
	at sun.reflect.NativeMethodAccessorImpl.invoke0(Native Method)
	at sun.reflect.NativeMethodAccessorImpl.invoke(Unknown Source)
	at sun.reflect.DelegatingMethodAccessorImpl.invoke(Unknown Source)
	at java.lang.reflect.Method.invoke(Unknown Source)
	at org.testng.internal.MethodInvocationHelper.invokeMethod(MethodInvocationHelper.java:86)
	at org.testng.internal.Invoker.invokeMethod(Invoker.java:643)
	at org.testng.internal.Invoker.invokeTestMethod(Invoker.java:820)
	at org.testng.internal.Invoker.invokeTestMethods(Invoker.java:1128)
	at org.testng.internal.TestMethodWorker.invokeTestMethods(TestMethodWorker.java:129)
	at org.testng.internal.TestMethodWorker.run(TestMethodWorker.java:112)
	at org.testng.TestRunner.privateRun(TestRunner.java:782)
	at org.testng.TestRunner.run(TestRunner.java:632)
	at org.testng.SuiteRunner.runTest(SuiteRunner.java:366)
	at org.testng.SuiteRunner.runSequentially(SuiteRunner.java:361)
	at org.testng.SuiteRunner.privateRun(SuiteRunner.java:319)
	at org.testng.SuiteRunner.run(SuiteRunner.java:268)
	at org.testng.SuiteRunnerWorker.runSuite(SuiteRunnerWorker.java:52)
	at org.testng.SuiteRunnerWorker.run(SuiteRunnerWorker.java:86)
	at org.testng.TestNG.runSuitesSequentially(TestNG.java:1244)
	at org.testng.TestNG.runSuitesLocally(TestNG.java:1169)
	at org.testng.TestNG.run(TestNG.java:1064)
	at org.testng.remote.AbstractRemoteTestNG.run(AbstractRemoteTestNG.java:114)
	at org.testng.remote.RemoteTestNG.initAndRun(RemoteTestNG.java:251)
	at org.testng.remote.RemoteTestNG.main(RemoteTestNG.java:77)
</pre></div></td>
<td>7</td>
<td>com.focus.testcases.FocusFinancialsReportTest@5bc79255</td></tr>
<tr>
<td title='com.focus.testcases.FocusFinancialsReportTest.checkVendorBillWiseSummaryReport()'><b>checkVendorBillWiseSummaryReport</b><br>Test class: com.focus.testcases.FocusFinancialsReportTest<br/>
<a href="#Output-213559906" onClick='toggleBox("Output-213559906", this, "Show output", "Hide output");'>Show output</a>

<a href="#Output-213559906" onClick="toggleAllBoxes();">Show all outputs</a>
<div class='log' id="Output-213559906">
Completed executing following method : FocusFinancialsReportTest.checkVendorBillWiseSummaryReport<br/>
Test Method resides in com.focus.testcases.FocusFinancialsReportTest<br/>
Test Status: Failed<br/>
About to begin executing following method : BaseEngine.afterMethodExecution<br/>
</div>
</td>
<td><div><pre>java.lang.AssertionError: expected [true] but found [false]
	at com.focus.testcases.FocusFinancialsReportTest.checkVendorBillWiseSummaryReport(FocusFinancialsReportTest.java:512)
... Removed 30 stack frames</pre></div><a href='#' onClick='toggleBox("stack-trace213559906", this, "Click to show all stack frames", "Click to hide stack frames")'>Click to show all stack frames</a>
<div class='stack-trace' id='stack-trace213559906'><pre>java.lang.AssertionError: expected [true] but found [false]
	at org.testng.Assert.fail(Assert.java:94)
	at org.testng.Assert.failNotEquals(Assert.java:513)
	at org.testng.Assert.assertEqualsImpl(Assert.java:135)
	at org.testng.Assert.assertEquals(Assert.java:116)
	at org.testng.Assert.assertEquals(Assert.java:305)
	at org.testng.Assert.assertEquals(Assert.java:315)
	at com.focus.testcases.FocusFinancialsReportTest.checkVendorBillWiseSummaryReport(FocusFinancialsReportTest.java:512)
	at sun.reflect.NativeMethodAccessorImpl.invoke0(Native Method)
	at sun.reflect.NativeMethodAccessorImpl.invoke(Unknown Source)
	at sun.reflect.DelegatingMethodAccessorImpl.invoke(Unknown Source)
	at java.lang.reflect.Method.invoke(Unknown Source)
	at org.testng.internal.MethodInvocationHelper.invokeMethod(MethodInvocationHelper.java:86)
	at org.testng.internal.Invoker.invokeMethod(Invoker.java:643)
	at org.testng.internal.Invoker.invokeTestMethod(Invoker.java:820)
	at org.testng.internal.Invoker.invokeTestMethods(Invoker.java:1128)
	at org.testng.internal.TestMethodWorker.invokeTestMethods(TestMethodWorker.java:129)
	at org.testng.internal.TestMethodWorker.run(TestMethodWorker.java:112)
	at org.testng.TestRunner.privateRun(TestRunner.java:782)
	at org.testng.TestRunner.run(TestRunner.java:632)
	at org.testng.SuiteRunner.runTest(SuiteRunner.java:366)
	at org.testng.SuiteRunner.runSequentially(SuiteRunner.java:361)
	at org.testng.SuiteRunner.privateRun(SuiteRunner.java:319)
	at org.testng.SuiteRunner.run(SuiteRunner.java:268)
	at org.testng.SuiteRunnerWorker.runSuite(SuiteRunnerWorker.java:52)
	at org.testng.SuiteRunnerWorker.run(SuiteRunnerWorker.java:86)
	at org.testng.TestNG.runSuitesSequentially(TestNG.java:1244)
	at org.testng.TestNG.runSuitesLocally(TestNG.java:1169)
	at org.testng.TestNG.run(TestNG.java:1064)
	at org.testng.remote.AbstractRemoteTestNG.run(AbstractRemoteTestNG.java:114)
	at org.testng.remote.RemoteTestNG.initAndRun(RemoteTestNG.java:251)
	at org.testng.remote.RemoteTestNG.main(RemoteTestNG.java:77)
</pre></div></td>
<td>6</td>
<td>com.focus.testcases.FocusFinancialsReportTest@5bc79255</td></tr>
<tr>
<td title='com.focus.testcases.FocusFinancialsReportTest.checkVendorDueDateAnalysisReport()'><b>checkVendorDueDateAnalysisReport</b><br>Test class: com.focus.testcases.FocusFinancialsReportTest<br/>
<a href="#Output-269553472" onClick='toggleBox("Output-269553472", this, "Show output", "Hide output");'>Show output</a>

<a href="#Output-269553472" onClick="toggleAllBoxes();">Show all outputs</a>
<div class='log' id="Output-269553472">
Completed executing following method : FocusFinancialsReportTest.checkVendorDueDateAnalysisReport<br/>
Test Method resides in com.focus.testcases.FocusFinancialsReportTest<br/>
Test Status: Failed<br/>
About to begin executing following method : BaseEngine.afterMethodExecution<br/>
</div>
</td>
<td><div><pre>java.lang.AssertionError: expected [true] but found [false]
	at com.focus.testcases.FocusFinancialsReportTest.checkVendorDueDateAnalysisReport(FocusFinancialsReportTest.java:459)
... Removed 30 stack frames</pre></div><a href='#' onClick='toggleBox("stack-trace269553472", this, "Click to show all stack frames", "Click to hide stack frames")'>Click to show all stack frames</a>
<div class='stack-trace' id='stack-trace269553472'><pre>java.lang.AssertionError: expected [true] but found [false]
	at org.testng.Assert.fail(Assert.java:94)
	at org.testng.Assert.failNotEquals(Assert.java:513)
	at org.testng.Assert.assertEqualsImpl(Assert.java:135)
	at org.testng.Assert.assertEquals(Assert.java:116)
	at org.testng.Assert.assertEquals(Assert.java:305)
	at org.testng.Assert.assertEquals(Assert.java:315)
	at com.focus.testcases.FocusFinancialsReportTest.checkVendorDueDateAnalysisReport(FocusFinancialsReportTest.java:459)
	at sun.reflect.NativeMethodAccessorImpl.invoke0(Native Method)
	at sun.reflect.NativeMethodAccessorImpl.invoke(Unknown Source)
	at sun.reflect.DelegatingMethodAccessorImpl.invoke(Unknown Source)
	at java.lang.reflect.Method.invoke(Unknown Source)
	at org.testng.internal.MethodInvocationHelper.invokeMethod(MethodInvocationHelper.java:86)
	at org.testng.internal.Invoker.invokeMethod(Invoker.java:643)
	at org.testng.internal.Invoker.invokeTestMethod(Invoker.java:820)
	at org.testng.internal.Invoker.invokeTestMethods(Invoker.java:1128)
	at org.testng.internal.TestMethodWorker.invokeTestMethods(TestMethodWorker.java:129)
	at org.testng.internal.TestMethodWorker.run(TestMethodWorker.java:112)
	at org.testng.TestRunner.privateRun(TestRunner.java:782)
	at org.testng.TestRunner.run(TestRunner.java:632)
	at org.testng.SuiteRunner.runTest(SuiteRunner.java:366)
	at org.testng.SuiteRunner.runSequentially(SuiteRunner.java:361)
	at org.testng.SuiteRunner.privateRun(SuiteRunner.java:319)
	at org.testng.SuiteRunner.run(SuiteRunner.java:268)
	at org.testng.SuiteRunnerWorker.runSuite(SuiteRunnerWorker.java:52)
	at org.testng.SuiteRunnerWorker.run(SuiteRunnerWorker.java:86)
	at org.testng.TestNG.runSuitesSequentially(TestNG.java:1244)
	at org.testng.TestNG.runSuitesLocally(TestNG.java:1169)
	at org.testng.TestNG.run(TestNG.java:1064)
	at org.testng.remote.AbstractRemoteTestNG.run(AbstractRemoteTestNG.java:114)
	at org.testng.remote.RemoteTestNG.initAndRun(RemoteTestNG.java:251)
	at org.testng.remote.RemoteTestNG.main(RemoteTestNG.java:77)
</pre></div></td>
<td>93</td>
<td>com.focus.testcases.FocusFinancialsReportTest@5bc79255</td></tr>
<tr>
<td title='com.focus.testcases.FocusFinancialsReportTest.checkVendorListingOfOutStandingBills()'><b>checkVendorListingOfOutStandingBills</b><br>Test class: com.focus.testcases.FocusFinancialsReportTest<br/>
<a href="#Output-804942247" onClick='toggleBox("Output-804942247", this, "Show output", "Hide output");'>Show output</a>

<a href="#Output-804942247" onClick="toggleAllBoxes();">Show all outputs</a>
<div class='log' id="Output-804942247">
Completed executing following method : FocusFinancialsReportTest.checkVendorListingOfOutStandingBills<br/>
Test Method resides in com.focus.testcases.FocusFinancialsReportTest<br/>
Test Status: Failed<br/>
About to begin executing following method : BaseEngine.afterMethodExecution<br/>
</div>
</td>
<td><div><pre>java.lang.AssertionError: expected [true] but found [false]
	at com.focus.testcases.FocusFinancialsReportTest.checkVendorListingOfOutStandingBills(FocusFinancialsReportTest.java:445)
... Removed 30 stack frames</pre></div><a href='#' onClick='toggleBox("stack-trace804942247", this, "Click to show all stack frames", "Click to hide stack frames")'>Click to show all stack frames</a>
<div class='stack-trace' id='stack-trace804942247'><pre>java.lang.AssertionError: expected [true] but found [false]
	at org.testng.Assert.fail(Assert.java:94)
	at org.testng.Assert.failNotEquals(Assert.java:513)
	at org.testng.Assert.assertEqualsImpl(Assert.java:135)
	at org.testng.Assert.assertEquals(Assert.java:116)
	at org.testng.Assert.assertEquals(Assert.java:305)
	at org.testng.Assert.assertEquals(Assert.java:315)
	at com.focus.testcases.FocusFinancialsReportTest.checkVendorListingOfOutStandingBills(FocusFinancialsReportTest.java:445)
	at sun.reflect.NativeMethodAccessorImpl.invoke0(Native Method)
	at sun.reflect.NativeMethodAccessorImpl.invoke(Unknown Source)
	at sun.reflect.DelegatingMethodAccessorImpl.invoke(Unknown Source)
	at java.lang.reflect.Method.invoke(Unknown Source)
	at org.testng.internal.MethodInvocationHelper.invokeMethod(MethodInvocationHelper.java:86)
	at org.testng.internal.Invoker.invokeMethod(Invoker.java:643)
	at org.testng.internal.Invoker.invokeTestMethod(Invoker.java:820)
	at org.testng.internal.Invoker.invokeTestMethods(Invoker.java:1128)
	at org.testng.internal.TestMethodWorker.invokeTestMethods(TestMethodWorker.java:129)
	at org.testng.internal.TestMethodWorker.run(TestMethodWorker.java:112)
	at org.testng.TestRunner.privateRun(TestRunner.java:782)
	at org.testng.TestRunner.run(TestRunner.java:632)
	at org.testng.SuiteRunner.runTest(SuiteRunner.java:366)
	at org.testng.SuiteRunner.runSequentially(SuiteRunner.java:361)
	at org.testng.SuiteRunner.privateRun(SuiteRunner.java:319)
	at org.testng.SuiteRunner.run(SuiteRunner.java:268)
	at org.testng.SuiteRunnerWorker.runSuite(SuiteRunnerWorker.java:52)
	at org.testng.SuiteRunnerWorker.run(SuiteRunnerWorker.java:86)
	at org.testng.TestNG.runSuitesSequentially(TestNG.java:1244)
	at org.testng.TestNG.runSuitesLocally(TestNG.java:1169)
	at org.testng.TestNG.run(TestNG.java:1064)
	at org.testng.remote.AbstractRemoteTestNG.run(AbstractRemoteTestNG.java:114)
	at org.testng.remote.RemoteTestNG.initAndRun(RemoteTestNG.java:251)
	at org.testng.remote.RemoteTestNG.main(RemoteTestNG.java:77)
</pre></div></td>
<td>85</td>
<td>com.focus.testcases.FocusFinancialsReportTest@5bc79255</td></tr>
<tr>
<td title='com.focus.testcases.FocusFinancialsReportTest.checkVendorOverDueAnalysisReport()'><b>checkVendorOverDueAnalysisReport</b><br>Test class: com.focus.testcases.FocusFinancialsReportTest<br/>
<a href="#Output-209242202" onClick='toggleBox("Output-209242202", this, "Show output", "Hide output");'>Show output</a>

<a href="#Output-209242202" onClick="toggleAllBoxes();">Show all outputs</a>
<div class='log' id="Output-209242202">
Completed executing following method : FocusFinancialsReportTest.checkVendorOverDueAnalysisReport<br/>
Test Method resides in com.focus.testcases.FocusFinancialsReportTest<br/>
Test Status: Failed<br/>
About to begin executing following method : BaseEngine.afterMethodExecution<br/>
</div>
</td>
<td><div><pre>org.openqa.selenium.ElementClickInterceptedException: element click intercepted: Element &lt;input type=&quot;checkbox&quot; class=&quot;Fchkbox&quot; name=&quot;selectAllMasters&quot; id=&quot;selectAllMasters_&quot; onclick=&quot;REPORTVIEW.checkAllMasters(this,&apos;/Focus8W/Landing/Landing/SelectAllMasters&apos;)&quot; data-text=&quot;Unselect All Account&quot; data-selectalltext=&quot;Select All&quot; data-unselectalltext=&quot;Unselect All&quot; data-focusreport=&quot;Account&quot; data-landingdashletid=&quot;&quot;&gt; is not clickable at point (1096, 575). Other element would receive the click: &lt;div class=&quot;theme_color font-3&quot; style=&quot;width: 100%; word-break: break-word; white-space: normal;&quot;&gt;...&lt;/div&gt;
  (Session info: chrome=108.0.5359.125)
Build info: version: &apos;3.12.0&apos;, revision: &apos;7c6e0b3&apos;, time: &apos;2018-05-08T14:04:26.12Z&apos;
System info: host: &apos;FOCUS-QA-118&apos;, ip: &apos;172.25.128.1&apos;, os.name: &apos;Windows 10&apos;, os.arch: &apos;amd64&apos;, os.version: &apos;10.0&apos;, java.version: &apos;1.8.0_111&apos;
Driver info: org.openqa.selenium.chrome.ChromeDriver
Capabilities {acceptInsecureCerts: false, browserName: chrome, browserVersion: 108.0.5359.125, chrome: {chromedriverVersion: 108.0.5359.71 (1e0e3868ee06..., userDataDir: C:\Users\Admin\AppData\Loca...}, goog:chromeOptions: {debuggerAddress: localhost:59117}, javascriptEnabled: true, networkConnectionEnabled: false, pageLoadStrategy: normal, platform: WINDOWS, platformName: WINDOWS, proxy: Proxy(), setWindowRect: true, strictFileInteractability: false, timeouts: {implicit: 0, pageLoad: 300000, script: 30000}, unhandledPromptBehavior: dismiss and notify, webauthn:extension:credBlob: true, webauthn:extension:largeBlob: true, webauthn:virtualAuthenticators: true}
Session ID: 1bcd8e78fabc8bf58d67515832e51201
	at org.openqa.selenium.remote.http.W3CHttpResponseCodec.createException(W3CHttpResponseCodec.java:187)
	at org.openqa.selenium.remote.http.W3CHttpResponseCodec.decode(W3CHttpResponseCodec.java:122)
	at org.openqa.selenium.remote.http.W3CHttpResponseCodec.decode(W3CHttpResponseCodec.java:49)
	at org.openqa.selenium.remote.HttpCommandExecutor.execute(HttpCommandExecutor.java:158)
	at org.openqa.selenium.remote.service.DriverCommandExecutor.execute(DriverCommandExecutor.java:83)
	at org.openqa.selenium.remote.RemoteWebDriver.execute(RemoteWebDriver.java:543)
	at org.openqa.selenium.remote.RemoteWebElement.execute(RemoteWebElement.java:276)
	at org.openqa.selenium.remote.RemoteWebElement.click(RemoteWebElement.java:83)
	at org.openqa.selenium.support.pagefactory.internal.LocatingElementHandler.invoke(LocatingElementHandler.java:51)
	at com.sun.proxy.$Proxy14.click(Unknown Source)
	at com.focus.Pages.FocusFinancialsReportPage.checkVendorOverDueAnalysisReport(FocusFinancialsReportPage.java:11209)
	at com.focus.testcases.FocusFinancialsReportTest.checkVendorOverDueAnalysisReport(FocusFinancialsReportTest.java:483)
... Removed 31 stack frames</pre></div><a href='#' onClick='toggleBox("stack-trace209242202", this, "Click to show all stack frames", "Click to hide stack frames")'>Click to show all stack frames</a>
<div class='stack-trace' id='stack-trace209242202'><pre>org.openqa.selenium.ElementClickInterceptedException: element click intercepted: Element &lt;input type=&quot;checkbox&quot; class=&quot;Fchkbox&quot; name=&quot;selectAllMasters&quot; id=&quot;selectAllMasters_&quot; onclick=&quot;REPORTVIEW.checkAllMasters(this,&apos;/Focus8W/Landing/Landing/SelectAllMasters&apos;)&quot; data-text=&quot;Unselect All Account&quot; data-selectalltext=&quot;Select All&quot; data-unselectalltext=&quot;Unselect All&quot; data-focusreport=&quot;Account&quot; data-landingdashletid=&quot;&quot;&gt; is not clickable at point (1096, 575). Other element would receive the click: &lt;div class=&quot;theme_color font-3&quot; style=&quot;width: 100%; word-break: break-word; white-space: normal;&quot;&gt;...&lt;/div&gt;
  (Session info: chrome=108.0.5359.125)
Build info: version: &apos;3.12.0&apos;, revision: &apos;7c6e0b3&apos;, time: &apos;2018-05-08T14:04:26.12Z&apos;
System info: host: &apos;FOCUS-QA-118&apos;, ip: &apos;172.25.128.1&apos;, os.name: &apos;Windows 10&apos;, os.arch: &apos;amd64&apos;, os.version: &apos;10.0&apos;, java.version: &apos;1.8.0_111&apos;
Driver info: org.openqa.selenium.chrome.ChromeDriver
Capabilities {acceptInsecureCerts: false, browserName: chrome, browserVersion: 108.0.5359.125, chrome: {chromedriverVersion: 108.0.5359.71 (1e0e3868ee06..., userDataDir: C:\Users\Admin\AppData\Loca...}, goog:chromeOptions: {debuggerAddress: localhost:59117}, javascriptEnabled: true, networkConnectionEnabled: false, pageLoadStrategy: normal, platform: WINDOWS, platformName: WINDOWS, proxy: Proxy(), setWindowRect: true, strictFileInteractability: false, timeouts: {implicit: 0, pageLoad: 300000, script: 30000}, unhandledPromptBehavior: dismiss and notify, webauthn:extension:credBlob: true, webauthn:extension:largeBlob: true, webauthn:virtualAuthenticators: true}
Session ID: 1bcd8e78fabc8bf58d67515832e51201
	at sun.reflect.NativeConstructorAccessorImpl.newInstance0(Native Method)
	at sun.reflect.NativeConstructorAccessorImpl.newInstance(Unknown Source)
	at sun.reflect.DelegatingConstructorAccessorImpl.newInstance(Unknown Source)
	at java.lang.reflect.Constructor.newInstance(Unknown Source)
	at org.openqa.selenium.remote.http.W3CHttpResponseCodec.createException(W3CHttpResponseCodec.java:187)
	at org.openqa.selenium.remote.http.W3CHttpResponseCodec.decode(W3CHttpResponseCodec.java:122)
	at org.openqa.selenium.remote.http.W3CHttpResponseCodec.decode(W3CHttpResponseCodec.java:49)
	at org.openqa.selenium.remote.HttpCommandExecutor.execute(HttpCommandExecutor.java:158)
	at org.openqa.selenium.remote.service.DriverCommandExecutor.execute(DriverCommandExecutor.java:83)
	at org.openqa.selenium.remote.RemoteWebDriver.execute(RemoteWebDriver.java:543)
	at org.openqa.selenium.remote.RemoteWebElement.execute(RemoteWebElement.java:276)
	at org.openqa.selenium.remote.RemoteWebElement.click(RemoteWebElement.java:83)
	at sun.reflect.GeneratedMethodAccessor3.invoke(Unknown Source)
	at sun.reflect.DelegatingMethodAccessorImpl.invoke(Unknown Source)
	at java.lang.reflect.Method.invoke(Unknown Source)
	at org.openqa.selenium.support.pagefactory.internal.LocatingElementHandler.invoke(LocatingElementHandler.java:51)
	at com.sun.proxy.$Proxy14.click(Unknown Source)
	at com.focus.Pages.FocusFinancialsReportPage.checkVendorOverDueAnalysisReport(FocusFinancialsReportPage.java:11209)
	at com.focus.testcases.FocusFinancialsReportTest.checkVendorOverDueAnalysisReport(FocusFinancialsReportTest.java:483)
	at sun.reflect.NativeMethodAccessorImpl.invoke0(Native Method)
	at sun.reflect.NativeMethodAccessorImpl.invoke(Unknown Source)
	at sun.reflect.DelegatingMethodAccessorImpl.invoke(Unknown Source)
	at java.lang.reflect.Method.invoke(Unknown Source)
	at org.testng.internal.MethodInvocationHelper.invokeMethod(MethodInvocationHelper.java:86)
	at org.testng.internal.Invoker.invokeMethod(Invoker.java:643)
	at org.testng.internal.Invoker.invokeTestMethod(Invoker.java:820)
	at org.testng.internal.Invoker.invokeTestMethods(Invoker.java:1128)
	at org.testng.internal.TestMethodWorker.invokeTestMethods(TestMethodWorker.java:129)
	at org.testng.internal.TestMethodWorker.run(TestMethodWorker.java:112)
	at org.testng.TestRunner.privateRun(TestRunner.java:782)
	at org.testng.TestRunner.run(TestRunner.java:632)
	at org.testng.SuiteRunner.runTest(SuiteRunner.java:366)
	at org.testng.SuiteRunner.runSequentially(SuiteRunner.java:361)
	at org.testng.SuiteRunner.privateRun(SuiteRunner.java:319)
	at org.testng.SuiteRunner.run(SuiteRunner.java:268)
	at org.testng.SuiteRunnerWorker.runSuite(SuiteRunnerWorker.java:52)
	at org.testng.SuiteRunnerWorker.run(SuiteRunnerWorker.java:86)
	at org.testng.TestNG.runSuitesSequentially(TestNG.java:1244)
	at org.testng.TestNG.runSuitesLocally(TestNG.java:1169)
	at org.testng.TestNG.run(TestNG.java:1064)
	at org.testng.remote.AbstractRemoteTestNG.run(AbstractRemoteTestNG.java:114)
	at org.testng.remote.RemoteTestNG.initAndRun(RemoteTestNG.java:251)
	at org.testng.remote.RemoteTestNG.main(RemoteTestNG.java:77)
</pre></div></td>
<td>18</td>
<td>com.focus.testcases.FocusFinancialsReportTest@5bc79255</td></tr>
<tr>
<td title='com.focus.testcases.FocusFinancialsReportTest.checkVendorOverDueSummaryReport()'><b>checkVendorOverDueSummaryReport</b><br>Test class: com.focus.testcases.FocusFinancialsReportTest<br/>
<a href="#Output-1138941126" onClick='toggleBox("Output-1138941126", this, "Show output", "Hide output");'>Show output</a>

<a href="#Output-1138941126" onClick="toggleAllBoxes();">Show all outputs</a>
<div class='log' id="Output-1138941126">
Completed executing following method : FocusFinancialsReportTest.checkVendorOverDueSummaryReport<br/>
Test Method resides in com.focus.testcases.FocusFinancialsReportTest<br/>
Test Status: Failed<br/>
About to begin executing following method : BaseEngine.afterMethodExecution<br/>
</div>
</td>
<td><div><pre>java.lang.AssertionError: expected [true] but found [false]
	at com.focus.testcases.FocusFinancialsReportTest.checkVendorOverDueSummaryReport(FocusFinancialsReportTest.java:505)
... Removed 30 stack frames</pre></div><a href='#' onClick='toggleBox("stack-trace1138941126", this, "Click to show all stack frames", "Click to hide stack frames")'>Click to show all stack frames</a>
<div class='stack-trace' id='stack-trace1138941126'><pre>java.lang.AssertionError: expected [true] but found [false]
	at org.testng.Assert.fail(Assert.java:94)
	at org.testng.Assert.failNotEquals(Assert.java:513)
	at org.testng.Assert.assertEqualsImpl(Assert.java:135)
	at org.testng.Assert.assertEquals(Assert.java:116)
	at org.testng.Assert.assertEquals(Assert.java:305)
	at org.testng.Assert.assertEquals(Assert.java:315)
	at com.focus.testcases.FocusFinancialsReportTest.checkVendorOverDueSummaryReport(FocusFinancialsReportTest.java:505)
	at sun.reflect.NativeMethodAccessorImpl.invoke0(Native Method)
	at sun.reflect.NativeMethodAccessorImpl.invoke(Unknown Source)
	at sun.reflect.DelegatingMethodAccessorImpl.invoke(Unknown Source)
	at java.lang.reflect.Method.invoke(Unknown Source)
	at org.testng.internal.MethodInvocationHelper.invokeMethod(MethodInvocationHelper.java:86)
	at org.testng.internal.Invoker.invokeMethod(Invoker.java:643)
	at org.testng.internal.Invoker.invokeTestMethod(Invoker.java:820)
	at org.testng.internal.Invoker.invokeTestMethods(Invoker.java:1128)
	at org.testng.internal.TestMethodWorker.invokeTestMethods(TestMethodWorker.java:129)
	at org.testng.internal.TestMethodWorker.run(TestMethodWorker.java:112)
	at org.testng.TestRunner.privateRun(TestRunner.java:782)
	at org.testng.TestRunner.run(TestRunner.java:632)
	at org.testng.SuiteRunner.runTest(SuiteRunner.java:366)
	at org.testng.SuiteRunner.runSequentially(SuiteRunner.java:361)
	at org.testng.SuiteRunner.privateRun(SuiteRunner.java:319)
	at org.testng.SuiteRunner.run(SuiteRunner.java:268)
	at org.testng.SuiteRunnerWorker.runSuite(SuiteRunnerWorker.java:52)
	at org.testng.SuiteRunnerWorker.run(SuiteRunnerWorker.java:86)
	at org.testng.TestNG.runSuitesSequentially(TestNG.java:1244)
	at org.testng.TestNG.runSuitesLocally(TestNG.java:1169)
	at org.testng.TestNG.run(TestNG.java:1064)
	at org.testng.remote.AbstractRemoteTestNG.run(AbstractRemoteTestNG.java:114)
	at org.testng.remote.RemoteTestNG.initAndRun(RemoteTestNG.java:251)
	at org.testng.remote.RemoteTestNG.main(RemoteTestNG.java:77)
</pre></div></td>
<td>7</td>
<td>com.focus.testcases.FocusFinancialsReportTest@5bc79255</td></tr>
<tr>
<td title='com.focus.testcases.FocusFinancialsReportTest.checkVendorStatementsReport()'><b>checkVendorStatementsReport</b><br>Test class: com.focus.testcases.FocusFinancialsReportTest<br/>
<a href="#Output-1801967571" onClick='toggleBox("Output-1801967571", this, "Show output", "Hide output");'>Show output</a>

<a href="#Output-1801967571" onClick="toggleAllBoxes();">Show all outputs</a>
<div class='log' id="Output-1801967571">
Completed executing following method : FocusFinancialsReportTest.checkVendorStatementsReport<br/>
Test Method resides in com.focus.testcases.FocusFinancialsReportTest<br/>
Test Status: Failed<br/>
About to begin executing following method : BaseEngine.afterMethodExecution<br/>
</div>
</td>
<td><div><pre>java.lang.AssertionError: expected [true] but found [false]
	at com.focus.testcases.FocusFinancialsReportTest.checkVendorStatementsReport(FocusFinancialsReportTest.java:452)
... Removed 30 stack frames</pre></div><a href='#' onClick='toggleBox("stack-trace1801967571", this, "Click to show all stack frames", "Click to hide stack frames")'>Click to show all stack frames</a>
<div class='stack-trace' id='stack-trace1801967571'><pre>java.lang.AssertionError: expected [true] but found [false]
	at org.testng.Assert.fail(Assert.java:94)
	at org.testng.Assert.failNotEquals(Assert.java:513)
	at org.testng.Assert.assertEqualsImpl(Assert.java:135)
	at org.testng.Assert.assertEquals(Assert.java:116)
	at org.testng.Assert.assertEquals(Assert.java:305)
	at org.testng.Assert.assertEquals(Assert.java:315)
	at com.focus.testcases.FocusFinancialsReportTest.checkVendorStatementsReport(FocusFinancialsReportTest.java:452)
	at sun.reflect.NativeMethodAccessorImpl.invoke0(Native Method)
	at sun.reflect.NativeMethodAccessorImpl.invoke(Unknown Source)
	at sun.reflect.DelegatingMethodAccessorImpl.invoke(Unknown Source)
	at java.lang.reflect.Method.invoke(Unknown Source)
	at org.testng.internal.MethodInvocationHelper.invokeMethod(MethodInvocationHelper.java:86)
	at org.testng.internal.Invoker.invokeMethod(Invoker.java:643)
	at org.testng.internal.Invoker.invokeTestMethod(Invoker.java:820)
	at org.testng.internal.Invoker.invokeTestMethods(Invoker.java:1128)
	at org.testng.internal.TestMethodWorker.invokeTestMethods(TestMethodWorker.java:129)
	at org.testng.internal.TestMethodWorker.run(TestMethodWorker.java:112)
	at org.testng.TestRunner.privateRun(TestRunner.java:782)
	at org.testng.TestRunner.run(TestRunner.java:632)
	at org.testng.SuiteRunner.runTest(SuiteRunner.java:366)
	at org.testng.SuiteRunner.runSequentially(SuiteRunner.java:361)
	at org.testng.SuiteRunner.privateRun(SuiteRunner.java:319)
	at org.testng.SuiteRunner.run(SuiteRunner.java:268)
	at org.testng.SuiteRunnerWorker.runSuite(SuiteRunnerWorker.java:52)
	at org.testng.SuiteRunnerWorker.run(SuiteRunnerWorker.java:86)
	at org.testng.TestNG.runSuitesSequentially(TestNG.java:1244)
	at org.testng.TestNG.runSuitesLocally(TestNG.java:1169)
	at org.testng.TestNG.run(TestNG.java:1064)
	at org.testng.remote.AbstractRemoteTestNG.run(AbstractRemoteTestNG.java:114)
	at org.testng.remote.RemoteTestNG.initAndRun(RemoteTestNG.java:251)
	at org.testng.remote.RemoteTestNG.main(RemoteTestNG.java:77)
</pre></div></td>
<td>88</td>
<td>com.focus.testcases.FocusFinancialsReportTest@5bc79255</td></tr>
<tr>
<td title='com.focus.testcases.FocusFinancialsReportTest.checkVendorSummaryAgeingByDueDateReport()'><b>checkVendorSummaryAgeingByDueDateReport</b><br>Test class: com.focus.testcases.FocusFinancialsReportTest<br/>
<a href="#Output-707685860" onClick='toggleBox("Output-707685860", this, "Show output", "Hide output");'>Show output</a>

<a href="#Output-707685860" onClick="toggleAllBoxes();">Show all outputs</a>
<div class='log' id="Output-707685860">
Completed executing following method : FocusFinancialsReportTest.checkVendorSummaryAgeingByDueDateReport<br/>
Test Method resides in com.focus.testcases.FocusFinancialsReportTest<br/>
Test Status: Failed<br/>
About to begin executing following method : BaseEngine.afterMethodExecution<br/>
</div>
</td>
<td><div><pre>java.lang.AssertionError: expected [true] but found [false]
	at com.focus.testcases.FocusFinancialsReportTest.checkVendorSummaryAgeingByDueDateReport(FocusFinancialsReportTest.java:498)
... Removed 30 stack frames</pre></div><a href='#' onClick='toggleBox("stack-trace707685860", this, "Click to show all stack frames", "Click to hide stack frames")'>Click to show all stack frames</a>
<div class='stack-trace' id='stack-trace707685860'><pre>java.lang.AssertionError: expected [true] but found [false]
	at org.testng.Assert.fail(Assert.java:94)
	at org.testng.Assert.failNotEquals(Assert.java:513)
	at org.testng.Assert.assertEqualsImpl(Assert.java:135)
	at org.testng.Assert.assertEquals(Assert.java:116)
	at org.testng.Assert.assertEquals(Assert.java:305)
	at org.testng.Assert.assertEquals(Assert.java:315)
	at com.focus.testcases.FocusFinancialsReportTest.checkVendorSummaryAgeingByDueDateReport(FocusFinancialsReportTest.java:498)
	at sun.reflect.NativeMethodAccessorImpl.invoke0(Native Method)
	at sun.reflect.NativeMethodAccessorImpl.invoke(Unknown Source)
	at sun.reflect.DelegatingMethodAccessorImpl.invoke(Unknown Source)
	at java.lang.reflect.Method.invoke(Unknown Source)
	at org.testng.internal.MethodInvocationHelper.invokeMethod(MethodInvocationHelper.java:86)
	at org.testng.internal.Invoker.invokeMethod(Invoker.java:643)
	at org.testng.internal.Invoker.invokeTestMethod(Invoker.java:820)
	at org.testng.internal.Invoker.invokeTestMethods(Invoker.java:1128)
	at org.testng.internal.TestMethodWorker.invokeTestMethods(TestMethodWorker.java:129)
	at org.testng.internal.TestMethodWorker.run(TestMethodWorker.java:112)
	at org.testng.TestRunner.privateRun(TestRunner.java:782)
	at org.testng.TestRunner.run(TestRunner.java:632)
	at org.testng.SuiteRunner.runTest(SuiteRunner.java:366)
	at org.testng.SuiteRunner.runSequentially(SuiteRunner.java:361)
	at org.testng.SuiteRunner.privateRun(SuiteRunner.java:319)
	at org.testng.SuiteRunner.run(SuiteRunner.java:268)
	at org.testng.SuiteRunnerWorker.runSuite(SuiteRunnerWorker.java:52)
	at org.testng.SuiteRunnerWorker.run(SuiteRunnerWorker.java:86)
	at org.testng.TestNG.runSuitesSequentially(TestNG.java:1244)
	at org.testng.TestNG.runSuitesLocally(TestNG.java:1169)
	at org.testng.TestNG.run(TestNG.java:1064)
	at org.testng.remote.AbstractRemoteTestNG.run(AbstractRemoteTestNG.java:114)
	at org.testng.remote.RemoteTestNG.initAndRun(RemoteTestNG.java:251)
	at org.testng.remote.RemoteTestNG.main(RemoteTestNG.java:77)
</pre></div></td>
<td>7</td>
<td>com.focus.testcases.FocusFinancialsReportTest@5bc79255</td></tr>
<tr>
<td title='com.focus.testcases.UserRestrictionsTest.checkWarehouseMasterWhetherShowingOnlyRestrictedWarehouseInList()'><b>checkWarehouseMasterWhetherShowingOnlyRestrictedWarehouseInList</b><br>Test class: com.focus.testcases.UserRestrictionsTest<br/>
<a href="#Output-216523856" onClick='toggleBox("Output-216523856", this, "Show output", "Hide output");'>Show output</a>

<a href="#Output-216523856" onClick="toggleAllBoxes();">Show all outputs</a>
<div class='log' id="Output-216523856">
Completed executing following method : UserRestrictionsTest.checkWarehouseMasterWhetherShowingOnlyRestrictedWarehouseInList<br/>
Test Method resides in com.focus.testcases.UserRestrictionsTest<br/>
Test Status: Failed<br/>
About to begin executing following method : BaseEngine.afterMethodExecution<br/>
</div>
</td>
<td><div><pre>java.lang.AssertionError: expected [true] but found [false]
	at com.focus.testcases.UserRestrictionsTest.checkWarehouseMasterWhetherShowingOnlyRestrictedWarehouseInList(UserRestrictionsTest.java:103)
... Removed 30 stack frames</pre></div><a href='#' onClick='toggleBox("stack-trace216523856", this, "Click to show all stack frames", "Click to hide stack frames")'>Click to show all stack frames</a>
<div class='stack-trace' id='stack-trace216523856'><pre>java.lang.AssertionError: expected [true] but found [false]
	at org.testng.Assert.fail(Assert.java:94)
	at org.testng.Assert.failNotEquals(Assert.java:513)
	at org.testng.Assert.assertEqualsImpl(Assert.java:135)
	at org.testng.Assert.assertEquals(Assert.java:116)
	at org.testng.Assert.assertEquals(Assert.java:305)
	at org.testng.Assert.assertEquals(Assert.java:315)
	at com.focus.testcases.UserRestrictionsTest.checkWarehouseMasterWhetherShowingOnlyRestrictedWarehouseInList(UserRestrictionsTest.java:103)
	at sun.reflect.NativeMethodAccessorImpl.invoke0(Native Method)
	at sun.reflect.NativeMethodAccessorImpl.invoke(Unknown Source)
	at sun.reflect.DelegatingMethodAccessorImpl.invoke(Unknown Source)
	at java.lang.reflect.Method.invoke(Unknown Source)
	at org.testng.internal.MethodInvocationHelper.invokeMethod(MethodInvocationHelper.java:86)
	at org.testng.internal.Invoker.invokeMethod(Invoker.java:643)
	at org.testng.internal.Invoker.invokeTestMethod(Invoker.java:820)
	at org.testng.internal.Invoker.invokeTestMethods(Invoker.java:1128)
	at org.testng.internal.TestMethodWorker.invokeTestMethods(TestMethodWorker.java:129)
	at org.testng.internal.TestMethodWorker.run(TestMethodWorker.java:112)
	at org.testng.TestRunner.privateRun(TestRunner.java:782)
	at org.testng.TestRunner.run(TestRunner.java:632)
	at org.testng.SuiteRunner.runTest(SuiteRunner.java:366)
	at org.testng.SuiteRunner.runSequentially(SuiteRunner.java:361)
	at org.testng.SuiteRunner.privateRun(SuiteRunner.java:319)
	at org.testng.SuiteRunner.run(SuiteRunner.java:268)
	at org.testng.SuiteRunnerWorker.runSuite(SuiteRunnerWorker.java:52)
	at org.testng.SuiteRunnerWorker.run(SuiteRunnerWorker.java:86)
	at org.testng.TestNG.runSuitesSequentially(TestNG.java:1244)
	at org.testng.TestNG.runSuitesLocally(TestNG.java:1169)
	at org.testng.TestNG.run(TestNG.java:1064)
	at org.testng.remote.AbstractRemoteTestNG.run(AbstractRemoteTestNG.java:114)
	at org.testng.remote.RemoteTestNG.initAndRun(RemoteTestNG.java:251)
	at org.testng.remote.RemoteTestNG.main(RemoteTestNG.java:77)
</pre></div></td>
<td>15</td>
<td>com.focus.testcases.UserRestrictionsTest@5b87ed94</td></tr>
</table><p>
<table width='100%' border='1' class='invocation-passed'>
<tr><td colspan='4' align='center'><b>PASSED TESTS</b></td></tr>
<tr><td><b>Test method</b></td>
<td width="30%"><b>Exception</b></td>
<td width="10%"><b>Time (seconds)</b></td>
<td><b>Instance</b></td>
</tr>
<tr>
<td title='com.focus.testcases.FocusFinancialsReportTest.checkABCAnalysisAmountReport()'><b>checkABCAnalysisAmountReport</b><br>Test class: com.focus.testcases.FocusFinancialsReportTest<br/>
<a href="#Output-1139037124" onClick='toggleBox("Output-1139037124", this, "Show output", "Hide output");'>Show output</a>

<a href="#Output-1139037124" onClick="toggleAllBoxes();">Show all outputs</a>
<div class='log' id="Output-1139037124">
Completed executing following method : FocusFinancialsReportTest.checkABCAnalysisAmountReport<br/>
Test Method resides in com.focus.testcases.FocusFinancialsReportTest<br/>
Test Status: Pass<br/>
About to begin executing following method : BaseEngine.afterMethodExecution<br/>
</div>
</td>
<td></td>
<td>13</td>
<td>com.focus.testcases.FocusFinancialsReportTest@5bc79255</td></tr>
<tr>
<td title='com.focus.testcases.FocusInventoryReportsTest.checkABCAnalysisReport()'><b>checkABCAnalysisReport</b><br>Test class: com.focus.testcases.FocusInventoryReportsTest<br/>
<a href="#Output-1805568133" onClick='toggleBox("Output-1805568133", this, "Show output", "Hide output");'>Show output</a>

<a href="#Output-1805568133" onClick="toggleAllBoxes();">Show all outputs</a>
<div class='log' id="Output-1805568133">
Completed executing following method : FocusInventoryReportsTest.checkABCAnalysisReport<br/>
Test Method resides in com.focus.testcases.FocusInventoryReportsTest<br/>
Test Status: Pass<br/>
About to begin executing following method : BaseEngine.afterMethodExecution<br/>
</div>
</td>
<td></td>
<td>13</td>
<td>com.focus.testcases.FocusInventoryReportsTest@6e0e048a</td></tr>
<tr>
<td title='com.focus.testcases.UserRestrictionsTest.checkAccountMasterWhetherShowingOnlyRestrictedAccountsInList()'><b>checkAccountMasterWhetherShowingOnlyRestrictedAccountsInList</b><br>Test class: com.focus.testcases.UserRestrictionsTest<br/>
<a href="#Output-104833209" onClick='toggleBox("Output-104833209", this, "Show output", "Hide output");'>Show output</a>

<a href="#Output-104833209" onClick="toggleAllBoxes();">Show all outputs</a>
<div class='log' id="Output-104833209">
Completed executing following method : UserRestrictionsTest.checkAccountMasterWhetherShowingOnlyRestrictedAccountsInList<br/>
Test Method resides in com.focus.testcases.UserRestrictionsTest<br/>
Test Status: Pass<br/>
About to begin executing following method : BaseEngine.afterMethodExecution<br/>
</div>
</td>
<td></td>
<td>7</td>
<td>com.focus.testcases.UserRestrictionsTest@5b87ed94</td></tr>
<tr>
<td title='com.focus.testcases.FocusFinancialsReportTest.checkAccountQueryReport()'><b>checkAccountQueryReport</b><br>Test class: com.focus.testcases.FocusFinancialsReportTest<br/>
<a href="#Output-2097516048" onClick='toggleBox("Output-2097516048", this, "Show output", "Hide output");'>Show output</a>

<a href="#Output-2097516048" onClick="toggleAllBoxes();">Show all outputs</a>
<div class='log' id="Output-2097516048">
Completed executing following method : FocusFinancialsReportTest.checkAccountQueryReport<br/>
Test Method resides in com.focus.testcases.FocusFinancialsReportTest<br/>
Test Status: Pass<br/>
About to begin executing following method : BaseEngine.afterMethodExecution<br/>
</div>
</td>
<td></td>
<td>14</td>
<td>com.focus.testcases.FocusFinancialsReportTest@5bc79255</td></tr>
<tr>
<td title='com.focus.testcases.FocusFinancialsReportTest.checkAdvanceCashFlowReport()'><b>checkAdvanceCashFlowReport</b><br>Test class: com.focus.testcases.FocusFinancialsReportTest<br/>
<a href="#Output-859580006" onClick='toggleBox("Output-859580006", this, "Show output", "Hide output");'>Show output</a>

<a href="#Output-859580006" onClick="toggleAllBoxes();">Show all outputs</a>
<div class='log' id="Output-859580006">
Completed executing following method : FocusFinancialsReportTest.checkAdvanceCashFlowReport<br/>
Test Method resides in com.focus.testcases.FocusFinancialsReportTest<br/>
Test Status: Pass<br/>
About to begin executing following method : BaseEngine.afterMethodExecution<br/>
</div>
</td>
<td></td>
<td>8</td>
<td>com.focus.testcases.FocusFinancialsReportTest@5bc79255</td></tr>
<tr>
<td title='com.focus.testcases.FocusInventoryReportsTest.checkAgeingAnalysisByBatchReport()'><b>checkAgeingAnalysisByBatchReport</b><br>Test class: com.focus.testcases.FocusInventoryReportsTest<br/>
<a href="#Output-1675013487" onClick='toggleBox("Output-1675013487", this, "Show output", "Hide output");'>Show output</a>

<a href="#Output-1675013487" onClick="toggleAllBoxes();">Show all outputs</a>
<div class='log' id="Output-1675013487">
Completed executing following method : FocusInventoryReportsTest.checkAgeingAnalysisByBatchReport<br/>
Test Method resides in com.focus.testcases.FocusInventoryReportsTest<br/>
Test Status: Pass<br/>
About to begin executing following method : BaseEngine.afterMethodExecution<br/>
</div>
</td>
<td></td>
<td>23</td>
<td>com.focus.testcases.FocusInventoryReportsTest@6e0e048a</td></tr>
<tr>
<td title='com.focus.testcases.FocusFinancialsReportTest.checkAuditTrailLoginsOfUsers()'><b>checkAuditTrailLoginsOfUsers</b><br>Test class: com.focus.testcases.FocusFinancialsReportTest<br/>
<a href="#Output-1595743762" onClick='toggleBox("Output-1595743762", this, "Show output", "Hide output");'>Show output</a>

<a href="#Output-1595743762" onClick="toggleAllBoxes();">Show all outputs</a>
<div class='log' id="Output-1595743762">
Completed executing following method : FocusFinancialsReportTest.checkAuditTrailLoginsOfUsers<br/>
Test Method resides in com.focus.testcases.FocusFinancialsReportTest<br/>
Test Status: Pass<br/>
About to begin executing following method : BaseEngine.afterMethodExecution<br/>
</div>
</td>
<td></td>
<td>9</td>
<td>com.focus.testcases.FocusFinancialsReportTest@5bc79255</td></tr>
<tr>
<td title='com.focus.testcases.FocusFinancialsReportTest.checkAuditTrailTransactionsOfOpeningBalances()'><b>checkAuditTrailTransactionsOfOpeningBalances</b><br>Test class: com.focus.testcases.FocusFinancialsReportTest<br/>
<a href="#Output-768560557" onClick='toggleBox("Output-768560557", this, "Show output", "Hide output");'>Show output</a>

<a href="#Output-768560557" onClick="toggleAllBoxes();">Show all outputs</a>
<div class='log' id="Output-768560557">
Completed executing following method : FocusFinancialsReportTest.checkAuditTrailTransactionsOfOpeningBalances<br/>
Test Method resides in com.focus.testcases.FocusFinancialsReportTest<br/>
Test Status: Pass<br/>
About to begin executing following method : BaseEngine.afterMethodExecution<br/>
</div>
</td>
<td></td>
<td>8</td>
<td>com.focus.testcases.FocusFinancialsReportTest@5bc79255</td></tr>
<tr>
<td title='com.focus.testcases.FocusFinancialsReportTest.checkBalanceSheetReport()'><b>checkBalanceSheetReport</b><br>Test class: com.focus.testcases.FocusFinancialsReportTest<br/>
<a href="#Output-1949993363" onClick='toggleBox("Output-1949993363", this, "Show output", "Hide output");'>Show output</a>

<a href="#Output-1949993363" onClick="toggleAllBoxes();">Show all outputs</a>
<div class='log' id="Output-1949993363">
Completed executing following method : FocusFinancialsReportTest.checkBalanceSheetReport<br/>
Test Method resides in com.focus.testcases.FocusFinancialsReportTest<br/>
Test Status: Pass<br/>
About to begin executing following method : BaseEngine.afterMethodExecution<br/>
</div>
</td>
<td></td>
<td>39</td>
<td>com.focus.testcases.FocusFinancialsReportTest@5bc79255</td></tr>
<tr>
<td title='com.focus.testcases.FocusInventoryReportsTest.checkBestSellingItemReport()'><b>checkBestSellingItemReport</b><br>Test class: com.focus.testcases.FocusInventoryReportsTest<br/>
<a href="#Output-2111400009" onClick='toggleBox("Output-2111400009", this, "Show output", "Hide output");'>Show output</a>

<a href="#Output-2111400009" onClick="toggleAllBoxes();">Show all outputs</a>
<div class='log' id="Output-2111400009">
Completed executing following method : FocusInventoryReportsTest.checkBestSellingItemReport<br/>
Test Method resides in com.focus.testcases.FocusInventoryReportsTest<br/>
Test Status: Pass<br/>
About to begin executing following method : BaseEngine.afterMethodExecution<br/>
</div>
</td>
<td></td>
<td>13</td>
<td>com.focus.testcases.FocusInventoryReportsTest@6e0e048a</td></tr>
<tr>
<td title='com.focus.testcases.UserRestrictionsTest.checkBranchMasterWhetherShowingOnlyRestrictedBranchInList()'><b>checkBranchMasterWhetherShowingOnlyRestrictedBranchInList</b><br>Test class: com.focus.testcases.UserRestrictionsTest<br/>
<a href="#Output-1084366825" onClick='toggleBox("Output-1084366825", this, "Show output", "Hide output");'>Show output</a>

<a href="#Output-1084366825" onClick="toggleAllBoxes();">Show all outputs</a>
<div class='log' id="Output-1084366825">
Completed executing following method : UserRestrictionsTest.checkBranchMasterWhetherShowingOnlyRestrictedBranchInList<br/>
Test Method resides in com.focus.testcases.UserRestrictionsTest<br/>
Test Status: Pass<br/>
About to begin executing following method : BaseEngine.afterMethodExecution<br/>
</div>
</td>
<td></td>
<td>8</td>
<td>com.focus.testcases.UserRestrictionsTest@5b87ed94</td></tr>
<tr>
<td title='com.focus.testcases.FocusFinancialsReportTest.checkCashBookReport()'><b>checkCashBookReport</b><br>Test class: com.focus.testcases.FocusFinancialsReportTest<br/>
<a href="#Output-1579593942" onClick='toggleBox("Output-1579593942", this, "Show output", "Hide output");'>Show output</a>

<a href="#Output-1579593942" onClick="toggleAllBoxes();">Show all outputs</a>
<div class='log' id="Output-1579593942">
Completed executing following method : FocusFinancialsReportTest.checkCashBookReport<br/>
Test Method resides in com.focus.testcases.FocusFinancialsReportTest<br/>
Test Status: Pass<br/>
About to begin executing following method : BaseEngine.afterMethodExecution<br/>
</div>
</td>
<td></td>
<td>11</td>
<td>com.focus.testcases.FocusFinancialsReportTest@5bc79255</td></tr>
<tr>
<td title='com.focus.testcases.FocusFinancialsReportTest.checkCashFlowReport()'><b>checkCashFlowReport</b><br>Test class: com.focus.testcases.FocusFinancialsReportTest<br/>
<a href="#Output-967103657" onClick='toggleBox("Output-967103657", this, "Show output", "Hide output");'>Show output</a>

<a href="#Output-967103657" onClick="toggleAllBoxes();">Show all outputs</a>
<div class='log' id="Output-967103657">
Completed executing following method : FocusFinancialsReportTest.checkCashFlowReport<br/>
Test Method resides in com.focus.testcases.FocusFinancialsReportTest<br/>
Test Status: Pass<br/>
About to begin executing following method : BaseEngine.afterMethodExecution<br/>
</div>
</td>
<td></td>
<td>10</td>
<td>com.focus.testcases.FocusFinancialsReportTest@5bc79255</td></tr>
<tr>
<td title='com.focus.testcases.UserRestrictionsTest.checkChildAccountsInsideTheGroupAccountsIndivdually()'><b>checkChildAccountsInsideTheGroupAccountsIndivdually</b><br>Test class: com.focus.testcases.UserRestrictionsTest<br/>
<a href="#Output-555621201" onClick='toggleBox("Output-555621201", this, "Show output", "Hide output");'>Show output</a>

<a href="#Output-555621201" onClick="toggleAllBoxes();">Show all outputs</a>
<div class='log' id="Output-555621201">
Completed executing following method : UserRestrictionsTest.checkChildAccountsInsideTheGroupAccountsIndivdually<br/>
Test Method resides in com.focus.testcases.UserRestrictionsTest<br/>
Test Status: Pass<br/>
About to begin executing following method : BaseEngine.afterMethodExecution<br/>
</div>
</td>
<td></td>
<td>25</td>
<td>com.focus.testcases.UserRestrictionsTest@5b87ed94</td></tr>
<tr>
<td title='com.focus.testcases.FocusFinancialsReportTest.checkCreditNoteRegister()'><b>checkCreditNoteRegister</b><br>Test class: com.focus.testcases.FocusFinancialsReportTest<br/>
<a href="#Output-236849399" onClick='toggleBox("Output-236849399", this, "Show output", "Hide output");'>Show output</a>

<a href="#Output-236849399" onClick="toggleAllBoxes();">Show all outputs</a>
<div class='log' id="Output-236849399">
Completed executing following method : FocusFinancialsReportTest.checkCreditNoteRegister<br/>
Test Method resides in com.focus.testcases.FocusFinancialsReportTest<br/>
Test Status: Pass<br/>
About to begin executing following method : BaseEngine.afterMethodExecution<br/>
</div>
</td>
<td></td>
<td>8</td>
<td>com.focus.testcases.FocusFinancialsReportTest@5bc79255</td></tr>
<tr>
<td title='com.focus.testcases.FocusFinancialsReportTest.checkCustomerAgeingDetailAnalysis()'><b>checkCustomerAgeingDetailAnalysis</b><br>Test class: com.focus.testcases.FocusFinancialsReportTest<br/>
<a href="#Output-1869247828" onClick='toggleBox("Output-1869247828", this, "Show output", "Hide output");'>Show output</a>

<a href="#Output-1869247828" onClick="toggleAllBoxes();">Show all outputs</a>
<div class='log' id="Output-1869247828">
Completed executing following method : FocusFinancialsReportTest.checkCustomerAgeingDetailAnalysis<br/>
Test Method resides in com.focus.testcases.FocusFinancialsReportTest<br/>
Test Status: Pass<br/>
About to begin executing following method : BaseEngine.afterMethodExecution<br/>
</div>
</td>
<td></td>
<td>135</td>
<td>com.focus.testcases.FocusFinancialsReportTest@5bc79255</td></tr>
<tr>
<td title='com.focus.testcases.FocusFinancialsReportTest.checkCustomerAgeingDetailByDueDate()'><b>checkCustomerAgeingDetailByDueDate</b><br>Test class: com.focus.testcases.FocusFinancialsReportTest<br/>
<a href="#Output-30651947" onClick='toggleBox("Output-30651947", this, "Show output", "Hide output");'>Show output</a>

<a href="#Output-30651947" onClick="toggleAllBoxes();">Show all outputs</a>
<div class='log' id="Output-30651947">
Completed executing following method : FocusFinancialsReportTest.checkCustomerAgeingDetailByDueDate<br/>
Test Method resides in com.focus.testcases.FocusFinancialsReportTest<br/>
Test Status: Pass<br/>
About to begin executing following method : BaseEngine.afterMethodExecution<br/>
</div>
</td>
<td></td>
<td>178</td>
<td>com.focus.testcases.FocusFinancialsReportTest@5bc79255</td></tr>
<tr>
<td title='com.focus.testcases.FocusFinancialsReportTest.checkCustomerAgeingSummaryReport()'><b>checkCustomerAgeingSummaryReport</b><br>Test class: com.focus.testcases.FocusFinancialsReportTest<br/>
<a href="#Output-1605055874" onClick='toggleBox("Output-1605055874", this, "Show output", "Hide output");'>Show output</a>

<a href="#Output-1605055874" onClick="toggleAllBoxes();">Show all outputs</a>
<div class='log' id="Output-1605055874">
Completed executing following method : FocusFinancialsReportTest.checkCustomerAgeingSummaryReport<br/>
Test Method resides in com.focus.testcases.FocusFinancialsReportTest<br/>
Test Status: Pass<br/>
About to begin executing following method : BaseEngine.afterMethodExecution<br/>
</div>
</td>
<td></td>
<td>6</td>
<td>com.focus.testcases.FocusFinancialsReportTest@5bc79255</td></tr>
<tr>
<td title='com.focus.testcases.FocusFinancialsReportTest.checkCustomerBillWiseSummaryReport()'><b>checkCustomerBillWiseSummaryReport</b><br>Test class: com.focus.testcases.FocusFinancialsReportTest<br/>
<a href="#Output-620507291" onClick='toggleBox("Output-620507291", this, "Show output", "Hide output");'>Show output</a>

<a href="#Output-620507291" onClick="toggleAllBoxes();">Show all outputs</a>
<div class='log' id="Output-620507291">
Completed executing following method : FocusFinancialsReportTest.checkCustomerBillWiseSummaryReport<br/>
Test Method resides in com.focus.testcases.FocusFinancialsReportTest<br/>
Test Status: Pass<br/>
About to begin executing following method : BaseEngine.afterMethodExecution<br/>
</div>
</td>
<td></td>
<td>6</td>
<td>com.focus.testcases.FocusFinancialsReportTest@5bc79255</td></tr>
<tr>
<td title='com.focus.testcases.FocusFinancialsReportTest.checkCustomerDueDateAnalysis()'><b>checkCustomerDueDateAnalysis</b><br>Test class: com.focus.testcases.FocusFinancialsReportTest<br/>
<a href="#Output-1228280501" onClick='toggleBox("Output-1228280501", this, "Show output", "Hide output");'>Show output</a>

<a href="#Output-1228280501" onClick="toggleAllBoxes();">Show all outputs</a>
<div class='log' id="Output-1228280501">
Completed executing following method : FocusFinancialsReportTest.checkCustomerDueDateAnalysis<br/>
Test Method resides in com.focus.testcases.FocusFinancialsReportTest<br/>
Test Status: Pass<br/>
About to begin executing following method : BaseEngine.afterMethodExecution<br/>
</div>
</td>
<td></td>
<td>53</td>
<td>com.focus.testcases.FocusFinancialsReportTest@5bc79255</td></tr>
<tr>
<td title='com.focus.testcases.FocusFinancialsReportTest.checkCustomerListingOfOutstandingBillsReport()'><b>checkCustomerListingOfOutstandingBillsReport</b><br>Test class: com.focus.testcases.FocusFinancialsReportTest<br/>
<a href="#Output-644306918" onClick='toggleBox("Output-644306918", this, "Show output", "Hide output");'>Show output</a>

<a href="#Output-644306918" onClick="toggleAllBoxes();">Show all outputs</a>
<div class='log' id="Output-644306918">
Completed executing following method : FocusFinancialsReportTest.checkCustomerListingOfOutstandingBillsReport<br/>
Test Method resides in com.focus.testcases.FocusFinancialsReportTest<br/>
Test Status: Pass<br/>
About to begin executing following method : BaseEngine.afterMethodExecution<br/>
</div>
</td>
<td></td>
<td>57</td>
<td>com.focus.testcases.FocusFinancialsReportTest@5bc79255</td></tr>
<tr>
<td title='com.focus.testcases.FocusFinancialsReportTest.checkCustomerOverDueAnalysis()'><b>checkCustomerOverDueAnalysis</b><br>Test class: com.focus.testcases.FocusFinancialsReportTest<br/>
<a href="#Output-1755445747" onClick='toggleBox("Output-1755445747", this, "Show output", "Hide output");'>Show output</a>

<a href="#Output-1755445747" onClick="toggleAllBoxes();">Show all outputs</a>
<div class='log' id="Output-1755445747">
Completed executing following method : FocusFinancialsReportTest.checkCustomerOverDueAnalysis<br/>
Test Method resides in com.focus.testcases.FocusFinancialsReportTest<br/>
Test Status: Pass<br/>
About to begin executing following method : BaseEngine.afterMethodExecution<br/>
</div>
</td>
<td></td>
<td>69</td>
<td>com.focus.testcases.FocusFinancialsReportTest@5bc79255</td></tr>
<tr>
<td title='com.focus.testcases.FocusFinancialsReportTest.checkCustomerOverDueSummaryReport()'><b>checkCustomerOverDueSummaryReport</b><br>Test class: com.focus.testcases.FocusFinancialsReportTest<br/>
<a href="#Output-1667423470" onClick='toggleBox("Output-1667423470", this, "Show output", "Hide output");'>Show output</a>

<a href="#Output-1667423470" onClick="toggleAllBoxes();">Show all outputs</a>
<div class='log' id="Output-1667423470">
Completed executing following method : FocusFinancialsReportTest.checkCustomerOverDueSummaryReport<br/>
Test Method resides in com.focus.testcases.FocusFinancialsReportTest<br/>
Test Status: Pass<br/>
About to begin executing following method : BaseEngine.afterMethodExecution<br/>
</div>
</td>
<td></td>
<td>6</td>
<td>com.focus.testcases.FocusFinancialsReportTest@5bc79255</td></tr>
<tr>
<td title='com.focus.testcases.FocusFinancialsReportTest.checkCustomerStatementsReport()'><b>checkCustomerStatementsReport</b><br>Test class: com.focus.testcases.FocusFinancialsReportTest<br/>
<a href="#Output-1908061586" onClick='toggleBox("Output-1908061586", this, "Show output", "Hide output");'>Show output</a>

<a href="#Output-1908061586" onClick="toggleAllBoxes();">Show all outputs</a>
<div class='log' id="Output-1908061586">
Completed executing following method : FocusFinancialsReportTest.checkCustomerStatementsReport<br/>
Test Method resides in com.focus.testcases.FocusFinancialsReportTest<br/>
Test Status: Pass<br/>
About to begin executing following method : BaseEngine.afterMethodExecution<br/>
</div>
</td>
<td></td>
<td>47</td>
<td>com.focus.testcases.FocusFinancialsReportTest@5bc79255</td></tr>
<tr>
<td title='com.focus.testcases.FocusFinancialsReportTest.checkCustomerSummaryAgeingByDueDateReport()'><b>checkCustomerSummaryAgeingByDueDateReport</b><br>Test class: com.focus.testcases.FocusFinancialsReportTest<br/>
<a href="#Output-99146281" onClick='toggleBox("Output-99146281", this, "Show output", "Hide output");'>Show output</a>

<a href="#Output-99146281" onClick="toggleAllBoxes();">Show all outputs</a>
<div class='log' id="Output-99146281">
Completed executing following method : FocusFinancialsReportTest.checkCustomerSummaryAgeingByDueDateReport<br/>
Test Method resides in com.focus.testcases.FocusFinancialsReportTest<br/>
Test Status: Pass<br/>
About to begin executing following method : BaseEngine.afterMethodExecution<br/>
</div>
</td>
<td></td>
<td>7</td>
<td>com.focus.testcases.FocusFinancialsReportTest@5bc79255</td></tr>
<tr>
<td title='com.focus.testcases.UserRestrictionsTest.checkDepartmentMasterWhetherShowingOnlyRestrictedDepartmentInList()'><b>checkDepartmentMasterWhetherShowingOnlyRestrictedDepartmentInList</b><br>Test class: com.focus.testcases.UserRestrictionsTest<br/>
<a href="#Output-1202286442" onClick='toggleBox("Output-1202286442", this, "Show output", "Hide output");'>Show output</a>

<a href="#Output-1202286442" onClick="toggleAllBoxes();">Show all outputs</a>
<div class='log' id="Output-1202286442">
Completed executing following method : UserRestrictionsTest.checkDepartmentMasterWhetherShowingOnlyRestrictedDepartmentInList<br/>
Test Method resides in com.focus.testcases.UserRestrictionsTest<br/>
Test Status: Pass<br/>
About to begin executing following method : BaseEngine.afterMethodExecution<br/>
</div>
</td>
<td></td>
<td>16</td>
<td>com.focus.testcases.UserRestrictionsTest@5b87ed94</td></tr>
<tr>
<td title='com.focus.testcases.FocusInventoryReportsTest.checkExpiredStockByBinsReports()'><b>checkExpiredStockByBinsReports</b><br>Test class: com.focus.testcases.FocusInventoryReportsTest<br/>
<a href="#Output-1865303866" onClick='toggleBox("Output-1865303866", this, "Show output", "Hide output");'>Show output</a>

<a href="#Output-1865303866" onClick="toggleAllBoxes();">Show all outputs</a>
<div class='log' id="Output-1865303866">
Completed executing following method : FocusInventoryReportsTest.checkExpiredStockByBinsReports<br/>
Test Method resides in com.focus.testcases.FocusInventoryReportsTest<br/>
Test Status: Pass<br/>
About to begin executing following method : BaseEngine.afterMethodExecution<br/>
</div>
</td>
<td></td>
<td>16</td>
<td>com.focus.testcases.FocusInventoryReportsTest@6e0e048a</td></tr>
<tr>
<td title='com.focus.testcases.FocusInventoryReportsTest.checkFastMovingItemsReport()'><b>checkFastMovingItemsReport</b><br>Test class: com.focus.testcases.FocusInventoryReportsTest<br/>
<a href="#Output-520664616" onClick='toggleBox("Output-520664616", this, "Show output", "Hide output");'>Show output</a>

<a href="#Output-520664616" onClick="toggleAllBoxes();">Show all outputs</a>
<div class='log' id="Output-520664616">
Completed executing following method : FocusInventoryReportsTest.checkFastMovingItemsReport<br/>
Test Method resides in com.focus.testcases.FocusInventoryReportsTest<br/>
Test Status: Pass<br/>
About to begin executing following method : BaseEngine.afterMethodExecution<br/>
</div>
</td>
<td></td>
<td>15</td>
<td>com.focus.testcases.FocusInventoryReportsTest@6e0e048a</td></tr>
<tr>
<td title='com.focus.testcases.FocusFinancialsReportTest.checkFundFlowReport()'><b>checkFundFlowReport</b><br>Test class: com.focus.testcases.FocusFinancialsReportTest<br/>
<a href="#Output-1466518199" onClick='toggleBox("Output-1466518199", this, "Show output", "Hide output");'>Show output</a>

<a href="#Output-1466518199" onClick="toggleAllBoxes();">Show all outputs</a>
<div class='log' id="Output-1466518199">
Completed executing following method : FocusFinancialsReportTest.checkFundFlowReport<br/>
Test Method resides in com.focus.testcases.FocusFinancialsReportTest<br/>
Test Status: Pass<br/>
About to begin executing following method : BaseEngine.afterMethodExecution<br/>
</div>
</td>
<td></td>
<td>35</td>
<td>com.focus.testcases.FocusFinancialsReportTest@5bc79255</td></tr>
<tr>
<td title='com.focus.testcases.FocusInventoryReportsTest.checkGeneralLedgerandInventoryMismatchReport()'><b>checkGeneralLedgerandInventoryMismatchReport</b><br>Test class: com.focus.testcases.FocusInventoryReportsTest<br/>
<a href="#Output-1255607608" onClick='toggleBox("Output-1255607608", this, "Show output", "Hide output");'>Show output</a>

<a href="#Output-1255607608" onClick="toggleAllBoxes();">Show all outputs</a>
<div class='log' id="Output-1255607608">
Completed executing following method : FocusInventoryReportsTest.checkGeneralLedgerandInventoryMismatchReport<br/>
Test Method resides in com.focus.testcases.FocusInventoryReportsTest<br/>
Test Status: Pass<br/>
About to begin executing following method : BaseEngine.afterMethodExecution<br/>
</div>
</td>
<td></td>
<td>16</td>
<td>com.focus.testcases.FocusInventoryReportsTest@6e0e048a</td></tr>
<tr>
<td title='com.focus.testcases.FocusFinancialsReportTest.checkIncomeExpensesTrendReport()'><b>checkIncomeExpensesTrendReport</b><br>Test class: com.focus.testcases.FocusFinancialsReportTest<br/>
<a href="#Output-2005348732" onClick='toggleBox("Output-2005348732", this, "Show output", "Hide output");'>Show output</a>

<a href="#Output-2005348732" onClick="toggleAllBoxes();">Show all outputs</a>
<div class='log' id="Output-2005348732">
Completed executing following method : FocusFinancialsReportTest.checkIncomeExpensesTrendReport<br/>
Test Method resides in com.focus.testcases.FocusFinancialsReportTest<br/>
Test Status: Pass<br/>
About to begin executing following method : BaseEngine.afterMethodExecution<br/>
</div>
</td>
<td></td>
<td>7</td>
<td>com.focus.testcases.FocusFinancialsReportTest@5bc79255</td></tr>
<tr>
<td title='com.focus.testcases.FocusInventoryReportsTest.checkItemQueryReport()'><b>checkItemQueryReport</b><br>Test class: com.focus.testcases.FocusInventoryReportsTest<br/>
<a href="#Output-1864933153" onClick='toggleBox("Output-1864933153", this, "Show output", "Hide output");'>Show output</a>

<a href="#Output-1864933153" onClick="toggleAllBoxes();">Show all outputs</a>
<div class='log' id="Output-1864933153">
Completed executing following method : FocusInventoryReportsTest.checkItemQueryReport<br/>
Test Method resides in com.focus.testcases.FocusInventoryReportsTest<br/>
Test Status: Pass<br/>
About to begin executing following method : BaseEngine.afterMethodExecution<br/>
</div>
</td>
<td></td>
<td>32</td>
<td>com.focus.testcases.FocusInventoryReportsTest@6e0e048a</td></tr>
<tr>
<td title='com.focus.testcases.FocusFinancialsReportTest.checkJournalEntryRegister()'><b>checkJournalEntryRegister</b><br>Test class: com.focus.testcases.FocusFinancialsReportTest<br/>
<a href="#Output-2092502775" onClick='toggleBox("Output-2092502775", this, "Show output", "Hide output");'>Show output</a>

<a href="#Output-2092502775" onClick="toggleAllBoxes();">Show all outputs</a>
<div class='log' id="Output-2092502775">
Completed executing following method : FocusFinancialsReportTest.checkJournalEntryRegister<br/>
Test Method resides in com.focus.testcases.FocusFinancialsReportTest<br/>
Test Status: Pass<br/>
About to begin executing following method : BaseEngine.afterMethodExecution<br/>
</div>
</td>
<td></td>
<td>9</td>
<td>com.focus.testcases.FocusFinancialsReportTest@5bc79255</td></tr>
<tr>
<td title='com.focus.testcases.UserRestrictionsTest.checkLogin()'><b>checkLogin</b><br>Test class: com.focus.testcases.UserRestrictionsTest<br/>
<a href="#Output-1109466628" onClick='toggleBox("Output-1109466628", this, "Show output", "Hide output");'>Show output</a>

<a href="#Output-1109466628" onClick="toggleAllBoxes();">Show all outputs</a>
<div class='log' id="Output-1109466628">
Completed executing following method : UserRestrictionsTest.checkLogin<br/>
Test Method resides in com.focus.testcases.UserRestrictionsTest<br/>
Test Status: Pass<br/>
About to begin executing following method : BaseEngine.afterMethodExecution<br/>
</div>
</td>
<td></td>
<td>114</td>
<td>com.focus.testcases.UserRestrictionsTest@5b87ed94</td></tr>
<tr>
<td title='com.focus.testcases.URLBrowserTest.checkLoginPageTitleByURLInputInBrowser()'><b>checkLoginPageTitleByURLInputInBrowser</b><br>Test class: com.focus.testcases.URLBrowserTest<br/>
<a href="#Output-319426406" onClick='toggleBox("Output-319426406", this, "Show output", "Hide output");'>Show output</a>

<a href="#Output-319426406" onClick="toggleAllBoxes();">Show all outputs</a>
<div class='log' id="Output-319426406">
Completed executing following method : URLBrowserTest.checkLoginPageTitleByURLInputInBrowser<br/>
Test Method resides in com.focus.testcases.URLBrowserTest<br/>
Test Status: Pass<br/>
About to begin executing following method : BaseEngine.afterMethodExecution<br/>
</div>
</td>
<td></td>
<td>8</td>
<td>com.focus.testcases.URLBrowserTest@7fac631b</td></tr>
<tr>
<td title='com.focus.testcases.UserRestrictionsTest.checkLoginWithERR()'><b>checkLoginWithERR</b><br>Test class: com.focus.testcases.UserRestrictionsTest<br/>
<a href="#Output-1751073738" onClick='toggleBox("Output-1751073738", this, "Show output", "Hide output");'>Show output</a>

<a href="#Output-1751073738" onClick="toggleAllBoxes();">Show all outputs</a>
<div class='log' id="Output-1751073738">
Completed executing following method : UserRestrictionsTest.checkLoginWithERR<br/>
Test Method resides in com.focus.testcases.UserRestrictionsTest<br/>
Test Status: Pass<br/>
About to begin executing following method : BaseEngine.afterMethodExecution<br/>
</div>
</td>
<td></td>
<td>15</td>
<td>com.focus.testcases.UserRestrictionsTest@5b87ed94</td></tr>
<tr>
<td title='com.focus.testcases.FocusFinancialsReportTest.checkLogutAndLoginWithRER()'><b>checkLogutAndLoginWithRER</b><br>Test class: com.focus.testcases.FocusFinancialsReportTest<br/>
<a href="#Output-830735761" onClick='toggleBox("Output-830735761", this, "Show output", "Hide output");'>Show output</a>

<a href="#Output-830735761" onClick="toggleAllBoxes();">Show all outputs</a>
<div class='log' id="Output-830735761">
Completed executing following method : FocusFinancialsReportTest.checkLogutAndLoginWithRER<br/>
Test Method resides in com.focus.testcases.FocusFinancialsReportTest<br/>
Test Status: Pass<br/>
About to begin executing following method : BaseEngine.afterMethodExecution<br/>
</div>
</td>
<td></td>
<td>14</td>
<td>com.focus.testcases.FocusFinancialsReportTest@5bc79255</td></tr>
<tr>
<td title='com.focus.testcases.FocusFinancialsReportTest.checkMasterAuthorizationReport()'><b>checkMasterAuthorizationReport</b><br>Test class: com.focus.testcases.FocusFinancialsReportTest<br/>
<a href="#Output-1435796455" onClick='toggleBox("Output-1435796455", this, "Show output", "Hide output");'>Show output</a>

<a href="#Output-1435796455" onClick="toggleAllBoxes();">Show all outputs</a>
<div class='log' id="Output-1435796455">
Completed executing following method : FocusFinancialsReportTest.checkMasterAuthorizationReport<br/>
Test Method resides in com.focus.testcases.FocusFinancialsReportTest<br/>
Test Status: Pass<br/>
About to begin executing following method : BaseEngine.afterMethodExecution<br/>
</div>
</td>
<td></td>
<td>5</td>
<td>com.focus.testcases.FocusFinancialsReportTest@5bc79255</td></tr>
<tr>
<td title='com.focus.testcases.UserRestrictionsTest.checkMasterInReceipts()'><b>checkMasterInReceipts</b><br>Test class: com.focus.testcases.UserRestrictionsTest<br/>
<a href="#Output-866040237" onClick='toggleBox("Output-866040237", this, "Show output", "Hide output");'>Show output</a>

<a href="#Output-866040237" onClick="toggleAllBoxes();">Show all outputs</a>
<div class='log' id="Output-866040237">
Completed executing following method : UserRestrictionsTest.checkMasterInReceipts<br/>
Test Method resides in com.focus.testcases.UserRestrictionsTest<br/>
Test Status: Pass<br/>
About to begin executing following method : BaseEngine.afterMethodExecution<br/>
</div>
</td>
<td></td>
<td>13</td>
<td>com.focus.testcases.UserRestrictionsTest@5b87ed94</td></tr>
<tr>
<td title='com.focus.testcases.FocusFinancialsReportTest.checkMasterInfoOfAccountReport()'><b>checkMasterInfoOfAccountReport</b><br>Test class: com.focus.testcases.FocusFinancialsReportTest<br/>
<a href="#Output-456087313" onClick='toggleBox("Output-456087313", this, "Show output", "Hide output");'>Show output</a>

<a href="#Output-456087313" onClick="toggleAllBoxes();">Show all outputs</a>
<div class='log' id="Output-456087313">
Completed executing following method : FocusFinancialsReportTest.checkMasterInfoOfAccountReport<br/>
Test Method resides in com.focus.testcases.FocusFinancialsReportTest<br/>
Test Status: Pass<br/>
About to begin executing following method : BaseEngine.afterMethodExecution<br/>
</div>
</td>
<td></td>
<td>20</td>
<td>com.focus.testcases.FocusFinancialsReportTest@5bc79255</td></tr>
<tr>
<td title='com.focus.testcases.UserRestrictionsTest.checkMastersListInPayments()'><b>checkMastersListInPayments</b><br>Test class: com.focus.testcases.UserRestrictionsTest<br/>
<a href="#Output-645948204" onClick='toggleBox("Output-645948204", this, "Show output", "Hide output");'>Show output</a>

<a href="#Output-645948204" onClick="toggleAllBoxes();">Show all outputs</a>
<div class='log' id="Output-645948204">
Completed executing following method : UserRestrictionsTest.checkMastersListInPayments<br/>
Test Method resides in com.focus.testcases.UserRestrictionsTest<br/>
Test Status: Pass<br/>
About to begin executing following method : BaseEngine.afterMethodExecution<br/>
</div>
</td>
<td></td>
<td>16</td>
<td>com.focus.testcases.UserRestrictionsTest@5b87ed94</td></tr>
<tr>
<td title='com.focus.testcases.UserRestrictionsTest.checkMastersListInSalesInvoices()'><b>checkMastersListInSalesInvoices</b><br>Test class: com.focus.testcases.UserRestrictionsTest<br/>
<a href="#Output-849999483" onClick='toggleBox("Output-849999483", this, "Show output", "Hide output");'>Show output</a>

<a href="#Output-849999483" onClick="toggleAllBoxes();">Show all outputs</a>
<div class='log' id="Output-849999483">
Completed executing following method : UserRestrictionsTest.checkMastersListInSalesInvoices<br/>
Test Method resides in com.focus.testcases.UserRestrictionsTest<br/>
Test Status: Pass<br/>
About to begin executing following method : BaseEngine.afterMethodExecution<br/>
</div>
</td>
<td></td>
<td>20</td>
<td>com.focus.testcases.UserRestrictionsTest@5b87ed94</td></tr>
<tr>
<td title='com.focus.testcases.FocusFinancialsReportTest.checkMonthlySalesReport()'><b>checkMonthlySalesReport</b><br>Test class: com.focus.testcases.FocusFinancialsReportTest<br/>
<a href="#Output-834225920" onClick='toggleBox("Output-834225920", this, "Show output", "Hide output");'>Show output</a>

<a href="#Output-834225920" onClick="toggleAllBoxes();">Show all outputs</a>
<div class='log' id="Output-834225920">
Completed executing following method : FocusFinancialsReportTest.checkMonthlySalesReport<br/>
Test Method resides in com.focus.testcases.FocusFinancialsReportTest<br/>
Test Status: Pass<br/>
About to begin executing following method : BaseEngine.afterMethodExecution<br/>
</div>
</td>
<td></td>
<td>5</td>
<td>com.focus.testcases.FocusFinancialsReportTest@5bc79255</td></tr>
<tr>
<td title='com.focus.testcases.FocusFinancialsReportTest.checkOpeningBalanceRegister()'><b>checkOpeningBalanceRegister</b><br>Test class: com.focus.testcases.FocusFinancialsReportTest<br/>
<a href="#Output-1136518731" onClick='toggleBox("Output-1136518731", this, "Show output", "Hide output");'>Show output</a>

<a href="#Output-1136518731" onClick="toggleAllBoxes();">Show all outputs</a>
<div class='log' id="Output-1136518731">
Completed executing following method : FocusFinancialsReportTest.checkOpeningBalanceRegister<br/>
Test Method resides in com.focus.testcases.FocusFinancialsReportTest<br/>
Test Status: Pass<br/>
About to begin executing following method : BaseEngine.afterMethodExecution<br/>
</div>
</td>
<td></td>
<td>12</td>
<td>com.focus.testcases.FocusFinancialsReportTest@5bc79255</td></tr>
<tr>
<td title='com.focus.testcases.FocusInventoryReportsTest.checkOpeningStockRegisterReport()'><b>checkOpeningStockRegisterReport</b><br>Test class: com.focus.testcases.FocusInventoryReportsTest<br/>
<a href="#Output-1722420881" onClick='toggleBox("Output-1722420881", this, "Show output", "Hide output");'>Show output</a>

<a href="#Output-1722420881" onClick="toggleAllBoxes();">Show all outputs</a>
<div class='log' id="Output-1722420881">
Completed executing following method : FocusInventoryReportsTest.checkOpeningStockRegisterReport<br/>
Test Method resides in com.focus.testcases.FocusInventoryReportsTest<br/>
Test Status: Pass<br/>
About to begin executing following method : BaseEngine.afterMethodExecution<br/>
</div>
</td>
<td></td>
<td>8</td>
<td>com.focus.testcases.FocusInventoryReportsTest@6e0e048a</td></tr>
<tr>
<td title='com.focus.testcases.FocusFinancialsReportTest.checkPDCPaymentsRegister()'><b>checkPDCPaymentsRegister</b><br>Test class: com.focus.testcases.FocusFinancialsReportTest<br/>
<a href="#Output-70559628" onClick='toggleBox("Output-70559628", this, "Show output", "Hide output");'>Show output</a>

<a href="#Output-70559628" onClick="toggleAllBoxes();">Show all outputs</a>
<div class='log' id="Output-70559628">
Completed executing following method : FocusFinancialsReportTest.checkPDCPaymentsRegister<br/>
Test Method resides in com.focus.testcases.FocusFinancialsReportTest<br/>
Test Status: Pass<br/>
About to begin executing following method : BaseEngine.afterMethodExecution<br/>
</div>
</td>
<td></td>
<td>6</td>
<td>com.focus.testcases.FocusFinancialsReportTest@5bc79255</td></tr>
<tr>
<td title='com.focus.testcases.FocusFinancialsReportTest.checkPDCReceiptsRegister()'><b>checkPDCReceiptsRegister</b><br>Test class: com.focus.testcases.FocusFinancialsReportTest<br/>
<a href="#Output-2043368263" onClick='toggleBox("Output-2043368263", this, "Show output", "Hide output");'>Show output</a>

<a href="#Output-2043368263" onClick="toggleAllBoxes();">Show all outputs</a>
<div class='log' id="Output-2043368263">
Completed executing following method : FocusFinancialsReportTest.checkPDCReceiptsRegister<br/>
Test Method resides in com.focus.testcases.FocusFinancialsReportTest<br/>
Test Status: Pass<br/>
About to begin executing following method : BaseEngine.afterMethodExecution<br/>
</div>
</td>
<td></td>
<td>6</td>
<td>com.focus.testcases.FocusFinancialsReportTest@5bc79255</td></tr>
<tr>
<td title='com.focus.testcases.FocusFinancialsReportTest.checkPaymentsRegister()'><b>checkPaymentsRegister</b><br>Test class: com.focus.testcases.FocusFinancialsReportTest<br/>
<a href="#Output-888853784" onClick='toggleBox("Output-888853784", this, "Show output", "Hide output");'>Show output</a>

<a href="#Output-888853784" onClick="toggleAllBoxes();">Show all outputs</a>
<div class='log' id="Output-888853784">
Completed executing following method : FocusFinancialsReportTest.checkPaymentsRegister<br/>
Test Method resides in com.focus.testcases.FocusFinancialsReportTest<br/>
Test Status: Pass<br/>
About to begin executing following method : BaseEngine.afterMethodExecution<br/>
</div>
</td>
<td></td>
<td>8</td>
<td>com.focus.testcases.FocusFinancialsReportTest@5bc79255</td></tr>
<tr>
<td title='com.focus.testcases.UserRestrictionsTest.checkPaymentsVoucherHomePageMastersList()'><b>checkPaymentsVoucherHomePageMastersList</b><br>Test class: com.focus.testcases.UserRestrictionsTest<br/>
<a href="#Output-608908060" onClick='toggleBox("Output-608908060", this, "Show output", "Hide output");'>Show output</a>

<a href="#Output-608908060" onClick="toggleAllBoxes();">Show all outputs</a>
<div class='log' id="Output-608908060">
Completed executing following method : UserRestrictionsTest.checkPaymentsVoucherHomePageMastersList<br/>
Test Method resides in com.focus.testcases.UserRestrictionsTest<br/>
Test Status: Pass<br/>
About to begin executing following method : BaseEngine.afterMethodExecution<br/>
</div>
</td>
<td></td>
<td>4</td>
<td>com.focus.testcases.UserRestrictionsTest@5b87ed94</td></tr>
<tr>
<td title='com.focus.testcases.FocusInventoryReportsTest.checkPeakAndLowBlancesReport()'><b>checkPeakAndLowBlancesReport</b><br>Test class: com.focus.testcases.FocusInventoryReportsTest<br/>
<a href="#Output-1086288809" onClick='toggleBox("Output-1086288809", this, "Show output", "Hide output");'>Show output</a>

<a href="#Output-1086288809" onClick="toggleAllBoxes();">Show all outputs</a>
<div class='log' id="Output-1086288809">
Completed executing following method : FocusInventoryReportsTest.checkPeakAndLowBlancesReport<br/>
Test Method resides in com.focus.testcases.FocusInventoryReportsTest<br/>
Test Status: Pass<br/>
About to begin executing following method : BaseEngine.afterMethodExecution<br/>
</div>
</td>
<td></td>
<td>16</td>
<td>com.focus.testcases.FocusInventoryReportsTest@6e0e048a</td></tr>
<tr>
<td title='com.focus.testcases.FocusFinancialsReportTest.checkPettyCashBookReport()'><b>checkPettyCashBookReport</b><br>Test class: com.focus.testcases.FocusFinancialsReportTest<br/>
<a href="#Output-668904453" onClick='toggleBox("Output-668904453", this, "Show output", "Hide output");'>Show output</a>

<a href="#Output-668904453" onClick="toggleAllBoxes();">Show all outputs</a>
<div class='log' id="Output-668904453">
Completed executing following method : FocusFinancialsReportTest.checkPettyCashBookReport<br/>
Test Method resides in com.focus.testcases.FocusFinancialsReportTest<br/>
Test Status: Pass<br/>
About to begin executing following method : BaseEngine.afterMethodExecution<br/>
</div>
</td>
<td></td>
<td>8</td>
<td>com.focus.testcases.FocusFinancialsReportTest@5bc79255</td></tr>
<tr>
<td title='com.focus.testcases.FocusInventoryReportsTest.checkPrintOptionInStockStatements()'><b>checkPrintOptionInStockStatements</b><br>Test class: com.focus.testcases.FocusInventoryReportsTest<br/>
<a href="#Output-323779336" onClick='toggleBox("Output-323779336", this, "Show output", "Hide output");'>Show output</a>

<a href="#Output-323779336" onClick="toggleAllBoxes();">Show all outputs</a>
<div class='log' id="Output-323779336">
Completed executing following method : FocusInventoryReportsTest.checkPrintOptionInStockStatements<br/>
Test Method resides in com.focus.testcases.FocusInventoryReportsTest<br/>
Test Status: Pass<br/>
About to begin executing following method : BaseEngine.afterMethodExecution<br/>
</div>
</td>
<td></td>
<td>26</td>
<td>com.focus.testcases.FocusInventoryReportsTest@6e0e048a</td></tr>
<tr>
<td title='com.focus.testcases.FocusFinancialsReportTest.checkProductLableReport()'><b>checkProductLableReport</b><br>Test class: com.focus.testcases.FocusFinancialsReportTest<br/>
<a href="#Output-512947779" onClick='toggleBox("Output-512947779", this, "Show output", "Hide output");'>Show output</a>

<a href="#Output-512947779" onClick="toggleAllBoxes();">Show all outputs</a>
<div class='log' id="Output-512947779">
Completed executing following method : FocusFinancialsReportTest.checkProductLableReport<br/>
Test Method resides in com.focus.testcases.FocusFinancialsReportTest<br/>
Test Status: Pass<br/>
About to begin executing following method : BaseEngine.afterMethodExecution<br/>
</div>
</td>
<td></td>
<td>4</td>
<td>com.focus.testcases.FocusFinancialsReportTest@5bc79255</td></tr>
<tr>
<td title='com.focus.testcases.FocusFinancialsReportTest.checkProfitAndLoassReport()'><b>checkProfitAndLoassReport</b><br>Test class: com.focus.testcases.FocusFinancialsReportTest<br/>
<a href="#Output-202479711" onClick='toggleBox("Output-202479711", this, "Show output", "Hide output");'>Show output</a>

<a href="#Output-202479711" onClick="toggleAllBoxes();">Show all outputs</a>
<div class='log' id="Output-202479711">
Completed executing following method : FocusFinancialsReportTest.checkProfitAndLoassReport<br/>
Test Method resides in com.focus.testcases.FocusFinancialsReportTest<br/>
Test Status: Pass<br/>
About to begin executing following method : BaseEngine.afterMethodExecution<br/>
</div>
</td>
<td></td>
<td>34</td>
<td>com.focus.testcases.FocusFinancialsReportTest@5bc79255</td></tr>
<tr>
<td title='com.focus.testcases.FocusFinancialsReportTest.checkPurchaseReturnRegister()'><b>checkPurchaseReturnRegister</b><br>Test class: com.focus.testcases.FocusFinancialsReportTest<br/>
<a href="#Output-1354517678" onClick='toggleBox("Output-1354517678", this, "Show output", "Hide output");'>Show output</a>

<a href="#Output-1354517678" onClick="toggleAllBoxes();">Show all outputs</a>
<div class='log' id="Output-1354517678">
Completed executing following method : FocusFinancialsReportTest.checkPurchaseReturnRegister<br/>
Test Method resides in com.focus.testcases.FocusFinancialsReportTest<br/>
Test Status: Pass<br/>
About to begin executing following method : BaseEngine.afterMethodExecution<br/>
</div>
</td>
<td></td>
<td>8</td>
<td>com.focus.testcases.FocusFinancialsReportTest@5bc79255</td></tr>
<tr>
<td title='com.focus.testcases.FocusFinancialsReportTest.checkPurchasesGroupedByDepartment()'><b>checkPurchasesGroupedByDepartment</b><br>Test class: com.focus.testcases.FocusFinancialsReportTest<br/>
<a href="#Output-1037775699" onClick='toggleBox("Output-1037775699", this, "Show output", "Hide output");'>Show output</a>

<a href="#Output-1037775699" onClick="toggleAllBoxes();">Show all outputs</a>
<div class='log' id="Output-1037775699">
Completed executing following method : FocusFinancialsReportTest.checkPurchasesGroupedByDepartment<br/>
Test Method resides in com.focus.testcases.FocusFinancialsReportTest<br/>
Test Status: Pass<br/>
About to begin executing following method : BaseEngine.afterMethodExecution<br/>
</div>
</td>
<td></td>
<td>17</td>
<td>com.focus.testcases.FocusFinancialsReportTest@5bc79255</td></tr>
<tr>
<td title='com.focus.testcases.FocusFinancialsReportTest.checkPurchasesGroupedByItem()'><b>checkPurchasesGroupedByItem</b><br>Test class: com.focus.testcases.FocusFinancialsReportTest<br/>
<a href="#Output-2008876872" onClick='toggleBox("Output-2008876872", this, "Show output", "Hide output");'>Show output</a>

<a href="#Output-2008876872" onClick="toggleAllBoxes();">Show all outputs</a>
<div class='log' id="Output-2008876872">
Completed executing following method : FocusFinancialsReportTest.checkPurchasesGroupedByItem<br/>
Test Method resides in com.focus.testcases.FocusFinancialsReportTest<br/>
Test Status: Pass<br/>
About to begin executing following method : BaseEngine.afterMethodExecution<br/>
</div>
</td>
<td></td>
<td>18</td>
<td>com.focus.testcases.FocusFinancialsReportTest@5bc79255</td></tr>
<tr>
<td title='com.focus.testcases.FocusFinancialsReportTest.checkPurchasesGroupedByVendor()'><b>checkPurchasesGroupedByVendor</b><br>Test class: com.focus.testcases.FocusFinancialsReportTest<br/>
<a href="#Output-1024233484" onClick='toggleBox("Output-1024233484", this, "Show output", "Hide output");'>Show output</a>

<a href="#Output-1024233484" onClick="toggleAllBoxes();">Show all outputs</a>
<div class='log' id="Output-1024233484">
Completed executing following method : FocusFinancialsReportTest.checkPurchasesGroupedByVendor<br/>
Test Method resides in com.focus.testcases.FocusFinancialsReportTest<br/>
Test Status: Pass<br/>
About to begin executing following method : BaseEngine.afterMethodExecution<br/>
</div>
</td>
<td></td>
<td>17</td>
<td>com.focus.testcases.FocusFinancialsReportTest@5bc79255</td></tr>
<tr>
<td title='com.focus.testcases.UserRestrictionsTest.checkPurchasesVoucherForAllTheMastersListInMastersDropdown()'><b>checkPurchasesVoucherForAllTheMastersListInMastersDropdown</b><br>Test class: com.focus.testcases.UserRestrictionsTest<br/>
<a href="#Output-671029211" onClick='toggleBox("Output-671029211", this, "Show output", "Hide output");'>Show output</a>

<a href="#Output-671029211" onClick="toggleAllBoxes();">Show all outputs</a>
<div class='log' id="Output-671029211">
Completed executing following method : UserRestrictionsTest.checkPurchasesVoucherForAllTheMastersListInMastersDropdown<br/>
Test Method resides in com.focus.testcases.UserRestrictionsTest<br/>
Test Status: Pass<br/>
About to begin executing following method : BaseEngine.afterMethodExecution<br/>
</div>
</td>
<td></td>
<td>26</td>
<td>com.focus.testcases.UserRestrictionsTest@5b87ed94</td></tr>
<tr>
<td title='com.focus.testcases.UserRestrictionsTest.checkReceiptsHomePageMasterList()'><b>checkReceiptsHomePageMasterList</b><br>Test class: com.focus.testcases.UserRestrictionsTest<br/>
<a href="#Output-1757955435" onClick='toggleBox("Output-1757955435", this, "Show output", "Hide output");'>Show output</a>

<a href="#Output-1757955435" onClick="toggleAllBoxes();">Show all outputs</a>
<div class='log' id="Output-1757955435">
Completed executing following method : UserRestrictionsTest.checkReceiptsHomePageMasterList<br/>
Test Method resides in com.focus.testcases.UserRestrictionsTest<br/>
Test Status: Pass<br/>
About to begin executing following method : BaseEngine.afterMethodExecution<br/>
</div>
</td>
<td></td>
<td>3</td>
<td>com.focus.testcases.UserRestrictionsTest@5b87ed94</td></tr>
<tr>
<td title='com.focus.testcases.FocusFinancialsReportTest.checkReciptsRegister()'><b>checkReciptsRegister</b><br>Test class: com.focus.testcases.FocusFinancialsReportTest<br/>
<a href="#Output-1048571659" onClick='toggleBox("Output-1048571659", this, "Show output", "Hide output");'>Show output</a>

<a href="#Output-1048571659" onClick="toggleAllBoxes();">Show all outputs</a>
<div class='log' id="Output-1048571659">
Completed executing following method : FocusFinancialsReportTest.checkReciptsRegister<br/>
Test Method resides in com.focus.testcases.FocusFinancialsReportTest<br/>
Test Status: Pass<br/>
About to begin executing following method : BaseEngine.afterMethodExecution<br/>
</div>
</td>
<td></td>
<td>9</td>
<td>com.focus.testcases.FocusFinancialsReportTest@5bc79255</td></tr>
<tr>
<td title='com.focus.testcases.UserRestrictionsTest.checkRestoreCompany()'><b>checkRestoreCompany</b><br>Test class: com.focus.testcases.UserRestrictionsTest<br/>
<a href="#Output-1886247880" onClick='toggleBox("Output-1886247880", this, "Show output", "Hide output");'>Show output</a>

<a href="#Output-1886247880" onClick="toggleAllBoxes();">Show all outputs</a>
<div class='log' id="Output-1886247880">
Completed executing following method : UserRestrictionsTest.checkRestoreCompany<br/>
Test Method resides in com.focus.testcases.UserRestrictionsTest<br/>
Test Status: Pass<br/>
About to begin executing following method : BaseEngine.afterMethodExecution<br/>
</div>
</td>
<td></td>
<td>40</td>
<td>com.focus.testcases.UserRestrictionsTest@5b87ed94</td></tr>
<tr>
<td title='com.focus.testcases.FocusFinancialsReportTest.checkSalesGroupedByDepartment()'><b>checkSalesGroupedByDepartment</b><br>Test class: com.focus.testcases.FocusFinancialsReportTest<br/>
<a href="#Output-659826339" onClick='toggleBox("Output-659826339", this, "Show output", "Hide output");'>Show output</a>

<a href="#Output-659826339" onClick="toggleAllBoxes();">Show all outputs</a>
<div class='log' id="Output-659826339">
Completed executing following method : FocusFinancialsReportTest.checkSalesGroupedByDepartment<br/>
Test Method resides in com.focus.testcases.FocusFinancialsReportTest<br/>
Test Status: Pass<br/>
About to begin executing following method : BaseEngine.afterMethodExecution<br/>
</div>
</td>
<td></td>
<td>6</td>
<td>com.focus.testcases.FocusFinancialsReportTest@5bc79255</td></tr>
<tr>
<td title='com.focus.testcases.FocusFinancialsReportTest.checkSalesGroupedByItem()'><b>checkSalesGroupedByItem</b><br>Test class: com.focus.testcases.FocusFinancialsReportTest<br/>
<a href="#Output-1285190265" onClick='toggleBox("Output-1285190265", this, "Show output", "Hide output");'>Show output</a>

<a href="#Output-1285190265" onClick="toggleAllBoxes();">Show all outputs</a>
<div class='log' id="Output-1285190265">
Completed executing following method : FocusFinancialsReportTest.checkSalesGroupedByItem<br/>
Test Method resides in com.focus.testcases.FocusFinancialsReportTest<br/>
Test Status: Pass<br/>
About to begin executing following method : BaseEngine.afterMethodExecution<br/>
</div>
</td>
<td></td>
<td>15</td>
<td>com.focus.testcases.FocusFinancialsReportTest@5bc79255</td></tr>
<tr>
<td title='com.focus.testcases.UserRestrictionsTest.checkSalesInvoiceVoucherHomePgaeMastersList()'><b>checkSalesInvoiceVoucherHomePgaeMastersList</b><br>Test class: com.focus.testcases.UserRestrictionsTest<br/>
<a href="#Output-1803734566" onClick='toggleBox("Output-1803734566", this, "Show output", "Hide output");'>Show output</a>

<a href="#Output-1803734566" onClick="toggleAllBoxes();">Show all outputs</a>
<div class='log' id="Output-1803734566">
Completed executing following method : UserRestrictionsTest.checkSalesInvoiceVoucherHomePgaeMastersList<br/>
Test Method resides in com.focus.testcases.UserRestrictionsTest<br/>
Test Status: Pass<br/>
About to begin executing following method : BaseEngine.afterMethodExecution<br/>
</div>
</td>
<td></td>
<td>9</td>
<td>com.focus.testcases.UserRestrictionsTest@5b87ed94</td></tr>
<tr>
<td title='com.focus.testcases.FocusFinancialsReportTest.checkSalesRegisterReport()'><b>checkSalesRegisterReport</b><br>Test class: com.focus.testcases.FocusFinancialsReportTest<br/>
<a href="#Output-613605793" onClick='toggleBox("Output-613605793", this, "Show output", "Hide output");'>Show output</a>

<a href="#Output-613605793" onClick="toggleAllBoxes();">Show all outputs</a>
<div class='log' id="Output-613605793">
Completed executing following method : FocusFinancialsReportTest.checkSalesRegisterReport<br/>
Test Method resides in com.focus.testcases.FocusFinancialsReportTest<br/>
Test Status: Pass<br/>
About to begin executing following method : BaseEngine.afterMethodExecution<br/>
</div>
</td>
<td></td>
<td>9</td>
<td>com.focus.testcases.FocusFinancialsReportTest@5bc79255</td></tr>
<tr>
<td title='com.focus.testcases.FocusFinancialsReportTest.checkSalesSummaryRegisterReport()'><b>checkSalesSummaryRegisterReport</b><br>Test class: com.focus.testcases.FocusFinancialsReportTest<br/>
<a href="#Output-1070467273" onClick='toggleBox("Output-1070467273", this, "Show output", "Hide output");'>Show output</a>

<a href="#Output-1070467273" onClick="toggleAllBoxes();">Show all outputs</a>
<div class='log' id="Output-1070467273">
Completed executing following method : FocusFinancialsReportTest.checkSalesSummaryRegisterReport<br/>
Test Method resides in com.focus.testcases.FocusFinancialsReportTest<br/>
Test Status: Pass<br/>
About to begin executing following method : BaseEngine.afterMethodExecution<br/>
</div>
</td>
<td></td>
<td>7</td>
<td>com.focus.testcases.FocusFinancialsReportTest@5bc79255</td></tr>
<tr>
<td title='com.focus.testcases.FocusFinancialsReportTest.checkSchedulesReports()'><b>checkSchedulesReports</b><br>Test class: com.focus.testcases.FocusFinancialsReportTest<br/>
<a href="#Output-2017485669" onClick='toggleBox("Output-2017485669", this, "Show output", "Hide output");'>Show output</a>

<a href="#Output-2017485669" onClick="toggleAllBoxes();">Show all outputs</a>
<div class='log' id="Output-2017485669">
Completed executing following method : FocusFinancialsReportTest.checkSchedulesReports<br/>
Test Method resides in com.focus.testcases.FocusFinancialsReportTest<br/>
Test Status: Pass<br/>
About to begin executing following method : BaseEngine.afterMethodExecution<br/>
</div>
</td>
<td></td>
<td>60</td>
<td>com.focus.testcases.FocusFinancialsReportTest@5bc79255</td></tr>
<tr>
<td title='com.focus.testcases.UserRestrictionsTest.checkSearchAccountsWhetherNonRestrictedAccountsAreDisplaying()'><b>checkSearchAccountsWhetherNonRestrictedAccountsAreDisplaying</b><br>Test class: com.focus.testcases.UserRestrictionsTest<br/>
<a href="#Output-1920069192" onClick='toggleBox("Output-1920069192", this, "Show output", "Hide output");'>Show output</a>

<a href="#Output-1920069192" onClick="toggleAllBoxes();">Show all outputs</a>
<div class='log' id="Output-1920069192">
Completed executing following method : UserRestrictionsTest.checkSearchAccountsWhetherNonRestrictedAccountsAreDisplaying<br/>
Test Method resides in com.focus.testcases.UserRestrictionsTest<br/>
Test Status: Pass<br/>
About to begin executing following method : BaseEngine.afterMethodExecution<br/>
</div>
</td>
<td></td>
<td>12</td>
<td>com.focus.testcases.UserRestrictionsTest@5b87ed94</td></tr>
<tr>
<td title='com.focus.testcases.UserRestrictionsTest.checkSearchDepartmentWhetherNonRestrictedDepartmentsAreDisplaying()'><b>checkSearchDepartmentWhetherNonRestrictedDepartmentsAreDisplaying</b><br>Test class: com.focus.testcases.UserRestrictionsTest<br/>
<a href="#Output-1570536676" onClick='toggleBox("Output-1570536676", this, "Show output", "Hide output");'>Show output</a>

<a href="#Output-1570536676" onClick="toggleAllBoxes();">Show all outputs</a>
<div class='log' id="Output-1570536676">
Completed executing following method : UserRestrictionsTest.checkSearchDepartmentWhetherNonRestrictedDepartmentsAreDisplaying<br/>
Test Method resides in com.focus.testcases.UserRestrictionsTest<br/>
Test Status: Pass<br/>
About to begin executing following method : BaseEngine.afterMethodExecution<br/>
</div>
</td>
<td></td>
<td>47</td>
<td>com.focus.testcases.UserRestrictionsTest@5b87ed94</td></tr>
<tr>
<td title='com.focus.testcases.UserRestrictionsTest.checkSearchItemsWhetherNonRestrictedItemsAreDisplaying()'><b>checkSearchItemsWhetherNonRestrictedItemsAreDisplaying</b><br>Test class: com.focus.testcases.UserRestrictionsTest<br/>
<a href="#Output-1798343548" onClick='toggleBox("Output-1798343548", this, "Show output", "Hide output");'>Show output</a>

<a href="#Output-1798343548" onClick="toggleAllBoxes();">Show all outputs</a>
<div class='log' id="Output-1798343548">
Completed executing following method : UserRestrictionsTest.checkSearchItemsWhetherNonRestrictedItemsAreDisplaying<br/>
Test Method resides in com.focus.testcases.UserRestrictionsTest<br/>
Test Status: Pass<br/>
About to begin executing following method : BaseEngine.afterMethodExecution<br/>
</div>
</td>
<td></td>
<td>57</td>
<td>com.focus.testcases.UserRestrictionsTest@5b87ed94</td></tr>
<tr>
<td title='com.focus.testcases.UserRestrictionsTest.checkSearchWarehouseWhetherNonRestrictedWarehousesAreDisplaying()'><b>checkSearchWarehouseWhetherNonRestrictedWarehousesAreDisplaying</b><br>Test class: com.focus.testcases.UserRestrictionsTest<br/>
<a href="#Output-1308915611" onClick='toggleBox("Output-1308915611", this, "Show output", "Hide output");'>Show output</a>

<a href="#Output-1308915611" onClick="toggleAllBoxes();">Show all outputs</a>
<div class='log' id="Output-1308915611">
Completed executing following method : UserRestrictionsTest.checkSearchWarehouseWhetherNonRestrictedWarehousesAreDisplaying<br/>
Test Method resides in com.focus.testcases.UserRestrictionsTest<br/>
Test Status: Pass<br/>
About to begin executing following method : BaseEngine.afterMethodExecution<br/>
</div>
</td>
<td></td>
<td>46</td>
<td>com.focus.testcases.UserRestrictionsTest@5b87ed94</td></tr>
<tr>
<td title='com.focus.testcases.FocusFinancialsReportTest.checkSkidDefinitionReport()'><b>checkSkidDefinitionReport</b><br>Test class: com.focus.testcases.FocusFinancialsReportTest<br/>
<a href="#Output-579915648" onClick='toggleBox("Output-579915648", this, "Show output", "Hide output");'>Show output</a>

<a href="#Output-579915648" onClick="toggleAllBoxes();">Show all outputs</a>
<div class='log' id="Output-579915648">
Completed executing following method : FocusFinancialsReportTest.checkSkidDefinitionReport<br/>
Test Method resides in com.focus.testcases.FocusFinancialsReportTest<br/>
Test Status: Pass<br/>
About to begin executing following method : BaseEngine.afterMethodExecution<br/>
</div>
</td>
<td></td>
<td>3</td>
<td>com.focus.testcases.FocusFinancialsReportTest@5bc79255</td></tr>
<tr>
<td title='com.focus.testcases.FocusInventoryReportsTest.checkSlowMovingItemsReport()'><b>checkSlowMovingItemsReport</b><br>Test class: com.focus.testcases.FocusInventoryReportsTest<br/>
<a href="#Output-1080137831" onClick='toggleBox("Output-1080137831", this, "Show output", "Hide output");'>Show output</a>

<a href="#Output-1080137831" onClick="toggleAllBoxes();">Show all outputs</a>
<div class='log' id="Output-1080137831">
Completed executing following method : FocusInventoryReportsTest.checkSlowMovingItemsReport<br/>
Test Method resides in com.focus.testcases.FocusInventoryReportsTest<br/>
Test Status: Pass<br/>
About to begin executing following method : BaseEngine.afterMethodExecution<br/>
</div>
</td>
<td></td>
<td>15</td>
<td>com.focus.testcases.FocusInventoryReportsTest@6e0e048a</td></tr>
<tr>
<td title='com.focus.testcases.FocusInventoryReportsTest.checkStockAnalysisByBatchReport()'><b>checkStockAnalysisByBatchReport</b><br>Test class: com.focus.testcases.FocusInventoryReportsTest<br/>
<a href="#Output-1919936632" onClick='toggleBox("Output-1919936632", this, "Show output", "Hide output");'>Show output</a>

<a href="#Output-1919936632" onClick="toggleAllBoxes();">Show all outputs</a>
<div class='log' id="Output-1919936632">
Completed executing following method : FocusInventoryReportsTest.checkStockAnalysisByBatchReport<br/>
Test Method resides in com.focus.testcases.FocusInventoryReportsTest<br/>
Test Status: Pass<br/>
About to begin executing following method : BaseEngine.afterMethodExecution<br/>
</div>
</td>
<td></td>
<td>13</td>
<td>com.focus.testcases.FocusInventoryReportsTest@6e0e048a</td></tr>
<tr>
<td title='com.focus.testcases.FocusInventoryReportsTest.checkStockAnalysisByRMAReport()'><b>checkStockAnalysisByRMAReport</b><br>Test class: com.focus.testcases.FocusInventoryReportsTest<br/>
<a href="#Output-1161620932" onClick='toggleBox("Output-1161620932", this, "Show output", "Hide output");'>Show output</a>

<a href="#Output-1161620932" onClick="toggleAllBoxes();">Show all outputs</a>
<div class='log' id="Output-1161620932">
Completed executing following method : FocusInventoryReportsTest.checkStockAnalysisByRMAReport<br/>
Test Method resides in com.focus.testcases.FocusInventoryReportsTest<br/>
Test Status: Pass<br/>
About to begin executing following method : BaseEngine.afterMethodExecution<br/>
</div>
</td>
<td></td>
<td>22</td>
<td>com.focus.testcases.FocusInventoryReportsTest@6e0e048a</td></tr>
<tr>
<td title='com.focus.testcases.FocusInventoryReportsTest.checkStockBalanceByItemsByBinsReport()'><b>checkStockBalanceByItemsByBinsReport</b><br>Test class: com.focus.testcases.FocusInventoryReportsTest<br/>
<a href="#Output-1179599334" onClick='toggleBox("Output-1179599334", this, "Show output", "Hide output");'>Show output</a>

<a href="#Output-1179599334" onClick="toggleAllBoxes();">Show all outputs</a>
<div class='log' id="Output-1179599334">
Completed executing following method : FocusInventoryReportsTest.checkStockBalanceByItemsByBinsReport<br/>
Test Method resides in com.focus.testcases.FocusInventoryReportsTest<br/>
Test Status: Pass<br/>
About to begin executing following method : BaseEngine.afterMethodExecution<br/>
</div>
</td>
<td></td>
<td>25</td>
<td>com.focus.testcases.FocusInventoryReportsTest@6e0e048a</td></tr>
<tr>
<td title='com.focus.testcases.FocusInventoryReportsTest.checkStockBalanceByWarehouse()'><b>checkStockBalanceByWarehouse</b><br>Test class: com.focus.testcases.FocusInventoryReportsTest<br/>
<a href="#Output-1932637868" onClick='toggleBox("Output-1932637868", this, "Show output", "Hide output");'>Show output</a>

<a href="#Output-1932637868" onClick="toggleAllBoxes();">Show all outputs</a>
<div class='log' id="Output-1932637868">
Completed executing following method : FocusInventoryReportsTest.checkStockBalanceByWarehouse<br/>
Test Method resides in com.focus.testcases.FocusInventoryReportsTest<br/>
Test Status: Pass<br/>
About to begin executing following method : BaseEngine.afterMethodExecution<br/>
</div>
</td>
<td></td>
<td>24</td>
<td>com.focus.testcases.FocusInventoryReportsTest@6e0e048a</td></tr>
<tr>
<td title='com.focus.testcases.FocusInventoryReportsTest.checkStockBlanceByBinsReport()'><b>checkStockBlanceByBinsReport</b><br>Test class: com.focus.testcases.FocusInventoryReportsTest<br/>
<a href="#Output-193832472" onClick='toggleBox("Output-193832472", this, "Show output", "Hide output");'>Show output</a>

<a href="#Output-193832472" onClick="toggleAllBoxes();">Show all outputs</a>
<div class='log' id="Output-193832472">
Completed executing following method : FocusInventoryReportsTest.checkStockBlanceByBinsReport<br/>
Test Method resides in com.focus.testcases.FocusInventoryReportsTest<br/>
Test Status: Pass<br/>
About to begin executing following method : BaseEngine.afterMethodExecution<br/>
</div>
</td>
<td></td>
<td>24</td>
<td>com.focus.testcases.FocusInventoryReportsTest@6e0e048a</td></tr>
<tr>
<td title='com.focus.testcases.FocusInventoryReportsTest.checkStockDetailsByBins()'><b>checkStockDetailsByBins</b><br>Test class: com.focus.testcases.FocusInventoryReportsTest<br/>
<a href="#Output-306714070" onClick='toggleBox("Output-306714070", this, "Show output", "Hide output");'>Show output</a>

<a href="#Output-306714070" onClick="toggleAllBoxes();">Show all outputs</a>
<div class='log' id="Output-306714070">
Completed executing following method : FocusInventoryReportsTest.checkStockDetailsByBins<br/>
Test Method resides in com.focus.testcases.FocusInventoryReportsTest<br/>
Test Status: Pass<br/>
About to begin executing following method : BaseEngine.afterMethodExecution<br/>
</div>
</td>
<td></td>
<td>22</td>
<td>com.focus.testcases.FocusInventoryReportsTest@6e0e048a</td></tr>
<tr>
<td title='com.focus.testcases.FocusInventoryReportsTest.checkStockLedgerReport()'><b>checkStockLedgerReport</b><br>Test class: com.focus.testcases.FocusInventoryReportsTest<br/>
<a href="#Output-319690600" onClick='toggleBox("Output-319690600", this, "Show output", "Hide output");'>Show output</a>

<a href="#Output-319690600" onClick="toggleAllBoxes();">Show all outputs</a>
<div class='log' id="Output-319690600">
Completed executing following method : FocusInventoryReportsTest.checkStockLedgerReport<br/>
Test Method resides in com.focus.testcases.FocusInventoryReportsTest<br/>
Test Status: Pass<br/>
About to begin executing following method : BaseEngine.afterMethodExecution<br/>
</div>
</td>
<td></td>
<td>114</td>
<td>com.focus.testcases.FocusInventoryReportsTest@6e0e048a</td></tr>
<tr>
<td title='com.focus.testcases.FocusInventoryReportsTest.checkStockMovementReport()'><b>checkStockMovementReport</b><br>Test class: com.focus.testcases.FocusInventoryReportsTest<br/>
<a href="#Output-725524559" onClick='toggleBox("Output-725524559", this, "Show output", "Hide output");'>Show output</a>

<a href="#Output-725524559" onClick="toggleAllBoxes();">Show all outputs</a>
<div class='log' id="Output-725524559">
Completed executing following method : FocusInventoryReportsTest.checkStockMovementReport<br/>
Test Method resides in com.focus.testcases.FocusInventoryReportsTest<br/>
Test Status: Pass<br/>
About to begin executing following method : BaseEngine.afterMethodExecution<br/>
</div>
</td>
<td></td>
<td>13</td>
<td>com.focus.testcases.FocusInventoryReportsTest@6e0e048a</td></tr>
<tr>
<td title='com.focus.testcases.FocusInventoryReportsTest.checkStockReprtByTagReport()'><b>checkStockReprtByTagReport</b><br>Test class: com.focus.testcases.FocusInventoryReportsTest<br/>
<a href="#Output-982535442" onClick='toggleBox("Output-982535442", this, "Show output", "Hide output");'>Show output</a>

<a href="#Output-982535442" onClick="toggleAllBoxes();">Show all outputs</a>
<div class='log' id="Output-982535442">
Completed executing following method : FocusInventoryReportsTest.checkStockReprtByTagReport<br/>
Test Method resides in com.focus.testcases.FocusInventoryReportsTest<br/>
Test Status: Pass<br/>
About to begin executing following method : BaseEngine.afterMethodExecution<br/>
</div>
</td>
<td></td>
<td>15</td>
<td>com.focus.testcases.FocusInventoryReportsTest@6e0e048a</td></tr>
<tr>
<td title='com.focus.testcases.FocusInventoryReportsTest.checkStockStatementReport()'><b>checkStockStatementReport</b><br>Test class: com.focus.testcases.FocusInventoryReportsTest<br/>
<a href="#Output-643726779" onClick='toggleBox("Output-643726779", this, "Show output", "Hide output");'>Show output</a>

<a href="#Output-643726779" onClick="toggleAllBoxes();">Show all outputs</a>
<div class='log' id="Output-643726779">
Completed executing following method : FocusInventoryReportsTest.checkStockStatementReport<br/>
Test Method resides in com.focus.testcases.FocusInventoryReportsTest<br/>
Test Status: Pass<br/>
About to begin executing following method : BaseEngine.afterMethodExecution<br/>
</div>
</td>
<td></td>
<td>25</td>
<td>com.focus.testcases.FocusInventoryReportsTest@6e0e048a</td></tr>
<tr>
<td title='com.focus.testcases.FocusInventoryReportsTest.checkStockTransferRegisterReport()'><b>checkStockTransferRegisterReport</b><br>Test class: com.focus.testcases.FocusInventoryReportsTest<br/>
<a href="#Output-176512584" onClick='toggleBox("Output-176512584", this, "Show output", "Hide output");'>Show output</a>

<a href="#Output-176512584" onClick="toggleAllBoxes();">Show all outputs</a>
<div class='log' id="Output-176512584">
Completed executing following method : FocusInventoryReportsTest.checkStockTransferRegisterReport<br/>
Test Method resides in com.focus.testcases.FocusInventoryReportsTest<br/>
Test Status: Pass<br/>
About to begin executing following method : BaseEngine.afterMethodExecution<br/>
</div>
</td>
<td></td>
<td>31</td>
<td>com.focus.testcases.FocusInventoryReportsTest@6e0e048a</td></tr>
<tr>
<td title='com.focus.testcases.FocusInventoryReportsTest.checkStockValuationByFATagReport()'><b>checkStockValuationByFATagReport</b><br>Test class: com.focus.testcases.FocusInventoryReportsTest<br/>
<a href="#Output-1886477050" onClick='toggleBox("Output-1886477050", this, "Show output", "Hide output");'>Show output</a>

<a href="#Output-1886477050" onClick="toggleAllBoxes();">Show all outputs</a>
<div class='log' id="Output-1886477050">
Completed executing following method : FocusInventoryReportsTest.checkStockValuationByFATagReport<br/>
Test Method resides in com.focus.testcases.FocusInventoryReportsTest<br/>
Test Status: Pass<br/>
About to begin executing following method : BaseEngine.afterMethodExecution<br/>
</div>
</td>
<td></td>
<td>18</td>
<td>com.focus.testcases.FocusInventoryReportsTest@6e0e048a</td></tr>
<tr>
<td title='com.focus.testcases.FocusInventoryReportsTest.checkStockValuationReportByInventoryByProduct()'><b>checkStockValuationReportByInventoryByProduct</b><br>Test class: com.focus.testcases.FocusInventoryReportsTest<br/>
<a href="#Output-1977747751" onClick='toggleBox("Output-1977747751", this, "Show output", "Hide output");'>Show output</a>

<a href="#Output-1977747751" onClick="toggleAllBoxes();">Show all outputs</a>
<div class='log' id="Output-1977747751">
Completed executing following method : FocusInventoryReportsTest.checkStockValuationReportByInventoryByProduct<br/>
Test Method resides in com.focus.testcases.FocusInventoryReportsTest<br/>
Test Status: Pass<br/>
About to begin executing following method : BaseEngine.afterMethodExecution<br/>
</div>
</td>
<td></td>
<td>10</td>
<td>com.focus.testcases.FocusInventoryReportsTest@6e0e048a</td></tr>
<tr>
<td title='com.focus.testcases.FocusInventoryReportsTest.checkStockValuationReportByProduct()'><b>checkStockValuationReportByProduct</b><br>Test class: com.focus.testcases.FocusInventoryReportsTest<br/>
<a href="#Output-397337311" onClick='toggleBox("Output-397337311", this, "Show output", "Hide output");'>Show output</a>

<a href="#Output-397337311" onClick="toggleAllBoxes();">Show all outputs</a>
<div class='log' id="Output-397337311">
Completed executing following method : FocusInventoryReportsTest.checkStockValuationReportByProduct<br/>
Test Method resides in com.focus.testcases.FocusInventoryReportsTest<br/>
Test Status: Pass<br/>
About to begin executing following method : BaseEngine.afterMethodExecution<br/>
</div>
</td>
<td></td>
<td>11</td>
<td>com.focus.testcases.FocusInventoryReportsTest@6e0e048a</td></tr>
<tr>
<td title='com.focus.testcases.FocusInventoryReportsTest.checkStockValuationReportByProductByInventoryTag()'><b>checkStockValuationReportByProductByInventoryTag</b><br>Test class: com.focus.testcases.FocusInventoryReportsTest<br/>
<a href="#Output-129077789" onClick='toggleBox("Output-129077789", this, "Show output", "Hide output");'>Show output</a>

<a href="#Output-129077789" onClick="toggleAllBoxes();">Show all outputs</a>
<div class='log' id="Output-129077789">
Completed executing following method : FocusInventoryReportsTest.checkStockValuationReportByProductByInventoryTag<br/>
Test Method resides in com.focus.testcases.FocusInventoryReportsTest<br/>
Test Status: Pass<br/>
About to begin executing following method : BaseEngine.afterMethodExecution<br/>
</div>
</td>
<td></td>
<td>11</td>
<td>com.focus.testcases.FocusInventoryReportsTest@6e0e048a</td></tr>
<tr>
<td title='com.focus.testcases.FocusFinancialsReportTest.checkSubLedgerReport()'><b>checkSubLedgerReport</b><br>Test class: com.focus.testcases.FocusFinancialsReportTest<br/>
<a href="#Output-1468946760" onClick='toggleBox("Output-1468946760", this, "Show output", "Hide output");'>Show output</a>

<a href="#Output-1468946760" onClick="toggleAllBoxes();">Show all outputs</a>
<div class='log' id="Output-1468946760">
Completed executing following method : FocusFinancialsReportTest.checkSubLedgerReport<br/>
Test Method resides in com.focus.testcases.FocusFinancialsReportTest<br/>
Test Status: Pass<br/>
About to begin executing following method : BaseEngine.afterMethodExecution<br/>
</div>
</td>
<td></td>
<td>9</td>
<td>com.focus.testcases.FocusFinancialsReportTest@5bc79255</td></tr>
<tr>
<td title='com.focus.testcases.FocusFinancialsReportTest.checkTopCustomersReports()'><b>checkTopCustomersReports</b><br>Test class: com.focus.testcases.FocusFinancialsReportTest<br/>
<a href="#Output-673733109" onClick='toggleBox("Output-673733109", this, "Show output", "Hide output");'>Show output</a>

<a href="#Output-673733109" onClick="toggleAllBoxes();">Show all outputs</a>
<div class='log' id="Output-673733109">
Completed executing following method : FocusFinancialsReportTest.checkTopCustomersReports<br/>
Test Method resides in com.focus.testcases.FocusFinancialsReportTest<br/>
Test Status: Pass<br/>
About to begin executing following method : BaseEngine.afterMethodExecution<br/>
</div>
</td>
<td></td>
<td>5</td>
<td>com.focus.testcases.FocusFinancialsReportTest@5bc79255</td></tr>
<tr>
<td title='com.focus.testcases.FocusFinancialsReportTest.checkTradingAccountReport()'><b>checkTradingAccountReport</b><br>Test class: com.focus.testcases.FocusFinancialsReportTest<br/>
<a href="#Output-739973626" onClick='toggleBox("Output-739973626", this, "Show output", "Hide output");'>Show output</a>

<a href="#Output-739973626" onClick="toggleAllBoxes();">Show all outputs</a>
<div class='log' id="Output-739973626">
Completed executing following method : FocusFinancialsReportTest.checkTradingAccountReport<br/>
Test Method resides in com.focus.testcases.FocusFinancialsReportTest<br/>
Test Status: Pass<br/>
About to begin executing following method : BaseEngine.afterMethodExecution<br/>
</div>
</td>
<td></td>
<td>30</td>
<td>com.focus.testcases.FocusFinancialsReportTest@5bc79255</td></tr>
<tr>
<td title='com.focus.testcases.FocusFinancialsReportTest.checkTrailBalanceReport()'><b>checkTrailBalanceReport</b><br>Test class: com.focus.testcases.FocusFinancialsReportTest<br/>
<a href="#Output-1006665194" onClick='toggleBox("Output-1006665194", this, "Show output", "Hide output");'>Show output</a>

<a href="#Output-1006665194" onClick="toggleAllBoxes();">Show all outputs</a>
<div class='log' id="Output-1006665194">
Completed executing following method : FocusFinancialsReportTest.checkTrailBalanceReport<br/>
Test Method resides in com.focus.testcases.FocusFinancialsReportTest<br/>
Test Status: Pass<br/>
About to begin executing following method : BaseEngine.afterMethodExecution<br/>
</div>
</td>
<td></td>
<td>45</td>
<td>com.focus.testcases.FocusFinancialsReportTest@5bc79255</td></tr>
<tr>
<td title='com.focus.testcases.FocusFinancialsReportTest.checkTrandingAndProfitAndLoss()'><b>checkTrandingAndProfitAndLoss</b><br>Test class: com.focus.testcases.FocusFinancialsReportTest<br/>
<a href="#Output-1361666064" onClick='toggleBox("Output-1361666064", this, "Show output", "Hide output");'>Show output</a>

<a href="#Output-1361666064" onClick="toggleAllBoxes();">Show all outputs</a>
<div class='log' id="Output-1361666064">
Completed executing following method : FocusFinancialsReportTest.checkTrandingAndProfitAndLoss<br/>
Test Method resides in com.focus.testcases.FocusFinancialsReportTest<br/>
Test Status: Pass<br/>
About to begin executing following method : BaseEngine.afterMethodExecution<br/>
</div>
</td>
<td></td>
<td>39</td>
<td>com.focus.testcases.FocusFinancialsReportTest@5bc79255</td></tr>
<tr>
<td title='com.focus.testcases.FocusFinancialsReportTest.checkTransactionAuthorizationReport()'><b>checkTransactionAuthorizationReport</b><br>Test class: com.focus.testcases.FocusFinancialsReportTest<br/>
<a href="#Output-657160373" onClick='toggleBox("Output-657160373", this, "Show output", "Hide output");'>Show output</a>

<a href="#Output-657160373" onClick="toggleAllBoxes();">Show all outputs</a>
<div class='log' id="Output-657160373">
Completed executing following method : FocusFinancialsReportTest.checkTransactionAuthorizationReport<br/>
Test Method resides in com.focus.testcases.FocusFinancialsReportTest<br/>
Test Status: Pass<br/>
About to begin executing following method : BaseEngine.afterMethodExecution<br/>
</div>
</td>
<td></td>
<td>6</td>
<td>com.focus.testcases.FocusFinancialsReportTest@5bc79255</td></tr>
<tr>
<td title='com.focus.testcases.FocusFinancialsReportTest.checkTransactionsTypeAnalysis()'><b>checkTransactionsTypeAnalysis</b><br>Test class: com.focus.testcases.FocusFinancialsReportTest<br/>
<a href="#Output-347564204" onClick='toggleBox("Output-347564204", this, "Show output", "Hide output");'>Show output</a>

<a href="#Output-347564204" onClick="toggleAllBoxes();">Show all outputs</a>
<div class='log' id="Output-347564204">
Completed executing following method : FocusFinancialsReportTest.checkTransactionsTypeAnalysis<br/>
Test Method resides in com.focus.testcases.FocusFinancialsReportTest<br/>
Test Status: Pass<br/>
About to begin executing following method : BaseEngine.afterMethodExecution<br/>
</div>
</td>
<td></td>
<td>9</td>
<td>com.focus.testcases.FocusFinancialsReportTest@5bc79255</td></tr>
<tr>
<td title='com.focus.testcases.FocusFinancialsReportTest.checkUnitConversionReport()'><b>checkUnitConversionReport</b><br>Test class: com.focus.testcases.FocusFinancialsReportTest<br/>
<a href="#Output-381856610" onClick='toggleBox("Output-381856610", this, "Show output", "Hide output");'>Show output</a>

<a href="#Output-381856610" onClick="toggleAllBoxes();">Show all outputs</a>
<div class='log' id="Output-381856610">
Completed executing following method : FocusFinancialsReportTest.checkUnitConversionReport<br/>
Test Method resides in com.focus.testcases.FocusFinancialsReportTest<br/>
Test Status: Pass<br/>
About to begin executing following method : BaseEngine.afterMethodExecution<br/>
</div>
</td>
<td></td>
<td>9</td>
<td>com.focus.testcases.FocusFinancialsReportTest@5bc79255</td></tr>
<tr>
<td title='com.focus.testcases.UserRestrictionsTest.checkValidateRestrictionsGivenInRERRoleInSu()'><b>checkValidateRestrictionsGivenInRERRoleInSu</b><br>Test class: com.focus.testcases.UserRestrictionsTest<br/>
<a href="#Output-1497863121" onClick='toggleBox("Output-1497863121", this, "Show output", "Hide output");'>Show output</a>

<a href="#Output-1497863121" onClick="toggleAllBoxes();">Show all outputs</a>
<div class='log' id="Output-1497863121">
Completed executing following method : UserRestrictionsTest.checkValidateRestrictionsGivenInRERRoleInSu<br/>
Test Method resides in com.focus.testcases.UserRestrictionsTest<br/>
Test Status: Pass<br/>
About to begin executing following method : BaseEngine.afterMethodExecution<br/>
</div>
</td>
<td></td>
<td>16</td>
<td>com.focus.testcases.UserRestrictionsTest@5b87ed94</td></tr>
<tr>
<td title='com.focus.testcases.FocusFinancialsReportTest.checkVirtualBankLedger()'><b>checkVirtualBankLedger</b><br>Test class: com.focus.testcases.FocusFinancialsReportTest<br/>
<a href="#Output-1281852641" onClick='toggleBox("Output-1281852641", this, "Show output", "Hide output");'>Show output</a>

<a href="#Output-1281852641" onClick="toggleAllBoxes();">Show all outputs</a>
<div class='log' id="Output-1281852641">
Completed executing following method : FocusFinancialsReportTest.checkVirtualBankLedger<br/>
Test Method resides in com.focus.testcases.FocusFinancialsReportTest<br/>
Test Status: Pass<br/>
About to begin executing following method : BaseEngine.afterMethodExecution<br/>
</div>
</td>
<td></td>
<td>24</td>
<td>com.focus.testcases.FocusFinancialsReportTest@5bc79255</td></tr>
<tr>
<td title='com.focus.testcases.FocusInventoryReportsTest.checkVirtualStockAnalysisReport()'><b>checkVirtualStockAnalysisReport</b><br>Test class: com.focus.testcases.FocusInventoryReportsTest<br/>
<a href="#Output-612081001" onClick='toggleBox("Output-612081001", this, "Show output", "Hide output");'>Show output</a>

<a href="#Output-612081001" onClick="toggleAllBoxes();">Show all outputs</a>
<div class='log' id="Output-612081001">
Completed executing following method : FocusInventoryReportsTest.checkVirtualStockAnalysisReport<br/>
Test Method resides in com.focus.testcases.FocusInventoryReportsTest<br/>
Test Status: Pass<br/>
About to begin executing following method : BaseEngine.afterMethodExecution<br/>
</div>
</td>
<td></td>
<td>12</td>
<td>com.focus.testcases.FocusInventoryReportsTest@6e0e048a</td></tr>
<tr>
<td title='com.focus.testcases.URLBrowserTest.verifyBrowserOpen()'><b>verifyBrowserOpen</b><br>Test class: com.focus.testcases.URLBrowserTest<br/>
<a href="#Output-1720865719" onClick='toggleBox("Output-1720865719", this, "Show output", "Hide output");'>Show output</a>

<a href="#Output-1720865719" onClick="toggleAllBoxes();">Show all outputs</a>
<div class='log' id="Output-1720865719">
Completed executing following method : URLBrowserTest.verifyBrowserOpen<br/>
Test Method resides in com.focus.testcases.URLBrowserTest<br/>
Test Status: Pass<br/>
About to begin executing following method : BaseEngine.afterMethodExecution<br/>
</div>
</td>
<td></td>
<td>13</td>
<td>com.focus.testcases.URLBrowserTest@7fac631b</td></tr>
</table><p>
</body>
</html>