<?xml version="1.0" encoding="UTF-8"?>
<!-- Generated by org.testng.reporters.JUnitXMLReporter -->
<testsuite hostname="FOCUS-QA-118" name="Test" tests="134" failures="33" timestamp="28 Dec 2022 08:56:33 GMT" time="4102.135" errors="0">
  <testcase name="verifyBrowserOpen" time="13.527" classname="com.focus.testcases.URLBrowserTest"/>
  <testcase name="checkLoginPageTitleByURLInputInBrowser" time="8.548" classname="com.focus.testcases.URLBrowserTest"/>
  <testcase name="checkRestoreCompany" time="40.636" classname="com.focus.testcases.UserRestrictionsTest"/>
  <testcase name="checkLogin" time="114.323" classname="com.focus.testcases.UserRestrictionsTest"/>
  <testcase name="checkValidateRestrictionsGivenInRERRoleInSu" time="16.736" classname="com.focus.testcases.UserRestrictionsTest"/>
  <testcase name="checkLoginWithERR" time="15.19" classname="com.focus.testcases.UserRestrictionsTest"/>
  <testcase name="checkAccountMasterWhetherShowingOnlyRestrictedAccountsInList" time="7.172" classname="com.focus.testcases.UserRestrictionsTest"/>
  <testcase name="checkChildAccountsInsideTheGroupAccountsIndivdually" time="25.323" classname="com.focus.testcases.UserRestrictionsTest"/>
  <testcase name="checkSearchAccountsWhetherNonRestrictedAccountsAreDisplaying" time="12.729" classname="com.focus.testcases.UserRestrictionsTest"/>
  <testcase name="checkItemMasterWhetherShowingOnlyRestrictedItemsInList" time="17.892" classname="com.focus.testcases.UserRestrictionsTest">
    <failure type="java.lang.AssertionError" message="expected [true] but found [false]">
      <![CDATA[java.lang.AssertionError: expected [true] but found [false]
	at com.focus.testcases.UserRestrictionsTest.checkItemMasterWhetherShowingOnlyRestrictedItemsInList(UserRestrictionsTest.java:74)
... Removed 30 stack frames]]>
    </failure>
  </testcase> <!-- checkItemMasterWhetherShowingOnlyRestrictedItemsInList -->
  <testcase name="checkSearchItemsWhetherNonRestrictedItemsAreDisplaying" time="57.643" classname="com.focus.testcases.UserRestrictionsTest"/>
  <testcase name="checkDepartmentMasterWhetherShowingOnlyRestrictedDepartmentInList" time="16.042" classname="com.focus.testcases.UserRestrictionsTest"/>
  <testcase name="checkSearchDepartmentWhetherNonRestrictedDepartmentsAreDisplaying" time="47.207" classname="com.focus.testcases.UserRestrictionsTest"/>
  <testcase name="checkWarehouseMasterWhetherShowingOnlyRestrictedWarehouseInList" time="15.989" classname="com.focus.testcases.UserRestrictionsTest">
    <failure type="java.lang.AssertionError" message="expected [true] but found [false]">
      <![CDATA[java.lang.AssertionError: expected [true] but found [false]
	at com.focus.testcases.UserRestrictionsTest.checkWarehouseMasterWhetherShowingOnlyRestrictedWarehouseInList(UserRestrictionsTest.java:103)
... Removed 30 stack frames]]>
    </failure>
  </testcase> <!-- checkWarehouseMasterWhetherShowingOnlyRestrictedWarehouseInList -->
  <testcase name="checkSearchWarehouseWhetherNonRestrictedWarehousesAreDisplaying" time="46.387" classname="com.focus.testcases.UserRestrictionsTest"/>
  <testcase name="checkBranchMasterWhetherShowingOnlyRestrictedBranchInList" time="8.017" classname="com.focus.testcases.UserRestrictionsTest"/>
  <testcase name="checkPurchaseVoucherHomePageMastersList" time="12.771" classname="com.focus.testcases.UserRestrictionsTest">
    <failure type="java.lang.AssertionError" message="expected [true] but found [false]">
      <![CDATA[java.lang.AssertionError: expected [true] but found [false]
	at com.focus.testcases.UserRestrictionsTest.checkPurchaseVoucherHomePageMastersList(UserRestrictionsTest.java:124)
... Removed 30 stack frames]]>
    </failure>
  </testcase> <!-- checkPurchaseVoucherHomePageMastersList -->
  <testcase name="checkPurchasesVoucherForAllTheMastersListInMastersDropdown" time="26.673" classname="com.focus.testcases.UserRestrictionsTest"/>
  <testcase name="checkSalesInvoiceVoucherHomePgaeMastersList" time="9.579" classname="com.focus.testcases.UserRestrictionsTest"/>
  <testcase name="checkMastersListInSalesInvoices" time="20.793" classname="com.focus.testcases.UserRestrictionsTest"/>
  <testcase name="checkPaymentsVoucherHomePageMastersList" time="4.456" classname="com.focus.testcases.UserRestrictionsTest"/>
  <testcase name="checkMastersListInPayments" time="16.878" classname="com.focus.testcases.UserRestrictionsTest"/>
  <testcase name="checkReceiptsHomePageMasterList" time="3.875" classname="com.focus.testcases.UserRestrictionsTest"/>
  <testcase name="checkMasterInReceipts" time="13.66" classname="com.focus.testcases.UserRestrictionsTest"/>
  <testcase name="checkItemQueryReport" time="32.505" classname="com.focus.testcases.FocusInventoryReportsTest"/>
  <testcase name="checkStockLedgerReport" time="114.871" classname="com.focus.testcases.FocusInventoryReportsTest"/>
  <testcase name="checkFilterInStockLedger" time="82.322" classname="com.focus.testcases.FocusInventoryReportsTest">
    <failure type="org.openqa.selenium.TimeoutException" message="Expected condition failed: waiting for element to be clickable: Proxy element for: DefaultElementLocator &amp;apos;By.xpath: //span[@id=&amp;apos;idFilterCustomizeIcon&amp;apos;]&amp;apos; (tried for 20 second(s) with 1000 milliseconds interval)">
      <![CDATA[org.openqa.selenium.TimeoutException: Expected condition failed: waiting for element to be clickable: Proxy element for: DefaultElementLocator 'By.xpath: //span[@id='idFilterCustomizeIcon']' (tried for 20 second(s) with 1000 milliseconds interval)
	at org.openqa.selenium.support.ui.FluentWait.timeoutException(FluentWait.java:303)
	at org.openqa.selenium.support.ui.FluentWait.until(FluentWait.java:271)
	at com.focus.Pages.FocusInventoryReportsPage.checkFilterInStockLedger(FocusInventoryReportsPage.java:613)
	at com.focus.testcases.FocusInventoryReportsTest.checkFilterInStockLedger(FocusInventoryReportsTest.java:48)
Caused by: org.openqa.selenium.NoSuchElementException: no such element: Unable to locate element: {"method":"xpath","selector":"//span[@id='idFilterCustomizeIcon']"}
  (Session info: chrome=108.0.5359.125)
For documentation on this error, please visit: http://seleniumhq.org/exceptions/no_such_element.html
Build info: version: '3.12.0', revision: '7c6e0b3', time: '2018-05-08T14:04:26.12Z'
System info: host: 'FOCUS-QA-118', ip: '172.25.128.1', os.name: 'Windows 10', os.arch: 'amd64', os.version: '10.0', java.version: '1.8.0_111'
Driver info: org.openqa.selenium.chrome.ChromeDriver
Capabilities {acceptInsecureCerts: false, browserName: chrome, browserVersion: 108.0.5359.125, chrome: {chromedriverVersion: 108.0.5359.71 (1e0e3868ee06..., userDataDir: C:\Users\Admin\AppData\Loca...}, goog:chromeOptions: {debuggerAddress: localhost:59117}, javascriptEnabled: true, networkConnectionEnabled: false, pageLoadStrategy: normal, platform: WINDOWS, platformName: WINDOWS, proxy: Proxy(), setWindowRect: true, strictFileInteractability: false, timeouts: {implicit: 0, pageLoad: 300000, script: 30000}, unhandledPromptBehavior: dismiss and notify, webauthn:extension:credBlob: true, webauthn:extension:largeBlob: true, webauthn:virtualAuthenticators: true}
Session ID: 1bcd8e78fabc8bf58d67515832e51201
*** Element info: {Using=xpath, value=//span[@id='idFilterCustomizeIcon']}
	at org.openqa.selenium.remote.http.W3CHttpResponseCodec.createException(W3CHttpResponseCodec.java:187)
	at org.openqa.selenium.remote.http.W3CHttpResponseCodec.decode(W3CHttpResponseCodec.java:122)
	at org.openqa.selenium.remote.http.W3CHttpResponseCodec.decode(W3CHttpResponseCodec.java:49)
	at org.openqa.selenium.remote.HttpCommandExecutor.execute(HttpCommandExecutor.java:158)
	at org.openqa.selenium.remote.service.DriverCommandExecutor.execute(DriverCommandExecutor.java:83)
	at org.openqa.selenium.remote.RemoteWebDriver.execute(RemoteWebDriver.java:543)
	at org.openqa.selenium.remote.RemoteWebDriver.findElement(RemoteWebDriver.java:317)
	at org.openqa.selenium.remote.RemoteWebDriver.findElementByXPath(RemoteWebDriver.java:419)
	at org.openqa.selenium.By$ByXPath.findElement(By.java:353)
	at org.openqa.selenium.remote.RemoteWebDriver.findElement(RemoteWebDriver.java:309)
	at org.openqa.selenium.support.pagefactory.DefaultElementLocator.findElement(DefaultElementLocator.java:69)
	at org.openqa.selenium.support.pagefactory.internal.LocatingElementHandler.invoke(LocatingElementHandler.java:38)
	at com.sun.proxy.$Proxy14.isDisplayed(Unknown Source)
	at org.openqa.selenium.support.ui.ExpectedConditions.elementIfVisible(ExpectedConditions.java:315)
	at org.openqa.selenium.support.ui.ExpectedConditions.access$100(ExpectedConditions.java:44)
	at org.openqa.selenium.support.ui.ExpectedConditions$10.apply(ExpectedConditions.java:301)
	at org.openqa.selenium.support.ui.ExpectedConditions$10.apply(ExpectedConditions.java:298)
	at org.openqa.selenium.support.ui.ExpectedConditions$23.apply(ExpectedConditions.java:686)
	at org.openqa.selenium.support.ui.ExpectedConditions$23.apply(ExpectedConditions.java:682)
	at org.openqa.selenium.support.ui.FluentWait.until(FluentWait.java:248)
	... 26 more
... Removed 28 stack frames]]>
    </failure>
  </testcase> <!-- checkFilterInStockLedger -->
  <testcase name="checkOpeningStockRegisterReport" time="8.776" classname="com.focus.testcases.FocusInventoryReportsTest"/>
  <testcase name="checkStockStatementReport" time="25.734" classname="com.focus.testcases.FocusInventoryReportsTest"/>
  <testcase name="checkPrintOptionInStockStatements" time="26.377" classname="com.focus.testcases.FocusInventoryReportsTest"/>
  <testcase name="checkStockMovementReport" time="13.402" classname="com.focus.testcases.FocusInventoryReportsTest"/>
  <testcase name="checkVirtualStockAnalysisReport" time="12.011" classname="com.focus.testcases.FocusInventoryReportsTest"/>
  <testcase name="checkStockValuationReportByProduct" time="11.732" classname="com.focus.testcases.FocusInventoryReportsTest"/>
  <testcase name="checkStockValuationReportByProductByInventoryTag" time="11.614" classname="com.focus.testcases.FocusInventoryReportsTest"/>
  <testcase name="checkStockValuationReportByInventoryByProduct" time="10.639" classname="com.focus.testcases.FocusInventoryReportsTest"/>
  <testcase name="checkStockReprtByTagReport" time="15.637" classname="com.focus.testcases.FocusInventoryReportsTest"/>
  <testcase name="checkStockValuationByFATagReport" time="18.198" classname="com.focus.testcases.FocusInventoryReportsTest"/>
  <testcase name="checkABCAnalysisReport" time="13.051" classname="com.focus.testcases.FocusInventoryReportsTest"/>
  <testcase name="checkStockAnalysisByBatchReport" time="13.138" classname="com.focus.testcases.FocusInventoryReportsTest"/>
  <testcase name="checkStockAnalysisByRMAReport" time="22.483" classname="com.focus.testcases.FocusInventoryReportsTest"/>
  <testcase name="checkStockDetailsByBins" time="22.988" classname="com.focus.testcases.FocusInventoryReportsTest"/>
  <testcase name="checkStockBlanceByBinsReport" time="24.74" classname="com.focus.testcases.FocusInventoryReportsTest"/>
  <testcase name="checkStockBalanceByItemsByBinsReport" time="25.128" classname="com.focus.testcases.FocusInventoryReportsTest"/>
  <testcase name="checkExpiredStockByBinsReports" time="16.004" classname="com.focus.testcases.FocusInventoryReportsTest"/>
  <testcase name="checkStockBalanceByWarehouse" time="24.3" classname="com.focus.testcases.FocusInventoryReportsTest"/>
  <testcase name="checkAgeingAnalysisByBatchReport" time="23.25" classname="com.focus.testcases.FocusInventoryReportsTest"/>
  <testcase name="checkStockAgeingAnalysisByRMAReport" time="20.846" classname="com.focus.testcases.FocusInventoryReportsTest">
    <failure type="java.lang.AssertionError" message="expected [true] but found [false]">
      <![CDATA[java.lang.AssertionError: expected [true] but found [false]
	at com.focus.testcases.FocusInventoryReportsTest.checkStockAgeingAnalysisByRMAReport(FocusInventoryReportsTest.java:195)
... Removed 30 stack frames]]>
    </failure>
  </testcase> <!-- checkStockAgeingAnalysisByRMAReport -->
  <testcase name="checkFastMovingItemsReport" time="15.071" classname="com.focus.testcases.FocusInventoryReportsTest"/>
  <testcase name="checkSlowMovingItemsReport" time="15.423" classname="com.focus.testcases.FocusInventoryReportsTest"/>
  <testcase name="checkPeakAndLowBlancesReport" time="16.937" classname="com.focus.testcases.FocusInventoryReportsTest"/>
  <testcase name="checkBestSellingItemReport" time="13.883" classname="com.focus.testcases.FocusInventoryReportsTest"/>
  <testcase name="checkStockTransferRegisterReport" time="31.107" classname="com.focus.testcases.FocusInventoryReportsTest"/>
  <testcase name="checkTransactionTypeWiseStockReport" time="44.849" classname="com.focus.testcases.FocusInventoryReportsTest">
    <failure type="java.lang.AssertionError" message="expected [true] but found [false]">
      <![CDATA[java.lang.AssertionError: expected [true] but found [false]
	at com.focus.testcases.FocusInventoryReportsTest.checkTransactionTypeWiseStockReport(FocusInventoryReportsTest.java:259)
... Removed 30 stack frames]]>
    </failure>
  </testcase> <!-- checkTransactionTypeWiseStockReport -->
  <testcase name="checkActualConsumptionReport" time="33.958" classname="com.focus.testcases.FocusInventoryReportsTest">
    <failure type="java.lang.AssertionError" message="expected [true] but found [false]">
      <![CDATA[java.lang.AssertionError: expected [true] but found [false]
	at com.focus.testcases.FocusInventoryReportsTest.checkActualConsumptionReport(FocusInventoryReportsTest.java:266)
... Removed 30 stack frames]]>
    </failure>
  </testcase> <!-- checkActualConsumptionReport -->
  <testcase name="checkGeneralLedgerandInventoryMismatchReport" time="16.352" classname="com.focus.testcases.FocusInventoryReportsTest"/>
  <testcase name="checkLoginWithRERInFA" time="90.363" classname="com.focus.testcases.FocusFinancialsReportTest">
    <failure type="org.openqa.selenium.TimeoutException" message="Expected condition failed: waiting for element to be clickable: Proxy element for: DefaultElementLocator &amp;apos;By.xpath: //*[@id=&amp;apos;txtUsername&amp;apos;]&amp;apos; (tried for 20 second(s) with 1000 milliseconds interval)">
      <![CDATA[org.openqa.selenium.TimeoutException: Expected condition failed: waiting for element to be clickable: Proxy element for: DefaultElementLocator 'By.xpath: //*[@id='txtUsername']' (tried for 20 second(s) with 1000 milliseconds interval)
	at org.openqa.selenium.support.ui.FluentWait.timeoutException(FluentWait.java:303)
	at org.openqa.selenium.support.ui.FluentWait.until(FluentWait.java:271)
	at com.focus.Pages.LoginPage.enterUserName(LoginPage.java:920)
	at com.focus.Pages.UserRestrictionsPage.checkLoginWithRERInFA(UserRestrictionsPage.java:640)
	at com.focus.testcases.FocusFinancialsReportTest.checkLoginWithRERInFA(FocusFinancialsReportTest.java:32)
Caused by: org.openqa.selenium.NoSuchElementException: no such element: Unable to locate element: {"method":"xpath","selector":"//*[@id='txtUsername']"}
  (Session info: chrome=108.0.5359.125)
For documentation on this error, please visit: http://seleniumhq.org/exceptions/no_such_element.html
Build info: version: '3.12.0', revision: '7c6e0b3', time: '2018-05-08T14:04:26.12Z'
System info: host: 'FOCUS-QA-118', ip: '172.25.128.1', os.name: 'Windows 10', os.arch: 'amd64', os.version: '10.0', java.version: '1.8.0_111'
Driver info: org.openqa.selenium.chrome.ChromeDriver
Capabilities {acceptInsecureCerts: false, browserName: chrome, browserVersion: 108.0.5359.125, chrome: {chromedriverVersion: 108.0.5359.71 (1e0e3868ee06..., userDataDir: C:\Users\Admin\AppData\Loca...}, goog:chromeOptions: {debuggerAddress: localhost:59117}, javascriptEnabled: true, networkConnectionEnabled: false, pageLoadStrategy: normal, platform: WINDOWS, platformName: WINDOWS, proxy: Proxy(), setWindowRect: true, strictFileInteractability: false, timeouts: {implicit: 0, pageLoad: 300000, script: 30000}, unhandledPromptBehavior: dismiss and notify, webauthn:extension:credBlob: true, webauthn:extension:largeBlob: true, webauthn:virtualAuthenticators: true}
Session ID: 1bcd8e78fabc8bf58d67515832e51201
*** Element info: {Using=xpath, value=//*[@id='txtUsername']}
	at org.openqa.selenium.remote.http.W3CHttpResponseCodec.createException(W3CHttpResponseCodec.java:187)
	at org.openqa.selenium.remote.http.W3CHttpResponseCodec.decode(W3CHttpResponseCodec.java:122)
	at org.openqa.selenium.remote.http.W3CHttpResponseCodec.decode(W3CHttpResponseCodec.java:49)
	at org.openqa.selenium.remote.HttpCommandExecutor.execute(HttpCommandExecutor.java:158)
	at org.openqa.selenium.remote.service.DriverCommandExecutor.execute(DriverCommandExecutor.java:83)
	at org.openqa.selenium.remote.RemoteWebDriver.execute(RemoteWebDriver.java:543)
	at org.openqa.selenium.remote.RemoteWebDriver.findElement(RemoteWebDriver.java:317)
	at org.openqa.selenium.remote.RemoteWebDriver.findElementByXPath(RemoteWebDriver.java:419)
	at org.openqa.selenium.By$ByXPath.findElement(By.java:353)
	at org.openqa.selenium.remote.RemoteWebDriver.findElement(RemoteWebDriver.java:309)
	at org.openqa.selenium.support.pagefactory.DefaultElementLocator.findElement(DefaultElementLocator.java:69)
	at org.openqa.selenium.support.pagefactory.internal.LocatingElementHandler.invoke(LocatingElementHandler.java:38)
	at com.sun.proxy.$Proxy14.isDisplayed(Unknown Source)
	at org.openqa.selenium.support.ui.ExpectedConditions.elementIfVisible(ExpectedConditions.java:315)
	at org.openqa.selenium.support.ui.ExpectedConditions.access$100(ExpectedConditions.java:44)
	at org.openqa.selenium.support.ui.ExpectedConditions$10.apply(ExpectedConditions.java:301)
	at org.openqa.selenium.support.ui.ExpectedConditions$10.apply(ExpectedConditions.java:298)
	at org.openqa.selenium.support.ui.ExpectedConditions$23.apply(ExpectedConditions.java:686)
	at org.openqa.selenium.support.ui.ExpectedConditions$23.apply(ExpectedConditions.java:682)
	at org.openqa.selenium.support.ui.FluentWait.until(FluentWait.java:248)
	... 27 more
... Removed 28 stack frames]]>
    </failure>
  </testcase> <!-- checkLoginWithRERInFA -->
  <testcase name="checkLedgerReport" time="178.995" classname="com.focus.testcases.FocusFinancialsReportTest">
    <failure type="java.lang.AssertionError" message="expected [true] but found [false]">
      <![CDATA[java.lang.AssertionError: expected [true] but found [false]
	at com.focus.testcases.FocusFinancialsReportTest.checkLedgerReport(FocusFinancialsReportTest.java:39)
... Removed 30 stack frames]]>
    </failure>
  </testcase> <!-- checkLedgerReport -->
  <testcase name="checkPrintOptionInLedgerAndValidatePDF" time="29.69" classname="com.focus.testcases.FocusFinancialsReportTest">
    <failure type="java.io.FileNotFoundException" message="D:\FocusUserRestrictions\FocusAI\autoIt\ExportFiles\LedgerPDF.pdf (The system cannot find the file specified)">
      <![CDATA[java.io.FileNotFoundException: D:\FocusUserRestrictions\FocusAI\autoIt\ExportFiles\LedgerPDF.pdf (The system cannot find the file specified)
	at java.io.RandomAccessFile.open0(Native Method)
	at java.io.RandomAccessFile.open(Unknown Source)
	at java.io.RandomAccessFile.<init>(Unknown Source)
	at org.apache.pdfbox.io.RandomAccessBufferedFileInputStream.<init>(RandomAccessBufferedFileInputStream.java:99)
	at org.apache.pdfbox.pdmodel.PDDocument.load(PDDocument.java:1006)
	at org.apache.pdfbox.pdmodel.PDDocument.load(PDDocument.java:969)
	at org.apache.pdfbox.pdmodel.PDDocument.load(PDDocument.java:917)
	at com.testautomationguru.utility.PDFUtil.getPDFText(PDFUtil.java:239)
	at com.testautomationguru.utility.PDFUtil.comparepdfFilesWithTextMode(PDFUtil.java:323)
	at com.testautomationguru.utility.PDFUtil.comparePdfFiles(PDFUtil.java:316)
	at com.testautomationguru.utility.PDFUtil.compare(PDFUtil.java:278)
	at com.focus.Pages.FocusFinancialsReportPage.checkPrintOptionInLedgerAndValidatePDF(FocusFinancialsReportPage.java:835)
	at com.focus.testcases.FocusFinancialsReportTest.checkPrintOptionInLedgerAndValidatePDF(FocusFinancialsReportTest.java:46)
... Removed 24 stack frames]]>
    </failure>
  </testcase> <!-- checkPrintOptionInLedgerAndValidatePDF -->
  <testcase name="checkFilterOptionInLedger" time="82.333" classname="com.focus.testcases.FocusFinancialsReportTest">
    <failure type="org.openqa.selenium.TimeoutException" message="Expected condition failed: waiting for element to be clickable: Proxy element for: DefaultElementLocator &amp;apos;By.xpath: //span[@id=&amp;apos;idFilterCustomizeIcon&amp;apos;]&amp;apos; (tried for 20 second(s) with 1000 milliseconds interval)">
      <![CDATA[org.openqa.selenium.TimeoutException: Expected condition failed: waiting for element to be clickable: Proxy element for: DefaultElementLocator 'By.xpath: //span[@id='idFilterCustomizeIcon']' (tried for 20 second(s) with 1000 milliseconds interval)
	at org.openqa.selenium.support.ui.FluentWait.timeoutException(FluentWait.java:303)
	at org.openqa.selenium.support.ui.FluentWait.until(FluentWait.java:271)
	at com.focus.Pages.FocusFinancialsReportPage.checkFilterOptionInLedger(FocusFinancialsReportPage.java:864)
	at com.focus.testcases.FocusFinancialsReportTest.checkFilterOptionInLedger(FocusFinancialsReportTest.java:53)
Caused by: org.openqa.selenium.NoSuchElementException: no such element: Unable to locate element: {"method":"xpath","selector":"//span[@id='idFilterCustomizeIcon']"}
  (Session info: chrome=108.0.5359.125)
For documentation on this error, please visit: http://seleniumhq.org/exceptions/no_such_element.html
Build info: version: '3.12.0', revision: '7c6e0b3', time: '2018-05-08T14:04:26.12Z'
System info: host: 'FOCUS-QA-118', ip: '172.25.128.1', os.name: 'Windows 10', os.arch: 'amd64', os.version: '10.0', java.version: '1.8.0_111'
Driver info: org.openqa.selenium.chrome.ChromeDriver
Capabilities {acceptInsecureCerts: false, browserName: chrome, browserVersion: 108.0.5359.125, chrome: {chromedriverVersion: 108.0.5359.71 (1e0e3868ee06..., userDataDir: C:\Users\Admin\AppData\Loca...}, goog:chromeOptions: {debuggerAddress: localhost:59117}, javascriptEnabled: true, networkConnectionEnabled: false, pageLoadStrategy: normal, platform: WINDOWS, platformName: WINDOWS, proxy: Proxy(), setWindowRect: true, strictFileInteractability: false, timeouts: {implicit: 0, pageLoad: 300000, script: 30000}, unhandledPromptBehavior: dismiss and notify, webauthn:extension:credBlob: true, webauthn:extension:largeBlob: true, webauthn:virtualAuthenticators: true}
Session ID: 1bcd8e78fabc8bf58d67515832e51201
*** Element info: {Using=xpath, value=//span[@id='idFilterCustomizeIcon']}
	at org.openqa.selenium.remote.http.W3CHttpResponseCodec.createException(W3CHttpResponseCodec.java:187)
	at org.openqa.selenium.remote.http.W3CHttpResponseCodec.decode(W3CHttpResponseCodec.java:122)
	at org.openqa.selenium.remote.http.W3CHttpResponseCodec.decode(W3CHttpResponseCodec.java:49)
	at org.openqa.selenium.remote.HttpCommandExecutor.execute(HttpCommandExecutor.java:158)
	at org.openqa.selenium.remote.service.DriverCommandExecutor.execute(DriverCommandExecutor.java:83)
	at org.openqa.selenium.remote.RemoteWebDriver.execute(RemoteWebDriver.java:543)
	at org.openqa.selenium.remote.RemoteWebDriver.findElement(RemoteWebDriver.java:317)
	at org.openqa.selenium.remote.RemoteWebDriver.findElementByXPath(RemoteWebDriver.java:419)
	at org.openqa.selenium.By$ByXPath.findElement(By.java:353)
	at org.openqa.selenium.remote.RemoteWebDriver.findElement(RemoteWebDriver.java:309)
	at org.openqa.selenium.support.pagefactory.DefaultElementLocator.findElement(DefaultElementLocator.java:69)
	at org.openqa.selenium.support.pagefactory.internal.LocatingElementHandler.invoke(LocatingElementHandler.java:38)
	at com.sun.proxy.$Proxy14.isDisplayed(Unknown Source)
	at org.openqa.selenium.support.ui.ExpectedConditions.elementIfVisible(ExpectedConditions.java:315)
	at org.openqa.selenium.support.ui.ExpectedConditions.access$100(ExpectedConditions.java:44)
	at org.openqa.selenium.support.ui.ExpectedConditions$10.apply(ExpectedConditions.java:301)
	at org.openqa.selenium.support.ui.ExpectedConditions$10.apply(ExpectedConditions.java:298)
	at org.openqa.selenium.support.ui.ExpectedConditions$23.apply(ExpectedConditions.java:686)
	at org.openqa.selenium.support.ui.ExpectedConditions$23.apply(ExpectedConditions.java:682)
	at org.openqa.selenium.support.ui.FluentWait.until(FluentWait.java:248)
	... 26 more
... Removed 28 stack frames]]>
    </failure>
  </testcase> <!-- checkFilterOptionInLedger -->
  <testcase name="checkLedgerDetailReport" time="133.052" classname="com.focus.testcases.FocusFinancialsReportTest">
    <failure type="java.lang.AssertionError" message="expected [true] but found [false]">
      <![CDATA[java.lang.AssertionError: expected [true] but found [false]
	at com.focus.testcases.FocusFinancialsReportTest.checkLedgerDetailReport(FocusFinancialsReportTest.java:60)
... Removed 30 stack frames]]>
    </failure>
  </testcase> <!-- checkLedgerDetailReport -->
  <testcase name="checkSubLedgerReport" time="9.324" classname="com.focus.testcases.FocusFinancialsReportTest"/>
  <testcase name="checkCashBookReport" time="11.722" classname="com.focus.testcases.FocusFinancialsReportTest"/>
  <testcase name="checkBankBookAccountReport" time="16.816" classname="com.focus.testcases.FocusFinancialsReportTest">
    <failure type="java.lang.AssertionError" message="expected [true] but found [false]">
      <![CDATA[java.lang.AssertionError: expected [true] but found [false]
	at com.focus.testcases.FocusFinancialsReportTest.checkBankBookAccountReport(FocusFinancialsReportTest.java:81)
... Removed 30 stack frames]]>
    </failure>
  </testcase> <!-- checkBankBookAccountReport -->
  <testcase name="checkPettyCashBookReport" time="8.296" classname="com.focus.testcases.FocusFinancialsReportTest"/>
  <testcase name="checkDayBookReport" time="54.565" classname="com.focus.testcases.FocusFinancialsReportTest">
    <failure type="java.lang.AssertionError" message="expected [true] but found [false]">
      <![CDATA[java.lang.AssertionError: expected [true] but found [false]
	at com.focus.testcases.FocusFinancialsReportTest.checkDayBookReport(FocusFinancialsReportTest.java:95)
... Removed 30 stack frames]]>
    </failure>
  </testcase> <!-- checkDayBookReport -->
  <testcase name="checkVirtualBankLedger" time="24.689" classname="com.focus.testcases.FocusFinancialsReportTest"/>
  <testcase name="checkSalesRegisterReport" time="9.025" classname="com.focus.testcases.FocusFinancialsReportTest"/>
  <testcase name="checkSalesSummaryRegisterReport" time="7.13" classname="com.focus.testcases.FocusFinancialsReportTest"/>
  <testcase name="checkMonthlySalesReport" time="5.482" classname="com.focus.testcases.FocusFinancialsReportTest"/>
  <testcase name="checkTopCustomersReports" time="5.465" classname="com.focus.testcases.FocusFinancialsReportTest"/>
  <testcase name="checkTopCustomersReportsForGroupAccount" time="2.906" classname="com.focus.testcases.FocusFinancialsReportTest">
    <failure type="org.openqa.selenium.StaleElementReferenceException" message="stale element reference: element is not attached to the page document
  (Session info: chrome=108.0.5359.125)
For documentation on this error, please visit: http://seleniumhq.org/exceptions/stale_element_reference.html
Build info: version: &amp;apos;3.12.0&amp;apos;, revision: &amp;apos;7c6e0b3&amp;apos;, time: &amp;apos;2018-05-08T14:04:26.12Z&amp;apos;
System info: host: &amp;apos;FOCUS-QA-118&amp;apos;, ip: &amp;apos;172.25.128.1&amp;apos;, os.name: &amp;apos;Windows 10&amp;apos;, os.arch: &amp;apos;amd64&amp;apos;, os.version: &amp;apos;10.0&amp;apos;, java.version: &amp;apos;1.8.0_111&amp;apos;
Driver info: org.openqa.selenium.chrome.ChromeDriver
Capabilities {acceptInsecureCerts: false, browserName: chrome, browserVersion: 108.0.5359.125, chrome: {chromedriverVersion: 108.0.5359.71 (1e0e3868ee06..., userDataDir: C:\Users\Admin\AppData\Loca...}, goog:chromeOptions: {debuggerAddress: localhost:59117}, javascriptEnabled: true, networkConnectionEnabled: false, pageLoadStrategy: normal, platform: WINDOWS, platformName: WINDOWS, proxy: Proxy(), setWindowRect: true, strictFileInteractability: false, timeouts: {implicit: 0, pageLoad: 300000, script: 30000}, unhandledPromptBehavior: dismiss and notify, webauthn:extension:credBlob: true, webauthn:extension:largeBlob: true, webauthn:virtualAuthenticators: true}
Session ID: 1bcd8e78fabc8bf58d67515832e51201">
      <![CDATA[org.openqa.selenium.StaleElementReferenceException: stale element reference: element is not attached to the page document
  (Session info: chrome=108.0.5359.125)
For documentation on this error, please visit: http://seleniumhq.org/exceptions/stale_element_reference.html
Build info: version: '3.12.0', revision: '7c6e0b3', time: '2018-05-08T14:04:26.12Z'
System info: host: 'FOCUS-QA-118', ip: '172.25.128.1', os.name: 'Windows 10', os.arch: 'amd64', os.version: '10.0', java.version: '1.8.0_111'
Driver info: org.openqa.selenium.chrome.ChromeDriver
Capabilities {acceptInsecureCerts: false, browserName: chrome, browserVersion: 108.0.5359.125, chrome: {chromedriverVersion: 108.0.5359.71 (1e0e3868ee06..., userDataDir: C:\Users\Admin\AppData\Loca...}, goog:chromeOptions: {debuggerAddress: localhost:59117}, javascriptEnabled: true, networkConnectionEnabled: false, pageLoadStrategy: normal, platform: WINDOWS, platformName: WINDOWS, proxy: Proxy(), setWindowRect: true, strictFileInteractability: false, timeouts: {implicit: 0, pageLoad: 300000, script: 30000}, unhandledPromptBehavior: dismiss and notify, webauthn:extension:credBlob: true, webauthn:extension:largeBlob: true, webauthn:virtualAuthenticators: true}
Session ID: 1bcd8e78fabc8bf58d67515832e51201
	at org.openqa.selenium.remote.http.W3CHttpResponseCodec.createException(W3CHttpResponseCodec.java:187)
	at org.openqa.selenium.remote.http.W3CHttpResponseCodec.decode(W3CHttpResponseCodec.java:122)
	at org.openqa.selenium.remote.http.W3CHttpResponseCodec.decode(W3CHttpResponseCodec.java:49)
	at org.openqa.selenium.remote.HttpCommandExecutor.execute(HttpCommandExecutor.java:158)
	at org.openqa.selenium.remote.service.DriverCommandExecutor.execute(DriverCommandExecutor.java:83)
	at org.openqa.selenium.remote.RemoteWebDriver.execute(RemoteWebDriver.java:543)
	at org.openqa.selenium.remote.RemoteWebElement.execute(RemoteWebElement.java:276)
	at org.openqa.selenium.remote.RemoteWebElement.isDisplayed(RemoteWebElement.java:317)
	at org.openqa.selenium.support.pagefactory.internal.LocatingElementHandler.invoke(LocatingElementHandler.java:51)
	at com.sun.proxy.$Proxy14.isDisplayed(Unknown Source)
	at org.openqa.selenium.support.ui.ExpectedConditions.elementIfVisible(ExpectedConditions.java:315)
	at org.openqa.selenium.support.ui.ExpectedConditions.access$100(ExpectedConditions.java:44)
	at org.openqa.selenium.support.ui.ExpectedConditions$10.apply(ExpectedConditions.java:301)
	at org.openqa.selenium.support.ui.ExpectedConditions$10.apply(ExpectedConditions.java:298)
	at org.openqa.selenium.support.ui.ExpectedConditions$23.apply(ExpectedConditions.java:686)
	at org.openqa.selenium.support.ui.ExpectedConditions$23.apply(ExpectedConditions.java:682)
	at org.openqa.selenium.support.ui.FluentWait.until(FluentWait.java:248)
	at com.focus.Pages.FocusFinancialsReportPage.checkTopCustomersReportsForGroupAccount(FocusFinancialsReportPage.java:3229)
	at com.focus.testcases.FocusFinancialsReportTest.checkTopCustomersReportsForGroupAccount(FocusFinancialsReportTest.java:137)
... Removed 31 stack frames]]>
    </failure>
  </testcase> <!-- checkTopCustomersReportsForGroupAccount -->
  <testcase name="checkPurchaseRegisterReport" time="49.713" classname="com.focus.testcases.FocusFinancialsReportTest">
    <failure type="java.lang.AssertionError" message="expected [true] but found [false]">
      <![CDATA[java.lang.AssertionError: expected [true] but found [false]
	at com.focus.testcases.FocusFinancialsReportTest.checkPurchaseRegisterReport(FocusFinancialsReportTest.java:146)
... Removed 30 stack frames]]>
    </failure>
  </testcase> <!-- checkPurchaseRegisterReport -->
  <testcase name="checkPurchaseReturnRegister" time="8.567" classname="com.focus.testcases.FocusFinancialsReportTest"/>
  <testcase name="checkSummaryPurchaseRegister" time="6.748" classname="com.focus.testcases.FocusFinancialsReportTest">
    <failure type="java.lang.AssertionError" message="expected [true] but found [false]">
      <![CDATA[java.lang.AssertionError: expected [true] but found [false]
	at com.focus.testcases.FocusFinancialsReportTest.checkSummaryPurchaseRegister(FocusFinancialsReportTest.java:160)
... Removed 30 stack frames]]>
    </failure>
  </testcase> <!-- checkSummaryPurchaseRegister -->
  <testcase name="checkOpeningBalanceRegister" time="12.748" classname="com.focus.testcases.FocusFinancialsReportTest"/>
  <testcase name="checkJournalEntryRegister" time="9.585" classname="com.focus.testcases.FocusFinancialsReportTest"/>
  <testcase name="checkCreditNoteRegister" time="8.615" classname="com.focus.testcases.FocusFinancialsReportTest"/>
  <testcase name="checkReciptsRegister" time="9.29" classname="com.focus.testcases.FocusFinancialsReportTest"/>
  <testcase name="checkPaymentsRegister" time="8.999" classname="com.focus.testcases.FocusFinancialsReportTest"/>
  <testcase name="checkPDCReceiptsRegister" time="6.835" classname="com.focus.testcases.FocusFinancialsReportTest"/>
  <testcase name="checkPDCPaymentsRegister" time="6.925" classname="com.focus.testcases.FocusFinancialsReportTest"/>
  <testcase name="checkEntryJournalRegister" time="34.251" classname="com.focus.testcases.FocusFinancialsReportTest">
    <failure type="java.lang.AssertionError" message="expected [true] but found [false]">
      <![CDATA[java.lang.AssertionError: expected [true] but found [false]
	at com.focus.testcases.FocusFinancialsReportTest.checkEntryJournalRegister(FocusFinancialsReportTest.java:216)
... Removed 30 stack frames]]>
    </failure>
  </testcase> <!-- checkEntryJournalRegister -->
  <testcase name="checkEntryJournalDetailReport" time="4.939" classname="com.focus.testcases.FocusFinancialsReportTest">
    <failure type="org.openqa.selenium.StaleElementReferenceException" message="stale element reference: element is not attached to the page document
  (Session info: chrome=108.0.5359.125)
For documentation on this error, please visit: http://seleniumhq.org/exceptions/stale_element_reference.html
Build info: version: &amp;apos;3.12.0&amp;apos;, revision: &amp;apos;7c6e0b3&amp;apos;, time: &amp;apos;2018-05-08T14:04:26.12Z&amp;apos;
System info: host: &amp;apos;FOCUS-QA-118&amp;apos;, ip: &amp;apos;172.25.128.1&amp;apos;, os.name: &amp;apos;Windows 10&amp;apos;, os.arch: &amp;apos;amd64&amp;apos;, os.version: &amp;apos;10.0&amp;apos;, java.version: &amp;apos;1.8.0_111&amp;apos;
Driver info: org.openqa.selenium.chrome.ChromeDriver
Capabilities {acceptInsecureCerts: false, browserName: chrome, browserVersion: 108.0.5359.125, chrome: {chromedriverVersion: 108.0.5359.71 (1e0e3868ee06..., userDataDir: C:\Users\Admin\AppData\Loca...}, goog:chromeOptions: {debuggerAddress: localhost:59117}, javascriptEnabled: true, networkConnectionEnabled: false, pageLoadStrategy: normal, platform: WINDOWS, platformName: WINDOWS, proxy: Proxy(), setWindowRect: true, strictFileInteractability: false, timeouts: {implicit: 0, pageLoad: 300000, script: 30000}, unhandledPromptBehavior: dismiss and notify, webauthn:extension:credBlob: true, webauthn:extension:largeBlob: true, webauthn:virtualAuthenticators: true}
Session ID: 1bcd8e78fabc8bf58d67515832e51201">
      <![CDATA[org.openqa.selenium.StaleElementReferenceException: stale element reference: element is not attached to the page document
  (Session info: chrome=108.0.5359.125)
For documentation on this error, please visit: http://seleniumhq.org/exceptions/stale_element_reference.html
Build info: version: '3.12.0', revision: '7c6e0b3', time: '2018-05-08T14:04:26.12Z'
System info: host: 'FOCUS-QA-118', ip: '172.25.128.1', os.name: 'Windows 10', os.arch: 'amd64', os.version: '10.0', java.version: '1.8.0_111'
Driver info: org.openqa.selenium.chrome.ChromeDriver
Capabilities {acceptInsecureCerts: false, browserName: chrome, browserVersion: 108.0.5359.125, chrome: {chromedriverVersion: 108.0.5359.71 (1e0e3868ee06..., userDataDir: C:\Users\Admin\AppData\Loca...}, goog:chromeOptions: {debuggerAddress: localhost:59117}, javascriptEnabled: true, networkConnectionEnabled: false, pageLoadStrategy: normal, platform: WINDOWS, platformName: WINDOWS, proxy: Proxy(), setWindowRect: true, strictFileInteractability: false, timeouts: {implicit: 0, pageLoad: 300000, script: 30000}, unhandledPromptBehavior: dismiss and notify, webauthn:extension:credBlob: true, webauthn:extension:largeBlob: true, webauthn:virtualAuthenticators: true}
Session ID: 1bcd8e78fabc8bf58d67515832e51201
	at org.openqa.selenium.remote.http.W3CHttpResponseCodec.createException(W3CHttpResponseCodec.java:187)
	at org.openqa.selenium.remote.http.W3CHttpResponseCodec.decode(W3CHttpResponseCodec.java:122)
	at org.openqa.selenium.remote.http.W3CHttpResponseCodec.decode(W3CHttpResponseCodec.java:49)
	at org.openqa.selenium.remote.HttpCommandExecutor.execute(HttpCommandExecutor.java:158)
	at org.openqa.selenium.remote.service.DriverCommandExecutor.execute(DriverCommandExecutor.java:83)
	at org.openqa.selenium.remote.RemoteWebDriver.execute(RemoteWebDriver.java:543)
	at org.openqa.selenium.remote.RemoteWebElement.execute(RemoteWebElement.java:276)
	at org.openqa.selenium.remote.RemoteWebElement.isDisplayed(RemoteWebElement.java:317)
	at org.openqa.selenium.support.pagefactory.internal.LocatingElementHandler.invoke(LocatingElementHandler.java:51)
	at com.sun.proxy.$Proxy14.isDisplayed(Unknown Source)
	at org.openqa.selenium.support.ui.ExpectedConditions.elementIfVisible(ExpectedConditions.java:315)
	at org.openqa.selenium.support.ui.ExpectedConditions.access$100(ExpectedConditions.java:44)
	at org.openqa.selenium.support.ui.ExpectedConditions$10.apply(ExpectedConditions.java:301)
	at org.openqa.selenium.support.ui.ExpectedConditions$10.apply(ExpectedConditions.java:298)
	at org.openqa.selenium.support.ui.ExpectedConditions$23.apply(ExpectedConditions.java:686)
	at org.openqa.selenium.support.ui.ExpectedConditions$23.apply(ExpectedConditions.java:682)
	at org.openqa.selenium.support.ui.FluentWait.until(FluentWait.java:248)
	at com.focus.Pages.FocusFinancialsReportPage.checkEntryJournalDetailReport(FocusFinancialsReportPage.java:4691)
	at com.focus.testcases.FocusFinancialsReportTest.checkEntryJournalDetailReport(FocusFinancialsReportTest.java:223)
... Removed 31 stack frames]]>
    </failure>
  </testcase> <!-- checkEntryJournalDetailReport -->
  <testcase name="checkSalesGroupedByCustomer" time="20.506" classname="com.focus.testcases.FocusFinancialsReportTest">
    <failure type="org.openqa.selenium.TimeoutException" message="Expected condition failed: waiting for element to be clickable: [[ChromeDriver: chrome on WINDOWS (1bcd8e78fabc8bf58d67515832e51201)] -&amp;gt; xpath: //*[@id=&amp;apos;523&amp;apos;]/span] (tried for 20 second(s) with 1000 milliseconds interval)
Build info: version: &amp;apos;3.12.0&amp;apos;, revision: &amp;apos;7c6e0b3&amp;apos;, time: &amp;apos;2018-05-08T14:04:26.12Z&amp;apos;
System info: host: &amp;apos;FOCUS-QA-118&amp;apos;, ip: &amp;apos;172.25.128.1&amp;apos;, os.name: &amp;apos;Windows 10&amp;apos;, os.arch: &amp;apos;amd64&amp;apos;, os.version: &amp;apos;10.0&amp;apos;, java.version: &amp;apos;1.8.0_111&amp;apos;
Driver info: driver.version: unknown">
      <![CDATA[org.openqa.selenium.TimeoutException: Expected condition failed: waiting for element to be clickable: [[ChromeDriver: chrome on WINDOWS (1bcd8e78fabc8bf58d67515832e51201)] -> xpath: //*[@id='523']/span] (tried for 20 second(s) with 1000 milliseconds interval)
Build info: version: '3.12.0', revision: '7c6e0b3', time: '2018-05-08T14:04:26.12Z'
System info: host: 'FOCUS-QA-118', ip: '172.25.128.1', os.name: 'Windows 10', os.arch: 'amd64', os.version: '10.0', java.version: '1.8.0_111'
Driver info: driver.version: unknown
	at org.openqa.selenium.support.ui.FluentWait.timeoutException(FluentWait.java:303)
	at org.openqa.selenium.support.ui.FluentWait.until(FluentWait.java:271)
	at com.focus.Pages.FocusFinancialsReportPage.checkSalesGroupedByCustomer(FocusFinancialsReportPage.java:5034)
	at com.focus.testcases.FocusFinancialsReportTest.checkSalesGroupedByCustomer(FocusFinancialsReportTest.java:231)
... Removed 24 stack frames]]>
    </failure>
  </testcase> <!-- checkSalesGroupedByCustomer -->
  <testcase name="checkSalesGroupedByItem" time="15.276" classname="com.focus.testcases.FocusFinancialsReportTest"/>
  <testcase name="checkSalesGroupedByDepartment" time="6.646" classname="com.focus.testcases.FocusFinancialsReportTest"/>
  <testcase name="checkPurchasesGroupedByVendor" time="17.928" classname="com.focus.testcases.FocusFinancialsReportTest"/>
  <testcase name="checkPurchasesGroupedByItem" time="18.451" classname="com.focus.testcases.FocusFinancialsReportTest"/>
  <testcase name="checkPurchasesGroupedByDepartment" time="17.292" classname="com.focus.testcases.FocusFinancialsReportTest"/>
  <testcase name="checkPeakAndLowBlanceAmount" time="14.078" classname="com.focus.testcases.FocusFinancialsReportTest">
    <failure type="java.lang.AssertionError" message="expected [true] but found [false]">
      <![CDATA[java.lang.AssertionError: expected [true] but found [false]
	at com.focus.testcases.FocusFinancialsReportTest.checkPeakAndLowBlanceAmount(FocusFinancialsReportTest.java:273)
... Removed 30 stack frames]]>
    </failure>
  </testcase> <!-- checkPeakAndLowBlanceAmount -->
  <testcase name="checkComparativeAnalysisReport" time="19.678" classname="com.focus.testcases.FocusFinancialsReportTest">
    <failure type="java.lang.AssertionError" message="expected [true] but found [false]">
      <![CDATA[java.lang.AssertionError: expected [true] but found [false]
	at com.focus.testcases.FocusFinancialsReportTest.checkComparativeAnalysisReport(FocusFinancialsReportTest.java:280)
... Removed 30 stack frames]]>
    </failure>
  </testcase> <!-- checkComparativeAnalysisReport -->
  <testcase name="checkTransactionsTypeAnalysis" time="9.627" classname="com.focus.testcases.FocusFinancialsReportTest"/>
  <testcase name="checkABCAnalysisAmountReport" time="13.374" classname="com.focus.testcases.FocusFinancialsReportTest"/>
  <testcase name="checkInterestCalculationReport" time="20.914" classname="com.focus.testcases.FocusFinancialsReportTest">
    <failure type="java.lang.AssertionError" message="expected [true] but found [false]">
      <![CDATA[java.lang.AssertionError: expected [true] but found [false]
	at com.focus.testcases.FocusFinancialsReportTest.checkInterestCalculationReport(FocusFinancialsReportTest.java:301)
... Removed 30 stack frames]]>
    </failure>
  </testcase> <!-- checkInterestCalculationReport -->
  <testcase name="checkMasterInfoOfAccountReport" time="20.305" classname="com.focus.testcases.FocusFinancialsReportTest"/>
  <testcase name="checkProductLableReport" time="4.715" classname="com.focus.testcases.FocusFinancialsReportTest"/>
  <testcase name="checkUnitConversionReport" time="9.999" classname="com.focus.testcases.FocusFinancialsReportTest"/>
  <testcase name="checkSkidDefinitionReport" time="3.401" classname="com.focus.testcases.FocusFinancialsReportTest"/>
  <testcase name="checkAuditTrailTransactionsOfOpeningBalances" time="8.474" classname="com.focus.testcases.FocusFinancialsReportTest"/>
  <testcase name="checkAuditTrailLoginsOfUsers" time="9.831" classname="com.focus.testcases.FocusFinancialsReportTest"/>
  <testcase name="checkAccountQueryReport" time="14.421" classname="com.focus.testcases.FocusFinancialsReportTest"/>
  <testcase name="checkTransactionAuthorizationReport" time="6.154" classname="com.focus.testcases.FocusFinancialsReportTest"/>
  <testcase name="checkMasterAuthorizationReport" time="5.704" classname="com.focus.testcases.FocusFinancialsReportTest"/>
  <testcase name="checkCustomerListingOfOutstandingBillsReport" time="57.04" classname="com.focus.testcases.FocusFinancialsReportTest"/>
  <testcase name="checkCustomerStatementsReport" time="47.041" classname="com.focus.testcases.FocusFinancialsReportTest"/>
  <testcase name="checkCustomerDueDateAnalysis" time="53.766" classname="com.focus.testcases.FocusFinancialsReportTest"/>
  <testcase name="checkCustomerAgeingDetailAnalysis" time="135.506" classname="com.focus.testcases.FocusFinancialsReportTest"/>
  <testcase name="checkCustomerAgeingDetailByDueDate" time="178.662" classname="com.focus.testcases.FocusFinancialsReportTest"/>
  <testcase name="checkCustomerOverDueAnalysis" time="69.121" classname="com.focus.testcases.FocusFinancialsReportTest"/>
  <testcase name="checkCustomerAgeingSummaryReport" time="6.368" classname="com.focus.testcases.FocusFinancialsReportTest"/>
  <testcase name="checkCustomerSummaryAgeingByDueDateReport" time="7.153" classname="com.focus.testcases.FocusFinancialsReportTest"/>
  <testcase name="checkCustomerOverDueSummaryReport" time="6.791" classname="com.focus.testcases.FocusFinancialsReportTest"/>
  <testcase name="checkCustomerBillWiseSummaryReport" time="6.298" classname="com.focus.testcases.FocusFinancialsReportTest"/>
  <testcase name="checkVendorListingOfOutStandingBills" time="85.949" classname="com.focus.testcases.FocusFinancialsReportTest">
    <failure type="java.lang.AssertionError" message="expected [true] but found [false]">
      <![CDATA[java.lang.AssertionError: expected [true] but found [false]
	at com.focus.testcases.FocusFinancialsReportTest.checkVendorListingOfOutStandingBills(FocusFinancialsReportTest.java:445)
... Removed 30 stack frames]]>
    </failure>
  </testcase> <!-- checkVendorListingOfOutStandingBills -->
  <testcase name="checkVendorStatementsReport" time="88.431" classname="com.focus.testcases.FocusFinancialsReportTest">
    <failure type="java.lang.AssertionError" message="expected [true] but found [false]">
      <![CDATA[java.lang.AssertionError: expected [true] but found [false]
	at com.focus.testcases.FocusFinancialsReportTest.checkVendorStatementsReport(FocusFinancialsReportTest.java:452)
... Removed 30 stack frames]]>
    </failure>
  </testcase> <!-- checkVendorStatementsReport -->
  <testcase name="checkVendorDueDateAnalysisReport" time="93.933" classname="com.focus.testcases.FocusFinancialsReportTest">
    <failure type="java.lang.AssertionError" message="expected [true] but found [false]">
      <![CDATA[java.lang.AssertionError: expected [true] but found [false]
	at com.focus.testcases.FocusFinancialsReportTest.checkVendorDueDateAnalysisReport(FocusFinancialsReportTest.java:459)
... Removed 30 stack frames]]>
    </failure>
  </testcase> <!-- checkVendorDueDateAnalysisReport -->
  <testcase name="checkVendorAgeingDetailsAnalysis" time="357.213" classname="com.focus.testcases.FocusFinancialsReportTest">
    <failure type="java.lang.AssertionError" message="expected [true] but found [false]">
      <![CDATA[java.lang.AssertionError: expected [true] but found [false]
	at com.focus.testcases.FocusFinancialsReportTest.checkVendorAgeingDetailsAnalysis(FocusFinancialsReportTest.java:467)
... Removed 30 stack frames]]>
    </failure>
  </testcase> <!-- checkVendorAgeingDetailsAnalysis -->
  <testcase name="checkVendorAgeingDetailByDueDateReport" time="86.914" classname="com.focus.testcases.FocusFinancialsReportTest">
    <failure type="org.openqa.selenium.TimeoutException" message="Expected condition failed: waiting for element to be clickable: Proxy element for: DefaultElementLocator &amp;apos;By.xpath: //select[@id=&amp;apos;DateOptions_&amp;apos;]&amp;apos; (tried for 20 second(s) with 1000 milliseconds interval)">
      <![CDATA[org.openqa.selenium.TimeoutException: Expected condition failed: waiting for element to be clickable: Proxy element for: DefaultElementLocator 'By.xpath: //select[@id='DateOptions_']' (tried for 20 second(s) with 1000 milliseconds interval)
	at org.openqa.selenium.support.ui.FluentWait.timeoutException(FluentWait.java:303)
	at org.openqa.selenium.support.ui.FluentWait.until(FluentWait.java:271)
	at com.focus.Pages.FocusFinancialsReportPage.checkVendorAgeingDetailByDueDateReport(FocusFinancialsReportPage.java:10914)
	at com.focus.testcases.FocusFinancialsReportTest.checkVendorAgeingDetailByDueDateReport(FocusFinancialsReportTest.java:476)
Caused by: org.openqa.selenium.NoSuchElementException: no such element: Unable to locate element: {"method":"xpath","selector":"//select[@id='DateOptions_']"}
  (Session info: chrome=108.0.5359.125)
For documentation on this error, please visit: http://seleniumhq.org/exceptions/no_such_element.html
Build info: version: '3.12.0', revision: '7c6e0b3', time: '2018-05-08T14:04:26.12Z'
System info: host: 'FOCUS-QA-118', ip: '172.25.128.1', os.name: 'Windows 10', os.arch: 'amd64', os.version: '10.0', java.version: '1.8.0_111'
Driver info: org.openqa.selenium.chrome.ChromeDriver
Capabilities {acceptInsecureCerts: false, browserName: chrome, browserVersion: 108.0.5359.125, chrome: {chromedriverVersion: 108.0.5359.71 (1e0e3868ee06..., userDataDir: C:\Users\Admin\AppData\Loca...}, goog:chromeOptions: {debuggerAddress: localhost:59117}, javascriptEnabled: true, networkConnectionEnabled: false, pageLoadStrategy: normal, platform: WINDOWS, platformName: WINDOWS, proxy: Proxy(), setWindowRect: true, strictFileInteractability: false, timeouts: {implicit: 0, pageLoad: 300000, script: 30000}, unhandledPromptBehavior: dismiss and notify, webauthn:extension:credBlob: true, webauthn:extension:largeBlob: true, webauthn:virtualAuthenticators: true}
Session ID: 1bcd8e78fabc8bf58d67515832e51201
*** Element info: {Using=xpath, value=//select[@id='DateOptions_']}
	at org.openqa.selenium.remote.http.W3CHttpResponseCodec.createException(W3CHttpResponseCodec.java:187)
	at org.openqa.selenium.remote.http.W3CHttpResponseCodec.decode(W3CHttpResponseCodec.java:122)
	at org.openqa.selenium.remote.http.W3CHttpResponseCodec.decode(W3CHttpResponseCodec.java:49)
	at org.openqa.selenium.remote.HttpCommandExecutor.execute(HttpCommandExecutor.java:158)
	at org.openqa.selenium.remote.service.DriverCommandExecutor.execute(DriverCommandExecutor.java:83)
	at org.openqa.selenium.remote.RemoteWebDriver.execute(RemoteWebDriver.java:543)
	at org.openqa.selenium.remote.RemoteWebDriver.findElement(RemoteWebDriver.java:317)
	at org.openqa.selenium.remote.RemoteWebDriver.findElementByXPath(RemoteWebDriver.java:419)
	at org.openqa.selenium.By$ByXPath.findElement(By.java:353)
	at org.openqa.selenium.remote.RemoteWebDriver.findElement(RemoteWebDriver.java:309)
	at org.openqa.selenium.support.pagefactory.DefaultElementLocator.findElement(DefaultElementLocator.java:69)
	at org.openqa.selenium.support.pagefactory.internal.LocatingElementHandler.invoke(LocatingElementHandler.java:38)
	at com.sun.proxy.$Proxy14.isDisplayed(Unknown Source)
	at org.openqa.selenium.support.ui.ExpectedConditions.elementIfVisible(ExpectedConditions.java:315)
	at org.openqa.selenium.support.ui.ExpectedConditions.access$100(ExpectedConditions.java:44)
	at org.openqa.selenium.support.ui.ExpectedConditions$10.apply(ExpectedConditions.java:301)
	at org.openqa.selenium.support.ui.ExpectedConditions$10.apply(ExpectedConditions.java:298)
	at org.openqa.selenium.support.ui.ExpectedConditions$23.apply(ExpectedConditions.java:686)
	at org.openqa.selenium.support.ui.ExpectedConditions$23.apply(ExpectedConditions.java:682)
	at org.openqa.selenium.support.ui.FluentWait.until(FluentWait.java:248)
	... 26 more
... Removed 28 stack frames]]>
    </failure>
  </testcase> <!-- checkVendorAgeingDetailByDueDateReport -->
  <testcase name="checkVendorOverDueAnalysisReport" time="18.028" classname="com.focus.testcases.FocusFinancialsReportTest">
    <failure type="org.openqa.selenium.ElementClickInterceptedException" message="element click intercepted: Element &amp;lt;input type=&amp;quot;checkbox&amp;quot; class=&amp;quot;Fchkbox&amp;quot; name=&amp;quot;selectAllMasters&amp;quot; id=&amp;quot;selectAllMasters_&amp;quot; onclick=&amp;quot;REPORTVIEW.checkAllMasters(this,&amp;apos;/Focus8W/Landing/Landing/SelectAllMasters&amp;apos;)&amp;quot; data-text=&amp;quot;Unselect All Account&amp;quot; data-selectalltext=&amp;quot;Select All&amp;quot; data-unselectalltext=&amp;quot;Unselect All&amp;quot; data-focusreport=&amp;quot;Account&amp;quot; data-landingdashletid=&amp;quot;&amp;quot;&amp;gt; is not clickable at point (1096, 575). Other element would receive the click: &amp;lt;div class=&amp;quot;theme_color font-3&amp;quot; style=&amp;quot;width: 100%; word-break: break-word; white-space: normal;&amp;quot;&amp;gt;...&amp;lt;/div&amp;gt;
  (Session info: chrome=108.0.5359.125)
Build info: version: &amp;apos;3.12.0&amp;apos;, revision: &amp;apos;7c6e0b3&amp;apos;, time: &amp;apos;2018-05-08T14:04:26.12Z&amp;apos;
System info: host: &amp;apos;FOCUS-QA-118&amp;apos;, ip: &amp;apos;172.25.128.1&amp;apos;, os.name: &amp;apos;Windows 10&amp;apos;, os.arch: &amp;apos;amd64&amp;apos;, os.version: &amp;apos;10.0&amp;apos;, java.version: &amp;apos;1.8.0_111&amp;apos;
Driver info: org.openqa.selenium.chrome.ChromeDriver
Capabilities {acceptInsecureCerts: false, browserName: chrome, browserVersion: 108.0.5359.125, chrome: {chromedriverVersion: 108.0.5359.71 (1e0e3868ee06..., userDataDir: C:\Users\Admin\AppData\Loca...}, goog:chromeOptions: {debuggerAddress: localhost:59117}, javascriptEnabled: true, networkConnectionEnabled: false, pageLoadStrategy: normal, platform: WINDOWS, platformName: WINDOWS, proxy: Proxy(), setWindowRect: true, strictFileInteractability: false, timeouts: {implicit: 0, pageLoad: 300000, script: 30000}, unhandledPromptBehavior: dismiss and notify, webauthn:extension:credBlob: true, webauthn:extension:largeBlob: true, webauthn:virtualAuthenticators: true}
Session ID: 1bcd8e78fabc8bf58d67515832e51201">
      <![CDATA[org.openqa.selenium.ElementClickInterceptedException: element click intercepted: Element <input type="checkbox" class="Fchkbox" name="selectAllMasters" id="selectAllMasters_" onclick="REPORTVIEW.checkAllMasters(this,'/Focus8W/Landing/Landing/SelectAllMasters')" data-text="Unselect All Account" data-selectalltext="Select All" data-unselectalltext="Unselect All" data-focusreport="Account" data-landingdashletid=""> is not clickable at point (1096, 575). Other element would receive the click: <div class="theme_color font-3" style="width: 100%; word-break: break-word; white-space: normal;">...</div>
  (Session info: chrome=108.0.5359.125)
Build info: version: '3.12.0', revision: '7c6e0b3', time: '2018-05-08T14:04:26.12Z'
System info: host: 'FOCUS-QA-118', ip: '172.25.128.1', os.name: 'Windows 10', os.arch: 'amd64', os.version: '10.0', java.version: '1.8.0_111'
Driver info: org.openqa.selenium.chrome.ChromeDriver
Capabilities {acceptInsecureCerts: false, browserName: chrome, browserVersion: 108.0.5359.125, chrome: {chromedriverVersion: 108.0.5359.71 (1e0e3868ee06..., userDataDir: C:\Users\Admin\AppData\Loca...}, goog:chromeOptions: {debuggerAddress: localhost:59117}, javascriptEnabled: true, networkConnectionEnabled: false, pageLoadStrategy: normal, platform: WINDOWS, platformName: WINDOWS, proxy: Proxy(), setWindowRect: true, strictFileInteractability: false, timeouts: {implicit: 0, pageLoad: 300000, script: 30000}, unhandledPromptBehavior: dismiss and notify, webauthn:extension:credBlob: true, webauthn:extension:largeBlob: true, webauthn:virtualAuthenticators: true}
Session ID: 1bcd8e78fabc8bf58d67515832e51201
	at org.openqa.selenium.remote.http.W3CHttpResponseCodec.createException(W3CHttpResponseCodec.java:187)
	at org.openqa.selenium.remote.http.W3CHttpResponseCodec.decode(W3CHttpResponseCodec.java:122)
	at org.openqa.selenium.remote.http.W3CHttpResponseCodec.decode(W3CHttpResponseCodec.java:49)
	at org.openqa.selenium.remote.HttpCommandExecutor.execute(HttpCommandExecutor.java:158)
	at org.openqa.selenium.remote.service.DriverCommandExecutor.execute(DriverCommandExecutor.java:83)
	at org.openqa.selenium.remote.RemoteWebDriver.execute(RemoteWebDriver.java:543)
	at org.openqa.selenium.remote.RemoteWebElement.execute(RemoteWebElement.java:276)
	at org.openqa.selenium.remote.RemoteWebElement.click(RemoteWebElement.java:83)
	at org.openqa.selenium.support.pagefactory.internal.LocatingElementHandler.invoke(LocatingElementHandler.java:51)
	at com.sun.proxy.$Proxy14.click(Unknown Source)
	at com.focus.Pages.FocusFinancialsReportPage.checkVendorOverDueAnalysisReport(FocusFinancialsReportPage.java:11209)
	at com.focus.testcases.FocusFinancialsReportTest.checkVendorOverDueAnalysisReport(FocusFinancialsReportTest.java:483)
... Removed 31 stack frames]]>
    </failure>
  </testcase> <!-- checkVendorOverDueAnalysisReport -->
  <testcase name="checkVendorAgeingSummaryAnalysisReport" time="7.31" classname="com.focus.testcases.FocusFinancialsReportTest">
    <failure type="java.lang.AssertionError" message="expected [true] but found [false]">
      <![CDATA[java.lang.AssertionError: expected [true] but found [false]
	at com.focus.testcases.FocusFinancialsReportTest.checkVendorAgeingSummaryAnalysisReport(FocusFinancialsReportTest.java:491)
... Removed 30 stack frames]]>
    </failure>
  </testcase> <!-- checkVendorAgeingSummaryAnalysisReport -->
  <testcase name="checkVendorSummaryAgeingByDueDateReport" time="7.993" classname="com.focus.testcases.FocusFinancialsReportTest">
    <failure type="java.lang.AssertionError" message="expected [true] but found [false]">
      <![CDATA[java.lang.AssertionError: expected [true] but found [false]
	at com.focus.testcases.FocusFinancialsReportTest.checkVendorSummaryAgeingByDueDateReport(FocusFinancialsReportTest.java:498)
... Removed 30 stack frames]]>
    </failure>
  </testcase> <!-- checkVendorSummaryAgeingByDueDateReport -->
  <testcase name="checkVendorOverDueSummaryReport" time="7.272" classname="com.focus.testcases.FocusFinancialsReportTest">
    <failure type="java.lang.AssertionError" message="expected [true] but found [false]">
      <![CDATA[java.lang.AssertionError: expected [true] but found [false]
	at com.focus.testcases.FocusFinancialsReportTest.checkVendorOverDueSummaryReport(FocusFinancialsReportTest.java:505)
... Removed 30 stack frames]]>
    </failure>
  </testcase> <!-- checkVendorOverDueSummaryReport -->
  <testcase name="checkVendorBillWiseSummaryReport" time="6.234" classname="com.focus.testcases.FocusFinancialsReportTest">
    <failure type="java.lang.AssertionError" message="expected [true] but found [false]">
      <![CDATA[java.lang.AssertionError: expected [true] but found [false]
	at com.focus.testcases.FocusFinancialsReportTest.checkVendorBillWiseSummaryReport(FocusFinancialsReportTest.java:512)
... Removed 30 stack frames]]>
    </failure>
  </testcase> <!-- checkVendorBillWiseSummaryReport -->
  <testcase name="checkLogutAndLoginWithRER" time="14.568" classname="com.focus.testcases.FocusFinancialsReportTest"/>
  <testcase name="checkTrailBalanceReport" time="45.697" classname="com.focus.testcases.FocusFinancialsReportTest"/>
  <testcase name="checkProfitAndLoassReport" time="34.464" classname="com.focus.testcases.FocusFinancialsReportTest"/>
  <testcase name="checkTradingAccountReport" time="30.929" classname="com.focus.testcases.FocusFinancialsReportTest"/>
  <testcase name="checkTrandingAndProfitAndLoss" time="39.424" classname="com.focus.testcases.FocusFinancialsReportTest"/>
  <testcase name="checkBalanceSheetReport" time="39.377" classname="com.focus.testcases.FocusFinancialsReportTest"/>
  <testcase name="checkSchedulesReports" time="60.099" classname="com.focus.testcases.FocusFinancialsReportTest"/>
  <testcase name="checkFundFlowReport" time="35.205" classname="com.focus.testcases.FocusFinancialsReportTest"/>
  <testcase name="checkCashFlowReport" time="10.108" classname="com.focus.testcases.FocusFinancialsReportTest"/>
  <testcase name="checkAdvanceCashFlowReport" time="8.355" classname="com.focus.testcases.FocusFinancialsReportTest"/>
  <testcase name="checkIncomeExpensesTrendReport" time="7.49" classname="com.focus.testcases.FocusFinancialsReportTest"/>
</testsuite> <!-- Test -->
