<!DOCTYPE html PUBLIC "-//W3C//DTD XHTML 1.1//EN" "http://www.w3.org/TR/xhtml11/DTD/xhtml11.dtd">
<html xmlns="http://www.w3.org/1999/xhtml"><head><title>TestNG Report</title><style type="text/css">table {margin-bottom:10px;border-collapse:collapse;empty-cells:show}th,td {border:1px solid #009;padding:.25em .5em}th {vertical-align:bottom}td {vertical-align:top}table a {font-weight:bold}.stripe td {background-color: #E6EBF9}.num {text-align:right}.passedodd td {background-color: #3F3}.passedeven td {background-color: #0A0}.skippedodd td {background-color: #DDD}.skippedeven td {background-color: #CCC}.failedodd td,.attn {background-color: #F33}.failedeven td,.stripe .attn {background-color: #D00}.stacktrace {white-space:pre;font-family:monospace}.totop {font-size:85%;text-align:center;border-bottom:2px solid #000}</style></head><body><table><tr><th>Test</th><th># Passed</th><th># Skipped</th><th># Failed</th><th>Time (ms)</th><th>Included Groups</th><th>Excluded Groups</th></tr><tr><th colspan="7">Suite</th></tr><tr><td><a href="#t0">Test</a></td><td class="num">101</td><td class="num">0</td><td class="num attn">33</td><td class="num">4,102,135</td><td></td><td></td></tr></table><table><thead><tr><th>Class</th><th>Method</th><th>Start</th><th>Time (ms)</th></tr></thead><tbody><tr><th colspan="4">Suite</th></tr></tbody><tbody id="t0"><tr><th colspan="4">Test &#8212; failed</th></tr><tr class="failedeven"><td rowspan="26">com.focus.testcases.FocusFinancialsReportTest</td><td><a href="#m0">checkBankBookAccountReport</a></td><td rowspan="1">1672215578566</td><td rowspan="1">16816</td></tr><tr class="failedeven"><td><a href="#m1">checkComparativeAnalysisReport</a></td><td rowspan="1">1672215991709</td><td rowspan="1">19678</td></tr><tr class="failedeven"><td><a href="#m2">checkDayBookReport</a></td><td rowspan="1">1672215603826</td><td rowspan="1">54565</td></tr><tr class="failedeven"><td><a href="#m3">checkEntryJournalDetailReport</a></td><td rowspan="1">1672215876184</td><td rowspan="1">4939</td></tr><tr class="failedeven"><td><a href="#m4">checkEntryJournalRegister</a></td><td rowspan="1">1672215841802</td><td rowspan="1">34251</td></tr><tr class="failedeven"><td><a href="#m5">checkFilterOptionInLedger</a></td><td rowspan="1">1672215341848</td><td rowspan="1">82333</td></tr><tr class="failedeven"><td><a href="#m6">checkInterestCalculationReport</a></td><td rowspan="1">1672216034540</td><td rowspan="1">20914</td></tr><tr class="failedeven"><td><a href="#m7">checkLedgerDetailReport</a></td><td rowspan="1">1672215424325</td><td rowspan="1">133052</td></tr><tr class="failedeven"><td><a href="#m8">checkLedgerReport</a></td><td rowspan="1">1672215132857</td><td rowspan="1">178995</td></tr><tr class="failedeven"><td><a href="#m9">checkLoginWithRERInFA</a></td><td rowspan="1">1672215042237</td><td rowspan="1">90363</td></tr><tr class="failedeven"><td><a href="#m10">checkPeakAndLowBlanceAmount</a></td><td rowspan="1">1672215977488</td><td rowspan="1">14078</td></tr><tr class="failedeven"><td><a href="#m11">checkPrintOptionInLedgerAndValidatePDF</a></td><td rowspan="1">1672215312010</td><td rowspan="1">29690</td></tr><tr class="failedeven"><td><a href="#m12">checkPurchaseRegisterReport</a></td><td rowspan="1">1672215713487</td><td rowspan="1">49713</td></tr><tr class="failedeven"><td><a href="#m13">checkSalesGroupedByCustomer</a></td><td rowspan="1">1672215881235</td><td rowspan="1">20506</td></tr><tr class="failedeven"><td><a href="#m14">checkSummaryPurchaseRegister</a></td><td rowspan="1">1672215771906</td><td rowspan="1">6748</td></tr><tr class="failedeven"><td><a href="#m15">checkTopCustomersReportsForGroupAccount</a></td><td rowspan="1">1672215710375</td><td rowspan="1">2906</td></tr><tr class="failedeven"><td><a href="#m16">checkVendorAgeingDetailByDueDateReport</a></td><td rowspan="1">1672217332439</td><td rowspan="1">86914</td></tr><tr class="failedeven"><td><a href="#m17">checkVendorAgeingDetailsAnalysis</a></td><td rowspan="1">1672216975083</td><td rowspan="1">357213</td></tr><tr class="failedeven"><td><a href="#m18">checkVendorAgeingSummaryAnalysisReport</a></td><td rowspan="1">1672217437882</td><td rowspan="1">7310</td></tr><tr class="failedeven"><td><a href="#m19">checkVendorBillWiseSummaryReport</a></td><td rowspan="1">1672217460832</td><td rowspan="1">6234</td></tr><tr class="failedeven"><td><a href="#m20">checkVendorDueDateAnalysisReport</a></td><td rowspan="1">1672216881023</td><td rowspan="1">93933</td></tr><tr class="failedeven"><td><a href="#m21">checkVendorListingOfOutStandingBills</a></td><td rowspan="1">1672216706371</td><td rowspan="1">85949</td></tr><tr class="failedeven"><td><a href="#m22">checkVendorOverDueAnalysisReport</a></td><td rowspan="1">1672217419695</td><td rowspan="1">18028</td></tr><tr class="failedeven"><td><a href="#m23">checkVendorOverDueSummaryReport</a></td><td rowspan="1">1672217453441</td><td rowspan="1">7272</td></tr><tr class="failedeven"><td><a href="#m24">checkVendorStatementsReport</a></td><td rowspan="1">1672216792450</td><td rowspan="1">88431</td></tr><tr class="failedeven"><td><a href="#m25">checkVendorSummaryAgeingByDueDateReport</a></td><td rowspan="1">1672217445327</td><td rowspan="1">7993</td></tr><tr class="failedodd"><td rowspan="4">com.focus.testcases.FocusInventoryReportsTest</td><td><a href="#m26">checkActualConsumptionReport</a></td><td rowspan="1">1672214991637</td><td rowspan="1">33958</td></tr><tr class="failedodd"><td><a href="#m27">checkFilterInStockLedger</a></td><td rowspan="1">1672214411440</td><td rowspan="1">82322</td></tr><tr class="failedodd"><td><a href="#m28">checkStockAgeingAnalysisByRMAReport</a></td><td rowspan="1">1672214833118</td><td rowspan="1">20846</td></tr><tr class="failedodd"><td><a href="#m29">checkTransactionTypeWiseStockReport</a></td><td rowspan="1">1672214946513</td><td rowspan="1">44849</td></tr><tr class="failedeven"><td rowspan="3">com.focus.testcases.UserRestrictionsTest</td><td><a href="#m30">checkItemMasterWhetherShowingOnlyRestrictedItemsInList</a></td><td rowspan="1">1672213945767</td><td rowspan="1">17892</td></tr><tr class="failedeven"><td><a href="#m31">checkPurchaseVoucherHomePageMastersList</a></td><td rowspan="1">1672214155226</td><td rowspan="1">12771</td></tr><tr class="failedeven"><td><a href="#m32">checkWarehouseMasterWhetherShowingOnlyRestrictedWarehouseInList</a></td><td rowspan="1">1672214084714</td><td rowspan="1">15989</td></tr><tr><th colspan="4">Test &#8212; passed</th></tr><tr class="passedeven"><td rowspan="53">com.focus.testcases.FocusFinancialsReportTest</td><td><a href="#m33">checkABCAnalysisAmountReport</a></td><td rowspan="1">1672216021165</td><td rowspan="1">13374</td></tr><tr class="passedeven"><td><a href="#m34">checkAccountQueryReport</a></td><td rowspan="1">1672216112327</td><td rowspan="1">14421</td></tr><tr class="passedeven"><td><a href="#m35">checkAdvanceCashFlowReport</a></td><td rowspan="1">1672217777075</td><td rowspan="1">8355</td></tr><tr class="passedeven"><td><a href="#m36">checkAuditTrailLoginsOfUsers</a></td><td rowspan="1">1672216102494</td><td rowspan="1">9831</td></tr><tr class="passedeven"><td><a href="#m37">checkAuditTrailTransactionsOfOpeningBalances</a></td><td rowspan="1">1672216094017</td><td rowspan="1">8474</td></tr><tr class="passedeven"><td><a href="#m38">checkBalanceSheetReport</a></td><td rowspan="1">1672217632281</td><td rowspan="1">39377</td></tr><tr class="passedeven"><td><a href="#m39">checkCashBookReport</a></td><td rowspan="1">1672215566838</td><td rowspan="1">11722</td></tr><tr class="passedeven"><td><a href="#m40">checkCashFlowReport</a></td><td rowspan="1">1672217766966</td><td rowspan="1">10108</td></tr><tr class="passedeven"><td><a href="#m41">checkCreditNoteRegister</a></td><td rowspan="1">1672215801111</td><td rowspan="1">8615</td></tr><tr class="passedeven"><td><a href="#m42">checkCustomerAgeingDetailAnalysis</a></td><td rowspan="1">1672216296462</td><td rowspan="1">135506</td></tr><tr class="passedeven"><td><a href="#m43">checkCustomerAgeingDetailByDueDate</a></td><td rowspan="1">1672216431969</td><td rowspan="1">178662</td></tr><tr class="passedeven"><td><a href="#m44">checkCustomerAgeingSummaryReport</a></td><td rowspan="1">1672216679756</td><td rowspan="1">6368</td></tr><tr class="passedeven"><td><a href="#m45">checkCustomerBillWiseSummaryReport</a></td><td rowspan="1">1672216700072</td><td rowspan="1">6298</td></tr><tr class="passedeven"><td><a href="#m46">checkCustomerDueDateAnalysis</a></td><td rowspan="1">1672216242694</td><td rowspan="1">53766</td></tr><tr class="passedeven"><td><a href="#m47">checkCustomerListingOfOutstandingBillsReport</a></td><td rowspan="1">1672216138611</td><td rowspan="1">57040</td></tr><tr class="passedeven"><td><a href="#m48">checkCustomerOverDueAnalysis</a></td><td rowspan="1">1672216610633</td><td rowspan="1">69121</td></tr><tr class="passedeven"><td><a href="#m49">checkCustomerOverDueSummaryReport</a></td><td rowspan="1">1672216693279</td><td rowspan="1">6791</td></tr><tr class="passedeven"><td><a href="#m50">checkCustomerStatementsReport</a></td><td rowspan="1">1672216195652</td><td rowspan="1">47041</td></tr><tr class="passedeven"><td><a href="#m51">checkCustomerSummaryAgeingByDueDateReport</a></td><td rowspan="1">1672216686125</td><td rowspan="1">7153</td></tr><tr class="passedeven"><td><a href="#m52">checkFundFlowReport</a></td><td rowspan="1">1672217731760</td><td rowspan="1">35205</td></tr><tr class="passedeven"><td><a href="#m53">checkIncomeExpensesTrendReport</a></td><td rowspan="1">1672217785431</td><td rowspan="1">7490</td></tr><tr class="passedeven"><td><a href="#m54">checkJournalEntryRegister</a></td><td rowspan="1">1672215791523</td><td rowspan="1">9585</td></tr><tr class="passedeven"><td><a href="#m55">checkLogutAndLoginWithRER</a></td><td rowspan="1">1672217467190</td><td rowspan="1">14568</td></tr><tr class="passedeven"><td><a href="#m56">checkMasterAuthorizationReport</a></td><td rowspan="1">1672216132905</td><td rowspan="1">5704</td></tr><tr class="passedeven"><td><a href="#m57">checkMasterInfoOfAccountReport</a></td><td rowspan="1">1672216055591</td><td rowspan="1">20305</td></tr><tr class="passedeven"><td><a href="#m58">checkMonthlySalesReport</a></td><td rowspan="1">1672215699420</td><td rowspan="1">5482</td></tr><tr class="passedeven"><td><a href="#m59">checkOpeningBalanceRegister</a></td><td rowspan="1">1672215778767</td><td rowspan="1">12748</td></tr><tr class="passedeven"><td><a href="#m60">checkPDCPaymentsRegister</a></td><td rowspan="1">1672215834872</td><td rowspan="1">6925</td></tr><tr class="passedeven"><td><a href="#m61">checkPDCReceiptsRegister</a></td><td rowspan="1">1672215828035</td><td rowspan="1">6835</td></tr><tr class="passedeven"><td><a href="#m62">checkPaymentsRegister</a></td><td rowspan="1">1672215819030</td><td rowspan="1">8999</td></tr><tr class="passedeven"><td><a href="#m63">checkPettyCashBookReport</a></td><td rowspan="1">1672215595522</td><td rowspan="1">8296</td></tr><tr class="passedeven"><td><a href="#m64">checkProductLableReport</a></td><td rowspan="1">1672216075898</td><td rowspan="1">4715</td></tr><tr class="passedeven"><td><a href="#m65">checkProfitAndLoassReport</a></td><td rowspan="1">1672217527458</td><td rowspan="1">34464</td></tr><tr class="passedeven"><td><a href="#m66">checkPurchaseReturnRegister</a></td><td rowspan="1">1672215763334</td><td rowspan="1">8567</td></tr><tr class="passedeven"><td><a href="#m67">checkPurchasesGroupedByDepartment</a></td><td rowspan="1">1672215960185</td><td rowspan="1">17292</td></tr><tr class="passedeven"><td><a href="#m68">checkPurchasesGroupedByItem</a></td><td rowspan="1">1672215941726</td><td rowspan="1">18451</td></tr><tr class="passedeven"><td><a href="#m69">checkPurchasesGroupedByVendor</a></td><td rowspan="1">1672215923791</td><td rowspan="1">17928</td></tr><tr class="passedeven"><td><a href="#m70">checkReciptsRegister</a></td><td rowspan="1">1672215809736</td><td rowspan="1">9290</td></tr><tr class="passedeven"><td><a href="#m71">checkSalesGroupedByDepartment</a></td><td rowspan="1">1672215917140</td><td rowspan="1">6646</td></tr><tr class="passedeven"><td><a href="#m72">checkSalesGroupedByItem</a></td><td rowspan="1">1672215901863</td><td rowspan="1">15276</td></tr><tr class="passedeven"><td><a href="#m73">checkSalesRegisterReport</a></td><td rowspan="1">1672215683252</td><td rowspan="1">9025</td></tr><tr class="passedeven"><td><a href="#m74">checkSalesSummaryRegisterReport</a></td><td rowspan="1">1672215692283</td><td rowspan="1">7130</td></tr><tr class="passedeven"><td><a href="#m75">checkSchedulesReports</a></td><td rowspan="1">1672217671659</td><td rowspan="1">60099</td></tr><tr class="passedeven"><td><a href="#m76">checkSkidDefinitionReport</a></td><td rowspan="1">1672216090614</td><td rowspan="1">3401</td></tr><tr class="passedeven"><td><a href="#m77">checkSubLedgerReport</a></td><td rowspan="1">1672215557507</td><td rowspan="1">9324</td></tr><tr class="passedeven"><td><a href="#m78">checkTopCustomersReports</a></td><td rowspan="1">1672215704903</td><td rowspan="1">5465</td></tr><tr class="passedeven"><td><a href="#m79">checkTradingAccountReport</a></td><td rowspan="1">1672217561924</td><td rowspan="1">30929</td></tr><tr class="passedeven"><td><a href="#m80">checkTrailBalanceReport</a></td><td rowspan="1">1672217481759</td><td rowspan="1">45697</td></tr><tr class="passedeven"><td><a href="#m81">checkTrandingAndProfitAndLoss</a></td><td rowspan="1">1672217592855</td><td rowspan="1">39424</td></tr><tr class="passedeven"><td><a href="#m82">checkTransactionAuthorizationReport</a></td><td rowspan="1">1672216126749</td><td rowspan="1">6154</td></tr><tr class="passedeven"><td><a href="#m83">checkTransactionsTypeAnalysis</a></td><td rowspan="1">1672216011536</td><td rowspan="1">9627</td></tr><tr class="passedeven"><td><a href="#m84">checkUnitConversionReport</a></td><td rowspan="1">1672216080614</td><td rowspan="1">9999</td></tr><tr class="passedeven"><td><a href="#m85">checkVirtualBankLedger</a></td><td rowspan="1">1672215658561</td><td rowspan="1">24689</td></tr><tr class="passedodd"><td rowspan="27">com.focus.testcases.FocusInventoryReportsTest</td><td><a href="#m86">checkABCAnalysisReport</a></td><td rowspan="1">1672214648025</td><td rowspan="1">13051</td></tr><tr class="passedodd"><td><a href="#m87">checkAgeingAnalysisByBatchReport</a></td><td rowspan="1">1672214809867</td><td rowspan="1">23250</td></tr><tr class="passedodd"><td><a href="#m88">checkBestSellingItemReport</a></td><td rowspan="1">1672214901519</td><td rowspan="1">13883</td></tr><tr class="passedodd"><td><a href="#m89">checkExpiredStockByBinsReports</a></td><td rowspan="1">1672214769560</td><td rowspan="1">16004</td></tr><tr class="passedodd"><td><a href="#m90">checkFastMovingItemsReport</a></td><td rowspan="1">1672214854084</td><td rowspan="1">15071</td></tr><tr class="passedodd"><td><a href="#m91">checkGeneralLedgerandInventoryMismatchReport</a></td><td rowspan="1">1672215025877</td><td rowspan="1">16352</td></tr><tr class="passedodd"><td><a href="#m92">checkItemQueryReport</a></td><td rowspan="1">1672214264061</td><td rowspan="1">32505</td></tr><tr class="passedodd"><td><a href="#m93">checkOpeningStockRegisterReport</a></td><td rowspan="1">1672214493888</td><td rowspan="1">8776</td></tr><tr class="passedodd"><td><a href="#m94">checkPeakAndLowBlancesReport</a></td><td rowspan="1">1672214884581</td><td rowspan="1">16937</td></tr><tr class="passedodd"><td><a href="#m95">checkPrintOptionInStockStatements</a></td><td rowspan="1">1672214528400</td><td rowspan="1">26377</td></tr><tr class="passedodd"><td><a href="#m96">checkSlowMovingItemsReport</a></td><td rowspan="1">1672214869156</td><td rowspan="1">15423</td></tr><tr class="passedodd"><td><a href="#m97">checkStockAnalysisByBatchReport</a></td><td rowspan="1">1672214661077</td><td rowspan="1">13138</td></tr><tr class="passedodd"><td><a href="#m98">checkStockAnalysisByRMAReport</a></td><td rowspan="1">1672214674217</td><td rowspan="1">22483</td></tr><tr class="passedodd"><td><a href="#m99">checkStockBalanceByItemsByBinsReport</a></td><td rowspan="1">1672214744431</td><td rowspan="1">25128</td></tr><tr class="passedodd"><td><a href="#m100">checkStockBalanceByWarehouse</a></td><td rowspan="1">1672214785565</td><td rowspan="1">24300</td></tr><tr class="passedodd"><td><a href="#m101">checkStockBlanceByBinsReport</a></td><td rowspan="1">1672214719690</td><td rowspan="1">24740</td></tr><tr class="passedodd"><td><a href="#m102">checkStockDetailsByBins</a></td><td rowspan="1">1672214696701</td><td rowspan="1">22988</td></tr><tr class="passedodd"><td><a href="#m103">checkStockLedgerReport</a></td><td rowspan="1">1672214296567</td><td rowspan="1">114871</td></tr><tr class="passedodd"><td><a href="#m104">checkStockMovementReport</a></td><td rowspan="1">1672214554779</td><td rowspan="1">13402</td></tr><tr class="passedodd"><td><a href="#m105">checkStockReprtByTagReport</a></td><td rowspan="1">1672214614186</td><td rowspan="1">15637</td></tr><tr class="passedodd"><td><a href="#m106">checkStockStatementReport</a></td><td rowspan="1">1672214502664</td><td rowspan="1">25734</td></tr><tr class="passedodd"><td><a href="#m107">checkStockTransferRegisterReport</a></td><td rowspan="1">1672214915403</td><td rowspan="1">31107</td></tr><tr class="passedodd"><td><a href="#m108">checkStockValuationByFATagReport</a></td><td rowspan="1">1672214629825</td><td rowspan="1">18198</td></tr><tr class="passedodd"><td><a href="#m109">checkStockValuationReportByInventoryByProduct</a></td><td rowspan="1">1672214603544</td><td rowspan="1">10639</td></tr><tr class="passedodd"><td><a href="#m110">checkStockValuationReportByProduct</a></td><td rowspan="1">1672214580195</td><td rowspan="1">11732</td></tr><tr class="passedodd"><td><a href="#m111">checkStockValuationReportByProductByInventoryTag</a></td><td rowspan="1">1672214591928</td><td rowspan="1">11614</td></tr><tr class="passedodd"><td><a href="#m112">checkVirtualStockAnalysisReport</a></td><td rowspan="1">1672214568183</td><td rowspan="1">12011</td></tr><tr class="passedeven"><td rowspan="2">com.focus.testcases.URLBrowserTest</td><td><a href="#m113">checkLoginPageTitleByURLInputInBrowser</a></td><td rowspan="1">1672213705091</td><td rowspan="1">8548</td></tr><tr class="passedeven"><td><a href="#m114">verifyBrowserOpen</a></td><td rowspan="1">1672213691559</td><td rowspan="1">13527</td></tr><tr class="passedodd"><td rowspan="19">com.focus.testcases.UserRestrictionsTest</td><td><a href="#m115">checkAccountMasterWhetherShowingOnlyRestrictedAccountsInList</a></td><td rowspan="1">1672213900538</td><td rowspan="1">7172</td></tr><tr class="passedodd"><td><a href="#m116">checkBranchMasterWhetherShowingOnlyRestrictedBranchInList</a></td><td rowspan="1">1672214147208</td><td rowspan="1">8017</td></tr><tr class="passedodd"><td><a href="#m117">checkChildAccountsInsideTheGroupAccountsIndivdually</a></td><td rowspan="1">1672213907712</td><td rowspan="1">25323</td></tr><tr class="passedodd"><td><a href="#m118">checkDepartmentMasterWhetherShowingOnlyRestrictedDepartmentInList</a></td><td rowspan="1">1672214021459</td><td rowspan="1">16042</td></tr><tr class="passedodd"><td><a href="#m119">checkLogin</a></td><td rowspan="1">1672213754283</td><td rowspan="1">114323</td></tr><tr class="passedodd"><td><a href="#m120">checkLoginWithERR</a></td><td rowspan="1">1672213885346</td><td rowspan="1">15190</td></tr><tr class="passedodd"><td><a href="#m121">checkMasterInReceipts</a></td><td rowspan="1">1672214250398</td><td rowspan="1">13660</td></tr><tr class="passedodd"><td><a href="#m122">checkMastersListInPayments</a></td><td rowspan="1">1672214229643</td><td rowspan="1">16878</td></tr><tr class="passedodd"><td><a href="#m123">checkMastersListInSalesInvoices</a></td><td rowspan="1">1672214204391</td><td rowspan="1">20793</td></tr><tr class="passedodd"><td><a href="#m124">checkPaymentsVoucherHomePageMastersList</a></td><td rowspan="1">1672214225185</td><td rowspan="1">4456</td></tr><tr class="passedodd"><td><a href="#m125">checkPurchasesVoucherForAllTheMastersListInMastersDropdown</a></td><td rowspan="1">1672214168135</td><td rowspan="1">26673</td></tr><tr class="passedodd"><td><a href="#m126">checkReceiptsHomePageMasterList</a></td><td rowspan="1">1672214246522</td><td rowspan="1">3875</td></tr><tr class="passedodd"><td><a href="#m127">checkRestoreCompany</a></td><td rowspan="1">1672213713645</td><td rowspan="1">40636</td></tr><tr class="passedodd"><td><a href="#m128">checkSalesInvoiceVoucherHomePgaeMastersList</a></td><td rowspan="1">1672214194810</td><td rowspan="1">9579</td></tr><tr class="passedodd"><td><a href="#m129">checkSearchAccountsWhetherNonRestrictedAccountsAreDisplaying</a></td><td rowspan="1">1672213933037</td><td rowspan="1">12729</td></tr><tr class="passedodd"><td><a href="#m130">checkSearchDepartmentWhetherNonRestrictedDepartmentsAreDisplaying</a></td><td rowspan="1">1672214037504</td><td rowspan="1">47207</td></tr><tr class="passedodd"><td><a href="#m131">checkSearchItemsWhetherNonRestrictedItemsAreDisplaying</a></td><td rowspan="1">1672213963813</td><td rowspan="1">57643</td></tr><tr class="passedodd"><td><a href="#m132">checkSearchWarehouseWhetherNonRestrictedWarehousesAreDisplaying</a></td><td rowspan="1">1672214100819</td><td rowspan="1">46387</td></tr><tr class="passedodd"><td><a href="#m133">checkValidateRestrictionsGivenInRERRoleInSu</a></td><td rowspan="1">1672213868608</td><td rowspan="1">16736</td></tr></tbody></table><h2>Test</h2><h3 id="m0">com.focus.testcases.FocusFinancialsReportTest#checkBankBookAccountReport</h3><table class="result"><tr><th>Messages</th></tr><tr><td><div class="messages">Completed executing following method : FocusFinancialsReportTest.checkBankBookAccountReport<br/>Test Method resides in com.focus.testcases.FocusFinancialsReportTest<br/>Test Status: Failed<br/>About to begin executing following method : BaseEngine.afterMethodExecution</div></td></tr><tr><th>Exception</th></tr><tr><td><div class="stacktrace">java.lang.AssertionError: expected [true] but found [false]
	at com.focus.testcases.FocusFinancialsReportTest.checkBankBookAccountReport(FocusFinancialsReportTest.java:81)
... Removed 30 stack frames</div></td></tr></table><p class="totop"><a href="#summary">back to summary</a></p><h3 id="m1">com.focus.testcases.FocusFinancialsReportTest#checkComparativeAnalysisReport</h3><table class="result"><tr><th>Messages</th></tr><tr><td><div class="messages">Completed executing following method : FocusFinancialsReportTest.checkComparativeAnalysisReport<br/>Test Method resides in com.focus.testcases.FocusFinancialsReportTest<br/>Test Status: Failed<br/>About to begin executing following method : BaseEngine.afterMethodExecution</div></td></tr><tr><th>Exception</th></tr><tr><td><div class="stacktrace">java.lang.AssertionError: expected [true] but found [false]
	at com.focus.testcases.FocusFinancialsReportTest.checkComparativeAnalysisReport(FocusFinancialsReportTest.java:280)
... Removed 30 stack frames</div></td></tr></table><p class="totop"><a href="#summary">back to summary</a></p><h3 id="m2">com.focus.testcases.FocusFinancialsReportTest#checkDayBookReport</h3><table class="result"><tr><th>Messages</th></tr><tr><td><div class="messages">Completed executing following method : FocusFinancialsReportTest.checkDayBookReport<br/>Test Method resides in com.focus.testcases.FocusFinancialsReportTest<br/>Test Status: Failed<br/>About to begin executing following method : BaseEngine.afterMethodExecution</div></td></tr><tr><th>Exception</th></tr><tr><td><div class="stacktrace">java.lang.AssertionError: expected [true] but found [false]
	at com.focus.testcases.FocusFinancialsReportTest.checkDayBookReport(FocusFinancialsReportTest.java:95)
... Removed 30 stack frames</div></td></tr></table><p class="totop"><a href="#summary">back to summary</a></p><h3 id="m3">com.focus.testcases.FocusFinancialsReportTest#checkEntryJournalDetailReport</h3><table class="result"><tr><th>Messages</th></tr><tr><td><div class="messages">Completed executing following method : FocusFinancialsReportTest.checkEntryJournalDetailReport<br/>Test Method resides in com.focus.testcases.FocusFinancialsReportTest<br/>Test Status: Failed<br/>About to begin executing following method : BaseEngine.afterMethodExecution</div></td></tr><tr><th>Exception</th></tr><tr><td><div class="stacktrace">org.openqa.selenium.StaleElementReferenceException: stale element reference: element is not attached to the page document
  (Session info: chrome=108.0.5359.125)
For documentation on this error, please visit: http://seleniumhq.org/exceptions/stale_element_reference.html
Build info: version: &apos;3.12.0&apos;, revision: &apos;7c6e0b3&apos;, time: &apos;2018-05-08T14:04:26.12Z&apos;
System info: host: &apos;FOCUS-QA-118&apos;, ip: &apos;172.25.128.1&apos;, os.name: &apos;Windows 10&apos;, os.arch: &apos;amd64&apos;, os.version: &apos;10.0&apos;, java.version: &apos;1.8.0_111&apos;
Driver info: org.openqa.selenium.chrome.ChromeDriver
Capabilities {acceptInsecureCerts: false, browserName: chrome, browserVersion: 108.0.5359.125, chrome: {chromedriverVersion: 108.0.5359.71 (1e0e3868ee06..., userDataDir: C:\Users\Admin\AppData\Loca...}, goog:chromeOptions: {debuggerAddress: localhost:59117}, javascriptEnabled: true, networkConnectionEnabled: false, pageLoadStrategy: normal, platform: WINDOWS, platformName: WINDOWS, proxy: Proxy(), setWindowRect: true, strictFileInteractability: false, timeouts: {implicit: 0, pageLoad: 300000, script: 30000}, unhandledPromptBehavior: dismiss and notify, webauthn:extension:credBlob: true, webauthn:extension:largeBlob: true, webauthn:virtualAuthenticators: true}
Session ID: 1bcd8e78fabc8bf58d67515832e51201
	at org.openqa.selenium.remote.http.W3CHttpResponseCodec.createException(W3CHttpResponseCodec.java:187)
	at org.openqa.selenium.remote.http.W3CHttpResponseCodec.decode(W3CHttpResponseCodec.java:122)
	at org.openqa.selenium.remote.http.W3CHttpResponseCodec.decode(W3CHttpResponseCodec.java:49)
	at org.openqa.selenium.remote.HttpCommandExecutor.execute(HttpCommandExecutor.java:158)
	at org.openqa.selenium.remote.service.DriverCommandExecutor.execute(DriverCommandExecutor.java:83)
	at org.openqa.selenium.remote.RemoteWebDriver.execute(RemoteWebDriver.java:543)
	at org.openqa.selenium.remote.RemoteWebElement.execute(RemoteWebElement.java:276)
	at org.openqa.selenium.remote.RemoteWebElement.isDisplayed(RemoteWebElement.java:317)
	at org.openqa.selenium.support.pagefactory.internal.LocatingElementHandler.invoke(LocatingElementHandler.java:51)
	at com.sun.proxy.$Proxy14.isDisplayed(Unknown Source)
	at org.openqa.selenium.support.ui.ExpectedConditions.elementIfVisible(ExpectedConditions.java:315)
	at org.openqa.selenium.support.ui.ExpectedConditions.access$100(ExpectedConditions.java:44)
	at org.openqa.selenium.support.ui.ExpectedConditions$10.apply(ExpectedConditions.java:301)
	at org.openqa.selenium.support.ui.ExpectedConditions$10.apply(ExpectedConditions.java:298)
	at org.openqa.selenium.support.ui.ExpectedConditions$23.apply(ExpectedConditions.java:686)
	at org.openqa.selenium.support.ui.ExpectedConditions$23.apply(ExpectedConditions.java:682)
	at org.openqa.selenium.support.ui.FluentWait.until(FluentWait.java:248)
	at com.focus.Pages.FocusFinancialsReportPage.checkEntryJournalDetailReport(FocusFinancialsReportPage.java:4691)
	at com.focus.testcases.FocusFinancialsReportTest.checkEntryJournalDetailReport(FocusFinancialsReportTest.java:223)
... Removed 31 stack frames</div></td></tr></table><p class="totop"><a href="#summary">back to summary</a></p><h3 id="m4">com.focus.testcases.FocusFinancialsReportTest#checkEntryJournalRegister</h3><table class="result"><tr><th>Messages</th></tr><tr><td><div class="messages">Completed executing following method : FocusFinancialsReportTest.checkEntryJournalRegister<br/>Test Method resides in com.focus.testcases.FocusFinancialsReportTest<br/>Test Status: Failed<br/>About to begin executing following method : BaseEngine.afterMethodExecution</div></td></tr><tr><th>Exception</th></tr><tr><td><div class="stacktrace">java.lang.AssertionError: expected [true] but found [false]
	at com.focus.testcases.FocusFinancialsReportTest.checkEntryJournalRegister(FocusFinancialsReportTest.java:216)
... Removed 30 stack frames</div></td></tr></table><p class="totop"><a href="#summary">back to summary</a></p><h3 id="m5">com.focus.testcases.FocusFinancialsReportTest#checkFilterOptionInLedger</h3><table class="result"><tr><th>Messages</th></tr><tr><td><div class="messages">Completed executing following method : FocusFinancialsReportTest.checkFilterOptionInLedger<br/>Test Method resides in com.focus.testcases.FocusFinancialsReportTest<br/>Test Status: Failed<br/>About to begin executing following method : BaseEngine.afterMethodExecution</div></td></tr><tr><th>Exception</th></tr><tr><td><div class="stacktrace">org.openqa.selenium.TimeoutException: Expected condition failed: waiting for element to be clickable: Proxy element for: DefaultElementLocator &apos;By.xpath: //span[@id=&apos;idFilterCustomizeIcon&apos;]&apos; (tried for 20 second(s) with 1000 milliseconds interval)
	at org.openqa.selenium.support.ui.FluentWait.timeoutException(FluentWait.java:303)
	at org.openqa.selenium.support.ui.FluentWait.until(FluentWait.java:271)
	at com.focus.Pages.FocusFinancialsReportPage.checkFilterOptionInLedger(FocusFinancialsReportPage.java:864)
	at com.focus.testcases.FocusFinancialsReportTest.checkFilterOptionInLedger(FocusFinancialsReportTest.java:53)
Caused by: org.openqa.selenium.NoSuchElementException: no such element: Unable to locate element: {&quot;method&quot;:&quot;xpath&quot;,&quot;selector&quot;:&quot;//span[@id=&apos;idFilterCustomizeIcon&apos;]&quot;}
  (Session info: chrome=108.0.5359.125)
For documentation on this error, please visit: http://seleniumhq.org/exceptions/no_such_element.html
Build info: version: &apos;3.12.0&apos;, revision: &apos;7c6e0b3&apos;, time: &apos;2018-05-08T14:04:26.12Z&apos;
System info: host: &apos;FOCUS-QA-118&apos;, ip: &apos;172.25.128.1&apos;, os.name: &apos;Windows 10&apos;, os.arch: &apos;amd64&apos;, os.version: &apos;10.0&apos;, java.version: &apos;1.8.0_111&apos;
Driver info: org.openqa.selenium.chrome.ChromeDriver
Capabilities {acceptInsecureCerts: false, browserName: chrome, browserVersion: 108.0.5359.125, chrome: {chromedriverVersion: 108.0.5359.71 (1e0e3868ee06..., userDataDir: C:\Users\Admin\AppData\Loca...}, goog:chromeOptions: {debuggerAddress: localhost:59117}, javascriptEnabled: true, networkConnectionEnabled: false, pageLoadStrategy: normal, platform: WINDOWS, platformName: WINDOWS, proxy: Proxy(), setWindowRect: true, strictFileInteractability: false, timeouts: {implicit: 0, pageLoad: 300000, script: 30000}, unhandledPromptBehavior: dismiss and notify, webauthn:extension:credBlob: true, webauthn:extension:largeBlob: true, webauthn:virtualAuthenticators: true}
Session ID: 1bcd8e78fabc8bf58d67515832e51201
*** Element info: {Using=xpath, value=//span[@id=&apos;idFilterCustomizeIcon&apos;]}
	at org.openqa.selenium.remote.http.W3CHttpResponseCodec.createException(W3CHttpResponseCodec.java:187)
	at org.openqa.selenium.remote.http.W3CHttpResponseCodec.decode(W3CHttpResponseCodec.java:122)
	at org.openqa.selenium.remote.http.W3CHttpResponseCodec.decode(W3CHttpResponseCodec.java:49)
	at org.openqa.selenium.remote.HttpCommandExecutor.execute(HttpCommandExecutor.java:158)
	at org.openqa.selenium.remote.service.DriverCommandExecutor.execute(DriverCommandExecutor.java:83)
	at org.openqa.selenium.remote.RemoteWebDriver.execute(RemoteWebDriver.java:543)
	at org.openqa.selenium.remote.RemoteWebDriver.findElement(RemoteWebDriver.java:317)
	at org.openqa.selenium.remote.RemoteWebDriver.findElementByXPath(RemoteWebDriver.java:419)
	at org.openqa.selenium.By$ByXPath.findElement(By.java:353)
	at org.openqa.selenium.remote.RemoteWebDriver.findElement(RemoteWebDriver.java:309)
	at org.openqa.selenium.support.pagefactory.DefaultElementLocator.findElement(DefaultElementLocator.java:69)
	at org.openqa.selenium.support.pagefactory.internal.LocatingElementHandler.invoke(LocatingElementHandler.java:38)
	at com.sun.proxy.$Proxy14.isDisplayed(Unknown Source)
	at org.openqa.selenium.support.ui.ExpectedConditions.elementIfVisible(ExpectedConditions.java:315)
	at org.openqa.selenium.support.ui.ExpectedConditions.access$100(ExpectedConditions.java:44)
	at org.openqa.selenium.support.ui.ExpectedConditions$10.apply(ExpectedConditions.java:301)
	at org.openqa.selenium.support.ui.ExpectedConditions$10.apply(ExpectedConditions.java:298)
	at org.openqa.selenium.support.ui.ExpectedConditions$23.apply(ExpectedConditions.java:686)
	at org.openqa.selenium.support.ui.ExpectedConditions$23.apply(ExpectedConditions.java:682)
	at org.openqa.selenium.support.ui.FluentWait.until(FluentWait.java:248)
	... 26 more
... Removed 28 stack frames</div></td></tr></table><p class="totop"><a href="#summary">back to summary</a></p><h3 id="m6">com.focus.testcases.FocusFinancialsReportTest#checkInterestCalculationReport</h3><table class="result"><tr><th>Messages</th></tr><tr><td><div class="messages">Completed executing following method : FocusFinancialsReportTest.checkInterestCalculationReport<br/>Test Method resides in com.focus.testcases.FocusFinancialsReportTest<br/>Test Status: Failed<br/>About to begin executing following method : BaseEngine.afterMethodExecution</div></td></tr><tr><th>Exception</th></tr><tr><td><div class="stacktrace">java.lang.AssertionError: expected [true] but found [false]
	at com.focus.testcases.FocusFinancialsReportTest.checkInterestCalculationReport(FocusFinancialsReportTest.java:301)
... Removed 30 stack frames</div></td></tr></table><p class="totop"><a href="#summary">back to summary</a></p><h3 id="m7">com.focus.testcases.FocusFinancialsReportTest#checkLedgerDetailReport</h3><table class="result"><tr><th>Messages</th></tr><tr><td><div class="messages">Completed executing following method : FocusFinancialsReportTest.checkLedgerDetailReport<br/>Test Method resides in com.focus.testcases.FocusFinancialsReportTest<br/>Test Status: Failed<br/>About to begin executing following method : BaseEngine.afterMethodExecution</div></td></tr><tr><th>Exception</th></tr><tr><td><div class="stacktrace">java.lang.AssertionError: expected [true] but found [false]
	at com.focus.testcases.FocusFinancialsReportTest.checkLedgerDetailReport(FocusFinancialsReportTest.java:60)
... Removed 30 stack frames</div></td></tr></table><p class="totop"><a href="#summary">back to summary</a></p><h3 id="m8">com.focus.testcases.FocusFinancialsReportTest#checkLedgerReport</h3><table class="result"><tr><th>Messages</th></tr><tr><td><div class="messages">Completed executing following method : FocusFinancialsReportTest.checkLedgerReport<br/>Test Method resides in com.focus.testcases.FocusFinancialsReportTest<br/>Test Status: Failed<br/>About to begin executing following method : BaseEngine.afterMethodExecution</div></td></tr><tr><th>Exception</th></tr><tr><td><div class="stacktrace">java.lang.AssertionError: expected [true] but found [false]
	at com.focus.testcases.FocusFinancialsReportTest.checkLedgerReport(FocusFinancialsReportTest.java:39)
... Removed 30 stack frames</div></td></tr></table><p class="totop"><a href="#summary">back to summary</a></p><h3 id="m9">com.focus.testcases.FocusFinancialsReportTest#checkLoginWithRERInFA</h3><table class="result"><tr><th>Messages</th></tr><tr><td><div class="messages">Completed executing following method : FocusFinancialsReportTest.checkLoginWithRERInFA<br/>Test Method resides in com.focus.testcases.FocusFinancialsReportTest<br/>Test Status: Failed<br/>About to begin executing following method : BaseEngine.afterMethodExecution</div></td></tr><tr><th>Exception</th></tr><tr><td><div class="stacktrace">org.openqa.selenium.TimeoutException: Expected condition failed: waiting for element to be clickable: Proxy element for: DefaultElementLocator &apos;By.xpath: //*[@id=&apos;txtUsername&apos;]&apos; (tried for 20 second(s) with 1000 milliseconds interval)
	at org.openqa.selenium.support.ui.FluentWait.timeoutException(FluentWait.java:303)
	at org.openqa.selenium.support.ui.FluentWait.until(FluentWait.java:271)
	at com.focus.Pages.LoginPage.enterUserName(LoginPage.java:920)
	at com.focus.Pages.UserRestrictionsPage.checkLoginWithRERInFA(UserRestrictionsPage.java:640)
	at com.focus.testcases.FocusFinancialsReportTest.checkLoginWithRERInFA(FocusFinancialsReportTest.java:32)
Caused by: org.openqa.selenium.NoSuchElementException: no such element: Unable to locate element: {&quot;method&quot;:&quot;xpath&quot;,&quot;selector&quot;:&quot;//*[@id=&apos;txtUsername&apos;]&quot;}
  (Session info: chrome=108.0.5359.125)
For documentation on this error, please visit: http://seleniumhq.org/exceptions/no_such_element.html
Build info: version: &apos;3.12.0&apos;, revision: &apos;7c6e0b3&apos;, time: &apos;2018-05-08T14:04:26.12Z&apos;
System info: host: &apos;FOCUS-QA-118&apos;, ip: &apos;172.25.128.1&apos;, os.name: &apos;Windows 10&apos;, os.arch: &apos;amd64&apos;, os.version: &apos;10.0&apos;, java.version: &apos;1.8.0_111&apos;
Driver info: org.openqa.selenium.chrome.ChromeDriver
Capabilities {acceptInsecureCerts: false, browserName: chrome, browserVersion: 108.0.5359.125, chrome: {chromedriverVersion: 108.0.5359.71 (1e0e3868ee06..., userDataDir: C:\Users\Admin\AppData\Loca...}, goog:chromeOptions: {debuggerAddress: localhost:59117}, javascriptEnabled: true, networkConnectionEnabled: false, pageLoadStrategy: normal, platform: WINDOWS, platformName: WINDOWS, proxy: Proxy(), setWindowRect: true, strictFileInteractability: false, timeouts: {implicit: 0, pageLoad: 300000, script: 30000}, unhandledPromptBehavior: dismiss and notify, webauthn:extension:credBlob: true, webauthn:extension:largeBlob: true, webauthn:virtualAuthenticators: true}
Session ID: 1bcd8e78fabc8bf58d67515832e51201
*** Element info: {Using=xpath, value=//*[@id=&apos;txtUsername&apos;]}
	at org.openqa.selenium.remote.http.W3CHttpResponseCodec.createException(W3CHttpResponseCodec.java:187)
	at org.openqa.selenium.remote.http.W3CHttpResponseCodec.decode(W3CHttpResponseCodec.java:122)
	at org.openqa.selenium.remote.http.W3CHttpResponseCodec.decode(W3CHttpResponseCodec.java:49)
	at org.openqa.selenium.remote.HttpCommandExecutor.execute(HttpCommandExecutor.java:158)
	at org.openqa.selenium.remote.service.DriverCommandExecutor.execute(DriverCommandExecutor.java:83)
	at org.openqa.selenium.remote.RemoteWebDriver.execute(RemoteWebDriver.java:543)
	at org.openqa.selenium.remote.RemoteWebDriver.findElement(RemoteWebDriver.java:317)
	at org.openqa.selenium.remote.RemoteWebDriver.findElementByXPath(RemoteWebDriver.java:419)
	at org.openqa.selenium.By$ByXPath.findElement(By.java:353)
	at org.openqa.selenium.remote.RemoteWebDriver.findElement(RemoteWebDriver.java:309)
	at org.openqa.selenium.support.pagefactory.DefaultElementLocator.findElement(DefaultElementLocator.java:69)
	at org.openqa.selenium.support.pagefactory.internal.LocatingElementHandler.invoke(LocatingElementHandler.java:38)
	at com.sun.proxy.$Proxy14.isDisplayed(Unknown Source)
	at org.openqa.selenium.support.ui.ExpectedConditions.elementIfVisible(ExpectedConditions.java:315)
	at org.openqa.selenium.support.ui.ExpectedConditions.access$100(ExpectedConditions.java:44)
	at org.openqa.selenium.support.ui.ExpectedConditions$10.apply(ExpectedConditions.java:301)
	at org.openqa.selenium.support.ui.ExpectedConditions$10.apply(ExpectedConditions.java:298)
	at org.openqa.selenium.support.ui.ExpectedConditions$23.apply(ExpectedConditions.java:686)
	at org.openqa.selenium.support.ui.ExpectedConditions$23.apply(ExpectedConditions.java:682)
	at org.openqa.selenium.support.ui.FluentWait.until(FluentWait.java:248)
	... 27 more
... Removed 28 stack frames</div></td></tr></table><p class="totop"><a href="#summary">back to summary</a></p><h3 id="m10">com.focus.testcases.FocusFinancialsReportTest#checkPeakAndLowBlanceAmount</h3><table class="result"><tr><th>Messages</th></tr><tr><td><div class="messages">Completed executing following method : FocusFinancialsReportTest.checkPeakAndLowBlanceAmount<br/>Test Method resides in com.focus.testcases.FocusFinancialsReportTest<br/>Test Status: Failed<br/>About to begin executing following method : BaseEngine.afterMethodExecution</div></td></tr><tr><th>Exception</th></tr><tr><td><div class="stacktrace">java.lang.AssertionError: expected [true] but found [false]
	at com.focus.testcases.FocusFinancialsReportTest.checkPeakAndLowBlanceAmount(FocusFinancialsReportTest.java:273)
... Removed 30 stack frames</div></td></tr></table><p class="totop"><a href="#summary">back to summary</a></p><h3 id="m11">com.focus.testcases.FocusFinancialsReportTest#checkPrintOptionInLedgerAndValidatePDF</h3><table class="result"><tr><th>Messages</th></tr><tr><td><div class="messages">Completed executing following method : FocusFinancialsReportTest.checkPrintOptionInLedgerAndValidatePDF<br/>Test Method resides in com.focus.testcases.FocusFinancialsReportTest<br/>Test Status: Failed<br/>About to begin executing following method : BaseEngine.afterMethodExecution</div></td></tr><tr><th>Exception</th></tr><tr><td><div class="stacktrace">java.io.FileNotFoundException: D:\FocusUserRestrictions\FocusAI\autoIt\ExportFiles\LedgerPDF.pdf (The system cannot find the file specified)
	at java.io.RandomAccessFile.open0(Native Method)
	at java.io.RandomAccessFile.open(Unknown Source)
	at java.io.RandomAccessFile.&lt;init&gt;(Unknown Source)
	at org.apache.pdfbox.io.RandomAccessBufferedFileInputStream.&lt;init&gt;(RandomAccessBufferedFileInputStream.java:99)
	at org.apache.pdfbox.pdmodel.PDDocument.load(PDDocument.java:1006)
	at org.apache.pdfbox.pdmodel.PDDocument.load(PDDocument.java:969)
	at org.apache.pdfbox.pdmodel.PDDocument.load(PDDocument.java:917)
	at com.testautomationguru.utility.PDFUtil.getPDFText(PDFUtil.java:239)
	at com.testautomationguru.utility.PDFUtil.comparepdfFilesWithTextMode(PDFUtil.java:323)
	at com.testautomationguru.utility.PDFUtil.comparePdfFiles(PDFUtil.java:316)
	at com.testautomationguru.utility.PDFUtil.compare(PDFUtil.java:278)
	at com.focus.Pages.FocusFinancialsReportPage.checkPrintOptionInLedgerAndValidatePDF(FocusFinancialsReportPage.java:835)
	at com.focus.testcases.FocusFinancialsReportTest.checkPrintOptionInLedgerAndValidatePDF(FocusFinancialsReportTest.java:46)
... Removed 24 stack frames</div></td></tr></table><p class="totop"><a href="#summary">back to summary</a></p><h3 id="m12">com.focus.testcases.FocusFinancialsReportTest#checkPurchaseRegisterReport</h3><table class="result"><tr><th>Messages</th></tr><tr><td><div class="messages">Completed executing following method : FocusFinancialsReportTest.checkPurchaseRegisterReport<br/>Test Method resides in com.focus.testcases.FocusFinancialsReportTest<br/>Test Status: Failed<br/>About to begin executing following method : BaseEngine.afterMethodExecution</div></td></tr><tr><th>Exception</th></tr><tr><td><div class="stacktrace">java.lang.AssertionError: expected [true] but found [false]
	at com.focus.testcases.FocusFinancialsReportTest.checkPurchaseRegisterReport(FocusFinancialsReportTest.java:146)
... Removed 30 stack frames</div></td></tr></table><p class="totop"><a href="#summary">back to summary</a></p><h3 id="m13">com.focus.testcases.FocusFinancialsReportTest#checkSalesGroupedByCustomer</h3><table class="result"><tr><th>Messages</th></tr><tr><td><div class="messages">Completed executing following method : FocusFinancialsReportTest.checkSalesGroupedByCustomer<br/>Test Method resides in com.focus.testcases.FocusFinancialsReportTest<br/>Test Status: Failed<br/>About to begin executing following method : BaseEngine.afterMethodExecution</div></td></tr><tr><th>Exception</th></tr><tr><td><div class="stacktrace">org.openqa.selenium.TimeoutException: Expected condition failed: waiting for element to be clickable: [[ChromeDriver: chrome on WINDOWS (1bcd8e78fabc8bf58d67515832e51201)] -&gt; xpath: //*[@id=&apos;523&apos;]/span] (tried for 20 second(s) with 1000 milliseconds interval)
Build info: version: &apos;3.12.0&apos;, revision: &apos;7c6e0b3&apos;, time: &apos;2018-05-08T14:04:26.12Z&apos;
System info: host: &apos;FOCUS-QA-118&apos;, ip: &apos;172.25.128.1&apos;, os.name: &apos;Windows 10&apos;, os.arch: &apos;amd64&apos;, os.version: &apos;10.0&apos;, java.version: &apos;1.8.0_111&apos;
Driver info: driver.version: unknown
	at org.openqa.selenium.support.ui.FluentWait.timeoutException(FluentWait.java:303)
	at org.openqa.selenium.support.ui.FluentWait.until(FluentWait.java:271)
	at com.focus.Pages.FocusFinancialsReportPage.checkSalesGroupedByCustomer(FocusFinancialsReportPage.java:5034)
	at com.focus.testcases.FocusFinancialsReportTest.checkSalesGroupedByCustomer(FocusFinancialsReportTest.java:231)
... Removed 24 stack frames</div></td></tr></table><p class="totop"><a href="#summary">back to summary</a></p><h3 id="m14">com.focus.testcases.FocusFinancialsReportTest#checkSummaryPurchaseRegister</h3><table class="result"><tr><th>Messages</th></tr><tr><td><div class="messages">Completed executing following method : FocusFinancialsReportTest.checkSummaryPurchaseRegister<br/>Test Method resides in com.focus.testcases.FocusFinancialsReportTest<br/>Test Status: Failed<br/>About to begin executing following method : BaseEngine.afterMethodExecution</div></td></tr><tr><th>Exception</th></tr><tr><td><div class="stacktrace">java.lang.AssertionError: expected [true] but found [false]
	at com.focus.testcases.FocusFinancialsReportTest.checkSummaryPurchaseRegister(FocusFinancialsReportTest.java:160)
... Removed 30 stack frames</div></td></tr></table><p class="totop"><a href="#summary">back to summary</a></p><h3 id="m15">com.focus.testcases.FocusFinancialsReportTest#checkTopCustomersReportsForGroupAccount</h3><table class="result"><tr><th>Messages</th></tr><tr><td><div class="messages">Completed executing following method : FocusFinancialsReportTest.checkTopCustomersReportsForGroupAccount<br/>Test Method resides in com.focus.testcases.FocusFinancialsReportTest<br/>Test Status: Failed<br/>About to begin executing following method : BaseEngine.afterMethodExecution</div></td></tr><tr><th>Exception</th></tr><tr><td><div class="stacktrace">org.openqa.selenium.StaleElementReferenceException: stale element reference: element is not attached to the page document
  (Session info: chrome=108.0.5359.125)
For documentation on this error, please visit: http://seleniumhq.org/exceptions/stale_element_reference.html
Build info: version: &apos;3.12.0&apos;, revision: &apos;7c6e0b3&apos;, time: &apos;2018-05-08T14:04:26.12Z&apos;
System info: host: &apos;FOCUS-QA-118&apos;, ip: &apos;172.25.128.1&apos;, os.name: &apos;Windows 10&apos;, os.arch: &apos;amd64&apos;, os.version: &apos;10.0&apos;, java.version: &apos;1.8.0_111&apos;
Driver info: org.openqa.selenium.chrome.ChromeDriver
Capabilities {acceptInsecureCerts: false, browserName: chrome, browserVersion: 108.0.5359.125, chrome: {chromedriverVersion: 108.0.5359.71 (1e0e3868ee06..., userDataDir: C:\Users\Admin\AppData\Loca...}, goog:chromeOptions: {debuggerAddress: localhost:59117}, javascriptEnabled: true, networkConnectionEnabled: false, pageLoadStrategy: normal, platform: WINDOWS, platformName: WINDOWS, proxy: Proxy(), setWindowRect: true, strictFileInteractability: false, timeouts: {implicit: 0, pageLoad: 300000, script: 30000}, unhandledPromptBehavior: dismiss and notify, webauthn:extension:credBlob: true, webauthn:extension:largeBlob: true, webauthn:virtualAuthenticators: true}
Session ID: 1bcd8e78fabc8bf58d67515832e51201
	at org.openqa.selenium.remote.http.W3CHttpResponseCodec.createException(W3CHttpResponseCodec.java:187)
	at org.openqa.selenium.remote.http.W3CHttpResponseCodec.decode(W3CHttpResponseCodec.java:122)
	at org.openqa.selenium.remote.http.W3CHttpResponseCodec.decode(W3CHttpResponseCodec.java:49)
	at org.openqa.selenium.remote.HttpCommandExecutor.execute(HttpCommandExecutor.java:158)
	at org.openqa.selenium.remote.service.DriverCommandExecutor.execute(DriverCommandExecutor.java:83)
	at org.openqa.selenium.remote.RemoteWebDriver.execute(RemoteWebDriver.java:543)
	at org.openqa.selenium.remote.RemoteWebElement.execute(RemoteWebElement.java:276)
	at org.openqa.selenium.remote.RemoteWebElement.isDisplayed(RemoteWebElement.java:317)
	at org.openqa.selenium.support.pagefactory.internal.LocatingElementHandler.invoke(LocatingElementHandler.java:51)
	at com.sun.proxy.$Proxy14.isDisplayed(Unknown Source)
	at org.openqa.selenium.support.ui.ExpectedConditions.elementIfVisible(ExpectedConditions.java:315)
	at org.openqa.selenium.support.ui.ExpectedConditions.access$100(ExpectedConditions.java:44)
	at org.openqa.selenium.support.ui.ExpectedConditions$10.apply(ExpectedConditions.java:301)
	at org.openqa.selenium.support.ui.ExpectedConditions$10.apply(ExpectedConditions.java:298)
	at org.openqa.selenium.support.ui.ExpectedConditions$23.apply(ExpectedConditions.java:686)
	at org.openqa.selenium.support.ui.ExpectedConditions$23.apply(ExpectedConditions.java:682)
	at org.openqa.selenium.support.ui.FluentWait.until(FluentWait.java:248)
	at com.focus.Pages.FocusFinancialsReportPage.checkTopCustomersReportsForGroupAccount(FocusFinancialsReportPage.java:3229)
	at com.focus.testcases.FocusFinancialsReportTest.checkTopCustomersReportsForGroupAccount(FocusFinancialsReportTest.java:137)
... Removed 31 stack frames</div></td></tr></table><p class="totop"><a href="#summary">back to summary</a></p><h3 id="m16">com.focus.testcases.FocusFinancialsReportTest#checkVendorAgeingDetailByDueDateReport</h3><table class="result"><tr><th>Messages</th></tr><tr><td><div class="messages">Completed executing following method : FocusFinancialsReportTest.checkVendorAgeingDetailByDueDateReport<br/>Test Method resides in com.focus.testcases.FocusFinancialsReportTest<br/>Test Status: Failed<br/>About to begin executing following method : BaseEngine.afterMethodExecution</div></td></tr><tr><th>Exception</th></tr><tr><td><div class="stacktrace">org.openqa.selenium.TimeoutException: Expected condition failed: waiting for element to be clickable: Proxy element for: DefaultElementLocator &apos;By.xpath: //select[@id=&apos;DateOptions_&apos;]&apos; (tried for 20 second(s) with 1000 milliseconds interval)
	at org.openqa.selenium.support.ui.FluentWait.timeoutException(FluentWait.java:303)
	at org.openqa.selenium.support.ui.FluentWait.until(FluentWait.java:271)
	at com.focus.Pages.FocusFinancialsReportPage.checkVendorAgeingDetailByDueDateReport(FocusFinancialsReportPage.java:10914)
	at com.focus.testcases.FocusFinancialsReportTest.checkVendorAgeingDetailByDueDateReport(FocusFinancialsReportTest.java:476)
Caused by: org.openqa.selenium.NoSuchElementException: no such element: Unable to locate element: {&quot;method&quot;:&quot;xpath&quot;,&quot;selector&quot;:&quot;//select[@id=&apos;DateOptions_&apos;]&quot;}
  (Session info: chrome=108.0.5359.125)
For documentation on this error, please visit: http://seleniumhq.org/exceptions/no_such_element.html
Build info: version: &apos;3.12.0&apos;, revision: &apos;7c6e0b3&apos;, time: &apos;2018-05-08T14:04:26.12Z&apos;
System info: host: &apos;FOCUS-QA-118&apos;, ip: &apos;172.25.128.1&apos;, os.name: &apos;Windows 10&apos;, os.arch: &apos;amd64&apos;, os.version: &apos;10.0&apos;, java.version: &apos;1.8.0_111&apos;
Driver info: org.openqa.selenium.chrome.ChromeDriver
Capabilities {acceptInsecureCerts: false, browserName: chrome, browserVersion: 108.0.5359.125, chrome: {chromedriverVersion: 108.0.5359.71 (1e0e3868ee06..., userDataDir: C:\Users\Admin\AppData\Loca...}, goog:chromeOptions: {debuggerAddress: localhost:59117}, javascriptEnabled: true, networkConnectionEnabled: false, pageLoadStrategy: normal, platform: WINDOWS, platformName: WINDOWS, proxy: Proxy(), setWindowRect: true, strictFileInteractability: false, timeouts: {implicit: 0, pageLoad: 300000, script: 30000}, unhandledPromptBehavior: dismiss and notify, webauthn:extension:credBlob: true, webauthn:extension:largeBlob: true, webauthn:virtualAuthenticators: true}
Session ID: 1bcd8e78fabc8bf58d67515832e51201
*** Element info: {Using=xpath, value=//select[@id=&apos;DateOptions_&apos;]}
	at org.openqa.selenium.remote.http.W3CHttpResponseCodec.createException(W3CHttpResponseCodec.java:187)
	at org.openqa.selenium.remote.http.W3CHttpResponseCodec.decode(W3CHttpResponseCodec.java:122)
	at org.openqa.selenium.remote.http.W3CHttpResponseCodec.decode(W3CHttpResponseCodec.java:49)
	at org.openqa.selenium.remote.HttpCommandExecutor.execute(HttpCommandExecutor.java:158)
	at org.openqa.selenium.remote.service.DriverCommandExecutor.execute(DriverCommandExecutor.java:83)
	at org.openqa.selenium.remote.RemoteWebDriver.execute(RemoteWebDriver.java:543)
	at org.openqa.selenium.remote.RemoteWebDriver.findElement(RemoteWebDriver.java:317)
	at org.openqa.selenium.remote.RemoteWebDriver.findElementByXPath(RemoteWebDriver.java:419)
	at org.openqa.selenium.By$ByXPath.findElement(By.java:353)
	at org.openqa.selenium.remote.RemoteWebDriver.findElement(RemoteWebDriver.java:309)
	at org.openqa.selenium.support.pagefactory.DefaultElementLocator.findElement(DefaultElementLocator.java:69)
	at org.openqa.selenium.support.pagefactory.internal.LocatingElementHandler.invoke(LocatingElementHandler.java:38)
	at com.sun.proxy.$Proxy14.isDisplayed(Unknown Source)
	at org.openqa.selenium.support.ui.ExpectedConditions.elementIfVisible(ExpectedConditions.java:315)
	at org.openqa.selenium.support.ui.ExpectedConditions.access$100(ExpectedConditions.java:44)
	at org.openqa.selenium.support.ui.ExpectedConditions$10.apply(ExpectedConditions.java:301)
	at org.openqa.selenium.support.ui.ExpectedConditions$10.apply(ExpectedConditions.java:298)
	at org.openqa.selenium.support.ui.ExpectedConditions$23.apply(ExpectedConditions.java:686)
	at org.openqa.selenium.support.ui.ExpectedConditions$23.apply(ExpectedConditions.java:682)
	at org.openqa.selenium.support.ui.FluentWait.until(FluentWait.java:248)
	... 26 more
... Removed 28 stack frames</div></td></tr></table><p class="totop"><a href="#summary">back to summary</a></p><h3 id="m17">com.focus.testcases.FocusFinancialsReportTest#checkVendorAgeingDetailsAnalysis</h3><table class="result"><tr><th>Messages</th></tr><tr><td><div class="messages">Completed executing following method : FocusFinancialsReportTest.checkVendorAgeingDetailsAnalysis<br/>Test Method resides in com.focus.testcases.FocusFinancialsReportTest<br/>Test Status: Failed<br/>About to begin executing following method : BaseEngine.afterMethodExecution</div></td></tr><tr><th>Exception</th></tr><tr><td><div class="stacktrace">java.lang.AssertionError: expected [true] but found [false]
	at com.focus.testcases.FocusFinancialsReportTest.checkVendorAgeingDetailsAnalysis(FocusFinancialsReportTest.java:467)
... Removed 30 stack frames</div></td></tr></table><p class="totop"><a href="#summary">back to summary</a></p><h3 id="m18">com.focus.testcases.FocusFinancialsReportTest#checkVendorAgeingSummaryAnalysisReport</h3><table class="result"><tr><th>Messages</th></tr><tr><td><div class="messages">Completed executing following method : FocusFinancialsReportTest.checkVendorAgeingSummaryAnalysisReport<br/>Test Method resides in com.focus.testcases.FocusFinancialsReportTest<br/>Test Status: Failed<br/>About to begin executing following method : BaseEngine.afterMethodExecution</div></td></tr><tr><th>Exception</th></tr><tr><td><div class="stacktrace">java.lang.AssertionError: expected [true] but found [false]
	at com.focus.testcases.FocusFinancialsReportTest.checkVendorAgeingSummaryAnalysisReport(FocusFinancialsReportTest.java:491)
... Removed 30 stack frames</div></td></tr></table><p class="totop"><a href="#summary">back to summary</a></p><h3 id="m19">com.focus.testcases.FocusFinancialsReportTest#checkVendorBillWiseSummaryReport</h3><table class="result"><tr><th>Messages</th></tr><tr><td><div class="messages">Completed executing following method : FocusFinancialsReportTest.checkVendorBillWiseSummaryReport<br/>Test Method resides in com.focus.testcases.FocusFinancialsReportTest<br/>Test Status: Failed<br/>About to begin executing following method : BaseEngine.afterMethodExecution</div></td></tr><tr><th>Exception</th></tr><tr><td><div class="stacktrace">java.lang.AssertionError: expected [true] but found [false]
	at com.focus.testcases.FocusFinancialsReportTest.checkVendorBillWiseSummaryReport(FocusFinancialsReportTest.java:512)
... Removed 30 stack frames</div></td></tr></table><p class="totop"><a href="#summary">back to summary</a></p><h3 id="m20">com.focus.testcases.FocusFinancialsReportTest#checkVendorDueDateAnalysisReport</h3><table class="result"><tr><th>Messages</th></tr><tr><td><div class="messages">Completed executing following method : FocusFinancialsReportTest.checkVendorDueDateAnalysisReport<br/>Test Method resides in com.focus.testcases.FocusFinancialsReportTest<br/>Test Status: Failed<br/>About to begin executing following method : BaseEngine.afterMethodExecution</div></td></tr><tr><th>Exception</th></tr><tr><td><div class="stacktrace">java.lang.AssertionError: expected [true] but found [false]
	at com.focus.testcases.FocusFinancialsReportTest.checkVendorDueDateAnalysisReport(FocusFinancialsReportTest.java:459)
... Removed 30 stack frames</div></td></tr></table><p class="totop"><a href="#summary">back to summary</a></p><h3 id="m21">com.focus.testcases.FocusFinancialsReportTest#checkVendorListingOfOutStandingBills</h3><table class="result"><tr><th>Messages</th></tr><tr><td><div class="messages">Completed executing following method : FocusFinancialsReportTest.checkVendorListingOfOutStandingBills<br/>Test Method resides in com.focus.testcases.FocusFinancialsReportTest<br/>Test Status: Failed<br/>About to begin executing following method : BaseEngine.afterMethodExecution</div></td></tr><tr><th>Exception</th></tr><tr><td><div class="stacktrace">java.lang.AssertionError: expected [true] but found [false]
	at com.focus.testcases.FocusFinancialsReportTest.checkVendorListingOfOutStandingBills(FocusFinancialsReportTest.java:445)
... Removed 30 stack frames</div></td></tr></table><p class="totop"><a href="#summary">back to summary</a></p><h3 id="m22">com.focus.testcases.FocusFinancialsReportTest#checkVendorOverDueAnalysisReport</h3><table class="result"><tr><th>Messages</th></tr><tr><td><div class="messages">Completed executing following method : FocusFinancialsReportTest.checkVendorOverDueAnalysisReport<br/>Test Method resides in com.focus.testcases.FocusFinancialsReportTest<br/>Test Status: Failed<br/>About to begin executing following method : BaseEngine.afterMethodExecution</div></td></tr><tr><th>Exception</th></tr><tr><td><div class="stacktrace">org.openqa.selenium.ElementClickInterceptedException: element click intercepted: Element &lt;input type=&quot;checkbox&quot; class=&quot;Fchkbox&quot; name=&quot;selectAllMasters&quot; id=&quot;selectAllMasters_&quot; onclick=&quot;REPORTVIEW.checkAllMasters(this,&apos;/Focus8W/Landing/Landing/SelectAllMasters&apos;)&quot; data-text=&quot;Unselect All Account&quot; data-selectalltext=&quot;Select All&quot; data-unselectalltext=&quot;Unselect All&quot; data-focusreport=&quot;Account&quot; data-landingdashletid=&quot;&quot;&gt; is not clickable at point (1096, 575). Other element would receive the click: &lt;div class=&quot;theme_color font-3&quot; style=&quot;width: 100%; word-break: break-word; white-space: normal;&quot;&gt;...&lt;/div&gt;
  (Session info: chrome=108.0.5359.125)
Build info: version: &apos;3.12.0&apos;, revision: &apos;7c6e0b3&apos;, time: &apos;2018-05-08T14:04:26.12Z&apos;
System info: host: &apos;FOCUS-QA-118&apos;, ip: &apos;172.25.128.1&apos;, os.name: &apos;Windows 10&apos;, os.arch: &apos;amd64&apos;, os.version: &apos;10.0&apos;, java.version: &apos;1.8.0_111&apos;
Driver info: org.openqa.selenium.chrome.ChromeDriver
Capabilities {acceptInsecureCerts: false, browserName: chrome, browserVersion: 108.0.5359.125, chrome: {chromedriverVersion: 108.0.5359.71 (1e0e3868ee06..., userDataDir: C:\Users\Admin\AppData\Loca...}, goog:chromeOptions: {debuggerAddress: localhost:59117}, javascriptEnabled: true, networkConnectionEnabled: false, pageLoadStrategy: normal, platform: WINDOWS, platformName: WINDOWS, proxy: Proxy(), setWindowRect: true, strictFileInteractability: false, timeouts: {implicit: 0, pageLoad: 300000, script: 30000}, unhandledPromptBehavior: dismiss and notify, webauthn:extension:credBlob: true, webauthn:extension:largeBlob: true, webauthn:virtualAuthenticators: true}
Session ID: 1bcd8e78fabc8bf58d67515832e51201
	at org.openqa.selenium.remote.http.W3CHttpResponseCodec.createException(W3CHttpResponseCodec.java:187)
	at org.openqa.selenium.remote.http.W3CHttpResponseCodec.decode(W3CHttpResponseCodec.java:122)
	at org.openqa.selenium.remote.http.W3CHttpResponseCodec.decode(W3CHttpResponseCodec.java:49)
	at org.openqa.selenium.remote.HttpCommandExecutor.execute(HttpCommandExecutor.java:158)
	at org.openqa.selenium.remote.service.DriverCommandExecutor.execute(DriverCommandExecutor.java:83)
	at org.openqa.selenium.remote.RemoteWebDriver.execute(RemoteWebDriver.java:543)
	at org.openqa.selenium.remote.RemoteWebElement.execute(RemoteWebElement.java:276)
	at org.openqa.selenium.remote.RemoteWebElement.click(RemoteWebElement.java:83)
	at org.openqa.selenium.support.pagefactory.internal.LocatingElementHandler.invoke(LocatingElementHandler.java:51)
	at com.sun.proxy.$Proxy14.click(Unknown Source)
	at com.focus.Pages.FocusFinancialsReportPage.checkVendorOverDueAnalysisReport(FocusFinancialsReportPage.java:11209)
	at com.focus.testcases.FocusFinancialsReportTest.checkVendorOverDueAnalysisReport(FocusFinancialsReportTest.java:483)
... Removed 31 stack frames</div></td></tr></table><p class="totop"><a href="#summary">back to summary</a></p><h3 id="m23">com.focus.testcases.FocusFinancialsReportTest#checkVendorOverDueSummaryReport</h3><table class="result"><tr><th>Messages</th></tr><tr><td><div class="messages">Completed executing following method : FocusFinancialsReportTest.checkVendorOverDueSummaryReport<br/>Test Method resides in com.focus.testcases.FocusFinancialsReportTest<br/>Test Status: Failed<br/>About to begin executing following method : BaseEngine.afterMethodExecution</div></td></tr><tr><th>Exception</th></tr><tr><td><div class="stacktrace">java.lang.AssertionError: expected [true] but found [false]
	at com.focus.testcases.FocusFinancialsReportTest.checkVendorOverDueSummaryReport(FocusFinancialsReportTest.java:505)
... Removed 30 stack frames</div></td></tr></table><p class="totop"><a href="#summary">back to summary</a></p><h3 id="m24">com.focus.testcases.FocusFinancialsReportTest#checkVendorStatementsReport</h3><table class="result"><tr><th>Messages</th></tr><tr><td><div class="messages">Completed executing following method : FocusFinancialsReportTest.checkVendorStatementsReport<br/>Test Method resides in com.focus.testcases.FocusFinancialsReportTest<br/>Test Status: Failed<br/>About to begin executing following method : BaseEngine.afterMethodExecution</div></td></tr><tr><th>Exception</th></tr><tr><td><div class="stacktrace">java.lang.AssertionError: expected [true] but found [false]
	at com.focus.testcases.FocusFinancialsReportTest.checkVendorStatementsReport(FocusFinancialsReportTest.java:452)
... Removed 30 stack frames</div></td></tr></table><p class="totop"><a href="#summary">back to summary</a></p><h3 id="m25">com.focus.testcases.FocusFinancialsReportTest#checkVendorSummaryAgeingByDueDateReport</h3><table class="result"><tr><th>Messages</th></tr><tr><td><div class="messages">Completed executing following method : FocusFinancialsReportTest.checkVendorSummaryAgeingByDueDateReport<br/>Test Method resides in com.focus.testcases.FocusFinancialsReportTest<br/>Test Status: Failed<br/>About to begin executing following method : BaseEngine.afterMethodExecution</div></td></tr><tr><th>Exception</th></tr><tr><td><div class="stacktrace">java.lang.AssertionError: expected [true] but found [false]
	at com.focus.testcases.FocusFinancialsReportTest.checkVendorSummaryAgeingByDueDateReport(FocusFinancialsReportTest.java:498)
... Removed 30 stack frames</div></td></tr></table><p class="totop"><a href="#summary">back to summary</a></p><h3 id="m26">com.focus.testcases.FocusInventoryReportsTest#checkActualConsumptionReport</h3><table class="result"><tr><th>Messages</th></tr><tr><td><div class="messages">Completed executing following method : FocusInventoryReportsTest.checkActualConsumptionReport<br/>Test Method resides in com.focus.testcases.FocusInventoryReportsTest<br/>Test Status: Failed<br/>About to begin executing following method : BaseEngine.afterMethodExecution</div></td></tr><tr><th>Exception</th></tr><tr><td><div class="stacktrace">java.lang.AssertionError: expected [true] but found [false]
	at com.focus.testcases.FocusInventoryReportsTest.checkActualConsumptionReport(FocusInventoryReportsTest.java:266)
... Removed 30 stack frames</div></td></tr></table><p class="totop"><a href="#summary">back to summary</a></p><h3 id="m27">com.focus.testcases.FocusInventoryReportsTest#checkFilterInStockLedger</h3><table class="result"><tr><th>Messages</th></tr><tr><td><div class="messages">Completed executing following method : FocusInventoryReportsTest.checkFilterInStockLedger<br/>Test Method resides in com.focus.testcases.FocusInventoryReportsTest<br/>Test Status: Failed<br/>About to begin executing following method : BaseEngine.afterMethodExecution</div></td></tr><tr><th>Exception</th></tr><tr><td><div class="stacktrace">org.openqa.selenium.TimeoutException: Expected condition failed: waiting for element to be clickable: Proxy element for: DefaultElementLocator &apos;By.xpath: //span[@id=&apos;idFilterCustomizeIcon&apos;]&apos; (tried for 20 second(s) with 1000 milliseconds interval)
	at org.openqa.selenium.support.ui.FluentWait.timeoutException(FluentWait.java:303)
	at org.openqa.selenium.support.ui.FluentWait.until(FluentWait.java:271)
	at com.focus.Pages.FocusInventoryReportsPage.checkFilterInStockLedger(FocusInventoryReportsPage.java:613)
	at com.focus.testcases.FocusInventoryReportsTest.checkFilterInStockLedger(FocusInventoryReportsTest.java:48)
Caused by: org.openqa.selenium.NoSuchElementException: no such element: Unable to locate element: {&quot;method&quot;:&quot;xpath&quot;,&quot;selector&quot;:&quot;//span[@id=&apos;idFilterCustomizeIcon&apos;]&quot;}
  (Session info: chrome=108.0.5359.125)
For documentation on this error, please visit: http://seleniumhq.org/exceptions/no_such_element.html
Build info: version: &apos;3.12.0&apos;, revision: &apos;7c6e0b3&apos;, time: &apos;2018-05-08T14:04:26.12Z&apos;
System info: host: &apos;FOCUS-QA-118&apos;, ip: &apos;172.25.128.1&apos;, os.name: &apos;Windows 10&apos;, os.arch: &apos;amd64&apos;, os.version: &apos;10.0&apos;, java.version: &apos;1.8.0_111&apos;
Driver info: org.openqa.selenium.chrome.ChromeDriver
Capabilities {acceptInsecureCerts: false, browserName: chrome, browserVersion: 108.0.5359.125, chrome: {chromedriverVersion: 108.0.5359.71 (1e0e3868ee06..., userDataDir: C:\Users\Admin\AppData\Loca...}, goog:chromeOptions: {debuggerAddress: localhost:59117}, javascriptEnabled: true, networkConnectionEnabled: false, pageLoadStrategy: normal, platform: WINDOWS, platformName: WINDOWS, proxy: Proxy(), setWindowRect: true, strictFileInteractability: false, timeouts: {implicit: 0, pageLoad: 300000, script: 30000}, unhandledPromptBehavior: dismiss and notify, webauthn:extension:credBlob: true, webauthn:extension:largeBlob: true, webauthn:virtualAuthenticators: true}
Session ID: 1bcd8e78fabc8bf58d67515832e51201
*** Element info: {Using=xpath, value=//span[@id=&apos;idFilterCustomizeIcon&apos;]}
	at org.openqa.selenium.remote.http.W3CHttpResponseCodec.createException(W3CHttpResponseCodec.java:187)
	at org.openqa.selenium.remote.http.W3CHttpResponseCodec.decode(W3CHttpResponseCodec.java:122)
	at org.openqa.selenium.remote.http.W3CHttpResponseCodec.decode(W3CHttpResponseCodec.java:49)
	at org.openqa.selenium.remote.HttpCommandExecutor.execute(HttpCommandExecutor.java:158)
	at org.openqa.selenium.remote.service.DriverCommandExecutor.execute(DriverCommandExecutor.java:83)
	at org.openqa.selenium.remote.RemoteWebDriver.execute(RemoteWebDriver.java:543)
	at org.openqa.selenium.remote.RemoteWebDriver.findElement(RemoteWebDriver.java:317)
	at org.openqa.selenium.remote.RemoteWebDriver.findElementByXPath(RemoteWebDriver.java:419)
	at org.openqa.selenium.By$ByXPath.findElement(By.java:353)
	at org.openqa.selenium.remote.RemoteWebDriver.findElement(RemoteWebDriver.java:309)
	at org.openqa.selenium.support.pagefactory.DefaultElementLocator.findElement(DefaultElementLocator.java:69)
	at org.openqa.selenium.support.pagefactory.internal.LocatingElementHandler.invoke(LocatingElementHandler.java:38)
	at com.sun.proxy.$Proxy14.isDisplayed(Unknown Source)
	at org.openqa.selenium.support.ui.ExpectedConditions.elementIfVisible(ExpectedConditions.java:315)
	at org.openqa.selenium.support.ui.ExpectedConditions.access$100(ExpectedConditions.java:44)
	at org.openqa.selenium.support.ui.ExpectedConditions$10.apply(ExpectedConditions.java:301)
	at org.openqa.selenium.support.ui.ExpectedConditions$10.apply(ExpectedConditions.java:298)
	at org.openqa.selenium.support.ui.ExpectedConditions$23.apply(ExpectedConditions.java:686)
	at org.openqa.selenium.support.ui.ExpectedConditions$23.apply(ExpectedConditions.java:682)
	at org.openqa.selenium.support.ui.FluentWait.until(FluentWait.java:248)
	... 26 more
... Removed 28 stack frames</div></td></tr></table><p class="totop"><a href="#summary">back to summary</a></p><h3 id="m28">com.focus.testcases.FocusInventoryReportsTest#checkStockAgeingAnalysisByRMAReport</h3><table class="result"><tr><th>Messages</th></tr><tr><td><div class="messages">Completed executing following method : FocusInventoryReportsTest.checkStockAgeingAnalysisByRMAReport<br/>Test Method resides in com.focus.testcases.FocusInventoryReportsTest<br/>Test Status: Failed<br/>About to begin executing following method : BaseEngine.afterMethodExecution</div></td></tr><tr><th>Exception</th></tr><tr><td><div class="stacktrace">java.lang.AssertionError: expected [true] but found [false]
	at com.focus.testcases.FocusInventoryReportsTest.checkStockAgeingAnalysisByRMAReport(FocusInventoryReportsTest.java:195)
... Removed 30 stack frames</div></td></tr></table><p class="totop"><a href="#summary">back to summary</a></p><h3 id="m29">com.focus.testcases.FocusInventoryReportsTest#checkTransactionTypeWiseStockReport</h3><table class="result"><tr><th>Messages</th></tr><tr><td><div class="messages">Completed executing following method : FocusInventoryReportsTest.checkTransactionTypeWiseStockReport<br/>Test Method resides in com.focus.testcases.FocusInventoryReportsTest<br/>Test Status: Failed<br/>About to begin executing following method : BaseEngine.afterMethodExecution</div></td></tr><tr><th>Exception</th></tr><tr><td><div class="stacktrace">java.lang.AssertionError: expected [true] but found [false]
	at com.focus.testcases.FocusInventoryReportsTest.checkTransactionTypeWiseStockReport(FocusInventoryReportsTest.java:259)
... Removed 30 stack frames</div></td></tr></table><p class="totop"><a href="#summary">back to summary</a></p><h3 id="m30">com.focus.testcases.UserRestrictionsTest#checkItemMasterWhetherShowingOnlyRestrictedItemsInList</h3><table class="result"><tr><th>Messages</th></tr><tr><td><div class="messages">Completed executing following method : UserRestrictionsTest.checkItemMasterWhetherShowingOnlyRestrictedItemsInList<br/>Test Method resides in com.focus.testcases.UserRestrictionsTest<br/>Test Status: Failed<br/>About to begin executing following method : BaseEngine.afterMethodExecution</div></td></tr><tr><th>Exception</th></tr><tr><td><div class="stacktrace">java.lang.AssertionError: expected [true] but found [false]
	at com.focus.testcases.UserRestrictionsTest.checkItemMasterWhetherShowingOnlyRestrictedItemsInList(UserRestrictionsTest.java:74)
... Removed 30 stack frames</div></td></tr></table><p class="totop"><a href="#summary">back to summary</a></p><h3 id="m31">com.focus.testcases.UserRestrictionsTest#checkPurchaseVoucherHomePageMastersList</h3><table class="result"><tr><th>Messages</th></tr><tr><td><div class="messages">Completed executing following method : UserRestrictionsTest.checkPurchaseVoucherHomePageMastersList<br/>Test Method resides in com.focus.testcases.UserRestrictionsTest<br/>Test Status: Failed<br/>About to begin executing following method : BaseEngine.afterMethodExecution</div></td></tr><tr><th>Exception</th></tr><tr><td><div class="stacktrace">java.lang.AssertionError: expected [true] but found [false]
	at com.focus.testcases.UserRestrictionsTest.checkPurchaseVoucherHomePageMastersList(UserRestrictionsTest.java:124)
... Removed 30 stack frames</div></td></tr></table><p class="totop"><a href="#summary">back to summary</a></p><h3 id="m32">com.focus.testcases.UserRestrictionsTest#checkWarehouseMasterWhetherShowingOnlyRestrictedWarehouseInList</h3><table class="result"><tr><th>Messages</th></tr><tr><td><div class="messages">Completed executing following method : UserRestrictionsTest.checkWarehouseMasterWhetherShowingOnlyRestrictedWarehouseInList<br/>Test Method resides in com.focus.testcases.UserRestrictionsTest<br/>Test Status: Failed<br/>About to begin executing following method : BaseEngine.afterMethodExecution</div></td></tr><tr><th>Exception</th></tr><tr><td><div class="stacktrace">java.lang.AssertionError: expected [true] but found [false]
	at com.focus.testcases.UserRestrictionsTest.checkWarehouseMasterWhetherShowingOnlyRestrictedWarehouseInList(UserRestrictionsTest.java:103)
... Removed 30 stack frames</div></td></tr></table><p class="totop"><a href="#summary">back to summary</a></p><h3 id="m33">com.focus.testcases.FocusFinancialsReportTest#checkABCAnalysisAmountReport</h3><table class="result"><tr><th>Messages</th></tr><tr><td><div class="messages">Completed executing following method : FocusFinancialsReportTest.checkABCAnalysisAmountReport<br/>Test Method resides in com.focus.testcases.FocusFinancialsReportTest<br/>Test Status: Pass<br/>About to begin executing following method : BaseEngine.afterMethodExecution</div></td></tr></table><p class="totop"><a href="#summary">back to summary</a></p><h3 id="m34">com.focus.testcases.FocusFinancialsReportTest#checkAccountQueryReport</h3><table class="result"><tr><th>Messages</th></tr><tr><td><div class="messages">Completed executing following method : FocusFinancialsReportTest.checkAccountQueryReport<br/>Test Method resides in com.focus.testcases.FocusFinancialsReportTest<br/>Test Status: Pass<br/>About to begin executing following method : BaseEngine.afterMethodExecution</div></td></tr></table><p class="totop"><a href="#summary">back to summary</a></p><h3 id="m35">com.focus.testcases.FocusFinancialsReportTest#checkAdvanceCashFlowReport</h3><table class="result"><tr><th>Messages</th></tr><tr><td><div class="messages">Completed executing following method : FocusFinancialsReportTest.checkAdvanceCashFlowReport<br/>Test Method resides in com.focus.testcases.FocusFinancialsReportTest<br/>Test Status: Pass<br/>About to begin executing following method : BaseEngine.afterMethodExecution</div></td></tr></table><p class="totop"><a href="#summary">back to summary</a></p><h3 id="m36">com.focus.testcases.FocusFinancialsReportTest#checkAuditTrailLoginsOfUsers</h3><table class="result"><tr><th>Messages</th></tr><tr><td><div class="messages">Completed executing following method : FocusFinancialsReportTest.checkAuditTrailLoginsOfUsers<br/>Test Method resides in com.focus.testcases.FocusFinancialsReportTest<br/>Test Status: Pass<br/>About to begin executing following method : BaseEngine.afterMethodExecution</div></td></tr></table><p class="totop"><a href="#summary">back to summary</a></p><h3 id="m37">com.focus.testcases.FocusFinancialsReportTest#checkAuditTrailTransactionsOfOpeningBalances</h3><table class="result"><tr><th>Messages</th></tr><tr><td><div class="messages">Completed executing following method : FocusFinancialsReportTest.checkAuditTrailTransactionsOfOpeningBalances<br/>Test Method resides in com.focus.testcases.FocusFinancialsReportTest<br/>Test Status: Pass<br/>About to begin executing following method : BaseEngine.afterMethodExecution</div></td></tr></table><p class="totop"><a href="#summary">back to summary</a></p><h3 id="m38">com.focus.testcases.FocusFinancialsReportTest#checkBalanceSheetReport</h3><table class="result"><tr><th>Messages</th></tr><tr><td><div class="messages">Completed executing following method : FocusFinancialsReportTest.checkBalanceSheetReport<br/>Test Method resides in com.focus.testcases.FocusFinancialsReportTest<br/>Test Status: Pass<br/>About to begin executing following method : BaseEngine.afterMethodExecution</div></td></tr></table><p class="totop"><a href="#summary">back to summary</a></p><h3 id="m39">com.focus.testcases.FocusFinancialsReportTest#checkCashBookReport</h3><table class="result"><tr><th>Messages</th></tr><tr><td><div class="messages">Completed executing following method : FocusFinancialsReportTest.checkCashBookReport<br/>Test Method resides in com.focus.testcases.FocusFinancialsReportTest<br/>Test Status: Pass<br/>About to begin executing following method : BaseEngine.afterMethodExecution</div></td></tr></table><p class="totop"><a href="#summary">back to summary</a></p><h3 id="m40">com.focus.testcases.FocusFinancialsReportTest#checkCashFlowReport</h3><table class="result"><tr><th>Messages</th></tr><tr><td><div class="messages">Completed executing following method : FocusFinancialsReportTest.checkCashFlowReport<br/>Test Method resides in com.focus.testcases.FocusFinancialsReportTest<br/>Test Status: Pass<br/>About to begin executing following method : BaseEngine.afterMethodExecution</div></td></tr></table><p class="totop"><a href="#summary">back to summary</a></p><h3 id="m41">com.focus.testcases.FocusFinancialsReportTest#checkCreditNoteRegister</h3><table class="result"><tr><th>Messages</th></tr><tr><td><div class="messages">Completed executing following method : FocusFinancialsReportTest.checkCreditNoteRegister<br/>Test Method resides in com.focus.testcases.FocusFinancialsReportTest<br/>Test Status: Pass<br/>About to begin executing following method : BaseEngine.afterMethodExecution</div></td></tr></table><p class="totop"><a href="#summary">back to summary</a></p><h3 id="m42">com.focus.testcases.FocusFinancialsReportTest#checkCustomerAgeingDetailAnalysis</h3><table class="result"><tr><th>Messages</th></tr><tr><td><div class="messages">Completed executing following method : FocusFinancialsReportTest.checkCustomerAgeingDetailAnalysis<br/>Test Method resides in com.focus.testcases.FocusFinancialsReportTest<br/>Test Status: Pass<br/>About to begin executing following method : BaseEngine.afterMethodExecution</div></td></tr></table><p class="totop"><a href="#summary">back to summary</a></p><h3 id="m43">com.focus.testcases.FocusFinancialsReportTest#checkCustomerAgeingDetailByDueDate</h3><table class="result"><tr><th>Messages</th></tr><tr><td><div class="messages">Completed executing following method : FocusFinancialsReportTest.checkCustomerAgeingDetailByDueDate<br/>Test Method resides in com.focus.testcases.FocusFinancialsReportTest<br/>Test Status: Pass<br/>About to begin executing following method : BaseEngine.afterMethodExecution</div></td></tr></table><p class="totop"><a href="#summary">back to summary</a></p><h3 id="m44">com.focus.testcases.FocusFinancialsReportTest#checkCustomerAgeingSummaryReport</h3><table class="result"><tr><th>Messages</th></tr><tr><td><div class="messages">Completed executing following method : FocusFinancialsReportTest.checkCustomerAgeingSummaryReport<br/>Test Method resides in com.focus.testcases.FocusFinancialsReportTest<br/>Test Status: Pass<br/>About to begin executing following method : BaseEngine.afterMethodExecution</div></td></tr></table><p class="totop"><a href="#summary">back to summary</a></p><h3 id="m45">com.focus.testcases.FocusFinancialsReportTest#checkCustomerBillWiseSummaryReport</h3><table class="result"><tr><th>Messages</th></tr><tr><td><div class="messages">Completed executing following method : FocusFinancialsReportTest.checkCustomerBillWiseSummaryReport<br/>Test Method resides in com.focus.testcases.FocusFinancialsReportTest<br/>Test Status: Pass<br/>About to begin executing following method : BaseEngine.afterMethodExecution</div></td></tr></table><p class="totop"><a href="#summary">back to summary</a></p><h3 id="m46">com.focus.testcases.FocusFinancialsReportTest#checkCustomerDueDateAnalysis</h3><table class="result"><tr><th>Messages</th></tr><tr><td><div class="messages">Completed executing following method : FocusFinancialsReportTest.checkCustomerDueDateAnalysis<br/>Test Method resides in com.focus.testcases.FocusFinancialsReportTest<br/>Test Status: Pass<br/>About to begin executing following method : BaseEngine.afterMethodExecution</div></td></tr></table><p class="totop"><a href="#summary">back to summary</a></p><h3 id="m47">com.focus.testcases.FocusFinancialsReportTest#checkCustomerListingOfOutstandingBillsReport</h3><table class="result"><tr><th>Messages</th></tr><tr><td><div class="messages">Completed executing following method : FocusFinancialsReportTest.checkCustomerListingOfOutstandingBillsReport<br/>Test Method resides in com.focus.testcases.FocusFinancialsReportTest<br/>Test Status: Pass<br/>About to begin executing following method : BaseEngine.afterMethodExecution</div></td></tr></table><p class="totop"><a href="#summary">back to summary</a></p><h3 id="m48">com.focus.testcases.FocusFinancialsReportTest#checkCustomerOverDueAnalysis</h3><table class="result"><tr><th>Messages</th></tr><tr><td><div class="messages">Completed executing following method : FocusFinancialsReportTest.checkCustomerOverDueAnalysis<br/>Test Method resides in com.focus.testcases.FocusFinancialsReportTest<br/>Test Status: Pass<br/>About to begin executing following method : BaseEngine.afterMethodExecution</div></td></tr></table><p class="totop"><a href="#summary">back to summary</a></p><h3 id="m49">com.focus.testcases.FocusFinancialsReportTest#checkCustomerOverDueSummaryReport</h3><table class="result"><tr><th>Messages</th></tr><tr><td><div class="messages">Completed executing following method : FocusFinancialsReportTest.checkCustomerOverDueSummaryReport<br/>Test Method resides in com.focus.testcases.FocusFinancialsReportTest<br/>Test Status: Pass<br/>About to begin executing following method : BaseEngine.afterMethodExecution</div></td></tr></table><p class="totop"><a href="#summary">back to summary</a></p><h3 id="m50">com.focus.testcases.FocusFinancialsReportTest#checkCustomerStatementsReport</h3><table class="result"><tr><th>Messages</th></tr><tr><td><div class="messages">Completed executing following method : FocusFinancialsReportTest.checkCustomerStatementsReport<br/>Test Method resides in com.focus.testcases.FocusFinancialsReportTest<br/>Test Status: Pass<br/>About to begin executing following method : BaseEngine.afterMethodExecution</div></td></tr></table><p class="totop"><a href="#summary">back to summary</a></p><h3 id="m51">com.focus.testcases.FocusFinancialsReportTest#checkCustomerSummaryAgeingByDueDateReport</h3><table class="result"><tr><th>Messages</th></tr><tr><td><div class="messages">Completed executing following method : FocusFinancialsReportTest.checkCustomerSummaryAgeingByDueDateReport<br/>Test Method resides in com.focus.testcases.FocusFinancialsReportTest<br/>Test Status: Pass<br/>About to begin executing following method : BaseEngine.afterMethodExecution</div></td></tr></table><p class="totop"><a href="#summary">back to summary</a></p><h3 id="m52">com.focus.testcases.FocusFinancialsReportTest#checkFundFlowReport</h3><table class="result"><tr><th>Messages</th></tr><tr><td><div class="messages">Completed executing following method : FocusFinancialsReportTest.checkFundFlowReport<br/>Test Method resides in com.focus.testcases.FocusFinancialsReportTest<br/>Test Status: Pass<br/>About to begin executing following method : BaseEngine.afterMethodExecution</div></td></tr></table><p class="totop"><a href="#summary">back to summary</a></p><h3 id="m53">com.focus.testcases.FocusFinancialsReportTest#checkIncomeExpensesTrendReport</h3><table class="result"><tr><th>Messages</th></tr><tr><td><div class="messages">Completed executing following method : FocusFinancialsReportTest.checkIncomeExpensesTrendReport<br/>Test Method resides in com.focus.testcases.FocusFinancialsReportTest<br/>Test Status: Pass<br/>About to begin executing following method : BaseEngine.afterMethodExecution</div></td></tr></table><p class="totop"><a href="#summary">back to summary</a></p><h3 id="m54">com.focus.testcases.FocusFinancialsReportTest#checkJournalEntryRegister</h3><table class="result"><tr><th>Messages</th></tr><tr><td><div class="messages">Completed executing following method : FocusFinancialsReportTest.checkJournalEntryRegister<br/>Test Method resides in com.focus.testcases.FocusFinancialsReportTest<br/>Test Status: Pass<br/>About to begin executing following method : BaseEngine.afterMethodExecution</div></td></tr></table><p class="totop"><a href="#summary">back to summary</a></p><h3 id="m55">com.focus.testcases.FocusFinancialsReportTest#checkLogutAndLoginWithRER</h3><table class="result"><tr><th>Messages</th></tr><tr><td><div class="messages">Completed executing following method : FocusFinancialsReportTest.checkLogutAndLoginWithRER<br/>Test Method resides in com.focus.testcases.FocusFinancialsReportTest<br/>Test Status: Pass<br/>About to begin executing following method : BaseEngine.afterMethodExecution</div></td></tr></table><p class="totop"><a href="#summary">back to summary</a></p><h3 id="m56">com.focus.testcases.FocusFinancialsReportTest#checkMasterAuthorizationReport</h3><table class="result"><tr><th>Messages</th></tr><tr><td><div class="messages">Completed executing following method : FocusFinancialsReportTest.checkMasterAuthorizationReport<br/>Test Method resides in com.focus.testcases.FocusFinancialsReportTest<br/>Test Status: Pass<br/>About to begin executing following method : BaseEngine.afterMethodExecution</div></td></tr></table><p class="totop"><a href="#summary">back to summary</a></p><h3 id="m57">com.focus.testcases.FocusFinancialsReportTest#checkMasterInfoOfAccountReport</h3><table class="result"><tr><th>Messages</th></tr><tr><td><div class="messages">Completed executing following method : FocusFinancialsReportTest.checkMasterInfoOfAccountReport<br/>Test Method resides in com.focus.testcases.FocusFinancialsReportTest<br/>Test Status: Pass<br/>About to begin executing following method : BaseEngine.afterMethodExecution</div></td></tr></table><p class="totop"><a href="#summary">back to summary</a></p><h3 id="m58">com.focus.testcases.FocusFinancialsReportTest#checkMonthlySalesReport</h3><table class="result"><tr><th>Messages</th></tr><tr><td><div class="messages">Completed executing following method : FocusFinancialsReportTest.checkMonthlySalesReport<br/>Test Method resides in com.focus.testcases.FocusFinancialsReportTest<br/>Test Status: Pass<br/>About to begin executing following method : BaseEngine.afterMethodExecution</div></td></tr></table><p class="totop"><a href="#summary">back to summary</a></p><h3 id="m59">com.focus.testcases.FocusFinancialsReportTest#checkOpeningBalanceRegister</h3><table class="result"><tr><th>Messages</th></tr><tr><td><div class="messages">Completed executing following method : FocusFinancialsReportTest.checkOpeningBalanceRegister<br/>Test Method resides in com.focus.testcases.FocusFinancialsReportTest<br/>Test Status: Pass<br/>About to begin executing following method : BaseEngine.afterMethodExecution</div></td></tr></table><p class="totop"><a href="#summary">back to summary</a></p><h3 id="m60">com.focus.testcases.FocusFinancialsReportTest#checkPDCPaymentsRegister</h3><table class="result"><tr><th>Messages</th></tr><tr><td><div class="messages">Completed executing following method : FocusFinancialsReportTest.checkPDCPaymentsRegister<br/>Test Method resides in com.focus.testcases.FocusFinancialsReportTest<br/>Test Status: Pass<br/>About to begin executing following method : BaseEngine.afterMethodExecution</div></td></tr></table><p class="totop"><a href="#summary">back to summary</a></p><h3 id="m61">com.focus.testcases.FocusFinancialsReportTest#checkPDCReceiptsRegister</h3><table class="result"><tr><th>Messages</th></tr><tr><td><div class="messages">Completed executing following method : FocusFinancialsReportTest.checkPDCReceiptsRegister<br/>Test Method resides in com.focus.testcases.FocusFinancialsReportTest<br/>Test Status: Pass<br/>About to begin executing following method : BaseEngine.afterMethodExecution</div></td></tr></table><p class="totop"><a href="#summary">back to summary</a></p><h3 id="m62">com.focus.testcases.FocusFinancialsReportTest#checkPaymentsRegister</h3><table class="result"><tr><th>Messages</th></tr><tr><td><div class="messages">Completed executing following method : FocusFinancialsReportTest.checkPaymentsRegister<br/>Test Method resides in com.focus.testcases.FocusFinancialsReportTest<br/>Test Status: Pass<br/>About to begin executing following method : BaseEngine.afterMethodExecution</div></td></tr></table><p class="totop"><a href="#summary">back to summary</a></p><h3 id="m63">com.focus.testcases.FocusFinancialsReportTest#checkPettyCashBookReport</h3><table class="result"><tr><th>Messages</th></tr><tr><td><div class="messages">Completed executing following method : FocusFinancialsReportTest.checkPettyCashBookReport<br/>Test Method resides in com.focus.testcases.FocusFinancialsReportTest<br/>Test Status: Pass<br/>About to begin executing following method : BaseEngine.afterMethodExecution</div></td></tr></table><p class="totop"><a href="#summary">back to summary</a></p><h3 id="m64">com.focus.testcases.FocusFinancialsReportTest#checkProductLableReport</h3><table class="result"><tr><th>Messages</th></tr><tr><td><div class="messages">Completed executing following method : FocusFinancialsReportTest.checkProductLableReport<br/>Test Method resides in com.focus.testcases.FocusFinancialsReportTest<br/>Test Status: Pass<br/>About to begin executing following method : BaseEngine.afterMethodExecution</div></td></tr></table><p class="totop"><a href="#summary">back to summary</a></p><h3 id="m65">com.focus.testcases.FocusFinancialsReportTest#checkProfitAndLoassReport</h3><table class="result"><tr><th>Messages</th></tr><tr><td><div class="messages">Completed executing following method : FocusFinancialsReportTest.checkProfitAndLoassReport<br/>Test Method resides in com.focus.testcases.FocusFinancialsReportTest<br/>Test Status: Pass<br/>About to begin executing following method : BaseEngine.afterMethodExecution</div></td></tr></table><p class="totop"><a href="#summary">back to summary</a></p><h3 id="m66">com.focus.testcases.FocusFinancialsReportTest#checkPurchaseReturnRegister</h3><table class="result"><tr><th>Messages</th></tr><tr><td><div class="messages">Completed executing following method : FocusFinancialsReportTest.checkPurchaseReturnRegister<br/>Test Method resides in com.focus.testcases.FocusFinancialsReportTest<br/>Test Status: Pass<br/>About to begin executing following method : BaseEngine.afterMethodExecution</div></td></tr></table><p class="totop"><a href="#summary">back to summary</a></p><h3 id="m67">com.focus.testcases.FocusFinancialsReportTest#checkPurchasesGroupedByDepartment</h3><table class="result"><tr><th>Messages</th></tr><tr><td><div class="messages">Completed executing following method : FocusFinancialsReportTest.checkPurchasesGroupedByDepartment<br/>Test Method resides in com.focus.testcases.FocusFinancialsReportTest<br/>Test Status: Pass<br/>About to begin executing following method : BaseEngine.afterMethodExecution</div></td></tr></table><p class="totop"><a href="#summary">back to summary</a></p><h3 id="m68">com.focus.testcases.FocusFinancialsReportTest#checkPurchasesGroupedByItem</h3><table class="result"><tr><th>Messages</th></tr><tr><td><div class="messages">Completed executing following method : FocusFinancialsReportTest.checkPurchasesGroupedByItem<br/>Test Method resides in com.focus.testcases.FocusFinancialsReportTest<br/>Test Status: Pass<br/>About to begin executing following method : BaseEngine.afterMethodExecution</div></td></tr></table><p class="totop"><a href="#summary">back to summary</a></p><h3 id="m69">com.focus.testcases.FocusFinancialsReportTest#checkPurchasesGroupedByVendor</h3><table class="result"><tr><th>Messages</th></tr><tr><td><div class="messages">Completed executing following method : FocusFinancialsReportTest.checkPurchasesGroupedByVendor<br/>Test Method resides in com.focus.testcases.FocusFinancialsReportTest<br/>Test Status: Pass<br/>About to begin executing following method : BaseEngine.afterMethodExecution</div></td></tr></table><p class="totop"><a href="#summary">back to summary</a></p><h3 id="m70">com.focus.testcases.FocusFinancialsReportTest#checkReciptsRegister</h3><table class="result"><tr><th>Messages</th></tr><tr><td><div class="messages">Completed executing following method : FocusFinancialsReportTest.checkReciptsRegister<br/>Test Method resides in com.focus.testcases.FocusFinancialsReportTest<br/>Test Status: Pass<br/>About to begin executing following method : BaseEngine.afterMethodExecution</div></td></tr></table><p class="totop"><a href="#summary">back to summary</a></p><h3 id="m71">com.focus.testcases.FocusFinancialsReportTest#checkSalesGroupedByDepartment</h3><table class="result"><tr><th>Messages</th></tr><tr><td><div class="messages">Completed executing following method : FocusFinancialsReportTest.checkSalesGroupedByDepartment<br/>Test Method resides in com.focus.testcases.FocusFinancialsReportTest<br/>Test Status: Pass<br/>About to begin executing following method : BaseEngine.afterMethodExecution</div></td></tr></table><p class="totop"><a href="#summary">back to summary</a></p><h3 id="m72">com.focus.testcases.FocusFinancialsReportTest#checkSalesGroupedByItem</h3><table class="result"><tr><th>Messages</th></tr><tr><td><div class="messages">Completed executing following method : FocusFinancialsReportTest.checkSalesGroupedByItem<br/>Test Method resides in com.focus.testcases.FocusFinancialsReportTest<br/>Test Status: Pass<br/>About to begin executing following method : BaseEngine.afterMethodExecution</div></td></tr></table><p class="totop"><a href="#summary">back to summary</a></p><h3 id="m73">com.focus.testcases.FocusFinancialsReportTest#checkSalesRegisterReport</h3><table class="result"><tr><th>Messages</th></tr><tr><td><div class="messages">Completed executing following method : FocusFinancialsReportTest.checkSalesRegisterReport<br/>Test Method resides in com.focus.testcases.FocusFinancialsReportTest<br/>Test Status: Pass<br/>About to begin executing following method : BaseEngine.afterMethodExecution</div></td></tr></table><p class="totop"><a href="#summary">back to summary</a></p><h3 id="m74">com.focus.testcases.FocusFinancialsReportTest#checkSalesSummaryRegisterReport</h3><table class="result"><tr><th>Messages</th></tr><tr><td><div class="messages">Completed executing following method : FocusFinancialsReportTest.checkSalesSummaryRegisterReport<br/>Test Method resides in com.focus.testcases.FocusFinancialsReportTest<br/>Test Status: Pass<br/>About to begin executing following method : BaseEngine.afterMethodExecution</div></td></tr></table><p class="totop"><a href="#summary">back to summary</a></p><h3 id="m75">com.focus.testcases.FocusFinancialsReportTest#checkSchedulesReports</h3><table class="result"><tr><th>Messages</th></tr><tr><td><div class="messages">Completed executing following method : FocusFinancialsReportTest.checkSchedulesReports<br/>Test Method resides in com.focus.testcases.FocusFinancialsReportTest<br/>Test Status: Pass<br/>About to begin executing following method : BaseEngine.afterMethodExecution</div></td></tr></table><p class="totop"><a href="#summary">back to summary</a></p><h3 id="m76">com.focus.testcases.FocusFinancialsReportTest#checkSkidDefinitionReport</h3><table class="result"><tr><th>Messages</th></tr><tr><td><div class="messages">Completed executing following method : FocusFinancialsReportTest.checkSkidDefinitionReport<br/>Test Method resides in com.focus.testcases.FocusFinancialsReportTest<br/>Test Status: Pass<br/>About to begin executing following method : BaseEngine.afterMethodExecution</div></td></tr></table><p class="totop"><a href="#summary">back to summary</a></p><h3 id="m77">com.focus.testcases.FocusFinancialsReportTest#checkSubLedgerReport</h3><table class="result"><tr><th>Messages</th></tr><tr><td><div class="messages">Completed executing following method : FocusFinancialsReportTest.checkSubLedgerReport<br/>Test Method resides in com.focus.testcases.FocusFinancialsReportTest<br/>Test Status: Pass<br/>About to begin executing following method : BaseEngine.afterMethodExecution</div></td></tr></table><p class="totop"><a href="#summary">back to summary</a></p><h3 id="m78">com.focus.testcases.FocusFinancialsReportTest#checkTopCustomersReports</h3><table class="result"><tr><th>Messages</th></tr><tr><td><div class="messages">Completed executing following method : FocusFinancialsReportTest.checkTopCustomersReports<br/>Test Method resides in com.focus.testcases.FocusFinancialsReportTest<br/>Test Status: Pass<br/>About to begin executing following method : BaseEngine.afterMethodExecution</div></td></tr></table><p class="totop"><a href="#summary">back to summary</a></p><h3 id="m79">com.focus.testcases.FocusFinancialsReportTest#checkTradingAccountReport</h3><table class="result"><tr><th>Messages</th></tr><tr><td><div class="messages">Completed executing following method : FocusFinancialsReportTest.checkTradingAccountReport<br/>Test Method resides in com.focus.testcases.FocusFinancialsReportTest<br/>Test Status: Pass<br/>About to begin executing following method : BaseEngine.afterMethodExecution</div></td></tr></table><p class="totop"><a href="#summary">back to summary</a></p><h3 id="m80">com.focus.testcases.FocusFinancialsReportTest#checkTrailBalanceReport</h3><table class="result"><tr><th>Messages</th></tr><tr><td><div class="messages">Completed executing following method : FocusFinancialsReportTest.checkTrailBalanceReport<br/>Test Method resides in com.focus.testcases.FocusFinancialsReportTest<br/>Test Status: Pass<br/>About to begin executing following method : BaseEngine.afterMethodExecution</div></td></tr></table><p class="totop"><a href="#summary">back to summary</a></p><h3 id="m81">com.focus.testcases.FocusFinancialsReportTest#checkTrandingAndProfitAndLoss</h3><table class="result"><tr><th>Messages</th></tr><tr><td><div class="messages">Completed executing following method : FocusFinancialsReportTest.checkTrandingAndProfitAndLoss<br/>Test Method resides in com.focus.testcases.FocusFinancialsReportTest<br/>Test Status: Pass<br/>About to begin executing following method : BaseEngine.afterMethodExecution</div></td></tr></table><p class="totop"><a href="#summary">back to summary</a></p><h3 id="m82">com.focus.testcases.FocusFinancialsReportTest#checkTransactionAuthorizationReport</h3><table class="result"><tr><th>Messages</th></tr><tr><td><div class="messages">Completed executing following method : FocusFinancialsReportTest.checkTransactionAuthorizationReport<br/>Test Method resides in com.focus.testcases.FocusFinancialsReportTest<br/>Test Status: Pass<br/>About to begin executing following method : BaseEngine.afterMethodExecution</div></td></tr></table><p class="totop"><a href="#summary">back to summary</a></p><h3 id="m83">com.focus.testcases.FocusFinancialsReportTest#checkTransactionsTypeAnalysis</h3><table class="result"><tr><th>Messages</th></tr><tr><td><div class="messages">Completed executing following method : FocusFinancialsReportTest.checkTransactionsTypeAnalysis<br/>Test Method resides in com.focus.testcases.FocusFinancialsReportTest<br/>Test Status: Pass<br/>About to begin executing following method : BaseEngine.afterMethodExecution</div></td></tr></table><p class="totop"><a href="#summary">back to summary</a></p><h3 id="m84">com.focus.testcases.FocusFinancialsReportTest#checkUnitConversionReport</h3><table class="result"><tr><th>Messages</th></tr><tr><td><div class="messages">Completed executing following method : FocusFinancialsReportTest.checkUnitConversionReport<br/>Test Method resides in com.focus.testcases.FocusFinancialsReportTest<br/>Test Status: Pass<br/>About to begin executing following method : BaseEngine.afterMethodExecution</div></td></tr></table><p class="totop"><a href="#summary">back to summary</a></p><h3 id="m85">com.focus.testcases.FocusFinancialsReportTest#checkVirtualBankLedger</h3><table class="result"><tr><th>Messages</th></tr><tr><td><div class="messages">Completed executing following method : FocusFinancialsReportTest.checkVirtualBankLedger<br/>Test Method resides in com.focus.testcases.FocusFinancialsReportTest<br/>Test Status: Pass<br/>About to begin executing following method : BaseEngine.afterMethodExecution</div></td></tr></table><p class="totop"><a href="#summary">back to summary</a></p><h3 id="m86">com.focus.testcases.FocusInventoryReportsTest#checkABCAnalysisReport</h3><table class="result"><tr><th>Messages</th></tr><tr><td><div class="messages">Completed executing following method : FocusInventoryReportsTest.checkABCAnalysisReport<br/>Test Method resides in com.focus.testcases.FocusInventoryReportsTest<br/>Test Status: Pass<br/>About to begin executing following method : BaseEngine.afterMethodExecution</div></td></tr></table><p class="totop"><a href="#summary">back to summary</a></p><h3 id="m87">com.focus.testcases.FocusInventoryReportsTest#checkAgeingAnalysisByBatchReport</h3><table class="result"><tr><th>Messages</th></tr><tr><td><div class="messages">Completed executing following method : FocusInventoryReportsTest.checkAgeingAnalysisByBatchReport<br/>Test Method resides in com.focus.testcases.FocusInventoryReportsTest<br/>Test Status: Pass<br/>About to begin executing following method : BaseEngine.afterMethodExecution</div></td></tr></table><p class="totop"><a href="#summary">back to summary</a></p><h3 id="m88">com.focus.testcases.FocusInventoryReportsTest#checkBestSellingItemReport</h3><table class="result"><tr><th>Messages</th></tr><tr><td><div class="messages">Completed executing following method : FocusInventoryReportsTest.checkBestSellingItemReport<br/>Test Method resides in com.focus.testcases.FocusInventoryReportsTest<br/>Test Status: Pass<br/>About to begin executing following method : BaseEngine.afterMethodExecution</div></td></tr></table><p class="totop"><a href="#summary">back to summary</a></p><h3 id="m89">com.focus.testcases.FocusInventoryReportsTest#checkExpiredStockByBinsReports</h3><table class="result"><tr><th>Messages</th></tr><tr><td><div class="messages">Completed executing following method : FocusInventoryReportsTest.checkExpiredStockByBinsReports<br/>Test Method resides in com.focus.testcases.FocusInventoryReportsTest<br/>Test Status: Pass<br/>About to begin executing following method : BaseEngine.afterMethodExecution</div></td></tr></table><p class="totop"><a href="#summary">back to summary</a></p><h3 id="m90">com.focus.testcases.FocusInventoryReportsTest#checkFastMovingItemsReport</h3><table class="result"><tr><th>Messages</th></tr><tr><td><div class="messages">Completed executing following method : FocusInventoryReportsTest.checkFastMovingItemsReport<br/>Test Method resides in com.focus.testcases.FocusInventoryReportsTest<br/>Test Status: Pass<br/>About to begin executing following method : BaseEngine.afterMethodExecution</div></td></tr></table><p class="totop"><a href="#summary">back to summary</a></p><h3 id="m91">com.focus.testcases.FocusInventoryReportsTest#checkGeneralLedgerandInventoryMismatchReport</h3><table class="result"><tr><th>Messages</th></tr><tr><td><div class="messages">Completed executing following method : FocusInventoryReportsTest.checkGeneralLedgerandInventoryMismatchReport<br/>Test Method resides in com.focus.testcases.FocusInventoryReportsTest<br/>Test Status: Pass<br/>About to begin executing following method : BaseEngine.afterMethodExecution</div></td></tr></table><p class="totop"><a href="#summary">back to summary</a></p><h3 id="m92">com.focus.testcases.FocusInventoryReportsTest#checkItemQueryReport</h3><table class="result"><tr><th>Messages</th></tr><tr><td><div class="messages">Completed executing following method : FocusInventoryReportsTest.checkItemQueryReport<br/>Test Method resides in com.focus.testcases.FocusInventoryReportsTest<br/>Test Status: Pass<br/>About to begin executing following method : BaseEngine.afterMethodExecution</div></td></tr></table><p class="totop"><a href="#summary">back to summary</a></p><h3 id="m93">com.focus.testcases.FocusInventoryReportsTest#checkOpeningStockRegisterReport</h3><table class="result"><tr><th>Messages</th></tr><tr><td><div class="messages">Completed executing following method : FocusInventoryReportsTest.checkOpeningStockRegisterReport<br/>Test Method resides in com.focus.testcases.FocusInventoryReportsTest<br/>Test Status: Pass<br/>About to begin executing following method : BaseEngine.afterMethodExecution</div></td></tr></table><p class="totop"><a href="#summary">back to summary</a></p><h3 id="m94">com.focus.testcases.FocusInventoryReportsTest#checkPeakAndLowBlancesReport</h3><table class="result"><tr><th>Messages</th></tr><tr><td><div class="messages">Completed executing following method : FocusInventoryReportsTest.checkPeakAndLowBlancesReport<br/>Test Method resides in com.focus.testcases.FocusInventoryReportsTest<br/>Test Status: Pass<br/>About to begin executing following method : BaseEngine.afterMethodExecution</div></td></tr></table><p class="totop"><a href="#summary">back to summary</a></p><h3 id="m95">com.focus.testcases.FocusInventoryReportsTest#checkPrintOptionInStockStatements</h3><table class="result"><tr><th>Messages</th></tr><tr><td><div class="messages">Completed executing following method : FocusInventoryReportsTest.checkPrintOptionInStockStatements<br/>Test Method resides in com.focus.testcases.FocusInventoryReportsTest<br/>Test Status: Pass<br/>About to begin executing following method : BaseEngine.afterMethodExecution</div></td></tr></table><p class="totop"><a href="#summary">back to summary</a></p><h3 id="m96">com.focus.testcases.FocusInventoryReportsTest#checkSlowMovingItemsReport</h3><table class="result"><tr><th>Messages</th></tr><tr><td><div class="messages">Completed executing following method : FocusInventoryReportsTest.checkSlowMovingItemsReport<br/>Test Method resides in com.focus.testcases.FocusInventoryReportsTest<br/>Test Status: Pass<br/>About to begin executing following method : BaseEngine.afterMethodExecution</div></td></tr></table><p class="totop"><a href="#summary">back to summary</a></p><h3 id="m97">com.focus.testcases.FocusInventoryReportsTest#checkStockAnalysisByBatchReport</h3><table class="result"><tr><th>Messages</th></tr><tr><td><div class="messages">Completed executing following method : FocusInventoryReportsTest.checkStockAnalysisByBatchReport<br/>Test Method resides in com.focus.testcases.FocusInventoryReportsTest<br/>Test Status: Pass<br/>About to begin executing following method : BaseEngine.afterMethodExecution</div></td></tr></table><p class="totop"><a href="#summary">back to summary</a></p><h3 id="m98">com.focus.testcases.FocusInventoryReportsTest#checkStockAnalysisByRMAReport</h3><table class="result"><tr><th>Messages</th></tr><tr><td><div class="messages">Completed executing following method : FocusInventoryReportsTest.checkStockAnalysisByRMAReport<br/>Test Method resides in com.focus.testcases.FocusInventoryReportsTest<br/>Test Status: Pass<br/>About to begin executing following method : BaseEngine.afterMethodExecution</div></td></tr></table><p class="totop"><a href="#summary">back to summary</a></p><h3 id="m99">com.focus.testcases.FocusInventoryReportsTest#checkStockBalanceByItemsByBinsReport</h3><table class="result"><tr><th>Messages</th></tr><tr><td><div class="messages">Completed executing following method : FocusInventoryReportsTest.checkStockBalanceByItemsByBinsReport<br/>Test Method resides in com.focus.testcases.FocusInventoryReportsTest<br/>Test Status: Pass<br/>About to begin executing following method : BaseEngine.afterMethodExecution</div></td></tr></table><p class="totop"><a href="#summary">back to summary</a></p><h3 id="m100">com.focus.testcases.FocusInventoryReportsTest#checkStockBalanceByWarehouse</h3><table class="result"><tr><th>Messages</th></tr><tr><td><div class="messages">Completed executing following method : FocusInventoryReportsTest.checkStockBalanceByWarehouse<br/>Test Method resides in com.focus.testcases.FocusInventoryReportsTest<br/>Test Status: Pass<br/>About to begin executing following method : BaseEngine.afterMethodExecution</div></td></tr></table><p class="totop"><a href="#summary">back to summary</a></p><h3 id="m101">com.focus.testcases.FocusInventoryReportsTest#checkStockBlanceByBinsReport</h3><table class="result"><tr><th>Messages</th></tr><tr><td><div class="messages">Completed executing following method : FocusInventoryReportsTest.checkStockBlanceByBinsReport<br/>Test Method resides in com.focus.testcases.FocusInventoryReportsTest<br/>Test Status: Pass<br/>About to begin executing following method : BaseEngine.afterMethodExecution</div></td></tr></table><p class="totop"><a href="#summary">back to summary</a></p><h3 id="m102">com.focus.testcases.FocusInventoryReportsTest#checkStockDetailsByBins</h3><table class="result"><tr><th>Messages</th></tr><tr><td><div class="messages">Completed executing following method : FocusInventoryReportsTest.checkStockDetailsByBins<br/>Test Method resides in com.focus.testcases.FocusInventoryReportsTest<br/>Test Status: Pass<br/>About to begin executing following method : BaseEngine.afterMethodExecution</div></td></tr></table><p class="totop"><a href="#summary">back to summary</a></p><h3 id="m103">com.focus.testcases.FocusInventoryReportsTest#checkStockLedgerReport</h3><table class="result"><tr><th>Messages</th></tr><tr><td><div class="messages">Completed executing following method : FocusInventoryReportsTest.checkStockLedgerReport<br/>Test Method resides in com.focus.testcases.FocusInventoryReportsTest<br/>Test Status: Pass<br/>About to begin executing following method : BaseEngine.afterMethodExecution</div></td></tr></table><p class="totop"><a href="#summary">back to summary</a></p><h3 id="m104">com.focus.testcases.FocusInventoryReportsTest#checkStockMovementReport</h3><table class="result"><tr><th>Messages</th></tr><tr><td><div class="messages">Completed executing following method : FocusInventoryReportsTest.checkStockMovementReport<br/>Test Method resides in com.focus.testcases.FocusInventoryReportsTest<br/>Test Status: Pass<br/>About to begin executing following method : BaseEngine.afterMethodExecution</div></td></tr></table><p class="totop"><a href="#summary">back to summary</a></p><h3 id="m105">com.focus.testcases.FocusInventoryReportsTest#checkStockReprtByTagReport</h3><table class="result"><tr><th>Messages</th></tr><tr><td><div class="messages">Completed executing following method : FocusInventoryReportsTest.checkStockReprtByTagReport<br/>Test Method resides in com.focus.testcases.FocusInventoryReportsTest<br/>Test Status: Pass<br/>About to begin executing following method : BaseEngine.afterMethodExecution</div></td></tr></table><p class="totop"><a href="#summary">back to summary</a></p><h3 id="m106">com.focus.testcases.FocusInventoryReportsTest#checkStockStatementReport</h3><table class="result"><tr><th>Messages</th></tr><tr><td><div class="messages">Completed executing following method : FocusInventoryReportsTest.checkStockStatementReport<br/>Test Method resides in com.focus.testcases.FocusInventoryReportsTest<br/>Test Status: Pass<br/>About to begin executing following method : BaseEngine.afterMethodExecution</div></td></tr></table><p class="totop"><a href="#summary">back to summary</a></p><h3 id="m107">com.focus.testcases.FocusInventoryReportsTest#checkStockTransferRegisterReport</h3><table class="result"><tr><th>Messages</th></tr><tr><td><div class="messages">Completed executing following method : FocusInventoryReportsTest.checkStockTransferRegisterReport<br/>Test Method resides in com.focus.testcases.FocusInventoryReportsTest<br/>Test Status: Pass<br/>About to begin executing following method : BaseEngine.afterMethodExecution</div></td></tr></table><p class="totop"><a href="#summary">back to summary</a></p><h3 id="m108">com.focus.testcases.FocusInventoryReportsTest#checkStockValuationByFATagReport</h3><table class="result"><tr><th>Messages</th></tr><tr><td><div class="messages">Completed executing following method : FocusInventoryReportsTest.checkStockValuationByFATagReport<br/>Test Method resides in com.focus.testcases.FocusInventoryReportsTest<br/>Test Status: Pass<br/>About to begin executing following method : BaseEngine.afterMethodExecution</div></td></tr></table><p class="totop"><a href="#summary">back to summary</a></p><h3 id="m109">com.focus.testcases.FocusInventoryReportsTest#checkStockValuationReportByInventoryByProduct</h3><table class="result"><tr><th>Messages</th></tr><tr><td><div class="messages">Completed executing following method : FocusInventoryReportsTest.checkStockValuationReportByInventoryByProduct<br/>Test Method resides in com.focus.testcases.FocusInventoryReportsTest<br/>Test Status: Pass<br/>About to begin executing following method : BaseEngine.afterMethodExecution</div></td></tr></table><p class="totop"><a href="#summary">back to summary</a></p><h3 id="m110">com.focus.testcases.FocusInventoryReportsTest#checkStockValuationReportByProduct</h3><table class="result"><tr><th>Messages</th></tr><tr><td><div class="messages">Completed executing following method : FocusInventoryReportsTest.checkStockValuationReportByProduct<br/>Test Method resides in com.focus.testcases.FocusInventoryReportsTest<br/>Test Status: Pass<br/>About to begin executing following method : BaseEngine.afterMethodExecution</div></td></tr></table><p class="totop"><a href="#summary">back to summary</a></p><h3 id="m111">com.focus.testcases.FocusInventoryReportsTest#checkStockValuationReportByProductByInventoryTag</h3><table class="result"><tr><th>Messages</th></tr><tr><td><div class="messages">Completed executing following method : FocusInventoryReportsTest.checkStockValuationReportByProductByInventoryTag<br/>Test Method resides in com.focus.testcases.FocusInventoryReportsTest<br/>Test Status: Pass<br/>About to begin executing following method : BaseEngine.afterMethodExecution</div></td></tr></table><p class="totop"><a href="#summary">back to summary</a></p><h3 id="m112">com.focus.testcases.FocusInventoryReportsTest#checkVirtualStockAnalysisReport</h3><table class="result"><tr><th>Messages</th></tr><tr><td><div class="messages">Completed executing following method : FocusInventoryReportsTest.checkVirtualStockAnalysisReport<br/>Test Method resides in com.focus.testcases.FocusInventoryReportsTest<br/>Test Status: Pass<br/>About to begin executing following method : BaseEngine.afterMethodExecution</div></td></tr></table><p class="totop"><a href="#summary">back to summary</a></p><h3 id="m113">com.focus.testcases.URLBrowserTest#checkLoginPageTitleByURLInputInBrowser</h3><table class="result"><tr><th>Messages</th></tr><tr><td><div class="messages">Completed executing following method : URLBrowserTest.checkLoginPageTitleByURLInputInBrowser<br/>Test Method resides in com.focus.testcases.URLBrowserTest<br/>Test Status: Pass<br/>About to begin executing following method : BaseEngine.afterMethodExecution</div></td></tr></table><p class="totop"><a href="#summary">back to summary</a></p><h3 id="m114">com.focus.testcases.URLBrowserTest#verifyBrowserOpen</h3><table class="result"><tr><th>Messages</th></tr><tr><td><div class="messages">Completed executing following method : URLBrowserTest.verifyBrowserOpen<br/>Test Method resides in com.focus.testcases.URLBrowserTest<br/>Test Status: Pass<br/>About to begin executing following method : BaseEngine.afterMethodExecution</div></td></tr></table><p class="totop"><a href="#summary">back to summary</a></p><h3 id="m115">com.focus.testcases.UserRestrictionsTest#checkAccountMasterWhetherShowingOnlyRestrictedAccountsInList</h3><table class="result"><tr><th>Messages</th></tr><tr><td><div class="messages">Completed executing following method : UserRestrictionsTest.checkAccountMasterWhetherShowingOnlyRestrictedAccountsInList<br/>Test Method resides in com.focus.testcases.UserRestrictionsTest<br/>Test Status: Pass<br/>About to begin executing following method : BaseEngine.afterMethodExecution</div></td></tr></table><p class="totop"><a href="#summary">back to summary</a></p><h3 id="m116">com.focus.testcases.UserRestrictionsTest#checkBranchMasterWhetherShowingOnlyRestrictedBranchInList</h3><table class="result"><tr><th>Messages</th></tr><tr><td><div class="messages">Completed executing following method : UserRestrictionsTest.checkBranchMasterWhetherShowingOnlyRestrictedBranchInList<br/>Test Method resides in com.focus.testcases.UserRestrictionsTest<br/>Test Status: Pass<br/>About to begin executing following method : BaseEngine.afterMethodExecution</div></td></tr></table><p class="totop"><a href="#summary">back to summary</a></p><h3 id="m117">com.focus.testcases.UserRestrictionsTest#checkChildAccountsInsideTheGroupAccountsIndivdually</h3><table class="result"><tr><th>Messages</th></tr><tr><td><div class="messages">Completed executing following method : UserRestrictionsTest.checkChildAccountsInsideTheGroupAccountsIndivdually<br/>Test Method resides in com.focus.testcases.UserRestrictionsTest<br/>Test Status: Pass<br/>About to begin executing following method : BaseEngine.afterMethodExecution</div></td></tr></table><p class="totop"><a href="#summary">back to summary</a></p><h3 id="m118">com.focus.testcases.UserRestrictionsTest#checkDepartmentMasterWhetherShowingOnlyRestrictedDepartmentInList</h3><table class="result"><tr><th>Messages</th></tr><tr><td><div class="messages">Completed executing following method : UserRestrictionsTest.checkDepartmentMasterWhetherShowingOnlyRestrictedDepartmentInList<br/>Test Method resides in com.focus.testcases.UserRestrictionsTest<br/>Test Status: Pass<br/>About to begin executing following method : BaseEngine.afterMethodExecution</div></td></tr></table><p class="totop"><a href="#summary">back to summary</a></p><h3 id="m119">com.focus.testcases.UserRestrictionsTest#checkLogin</h3><table class="result"><tr><th>Messages</th></tr><tr><td><div class="messages">Completed executing following method : UserRestrictionsTest.checkLogin<br/>Test Method resides in com.focus.testcases.UserRestrictionsTest<br/>Test Status: Pass<br/>About to begin executing following method : BaseEngine.afterMethodExecution</div></td></tr></table><p class="totop"><a href="#summary">back to summary</a></p><h3 id="m120">com.focus.testcases.UserRestrictionsTest#checkLoginWithERR</h3><table class="result"><tr><th>Messages</th></tr><tr><td><div class="messages">Completed executing following method : UserRestrictionsTest.checkLoginWithERR<br/>Test Method resides in com.focus.testcases.UserRestrictionsTest<br/>Test Status: Pass<br/>About to begin executing following method : BaseEngine.afterMethodExecution</div></td></tr></table><p class="totop"><a href="#summary">back to summary</a></p><h3 id="m121">com.focus.testcases.UserRestrictionsTest#checkMasterInReceipts</h3><table class="result"><tr><th>Messages</th></tr><tr><td><div class="messages">Completed executing following method : UserRestrictionsTest.checkMasterInReceipts<br/>Test Method resides in com.focus.testcases.UserRestrictionsTest<br/>Test Status: Pass<br/>About to begin executing following method : BaseEngine.afterMethodExecution</div></td></tr></table><p class="totop"><a href="#summary">back to summary</a></p><h3 id="m122">com.focus.testcases.UserRestrictionsTest#checkMastersListInPayments</h3><table class="result"><tr><th>Messages</th></tr><tr><td><div class="messages">Completed executing following method : UserRestrictionsTest.checkMastersListInPayments<br/>Test Method resides in com.focus.testcases.UserRestrictionsTest<br/>Test Status: Pass<br/>About to begin executing following method : BaseEngine.afterMethodExecution</div></td></tr></table><p class="totop"><a href="#summary">back to summary</a></p><h3 id="m123">com.focus.testcases.UserRestrictionsTest#checkMastersListInSalesInvoices</h3><table class="result"><tr><th>Messages</th></tr><tr><td><div class="messages">Completed executing following method : UserRestrictionsTest.checkMastersListInSalesInvoices<br/>Test Method resides in com.focus.testcases.UserRestrictionsTest<br/>Test Status: Pass<br/>About to begin executing following method : BaseEngine.afterMethodExecution</div></td></tr></table><p class="totop"><a href="#summary">back to summary</a></p><h3 id="m124">com.focus.testcases.UserRestrictionsTest#checkPaymentsVoucherHomePageMastersList</h3><table class="result"><tr><th>Messages</th></tr><tr><td><div class="messages">Completed executing following method : UserRestrictionsTest.checkPaymentsVoucherHomePageMastersList<br/>Test Method resides in com.focus.testcases.UserRestrictionsTest<br/>Test Status: Pass<br/>About to begin executing following method : BaseEngine.afterMethodExecution</div></td></tr></table><p class="totop"><a href="#summary">back to summary</a></p><h3 id="m125">com.focus.testcases.UserRestrictionsTest#checkPurchasesVoucherForAllTheMastersListInMastersDropdown</h3><table class="result"><tr><th>Messages</th></tr><tr><td><div class="messages">Completed executing following method : UserRestrictionsTest.checkPurchasesVoucherForAllTheMastersListInMastersDropdown<br/>Test Method resides in com.focus.testcases.UserRestrictionsTest<br/>Test Status: Pass<br/>About to begin executing following method : BaseEngine.afterMethodExecution</div></td></tr></table><p class="totop"><a href="#summary">back to summary</a></p><h3 id="m126">com.focus.testcases.UserRestrictionsTest#checkReceiptsHomePageMasterList</h3><table class="result"><tr><th>Messages</th></tr><tr><td><div class="messages">Completed executing following method : UserRestrictionsTest.checkReceiptsHomePageMasterList<br/>Test Method resides in com.focus.testcases.UserRestrictionsTest<br/>Test Status: Pass<br/>About to begin executing following method : BaseEngine.afterMethodExecution</div></td></tr></table><p class="totop"><a href="#summary">back to summary</a></p><h3 id="m127">com.focus.testcases.UserRestrictionsTest#checkRestoreCompany</h3><table class="result"><tr><th>Messages</th></tr><tr><td><div class="messages">Completed executing following method : UserRestrictionsTest.checkRestoreCompany<br/>Test Method resides in com.focus.testcases.UserRestrictionsTest<br/>Test Status: Pass<br/>About to begin executing following method : BaseEngine.afterMethodExecution</div></td></tr></table><p class="totop"><a href="#summary">back to summary</a></p><h3 id="m128">com.focus.testcases.UserRestrictionsTest#checkSalesInvoiceVoucherHomePgaeMastersList</h3><table class="result"><tr><th>Messages</th></tr><tr><td><div class="messages">Completed executing following method : UserRestrictionsTest.checkSalesInvoiceVoucherHomePgaeMastersList<br/>Test Method resides in com.focus.testcases.UserRestrictionsTest<br/>Test Status: Pass<br/>About to begin executing following method : BaseEngine.afterMethodExecution</div></td></tr></table><p class="totop"><a href="#summary">back to summary</a></p><h3 id="m129">com.focus.testcases.UserRestrictionsTest#checkSearchAccountsWhetherNonRestrictedAccountsAreDisplaying</h3><table class="result"><tr><th>Messages</th></tr><tr><td><div class="messages">Completed executing following method : UserRestrictionsTest.checkSearchAccountsWhetherNonRestrictedAccountsAreDisplaying<br/>Test Method resides in com.focus.testcases.UserRestrictionsTest<br/>Test Status: Pass<br/>About to begin executing following method : BaseEngine.afterMethodExecution</div></td></tr></table><p class="totop"><a href="#summary">back to summary</a></p><h3 id="m130">com.focus.testcases.UserRestrictionsTest#checkSearchDepartmentWhetherNonRestrictedDepartmentsAreDisplaying</h3><table class="result"><tr><th>Messages</th></tr><tr><td><div class="messages">Completed executing following method : UserRestrictionsTest.checkSearchDepartmentWhetherNonRestrictedDepartmentsAreDisplaying<br/>Test Method resides in com.focus.testcases.UserRestrictionsTest<br/>Test Status: Pass<br/>About to begin executing following method : BaseEngine.afterMethodExecution</div></td></tr></table><p class="totop"><a href="#summary">back to summary</a></p><h3 id="m131">com.focus.testcases.UserRestrictionsTest#checkSearchItemsWhetherNonRestrictedItemsAreDisplaying</h3><table class="result"><tr><th>Messages</th></tr><tr><td><div class="messages">Completed executing following method : UserRestrictionsTest.checkSearchItemsWhetherNonRestrictedItemsAreDisplaying<br/>Test Method resides in com.focus.testcases.UserRestrictionsTest<br/>Test Status: Pass<br/>About to begin executing following method : BaseEngine.afterMethodExecution</div></td></tr></table><p class="totop"><a href="#summary">back to summary</a></p><h3 id="m132">com.focus.testcases.UserRestrictionsTest#checkSearchWarehouseWhetherNonRestrictedWarehousesAreDisplaying</h3><table class="result"><tr><th>Messages</th></tr><tr><td><div class="messages">Completed executing following method : UserRestrictionsTest.checkSearchWarehouseWhetherNonRestrictedWarehousesAreDisplaying<br/>Test Method resides in com.focus.testcases.UserRestrictionsTest<br/>Test Status: Pass<br/>About to begin executing following method : BaseEngine.afterMethodExecution</div></td></tr></table><p class="totop"><a href="#summary">back to summary</a></p><h3 id="m133">com.focus.testcases.UserRestrictionsTest#checkValidateRestrictionsGivenInRERRoleInSu</h3><table class="result"><tr><th>Messages</th></tr><tr><td><div class="messages">Completed executing following method : UserRestrictionsTest.checkValidateRestrictionsGivenInRERRoleInSu<br/>Test Method resides in com.focus.testcases.UserRestrictionsTest<br/>Test Status: Pass<br/>About to begin executing following method : BaseEngine.afterMethodExecution</div></td></tr></table><p class="totop"><a href="#summary">back to summary</a></p></body></html>