<?xml version="1.0" encoding="UTF-8"?>
<!-- Generated by org.testng.reporters.JUnitReportReporter -->
<testsuite hostname="FOCUS-QA-118" name="com.focus.testcases.AccountPropertiesTest" tests="65" failures="3" timestamp="6 Jul 2022 06:47:40 GMT" time="1642.992" errors="1">
  <testcase name="checkCreatingAccountForDisplayUnRealizeGainOrLossInLedger" time="8.829" classname="com.focus.testcases.AccountPropertiesTest"/>
  <testcase name="checkRaiseSalesInvoivesVATForCustomerDisplayLedgerByCurrency" time="37.673" classname="com.focus.testcases.AccountPropertiesTest"/>
  <testcase name="checkSalesInvoivesVATWithOutEnablingDoNotRestrictIfRightsAreNotAllottedOption" time="11.476" classname="com.focus.testcases.AccountPropertiesTest">
    <failure type="java.lang.AssertionError" message="expected [true] but found [false]">
      <![CDATA[java.lang.AssertionError: expected [true] but found [false]
	at org.testng.Assert.fail(Assert.java:94)
	at org.testng.Assert.failNotEquals(Assert.java:513)
	at org.testng.Assert.assertEqualsImpl(Assert.java:135)
	at org.testng.Assert.assertEquals(Assert.java:116)
	at org.testng.Assert.assertEquals(Assert.java:305)
	at org.testng.Assert.assertEquals(Assert.java:315)
	at com.focus.testcases.AccountPropertiesTest.checkSalesInvoivesVATWithOutEnablingDoNotRestrictIfRightsAreNotAllottedOption(AccountPropertiesTest.java:340)
	at sun.reflect.NativeMethodAccessorImpl.invoke0(Native Method)
	at sun.reflect.NativeMethodAccessorImpl.invoke(Unknown Source)
	at sun.reflect.DelegatingMethodAccessorImpl.invoke(Unknown Source)
	at java.lang.reflect.Method.invoke(Unknown Source)
	at org.testng.internal.MethodInvocationHelper.invokeMethod(MethodInvocationHelper.java:86)
	at org.testng.internal.Invoker.invokeMethod(Invoker.java:643)
	at org.testng.internal.Invoker.invokeTestMethod(Invoker.java:820)
	at org.testng.internal.Invoker.invokeTestMethods(Invoker.java:1128)
	at org.testng.internal.TestMethodWorker.invokeTestMethods(TestMethodWorker.java:129)
	at org.testng.internal.TestMethodWorker.run(TestMethodWorker.java:112)
	at org.testng.TestRunner.privateRun(TestRunner.java:782)
	at org.testng.TestRunner.run(TestRunner.java:632)
	at org.testng.SuiteRunner.runTest(SuiteRunner.java:366)
	at org.testng.SuiteRunner.runSequentially(SuiteRunner.java:361)
	at org.testng.SuiteRunner.privateRun(SuiteRunner.java:319)
	at org.testng.SuiteRunner.run(SuiteRunner.java:268)
	at org.testng.SuiteRunnerWorker.runSuite(SuiteRunnerWorker.java:52)
	at org.testng.SuiteRunnerWorker.run(SuiteRunnerWorker.java:86)
	at org.testng.TestNG.runSuitesSequentially(TestNG.java:1244)
	at org.testng.TestNG.runSuitesLocally(TestNG.java:1169)
	at org.testng.TestNG.run(TestNG.java:1064)
	at org.testng.remote.AbstractRemoteTestNG.run(AbstractRemoteTestNG.java:114)
	at org.testng.remote.RemoteTestNG.initAndRun(RemoteTestNG.java:251)
	at org.testng.remote.RemoteTestNG.main(RemoteTestNG.java:77)
]]>
    </failure>
  </testcase> <!-- checkSalesInvoivesVATWithOutEnablingDoNotRestrictIfRightsAreNotAllottedOption -->
  <testcase name="checkRaiseSalesInvoivesVATForCustomerDislayDrOrCrTotalsForEachMonth2" time="52.010" classname="com.focus.testcases.AccountPropertiesTest"/>
  <testcase name="checkRaiseSalesInvoivesVATForCustomerDislayDrOrCrTotalsForEachDay" time="61.669" classname="com.focus.testcases.AccountPropertiesTest"/>
  <testcase name="checkSavedGroupAccountInTheAccountsListAndSelectProprtyAsDisplayDrOrCrTotalForEachAccountUnderGroup" time="20.169" classname="com.focus.testcases.AccountPropertiesTest"/>
  <testcase name="checkSavingRecepitsVocherForValidatingConsolidateWhenBothAccountsAreSame" time="38.040" classname="com.focus.testcases.AccountPropertiesTest"/>
  <testcase name="checkLedgerIsEmptyForCustomerAccountStatusAsInActive" time="7.945" classname="com.focus.testcases.AccountPropertiesTest">
    <failure type="java.lang.AssertionError" message="expected [true] but found [false]">
      <![CDATA[java.lang.AssertionError: expected [true] but found [false]
	at org.testng.Assert.fail(Assert.java:94)
	at org.testng.Assert.failNotEquals(Assert.java:513)
	at org.testng.Assert.assertEqualsImpl(Assert.java:135)
	at org.testng.Assert.assertEquals(Assert.java:116)
	at org.testng.Assert.assertEquals(Assert.java:305)
	at org.testng.Assert.assertEquals(Assert.java:315)
	at com.focus.testcases.AccountPropertiesTest.checkLedgerIsEmptyForCustomerAccountStatusAsInActive(AccountPropertiesTest.java:295)
	at sun.reflect.NativeMethodAccessorImpl.invoke0(Native Method)
	at sun.reflect.NativeMethodAccessorImpl.invoke(Unknown Source)
	at sun.reflect.DelegatingMethodAccessorImpl.invoke(Unknown Source)
	at java.lang.reflect.Method.invoke(Unknown Source)
	at org.testng.internal.MethodInvocationHelper.invokeMethod(MethodInvocationHelper.java:86)
	at org.testng.internal.Invoker.invokeMethod(Invoker.java:643)
	at org.testng.internal.Invoker.invokeTestMethod(Invoker.java:820)
	at org.testng.internal.Invoker.invokeTestMethods(Invoker.java:1128)
	at org.testng.internal.TestMethodWorker.invokeTestMethods(TestMethodWorker.java:129)
	at org.testng.internal.TestMethodWorker.run(TestMethodWorker.java:112)
	at org.testng.TestRunner.privateRun(TestRunner.java:782)
	at org.testng.TestRunner.run(TestRunner.java:632)
	at org.testng.SuiteRunner.runTest(SuiteRunner.java:366)
	at org.testng.SuiteRunner.runSequentially(SuiteRunner.java:361)
	at org.testng.SuiteRunner.privateRun(SuiteRunner.java:319)
	at org.testng.SuiteRunner.run(SuiteRunner.java:268)
	at org.testng.SuiteRunnerWorker.runSuite(SuiteRunnerWorker.java:52)
	at org.testng.SuiteRunnerWorker.run(SuiteRunnerWorker.java:86)
	at org.testng.TestNG.runSuitesSequentially(TestNG.java:1244)
	at org.testng.TestNG.runSuitesLocally(TestNG.java:1169)
	at org.testng.TestNG.run(TestNG.java:1064)
	at org.testng.remote.AbstractRemoteTestNG.run(AbstractRemoteTestNG.java:114)
	at org.testng.remote.RemoteTestNG.initAndRun(RemoteTestNG.java:251)
	at org.testng.remote.RemoteTestNG.main(RemoteTestNG.java:77)
]]>
    </failure>
  </testcase> <!-- checkLedgerIsEmptyForCustomerAccountStatusAsInActive -->
  <testcase name="checkLogoutAndLoginToCheckCustomerStatementsReports" time="24.410" classname="com.focus.testcases.AccountPropertiesTest"/>
  <testcase name="checkSavingSalesInvoivesVATWithCustomerAccountAsDisplayUnRealizeGainLossInLedger" time="36.134" classname="com.focus.testcases.AccountPropertiesTest"/>
  <testcase name="checkLedgerReportForCreatedCustomer" time="16.231" classname="com.focus.testcases.AccountPropertiesTest"/>
  <testcase name="checkAccouncreatedWithPropertyAsCreditOrDebitTotlasForEachMonth" time="16.652" classname="com.focus.testcases.AccountPropertiesTest"/>
  <testcase name="checkLogoutAndLoginWithAccountRestrictUserAfterEnablingDoNotRestrictTheSelectionEvenIfRightsAreNotAllottedOption" time="22.998" classname="com.focus.testcases.AccountPropertiesTest"/>
  <testcase name="checkLogoutAndLoginWithAccountRestrictUser" time="23.611" classname="com.focus.testcases.AccountPropertiesTest"/>
  <testcase name="checkChangeAccountPropertyFromActiveToInActive" time="20.875" classname="com.focus.testcases.AccountPropertiesTest"/>
  <testcase name="checkRaiseSalesInvoivesVATForCustomerDislayDrOrCrTotalsForEachDay2" time="52.523" classname="com.focus.testcases.AccountPropertiesTest"/>
  <testcase name="checkCustomerStatementsReportForCreatedCustomerAccount" time="21.442" classname="com.focus.testcases.AccountPropertiesTest"/>
  <testcase name="checkMasterAccountEnablingConsolidateAlwaysInProperties" time="15.584" classname="com.focus.testcases.AccountPropertiesTest"/>
  <testcase name="checkPropertiesForCreatedAccountAsDisplayLedgerByCurrency" time="10.262" classname="com.focus.testcases.AccountPropertiesTest"/>
  <testcase name="checkLogin" time="76.537" classname="com.focus.testcases.AccountPropertiesTest"/>
  <testcase name="checkRaiseSalesInvoivesVATForCustomerAccountOneInGroup" time="35.170" classname="com.focus.testcases.AccountPropertiesTest"/>
  <testcase name="checkPropertiesForCreatedAccountAsDebitOrCreditTotalsForEachDay" time="15.223" classname="com.focus.testcases.AccountPropertiesTest"/>
  <testcase name="checkGroupAccountCreateAndSelectPropertyASClubAllTransactionsOfEachAccountUnderGroup" time="39.780" classname="com.focus.testcases.AccountPropertiesTest"/>
  <testcase name="checkMasterAccountEnablingDoNotRestrictTheSelectionEvenIfRightsAreNotAllottedOption" time="12.912" classname="com.focus.testcases.AccountPropertiesTest"/>
  <testcase name="checkCustomerStatementsReportDetailsForGroupAccountCustCulbTransactionsOfAllAccountsUnderGroup" time="14.257" classname="com.focus.testcases.AccountPropertiesTest"/>
  <testcase name="checkCustomerStatementsReportForCustDisplayWhenStatusIsActive" time="13.716" classname="com.focus.testcases.AccountPropertiesTest"/>
  <testcase name="checkLedgerReportForConsolidateAlways" time="8.998" classname="com.focus.testcases.AccountPropertiesTest"/>
  <testcase name="checkLedgerReportForConsolidateWhenBothAccountsAreSame" time="9.309" classname="com.focus.testcases.AccountPropertiesTest"/>
  <testcase name="checkRaiseSalesInvoivesVATForCustomerDislayDrOrCrTotalsForEachMonth" time="61.051" classname="com.focus.testcases.AccountPropertiesTest"/>
  <testcase name="checkSavedGroupAccountInTheAccountsListAndSelectProprtyAsClubAllTransactionsOfEachAccountUnderGroup" time="13.554" classname="com.focus.testcases.AccountPropertiesTest"/>
  <testcase name="checkGroupAccountCreateAndSelectPropertyASDisplayDrOrCrTotalForEachAccountUnderGroup" time="37.182" classname="com.focus.testcases.AccountPropertiesTest"/>
  <testcase name="checkPropertiesForCreatedAccountAsDebitOrCreditTotalsForEachMonth" time="15.244" classname="com.focus.testcases.AccountPropertiesTest"/>
  <testcase name="checkRaiseSalesInvoivesVATForCustomerAccountTwoInGroup" time="32.078" classname="com.focus.testcases.AccountPropertiesTest"/>
  <testcase name="checkCustomerStatementsReportForCreatedCustomerAccount2" time="21.298" classname="com.focus.testcases.AccountPropertiesTest"/>
  <testcase name="checkLedgerReportForCreatedCustomer2" time="16.386" classname="com.focus.testcases.AccountPropertiesTest"/>
  <testcase name="checkCreatingAccountForDoNotRestrictTheSelectionEvenIfRightsAreNotAllotted" time="8.786" classname="com.focus.testcases.AccountPropertiesTest"/>
  <testcase name="checkRaiseSalesInvoivesVATForCustomerAccountTwoInGroupForDrOrCrTotlas" time="30.566" classname="com.focus.testcases.AccountPropertiesTest"/>
  <testcase name="checklogoutAccountPropertiesPage" time="6.453" classname="com.focus.testcases.AccountPropertiesTest"/>
  <testcase name="checkLogoutAndLoginAfterEnablingDisplayUnRealizeGainOrLossInLedgerChkboxInProperties" time="23.696" classname="com.focus.testcases.AccountPropertiesTest"/>
  <testcase name="checkRaiseSalesIvoiceForCustomerAccountCustDisplayWhenStatusIsActive" time="58.110" classname="com.focus.testcases.AccountPropertiesTest"/>
  <testcase name="checkRaiseSalesInvoivesVATForCustomerAccountOneInGroupForDrOrCrTotlas" time="35.813" classname="com.focus.testcases.AccountPropertiesTest"/>
  <testcase name="checkSavingSalesInvoivesVATWithCustomerAccountAsDoNotRestrictIfRightsAreNotAllotted" time="32.199" classname="com.focus.testcases.AccountPropertiesTest"/>
  <testcase name="checkMasterAccountEnablingConsolidateWhenBothAccountsAreSameInProperties" time="15.684" classname="com.focus.testcases.AccountPropertiesTest"/>
  <testcase name="checkLogoutAndLoginWithSUToEnableDoNotRestrictTheSelectionEvenIfRightsAreNotAllottedOption" time="23.366" classname="com.focus.testcases.AccountPropertiesTest"/>
  <testcase name="checkAccouncreatedWithPropertyAsDisplayLedgerByCurrency" time="15.879" classname="com.focus.testcases.AccountPropertiesTest"/>
  <testcase name="checkAccouncreatedWithPropertyAsCreditOrDebitTotlasForEachDay" time="16.023" classname="com.focus.testcases.AccountPropertiesTest"/>
  <testcase name="checkSavingRecepitsVocher1" time="27.234" classname="com.focus.testcases.AccountPropertiesTest"/>
  <testcase name="checkLedgerDetailsForCustomerDisplayLedgerByCurrency" time="12.948" classname="com.focus.testcases.AccountPropertiesTest"/>
  <testcase name="checkRestoreCompany" time="118.008" classname="com.focus.testcases.AccountPropertiesTest"/>
  <testcase name="checkSalesInvoivesVATAfterEnablingDoNotRestrictIfRightsAreNotAllottedOption" time="11.614" classname="com.focus.testcases.AccountPropertiesTest"/>
  <testcase name="checkUserCreationForRestrictionOfAccount" time="46.990" classname="com.focus.testcases.AccountPropertiesTest"/>
  <testcase name="checkPropertiesForCreatedAccountAsDisplayWhenStatusIsActive" time="13.078" classname="com.focus.testcases.AccountPropertiesTest"/>
  <testcase name="checkCustomerStatementsReportForCreatedCustomerAccountDisplayLedgerByCurrency" time="13.563" classname="com.focus.testcases.AccountPropertiesTest"/>
  <testcase name="checkMasterAccountEnablingDisplayUnRealizeGainOrLossInLedgerChkboxInProperties" time="16.086" classname="com.focus.testcases.AccountPropertiesTest"/>
  <testcase name="checkLedgerReportForUserRestrictAccountWithoutEnablingDoNotRestrictTheSelectionEvenIfRightsAreNotAllottedOption" time="7.397" classname="com.focus.testcases.AccountPropertiesTest"/>
  <testcase name="checkLogoutAndLoginWithSUAfterValidation" time="23.797" classname="com.focus.testcases.AccountPropertiesTest"/>
  <testcase name="checkCustomerStatementsReportForGroupAccountDisplayDrOrCrTotalsForEachAccountUnderGroup" time="13.732" classname="com.focus.testcases.AccountPropertiesTest">
    <failure type="java.lang.AssertionError" message="expected [true] but found [false]">
      <![CDATA[java.lang.AssertionError: expected [true] but found [false]
	at org.testng.Assert.fail(Assert.java:94)
	at org.testng.Assert.failNotEquals(Assert.java:513)
	at org.testng.Assert.assertEqualsImpl(Assert.java:135)
	at org.testng.Assert.assertEquals(Assert.java:116)
	at org.testng.Assert.assertEquals(Assert.java:305)
	at org.testng.Assert.assertEquals(Assert.java:315)
	at com.focus.testcases.AccountPropertiesTest.checkCustomerStatementsReportForGroupAccountDisplayDrOrCrTotalsForEachAccountUnderGroup(AccountPropertiesTest.java:498)
	at sun.reflect.NativeMethodAccessorImpl.invoke0(Native Method)
	at sun.reflect.NativeMethodAccessorImpl.invoke(Unknown Source)
	at sun.reflect.DelegatingMethodAccessorImpl.invoke(Unknown Source)
	at java.lang.reflect.Method.invoke(Unknown Source)
	at org.testng.internal.MethodInvocationHelper.invokeMethod(MethodInvocationHelper.java:86)
	at org.testng.internal.Invoker.invokeMethod(Invoker.java:643)
	at org.testng.internal.Invoker.invokeTestMethod(Invoker.java:820)
	at org.testng.internal.Invoker.invokeTestMethods(Invoker.java:1128)
	at org.testng.internal.TestMethodWorker.invokeTestMethods(TestMethodWorker.java:129)
	at org.testng.internal.TestMethodWorker.run(TestMethodWorker.java:112)
	at org.testng.TestRunner.privateRun(TestRunner.java:782)
	at org.testng.TestRunner.run(TestRunner.java:632)
	at org.testng.SuiteRunner.runTest(SuiteRunner.java:366)
	at org.testng.SuiteRunner.runSequentially(SuiteRunner.java:361)
	at org.testng.SuiteRunner.privateRun(SuiteRunner.java:319)
	at org.testng.SuiteRunner.run(SuiteRunner.java:268)
	at org.testng.SuiteRunnerWorker.runSuite(SuiteRunnerWorker.java:52)
	at org.testng.SuiteRunnerWorker.run(SuiteRunnerWorker.java:86)
	at org.testng.TestNG.runSuitesSequentially(TestNG.java:1244)
	at org.testng.TestNG.runSuitesLocally(TestNG.java:1169)
	at org.testng.TestNG.run(TestNG.java:1064)
	at org.testng.remote.AbstractRemoteTestNG.run(AbstractRemoteTestNG.java:114)
	at org.testng.remote.RemoteTestNG.initAndRun(RemoteTestNG.java:251)
	at org.testng.remote.RemoteTestNG.main(RemoteTestNG.java:77)
]]>
    </failure>
  </testcase> <!-- checkCustomerStatementsReportForGroupAccountDisplayDrOrCrTotalsForEachAccountUnderGroup -->
  <testcase name="checkLedgerReportForUserRestrictAccountWithDoNotRestrictTheSelectionEvenIfRightsAreNotAllottedOption" time="12.943" classname="com.focus.testcases.AccountPropertiesTest"/>
  <testcase name="checkCreatingAccountForConsolidateAlways" time="8.146" classname="com.focus.testcases.AccountPropertiesTest"/>
  <testcase name="checkCreatingAccountForConsolidateWhenBothAccountsAreSame" time="8.956" classname="com.focus.testcases.AccountPropertiesTest"/>
  <testcase name="checkCustomerStatementsReportisEmpty" time="11.467" classname="com.focus.testcases.AccountPropertiesTest"/>
  <testcase name="checkReportDetailsInLedgerReportPageForCustomerAccountStatusAsActive" time="8.926" classname="com.focus.testcases.AccountPropertiesTest"/>
  <testcase name="checkAccouncreatedWithPropertAsStatusIsActive" time="16.367" classname="com.focus.testcases.AccountPropertiesTest"/>
  <testcase name="checkSavingRecepitsVocherForValidatingConsolidateAlways" time="31.505" classname="com.focus.testcases.AccountPropertiesTest"/>
  <testcase name="checkCustomerStatementReport" time="52.432" classname="com.focus.testcases.AccountPropertiesTest">
    <error type="org.openqa.selenium.NoSuchElementException" message="no such element: Unable to locate element: {&quot;method&quot;:&quot;xpath&quot;,&quot;selector&quot;:&quot;//*[@id=&#039;trRender_1&#039;]/td[3]&quot;}
  (Session info: chrome=103.0.5060.114)
For documentation on this error, please visit: http://seleniumhq.org/exceptions/no_such_element.html
Build info: version: &#039;3.12.0&#039;, revision: &#039;7c6e0b3&#039;, time: &#039;2018-05-08T14:04:26.12Z&#039;
System info: host: &#039;FOCUS-QA-118&#039;, ip: &#039;172.25.80.1&#039;, os.name: &#039;Windows 10&#039;, os.arch: &#039;amd64&#039;, os.version: &#039;10.0&#039;, java.version: &#039;1.8.0_111&#039;
Driver info: org.openqa.selenium.chrome.ChromeDriver
Capabilities {acceptInsecureCerts: false, browserName: chrome, browserVersion: 103.0.5060.114, chrome: {chromedriverVersion: 102.0.5005.61 (0e59bcc00cc4..., userDataDir: C:\Users\Admin\AppData\Loca...}, goog:chromeOptions: {debuggerAddress: localhost:62420}, javascriptEnabled: true, networkConnectionEnabled: false, pageLoadStrategy: normal, platform: WINDOWS, platformName: WINDOWS, proxy: Proxy(), setWindowRect: true, strictFileInteractability: false, timeouts: {implicit: 0, pageLoad: 300000, script: 30000}, unhandledPromptBehavior: dismiss and notify, webauthn:extension:credBlob: true, webauthn:extension:largeBlob: true, webauthn:virtualAuthenticators: true}
Session ID: 3d61c1d2d98285035a40d61bd80ce1c8
*** Element info: {Using=xpath, value=//*[@id=&#039;trRender_1&#039;]/td[3]}">
      <![CDATA[org.openqa.selenium.NoSuchElementException: no such element: Unable to locate element: {"method":"xpath","selector":"//*[@id='trRender_1']/td[3]"}
  (Session info: chrome=103.0.5060.114)
For documentation on this error, please visit: http://seleniumhq.org/exceptions/no_such_element.html
Build info: version: '3.12.0', revision: '7c6e0b3', time: '2018-05-08T14:04:26.12Z'
System info: host: 'FOCUS-QA-118', ip: '172.25.80.1', os.name: 'Windows 10', os.arch: 'amd64', os.version: '10.0', java.version: '1.8.0_111'
Driver info: org.openqa.selenium.chrome.ChromeDriver
Capabilities {acceptInsecureCerts: false, browserName: chrome, browserVersion: 103.0.5060.114, chrome: {chromedriverVersion: 102.0.5005.61 (0e59bcc00cc4..., userDataDir: C:\Users\Admin\AppData\Loca...}, goog:chromeOptions: {debuggerAddress: localhost:62420}, javascriptEnabled: true, networkConnectionEnabled: false, pageLoadStrategy: normal, platform: WINDOWS, platformName: WINDOWS, proxy: Proxy(), setWindowRect: true, strictFileInteractability: false, timeouts: {implicit: 0, pageLoad: 300000, script: 30000}, unhandledPromptBehavior: dismiss and notify, webauthn:extension:credBlob: true, webauthn:extension:largeBlob: true, webauthn:virtualAuthenticators: true}
Session ID: 3d61c1d2d98285035a40d61bd80ce1c8
*** Element info: {Using=xpath, value=//*[@id='trRender_1']/td[3]}
	at sun.reflect.NativeConstructorAccessorImpl.newInstance0(Native Method)
	at sun.reflect.NativeConstructorAccessorImpl.newInstance(Unknown Source)
	at sun.reflect.DelegatingConstructorAccessorImpl.newInstance(Unknown Source)
	at java.lang.reflect.Constructor.newInstance(Unknown Source)
	at org.openqa.selenium.remote.http.W3CHttpResponseCodec.createException(W3CHttpResponseCodec.java:187)
	at org.openqa.selenium.remote.http.W3CHttpResponseCodec.decode(W3CHttpResponseCodec.java:122)
	at org.openqa.selenium.remote.http.W3CHttpResponseCodec.decode(W3CHttpResponseCodec.java:49)
	at org.openqa.selenium.remote.HttpCommandExecutor.execute(HttpCommandExecutor.java:158)
	at org.openqa.selenium.remote.service.DriverCommandExecutor.execute(DriverCommandExecutor.java:83)
	at org.openqa.selenium.remote.RemoteWebDriver.execute(RemoteWebDriver.java:543)
	at org.openqa.selenium.remote.RemoteWebDriver.findElement(RemoteWebDriver.java:317)
	at org.openqa.selenium.remote.RemoteWebDriver.findElementByXPath(RemoteWebDriver.java:419)
	at org.openqa.selenium.By$ByXPath.findElement(By.java:353)
	at org.openqa.selenium.remote.RemoteWebDriver.findElement(RemoteWebDriver.java:309)
	at org.openqa.selenium.support.pagefactory.DefaultElementLocator.findElement(DefaultElementLocator.java:69)
	at org.openqa.selenium.support.pagefactory.internal.LocatingElementHandler.invoke(LocatingElementHandler.java:38)
	at com.sun.proxy.$Proxy14.getText(Unknown Source)
	at com.focus.Pages.AccountPropertiesPage.checkCustomerStatementReport(AccountPropertiesPage.java:4010)
	at com.focus.testcases.AccountPropertiesTest.checkCustomerStatementReport(AccountPropertiesTest.java:166)
	at sun.reflect.NativeMethodAccessorImpl.invoke0(Native Method)
	at sun.reflect.NativeMethodAccessorImpl.invoke(Unknown Source)
	at sun.reflect.DelegatingMethodAccessorImpl.invoke(Unknown Source)
	at java.lang.reflect.Method.invoke(Unknown Source)
	at org.testng.internal.MethodInvocationHelper.invokeMethod(MethodInvocationHelper.java:86)
	at org.testng.internal.Invoker.invokeMethod(Invoker.java:643)
	at org.testng.internal.Invoker.invokeTestMethod(Invoker.java:820)
	at org.testng.internal.Invoker.invokeTestMethods(Invoker.java:1128)
	at org.testng.internal.TestMethodWorker.invokeTestMethods(TestMethodWorker.java:129)
	at org.testng.internal.TestMethodWorker.run(TestMethodWorker.java:112)
	at org.testng.TestRunner.privateRun(TestRunner.java:782)
	at org.testng.TestRunner.run(TestRunner.java:632)
	at org.testng.SuiteRunner.runTest(SuiteRunner.java:366)
	at org.testng.SuiteRunner.runSequentially(SuiteRunner.java:361)
	at org.testng.SuiteRunner.privateRun(SuiteRunner.java:319)
	at org.testng.SuiteRunner.run(SuiteRunner.java:268)
	at org.testng.SuiteRunnerWorker.runSuite(SuiteRunnerWorker.java:52)
	at org.testng.SuiteRunnerWorker.run(SuiteRunnerWorker.java:86)
	at org.testng.TestNG.runSuitesSequentially(TestNG.java:1244)
	at org.testng.TestNG.runSuitesLocally(TestNG.java:1169)
	at org.testng.TestNG.run(TestNG.java:1064)
	at org.testng.remote.AbstractRemoteTestNG.run(AbstractRemoteTestNG.java:114)
	at org.testng.remote.RemoteTestNG.initAndRun(RemoteTestNG.java:251)
	at org.testng.remote.RemoteTestNG.main(RemoteTestNG.java:77)
]]>
    </error>
  </testcase> <!-- checkCustomerStatementReport -->
</testsuite> <!-- com.focus.testcases.AccountPropertiesTest -->
