<?xml version="1.0" encoding="UTF-8"?>
<!-- Generated by org.testng.reporters.JUnitReportReporter -->
<testsuite hostname="FOCUS-QA-118" name="com.focus.testcases.AccountMasterTest" tests="41" failures="6" timestamp="6 Jul 2022 07:54:13 GMT" time="1230.094" errors="0">
  <testcase name="checkLedgerReportForAddToNetOption" time="11.115" classname="com.focus.testcases.AccountMasterTest"/>
  <testcase name="checkCannotImportPropertyForAddToNetNotApplicableToStock" time="27.363" classname="com.focus.testcases.AccountMasterTest"/>
  <testcase name="checkSavePVVATforNotAvailableForReports" time="40.682" classname="com.focus.testcases.AccountMasterTest"/>
  <testcase name="checkSaveSalesInvoiceVoucherAfterSavingWithSelectingAccountInEveryLine" time="58.104" classname="com.focus.testcases.AccountMasterTest"/>
  <testcase name="checkNotAvailableForReportsForDeductAddToNetDeductToAddToStockInLedger" time="17.414" classname="com.focus.testcases.AccountMasterTest"/>
  <testcase name="checkFieldPositionBQR_DeductAsAddToNetAddAsAddToStock" time="4.651" classname="com.focus.testcases.AccountMasterTest"/>
  <testcase name="checkRestrictMesageAndRestrictFormulaFields" time="14.104" classname="com.focus.testcases.AccountMasterTest"/>
  <testcase name="checkImportedPVVatVoucher" time="14.245" classname="com.focus.testcases.AccountMasterTest">
    <failure type="java.lang.AssertionError" message="expected [true] but found [false]">
      <![CDATA[java.lang.AssertionError: expected [true] but found [false]
	at org.testng.Assert.fail(Assert.java:94)
	at org.testng.Assert.failNotEquals(Assert.java:513)
	at org.testng.Assert.assertEqualsImpl(Assert.java:135)
	at org.testng.Assert.assertEquals(Assert.java:116)
	at org.testng.Assert.assertEquals(Assert.java:305)
	at org.testng.Assert.assertEquals(Assert.java:315)
	at com.focus.testcases.AccountMasterTest.checkImportedPVVatVoucher(AccountMasterTest.java:1398)
	at sun.reflect.NativeMethodAccessorImpl.invoke0(Native Method)
	at sun.reflect.NativeMethodAccessorImpl.invoke(Unknown Source)
	at sun.reflect.DelegatingMethodAccessorImpl.invoke(Unknown Source)
	at java.lang.reflect.Method.invoke(Unknown Source)
	at org.testng.internal.MethodInvocationHelper.invokeMethod(MethodInvocationHelper.java:86)
	at org.testng.internal.Invoker.invokeMethod(Invoker.java:643)
	at org.testng.internal.Invoker.invokeTestMethod(Invoker.java:820)
	at org.testng.internal.Invoker.invokeTestMethods(Invoker.java:1128)
	at org.testng.internal.TestMethodWorker.invokeTestMethods(TestMethodWorker.java:129)
	at org.testng.internal.TestMethodWorker.run(TestMethodWorker.java:112)
	at org.testng.TestRunner.privateRun(TestRunner.java:782)
	at org.testng.TestRunner.run(TestRunner.java:632)
	at org.testng.SuiteRunner.runTest(SuiteRunner.java:366)
	at org.testng.SuiteRunner.runSequentially(SuiteRunner.java:361)
	at org.testng.SuiteRunner.privateRun(SuiteRunner.java:319)
	at org.testng.SuiteRunner.run(SuiteRunner.java:268)
	at org.testng.SuiteRunnerWorker.runSuite(SuiteRunnerWorker.java:52)
	at org.testng.SuiteRunnerWorker.run(SuiteRunnerWorker.java:86)
	at org.testng.TestNG.runSuitesSequentially(TestNG.java:1244)
	at org.testng.TestNG.runSuitesLocally(TestNG.java:1169)
	at org.testng.TestNG.run(TestNG.java:1064)
	at org.testng.remote.AbstractRemoteTestNG.run(AbstractRemoteTestNG.java:114)
	at org.testng.remote.RemoteTestNG.initAndRun(RemoteTestNG.java:251)
	at org.testng.remote.RemoteTestNG.main(RemoteTestNG.java:77)
]]>
    </failure>
  </testcase> <!-- checkImportedPVVatVoucher -->
  <testcase name="checkAddingFieldWithNotApplicableAsAddToNetNotApplicableAsAddToStock" time="11.501" classname="com.focus.testcases.AccountMasterTest"/>
  <testcase name="checkFieldPositionBQ_AddToNetNotApplicableToStock" time="13.092" classname="com.focus.testcases.AccountMasterTest"/>
  <testcase name="checkMandatoryPropertyForNotApplicableToAddToNetAddToAddToStock" time="8.540" classname="com.focus.testcases.AccountMasterTest"/>
  <testcase name="checkFieldPositionAG_DeductAddToNetDeductToAddToStock" time="4.218" classname="com.focus.testcases.AccountMasterTest"/>
  <testcase name="checkAudiTrailPropertyForCaption_Default_Text" time="14.808" classname="com.focus.testcases.AccountMasterTest"/>
  <testcase name="checkAddingFieldsWithDefaultMinimumAndMaximumValuesInPurchaseVoucherVAT" time="22.249" classname="com.focus.testcases.AccountMasterTest"/>
  <testcase name="checkCannotExportPropertyForAddToNetDeductFromStock" time="89.955" classname="com.focus.testcases.AccountMasterTest">
    <failure type="java.lang.AssertionError" message="expected [true] but found [false]">
      <![CDATA[java.lang.AssertionError: expected [true] but found [false]
	at org.testng.Assert.fail(Assert.java:94)
	at org.testng.Assert.failNotEquals(Assert.java:513)
	at org.testng.Assert.assertEqualsImpl(Assert.java:135)
	at org.testng.Assert.assertEquals(Assert.java:116)
	at org.testng.Assert.assertEquals(Assert.java:305)
	at org.testng.Assert.assertEquals(Assert.java:315)
	at com.focus.testcases.AccountMasterTest.checkCannotExportPropertyForAddToNetDeductFromStock(AccountMasterTest.java:1327)
	at sun.reflect.NativeMethodAccessorImpl.invoke0(Native Method)
	at sun.reflect.NativeMethodAccessorImpl.invoke(Unknown Source)
	at sun.reflect.DelegatingMethodAccessorImpl.invoke(Unknown Source)
	at java.lang.reflect.Method.invoke(Unknown Source)
	at org.testng.internal.MethodInvocationHelper.invokeMethod(MethodInvocationHelper.java:86)
	at org.testng.internal.Invoker.invokeMethod(Invoker.java:643)
	at org.testng.internal.Invoker.invokeTestMethod(Invoker.java:820)
	at org.testng.internal.Invoker.invokeTestMethods(Invoker.java:1128)
	at org.testng.internal.TestMethodWorker.invokeTestMethods(TestMethodWorker.java:129)
	at org.testng.internal.TestMethodWorker.run(TestMethodWorker.java:112)
	at org.testng.TestRunner.privateRun(TestRunner.java:782)
	at org.testng.TestRunner.run(TestRunner.java:632)
	at org.testng.SuiteRunner.runTest(SuiteRunner.java:366)
	at org.testng.SuiteRunner.runSequentially(SuiteRunner.java:361)
	at org.testng.SuiteRunner.privateRun(SuiteRunner.java:319)
	at org.testng.SuiteRunner.run(SuiteRunner.java:268)
	at org.testng.SuiteRunnerWorker.runSuite(SuiteRunnerWorker.java:52)
	at org.testng.SuiteRunnerWorker.run(SuiteRunnerWorker.java:86)
	at org.testng.TestNG.runSuitesSequentially(TestNG.java:1244)
	at org.testng.TestNG.runSuitesLocally(TestNG.java:1169)
	at org.testng.TestNG.run(TestNG.java:1064)
	at org.testng.remote.AbstractRemoteTestNG.run(AbstractRemoteTestNG.java:114)
	at org.testng.remote.RemoteTestNG.initAndRun(RemoteTestNG.java:251)
	at org.testng.remote.RemoteTestNG.main(RemoteTestNG.java:77)
]]>
    </failure>
  </testcase> <!-- checkCannotExportPropertyForAddToNetDeductFromStock -->
  <testcase name="checkHiddenPropertyForNotApplicableToAddToNetNotApplicableToAddToStockField" time="5.203" classname="com.focus.testcases.AccountMasterTest"/>
  <testcase name="checkAddNewFieldInGeneralTabInCustomizeMaster" time="33.505" classname="com.focus.testcases.AccountMasterTest"/>
  <testcase name="checkAddingFieldWithhAddToNetDeductStock" time="94.988" classname="com.focus.testcases.AccountMasterTest">
    <failure type="java.lang.AssertionError" message="expected [true] but found [false]">
      <![CDATA[java.lang.AssertionError: expected [true] but found [false]
	at org.testng.Assert.fail(Assert.java:94)
	at org.testng.Assert.failNotEquals(Assert.java:513)
	at org.testng.Assert.assertEqualsImpl(Assert.java:135)
	at org.testng.Assert.assertEquals(Assert.java:116)
	at org.testng.Assert.assertEquals(Assert.java:305)
	at org.testng.Assert.assertEquals(Assert.java:315)
	at com.focus.testcases.AccountMasterTest.checkAddingFieldWithhAddToNetDeductStock(AccountMasterTest.java:1193)
	at sun.reflect.NativeMethodAccessorImpl.invoke0(Native Method)
	at sun.reflect.NativeMethodAccessorImpl.invoke(Unknown Source)
	at sun.reflect.DelegatingMethodAccessorImpl.invoke(Unknown Source)
	at java.lang.reflect.Method.invoke(Unknown Source)
	at org.testng.internal.MethodInvocationHelper.invokeMethod(MethodInvocationHelper.java:86)
	at org.testng.internal.Invoker.invokeMethod(Invoker.java:643)
	at org.testng.internal.Invoker.invokeTestMethod(Invoker.java:820)
	at org.testng.internal.Invoker.invokeTestMethods(Invoker.java:1128)
	at org.testng.internal.TestMethodWorker.invokeTestMethods(TestMethodWorker.java:129)
	at org.testng.internal.TestMethodWorker.run(TestMethodWorker.java:112)
	at org.testng.TestRunner.privateRun(TestRunner.java:782)
	at org.testng.TestRunner.run(TestRunner.java:632)
	at org.testng.SuiteRunner.runTest(SuiteRunner.java:366)
	at org.testng.SuiteRunner.runSequentially(SuiteRunner.java:361)
	at org.testng.SuiteRunner.privateRun(SuiteRunner.java:319)
	at org.testng.SuiteRunner.run(SuiteRunner.java:268)
	at org.testng.SuiteRunnerWorker.runSuite(SuiteRunnerWorker.java:52)
	at org.testng.SuiteRunnerWorker.run(SuiteRunnerWorker.java:86)
	at org.testng.TestNG.runSuitesSequentially(TestNG.java:1244)
	at org.testng.TestNG.runSuitesLocally(TestNG.java:1169)
	at org.testng.TestNG.run(TestNG.java:1064)
	at org.testng.remote.AbstractRemoteTestNG.run(AbstractRemoteTestNG.java:114)
	at org.testng.remote.RemoteTestNG.initAndRun(RemoteTestNG.java:251)
	at org.testng.remote.RemoteTestNG.main(RemoteTestNG.java:77)
]]>
    </failure>
  </testcase> <!-- checkAddingFieldWithhAddToNetDeductStock -->
  <testcase name="checkSalesInvoiceVoucherBodyGridList" time="33.669" classname="com.focus.testcases.AccountMasterTest"/>
  <testcase name="checkSaveWithSelectAccountInLineUnderMiscellaneousTabInSalesInvoiceSettings" time="24.721" classname="com.focus.testcases.AccountMasterTest"/>
  <testcase name="checkSaveAccountMasterWithCreatedDepartmentLink" time="31.000" classname="com.focus.testcases.AccountMasterTest"/>
  <testcase name="CheckAllFieldsInPurchaseVoucherVAT" time="130.769" classname="com.focus.testcases.AccountMasterTest">
    <failure type="java.lang.AssertionError" message="expected [true] but found [false]">
      <![CDATA[java.lang.AssertionError: expected [true] but found [false]
	at org.testng.Assert.fail(Assert.java:94)
	at org.testng.Assert.failNotEquals(Assert.java:513)
	at org.testng.Assert.assertEqualsImpl(Assert.java:135)
	at org.testng.Assert.assertEquals(Assert.java:116)
	at org.testng.Assert.assertEquals(Assert.java:305)
	at org.testng.Assert.assertEquals(Assert.java:315)
	at com.focus.testcases.AccountMasterTest.CheckAllFieldsInPurchaseVoucherVAT(AccountMasterTest.java:1237)
	at sun.reflect.NativeMethodAccessorImpl.invoke0(Native Method)
	at sun.reflect.NativeMethodAccessorImpl.invoke(Unknown Source)
	at sun.reflect.DelegatingMethodAccessorImpl.invoke(Unknown Source)
	at java.lang.reflect.Method.invoke(Unknown Source)
	at org.testng.internal.MethodInvocationHelper.invokeMethod(MethodInvocationHelper.java:86)
	at org.testng.internal.Invoker.invokeMethod(Invoker.java:643)
	at org.testng.internal.Invoker.invokeTestMethod(Invoker.java:820)
	at org.testng.internal.Invoker.invokeTestMethods(Invoker.java:1128)
	at org.testng.internal.TestMethodWorker.invokeTestMethods(TestMethodWorker.java:129)
	at org.testng.internal.TestMethodWorker.run(TestMethodWorker.java:112)
	at org.testng.TestRunner.privateRun(TestRunner.java:782)
	at org.testng.TestRunner.run(TestRunner.java:632)
	at org.testng.SuiteRunner.runTest(SuiteRunner.java:366)
	at org.testng.SuiteRunner.runSequentially(SuiteRunner.java:361)
	at org.testng.SuiteRunner.privateRun(SuiteRunner.java:319)
	at org.testng.SuiteRunner.run(SuiteRunner.java:268)
	at org.testng.SuiteRunnerWorker.runSuite(SuiteRunnerWorker.java:52)
	at org.testng.SuiteRunnerWorker.run(SuiteRunnerWorker.java:86)
	at org.testng.TestNG.runSuitesSequentially(TestNG.java:1244)
	at org.testng.TestNG.runSuitesLocally(TestNG.java:1169)
	at org.testng.TestNG.run(TestNG.java:1064)
	at org.testng.remote.AbstractRemoteTestNG.run(AbstractRemoteTestNG.java:114)
	at org.testng.remote.RemoteTestNG.initAndRun(RemoteTestNG.java:251)
	at org.testng.remote.RemoteTestNG.main(RemoteTestNG.java:77)
]]>
    </failure>
  </testcase> <!-- CheckAllFieldsInPurchaseVoucherVAT -->
  <testcase name="checkAddCreatedbyIntoCustomizeTreeFields" time="19.733" classname="com.focus.testcases.AccountMasterTest"/>
  <testcase name="checkAddingFieldsWithDeductAsAddToNetDeductasAddToStock" time="11.240" classname="com.focus.testcases.AccountMasterTest"/>
  <testcase name="checkAddingFieldWithNotApplicableAsAddToNetAddAsAddToStock" time="11.236" classname="com.focus.testcases.AccountMasterTest"/>
  <testcase name="checkAccountFilterAsDEPTInSalesInvoiceSettingsBtn" time="19.424" classname="com.focus.testcases.AccountMasterTest"/>
  <testcase name="checkAccountlListWithoutCreatedDeptLinkMaster" time="66.407" classname="com.focus.testcases.AccountMasterTest"/>
  <testcase name="checkLogin" time="24.651" classname="com.focus.testcases.AccountMasterTest"/>
  <testcase name="checkHiddenPropertyForDeductAsAddToNetAddAsAddToStock" time="10.446" classname="com.focus.testcases.AccountMasterTest"/>
  <testcase name="checkNotAvailableForReportsForDeductAddToNetDeductToAddToStock" time="4.143" classname="com.focus.testcases.AccountMasterTest"/>
  <testcase name="checkSaveSalesInvoiceVoucherWithCreatedAccountsLinkedWithDepartment" time="49.552" classname="com.focus.testcases.AccountMasterTest"/>
  <testcase name="checkAddingFieldsWithDeductAsAddToNetADDAsAddToStockInPvVAT" time="11.273" classname="com.focus.testcases.AccountMasterTest"/>
  <testcase name="checkEditCreatedFieldAndChangeDataTypeToMasterAndLinkToDepartmentMaster" time="25.308" classname="com.focus.testcases.AccountMasterTest">
    <failure type="java.lang.AssertionError" message="expected [true] but found [false]">
      <![CDATA[java.lang.AssertionError: expected [true] but found [false]
	at org.testng.Assert.fail(Assert.java:94)
	at org.testng.Assert.failNotEquals(Assert.java:513)
	at org.testng.Assert.assertEqualsImpl(Assert.java:135)
	at org.testng.Assert.assertEquals(Assert.java:116)
	at org.testng.Assert.assertEquals(Assert.java:305)
	at org.testng.Assert.assertEquals(Assert.java:315)
	at com.focus.testcases.AccountMasterTest.checkEditCreatedFieldAndChangeDataTypeToMasterAndLinkToDepartmentMaster(AccountMasterTest.java:1080)
	at sun.reflect.NativeMethodAccessorImpl.invoke0(Native Method)
	at sun.reflect.NativeMethodAccessorImpl.invoke(Unknown Source)
	at sun.reflect.DelegatingMethodAccessorImpl.invoke(Unknown Source)
	at java.lang.reflect.Method.invoke(Unknown Source)
	at org.testng.internal.MethodInvocationHelper.invokeMethod(MethodInvocationHelper.java:86)
	at org.testng.internal.Invoker.invokeMethod(Invoker.java:643)
	at org.testng.internal.Invoker.invokeTestMethod(Invoker.java:820)
	at org.testng.internal.Invoker.invokeTestMethods(Invoker.java:1128)
	at org.testng.internal.TestMethodWorker.invokeTestMethods(TestMethodWorker.java:129)
	at org.testng.internal.TestMethodWorker.run(TestMethodWorker.java:112)
	at org.testng.TestRunner.privateRun(TestRunner.java:782)
	at org.testng.TestRunner.run(TestRunner.java:632)
	at org.testng.SuiteRunner.runTest(SuiteRunner.java:366)
	at org.testng.SuiteRunner.runSequentially(SuiteRunner.java:361)
	at org.testng.SuiteRunner.privateRun(SuiteRunner.java:319)
	at org.testng.SuiteRunner.run(SuiteRunner.java:268)
	at org.testng.SuiteRunnerWorker.runSuite(SuiteRunnerWorker.java:52)
	at org.testng.SuiteRunnerWorker.run(SuiteRunnerWorker.java:86)
	at org.testng.TestNG.runSuitesSequentially(TestNG.java:1244)
	at org.testng.TestNG.runSuitesLocally(TestNG.java:1169)
	at org.testng.TestNG.run(TestNG.java:1064)
	at org.testng.remote.AbstractRemoteTestNG.run(AbstractRemoteTestNG.java:114)
	at org.testng.remote.RemoteTestNG.initAndRun(RemoteTestNG.java:251)
	at org.testng.remote.RemoteTestNG.main(RemoteTestNG.java:77)
]]>
    </failure>
  </testcase> <!-- checkEditCreatedFieldAndChangeDataTypeToMasterAndLinkToDepartmentMaster -->
  <testcase name="checkAddNewFieldForDeletionInGeneralTab" time="21.583" classname="com.focus.testcases.AccountMasterTest">
    <failure type="java.lang.AssertionError" message="expected [true] but found [false]">
      <![CDATA[java.lang.AssertionError: expected [true] but found [false]
	at org.testng.Assert.fail(Assert.java:94)
	at org.testng.Assert.failNotEquals(Assert.java:513)
	at org.testng.Assert.assertEqualsImpl(Assert.java:135)
	at org.testng.Assert.assertEquals(Assert.java:116)
	at org.testng.Assert.assertEquals(Assert.java:305)
	at org.testng.Assert.assertEquals(Assert.java:315)
	at com.focus.testcases.AccountMasterTest.checkAddNewFieldForDeletionInGeneralTab(AccountMasterTest.java:1087)
	at sun.reflect.NativeMethodAccessorImpl.invoke0(Native Method)
	at sun.reflect.NativeMethodAccessorImpl.invoke(Unknown Source)
	at sun.reflect.DelegatingMethodAccessorImpl.invoke(Unknown Source)
	at java.lang.reflect.Method.invoke(Unknown Source)
	at org.testng.internal.MethodInvocationHelper.invokeMethod(MethodInvocationHelper.java:86)
	at org.testng.internal.Invoker.invokeMethod(Invoker.java:643)
	at org.testng.internal.Invoker.invokeTestMethod(Invoker.java:820)
	at org.testng.internal.Invoker.invokeTestMethods(Invoker.java:1128)
	at org.testng.internal.TestMethodWorker.invokeTestMethods(TestMethodWorker.java:129)
	at org.testng.internal.TestMethodWorker.run(TestMethodWorker.java:112)
	at org.testng.TestRunner.privateRun(TestRunner.java:782)
	at org.testng.TestRunner.run(TestRunner.java:632)
	at org.testng.SuiteRunner.runTest(SuiteRunner.java:366)
	at org.testng.SuiteRunner.runSequentially(SuiteRunner.java:361)
	at org.testng.SuiteRunner.privateRun(SuiteRunner.java:319)
	at org.testng.SuiteRunner.run(SuiteRunner.java:268)
	at org.testng.SuiteRunnerWorker.runSuite(SuiteRunnerWorker.java:52)
	at org.testng.SuiteRunnerWorker.run(SuiteRunnerWorker.java:86)
	at org.testng.TestNG.runSuitesSequentially(TestNG.java:1244)
	at org.testng.TestNG.runSuitesLocally(TestNG.java:1169)
	at org.testng.TestNG.run(TestNG.java:1064)
	at org.testng.remote.AbstractRemoteTestNG.run(AbstractRemoteTestNG.java:114)
	at org.testng.remote.RemoteTestNG.initAndRun(RemoteTestNG.java:251)
	at org.testng.remote.RemoteTestNG.main(RemoteTestNG.java:77)
]]>
    </failure>
  </testcase> <!-- checkAddNewFieldForDeletionInGeneralTab -->
  <testcase name="checkPreviouslySavedVoucherandValidate" time="7.788" classname="com.focus.testcases.AccountMasterTest"/>
  <testcase name="checkReadOnlyPropertyForNotApplicableToAddToNetNotApplicableToAddToStock" time="7.362" classname="com.focus.testcases.AccountMasterTest"/>
  <testcase name="checkAccountListInCreatedDepartmentLink" time="6.396" classname="com.focus.testcases.AccountMasterTest"/>
  <testcase name="checkFieldPostionBRG_NotApplicableToAddToNetAddToAddToStock" time="84.074" classname="com.focus.testcases.AccountMasterTest"/>
  <testcase name="checkAddedPropertiesForAllFieldsInPvVAT" time="94.950" classname="com.focus.testcases.AccountMasterTest"/>
  <testcase name="checkAddingFieldWithAddToNetNotApplicableforAddToStock" time="11.368" classname="com.focus.testcases.AccountMasterTest"/>
  <testcase name="checkFieldsPositionAndHiddenFieldAndRestrictMessageInPvVAT" time="37.264" classname="com.focus.testcases.AccountMasterTest"/>
</testsuite> <!-- com.focus.testcases.AccountMasterTest -->
